{'t': 'Quality Add-ons Guide', 'i': 'index', 'u': '/addons/', 'd': '/addons/', 'm': True, 'newDir': '/addons/', 'indexFlag': 'true'}
{'t': 'AQM', 'i': 'index', 'u': '/addons/aqm-addon/', 'd': '/addons/aqm-addon/', 'newDir': '/addons/aqm-addon/', 'indexFlag': 'true'}
{'t': 'After Startup Error?', 'i': 'ig-one-after-startup-error', 'u': '/addons/apd-addon/ig-one-after-startup-error', 'd': '/addons/apd-addon/', 'p': 'apd-addon/', 'newDir': '/addons/apd-addon//ig/ig-one/ig-one-installation-steps/'}
{'t': 'Installation Steps', 'i': 'ig-one-installation-steps', 'u': '/addons/apd-addon/ig-one-installation-steps', 'd': '/addons/apd-addon/', 'p': 'apd-addon/', 'mo': 2, 'newDir': '/addons/apd-addon//ig/ig-one/ig-one-installation-steps/', 'indexFlag': 'true'}
{'t': 'Java Security Settings', 'i': 'ig-one-java-security-settings', 'u': '/addons/apd-addon/ig-one-java-security-settings', 'd': '/addons/apd-addon/', 'p': 'apd-addon/', 'newDir': '/addons/apd-addon//ig/ig-one/ig-one-prerequisites/'}
{'t': 'Constants', 'i': 'ig-one-constants', 'u': '/addons/apd-addon/ig-one-constants', 'd': '/addons/apd-addon/', 'p': 'apd-addon/', 'newDir': '/addons/apd-addon//ig/ig-one/ig-one-installation-steps/'}
{'t': 'Prerequisites', 'i': 'ig-one-prerequisites', 'u': '/addons/apd-addon/ig-one-prerequisites', 'd': '/addons/apd-addon/', 'p': 'apd-addon/', 'mo': 1, 'newDir': '/addons/apd-addon//ig/ig-one/ig-one-prerequisites/', 'indexFlag': 'true'}
{'t': 'Sizing Impact', 'i': 'ig-one-sizing-impact', 'u': '/addons/apd-addon/ig-one-sizing-impact', 'd': '/addons/apd-addon/', 'p': 'apd-addon/', 'newDir': '/addons/apd-addon//ig/ig-one/ig-one-prerequisites/'}
{'t': 'Uninstall Steps', 'i': 'ig-one-uninstall-steps', 'u': '/addons/apd-addon/ig-one-uninstall-steps', 'd': '/addons/apd-addon/', 'p': 'apd-addon/', 'mo': 3, 'newDir': '/addons/apd-addon//ig/ig-one/'}
{'t': 'Upgrade Steps', 'i': 'ig-one-upgrade-steps', 'u': '/addons/apd-addon/ig-one-upgrade-steps', 'd': '/addons/apd-addon/', 'p': 'apd-addon/', 'mo': 4, 'newDir': '/addons/apd-addon//ig/ig-one/'}
{'t': 'APM 1 Installation Guide', 'i': 'ig-one', 'u': '/addons/apd-addon/ig-one', 'd': '/addons/apd-addon/', 'p': 'apd-addon/', 'mo': 2, 'newDir': '/addons/apd-addon//ig/ig-one/', 'indexFlag': 'true'}
{'t': 'APD 3 Installation Guide', 'i': 'ig-three', 'u': '/addons/apd-addon/ig-three', 'd': '/addons/apd-addon/', 'p': 'apd-addon/', 'mo': 1, 'newDir': '/addons/apd-addon//ig/'}
{'t': 'APM 2 Installation Guide', 'i': 'ig-two', 'u': '/addons/apd-addon/ig-two', 'd': '/addons/apd-addon/', 'p': 'apd-addon/', 'mo': 1, 'newDir': '/addons/apd-addon//ig/'}
{'t': 'APD Installation Guides', 'c': 'APD', 'i': 'ig', 'u': '/addons/apd-addon/ig', 'd': '/addons/apd-addon/', 'newDir': '/addons/apd-addon//ig/', 'indexFlag': 'true', 'p': 'apd-addon/'}
{'t': 'APD', 'i': 'index', 'u': '/addons/apd-addon/', 'd': '/addons/apd-addon/', 'newDir': '/addons/apd-addon/', 'indexFlag': 'true'}
{'t': 'APM 1 Reference Guide', 'i': 'rg-one-apm', 'u': '/addons/apd-addon/rg-one-apm', 'd': '/addons/apd-addon/', 'p': 'apd-addon/', 'mo': 2, 'newDir': '/addons/apd-addon//rg-apd/rg-one-apm/', 'indexFlag': 'true'}
{'t': 'APD Reference Guides', 'c': 'APD', 'i': 'rg-apd', 'u': '/addons/apd-addon/rg-apd', 'd': '/addons/apd-addon/', 'newDir': '/addons/apd-addon//rg-apd/', 'indexFlag': 'true', 'p': 'apd-addon/'}
{'t': 'Configuration', 'i': 'rg-one-configuration', 'u': '/addons/apd-addon/rg-one-configuration', 'd': '/addons/apd-addon/', 'p': 'apd-addon/', 'newDir': '/addons/apd-addon//rg-apd/rg-one-apm/'}
{'t': 'Dashboard', 'i': 'rg-one-dashboard', 'u': '/addons/apd-addon/rg-one-dashboard', 'd': '/addons/apd-addon/', 'p': 'apd-addon/', 'newDir': '/addons/apd-addon//rg-apd/rg-one-apm/'}
{'t': 'Download and License', 'i': 'rg-one-download-license', 'u': '/addons/apd-addon/rg-one-download-license', 'd': '/addons/apd-addon/', 'p': 'apd-addon/', 'newDir': '/addons/apd-addon//rg-apd/rg-one-apm/'}
{'t': 'Inserting Context Information', 'i': 'rg-one-inserting-context-information', 'u': '/addons/apd-addon/rg-one-inserting-context-information', 'd': '/addons/apd-addon/', 'p': 'apd-addon/', 'newDir': '/addons/apd-addon//rg-apd/rg-one-apm/rg-one-performance-tool/'}
{'t': 'JVM Browser', 'i': 'rg-one-jvm-browser', 'u': '/addons/apd-addon/rg-one-jvm-browser', 'd': '/addons/apd-addon/', 'p': 'apd-addon/', 'newDir': '/addons/apd-addon//rg-apd/rg-one-apm/'}
{'t': 'Load Test Recorder', 'i': 'rg-one-load-test-recorder', 'u': '/addons/apd-addon/rg-one-load-test-recorder', 'd': '/addons/apd-addon/', 'p': 'apd-addon/', 'newDir': '/addons/apd-addon//rg-apd/rg-one-apm/'}
{'t': 'Log Tool', 'i': 'rg-one-log-tool', 'u': '/addons/apd-addon/rg-one-log-tool', 'd': '/addons/apd-addon/', 'p': 'apd-addon/', 'newDir': '/addons/apd-addon//rg-apd/rg-one-apm/'}
{'t': 'Measurements Tool', 'i': 'rg-one-measurements-tool', 'u': '/addons/apd-addon/rg-one-measurements-tool', 'd': '/addons/apd-addon/', 'p': 'apd-addon/', 'newDir': '/addons/apd-addon//rg-apd/rg-one-apm/'}
{'t': 'Performance Tool Results', 'i': 'rg-one-performance-tool-results', 'u': '/addons/apd-addon/rg-one-performance-tool-results', 'd': '/addons/apd-addon/', 'p': 'apd-addon/', 'newDir': '/addons/apd-addon//rg-apd/rg-one-apm/rg-one-performance-tool/'}
{'t': 'Performance Tool', 'i': 'rg-one-performance-tool', 'u': '/addons/apd-addon/rg-one-performance-tool', 'd': '/addons/apd-addon/', 'p': 'apd-addon/', 'newDir': '/addons/apd-addon//rg-apd/rg-one-apm/rg-one-performance-tool/', 'indexFlag': 'true'}
{'t': 'Query Tool', 'i': 'rg-one-query-tool', 'u': '/addons/apd-addon/rg-one-query-tool', 'd': '/addons/apd-addon/', 'p': 'apd-addon/', 'newDir': '/addons/apd-addon//rg-apd/rg-one-apm/'}
{'t': 'Statistics Tool', 'i': 'rg-one-statistics-tool', 'u': '/addons/apd-addon/rg-one-statistics-tool', 'd': '/addons/apd-addon/', 'p': 'apd-addon/', 'newDir': '/addons/apd-addon//rg-apd/rg-one-apm/'}
{'t': 'Trap Tool', 'i': 'rg-one-trap-tool', 'u': '/addons/apd-addon/rg-one-trap-tool', 'd': '/addons/apd-addon/', 'p': 'apd-addon/', 'newDir': '/addons/apd-addon//rg-apd/rg-one-apm/'}
{'t': 'Triggers', 'i': 'rg-one-triggers', 'u': '/addons/apd-addon/rg-one-triggers', 'd': '/addons/apd-addon/', 'p': 'apd-addon/', 'newDir': '/addons/apd-addon//rg-apd/rg-one-apm/'}
{'t': 'APD 3 Reference Guide', 'i': 'rg-three-apd', 'u': '/addons/apd-addon/rg-three-apd', 'd': '/addons/apd-addon/', 'p': 'apd-addon/', 'mo': 1, 'newDir': '/addons/apd-addon//rg-apd/rg-three-apd/', 'indexFlag': 'true'}
{'t': 'Apps', 'i': 'rg-three-apps', 'u': '/addons/apd-addon/rg-three-apps', 'd': '/addons/apd-addon/', 'p': 'apd-addon/', 'newDir': '/addons/apd-addon//rg-apd/rg-three-apd/'}
{'t': 'Browser Recorder Results', 'i': 'rg-three-browser-recorder-results', 'u': '/addons/apd-addon/rg-three-browser-recorder-results', 'd': '/addons/apd-addon/', 'p': 'apd-addon/', 'newDir': '/addons/apd-addon//rg-apd/rg-three-apd/rg-three-recorder/'}
{'t': 'Dashboard', 'i': 'rg-three-dashboard', 'u': '/addons/apd-addon/rg-three-dashboard', 'd': '/addons/apd-addon/', 'p': 'apd-addon/', 'newDir': '/addons/apd-addon//rg-apd/rg-three-apd/'}
{'t': 'Environments', 'i': 'rg-three-environments', 'u': '/addons/apd-addon/rg-three-environments', 'd': '/addons/apd-addon/', 'p': 'apd-addon/', 'newDir': '/addons/apd-addon//rg-apd/rg-three-apd/'}
{'t': 'Logs', 'i': 'rg-three-logs', 'u': '/addons/apd-addon/rg-three-logs', 'd': '/addons/apd-addon/', 'p': 'apd-addon/', 'newDir': '/addons/apd-addon//rg-apd/rg-three-apd/'}
{'t': 'Long-Running Actions', 'i': 'rg-three-long-running-actions', 'u': '/addons/apd-addon/rg-three-long-running-actions', 'd': '/addons/apd-addon/', 'p': 'apd-addon/', 'newDir': '/addons/apd-addon//rg-apd/rg-three-apd/'}
{'t': 'Performance Recorder', 'i': 'rg-three-recorder', 'u': '/addons/apd-addon/rg-three-recorder', 'd': '/addons/apd-addon/', 'p': 'apd-addon/', 'newDir': '/addons/apd-addon//rg-apd/rg-three-apd/rg-three-recorder/', 'indexFlag': 'true'}
{'t': 'Settings', 'i': 'rg-three-settings', 'u': '/addons/apd-addon/rg-three-settings', 'd': '/addons/apd-addon/', 'p': 'apd-addon/', 'newDir': '/addons/apd-addon//rg-apd/rg-three-apd/'}
{'t': 'Runtime Recorder Results', 'i': 'rg-three-runtime-recorder-results', 'u': '/addons/apd-addon/rg-three-runtime-recorder-results', 'd': '/addons/apd-addon/', 'p': 'apd-addon/', 'newDir': '/addons/apd-addon//rg-apd/rg-three-apd/rg-three-recorder/'}
{'t': 'Performance Statistics', 'i': 'rg-three-statistics', 'u': '/addons/apd-addon/rg-three-statistics', 'd': '/addons/apd-addon/', 'p': 'apd-addon/', 'newDir': '/addons/apd-addon//rg-apd/rg-three-apd/'}
{'t': 'APM 2 Reference Guide', 'i': 'rg-two-apm', 'u': '/addons/apd-addon/rg-two-apm', 'd': '/addons/apd-addon/', 'p': 'apd-addon/', 'mo': 1, 'newDir': '/addons/apd-addon//rg-apd/rg-two-apm/', 'indexFlag': 'true'}
{'t': 'Apps', 'i': 'rg-two-apps', 'u': '/addons/apd-addon/rg-two-apps', 'd': '/addons/apd-addon/', 'p': 'apd-addon/', 'newDir': '/addons/apd-addon//rg-apd/rg-two-apm/'}
{'t': 'Browser Recorder Results', 'i': 'rg-two-browser-recorder-results', 'u': '/addons/apd-addon/rg-two-browser-recorder-results', 'd': '/addons/apd-addon/', 'p': 'apd-addon/', 'newDir': '/addons/apd-addon//rg-apd/rg-two-apm/rg-two-recorder/'}
{'t': 'Dashboard', 'i': 'rg-two-dashboard', 'u': '/addons/apd-addon/rg-two-dashboard', 'd': '/addons/apd-addon/', 'p': 'apd-addon/', 'newDir': '/addons/apd-addon//rg-apd/rg-two-apm/'}
{'t': 'Environments', 'i': 'rg-two-environments', 'u': '/addons/apd-addon/rg-two-environments', 'd': '/addons/apd-addon/', 'p': 'apd-addon/', 'newDir': '/addons/apd-addon//rg-apd/rg-two-apm/'}
{'t': 'Logs', 'i': 'rg-two-logs', 'u': '/addons/apd-addon/rg-two-logs', 'd': '/addons/apd-addon/', 'p': 'apd-addon/', 'newDir': '/addons/apd-addon//rg-apd/rg-two-apm/'}
{'t': 'Long-Running Actions', 'i': 'rg-two-long-running-actions', 'u': '/addons/apd-addon/rg-two-long-running-actions', 'd': '/addons/apd-addon/', 'p': 'apd-addon/', 'newDir': '/addons/apd-addon//rg-apd/rg-two-apm/'}
{'t': 'Performance Recorder', 'i': 'rg-two-recorder', 'u': '/addons/apd-addon/rg-two-recorder', 'd': '/addons/apd-addon/', 'p': 'apd-addon/', 'newDir': '/addons/apd-addon//rg-apd/rg-two-apm/rg-two-recorder/', 'indexFlag': 'true'}
{'t': 'Runtime Recorder Results', 'i': 'rg-two-runtime-recorder-results', 'u': '/addons/apd-addon/rg-two-runtime-recorder-results', 'd': '/addons/apd-addon/', 'p': 'apd-addon/', 'newDir': '/addons/apd-addon//rg-apd/rg-two-apm/rg-two-recorder/'}
{'t': 'Settings', 'i': 'rg-two-settings', 'u': '/addons/apd-addon/rg-two-settings', 'd': '/addons/apd-addon/', 'p': 'apd-addon/', 'newDir': '/addons/apd-addon//rg-apd/rg-two-apm/'}
{'t': 'Performance Statistics', 'i': 'rg-two-statistics', 'u': '/addons/apd-addon/rg-two-statistics', 'd': '/addons/apd-addon/', 'p': 'apd-addon/', 'newDir': '/addons/apd-addon//rg-apd/rg-two-apm/'}
{'t': 'APM 1 Use Cases', 'i': 'uc-one', 'u': '/addons/apd-addon/uc-one', 'd': '/addons/apd-addon/', 'p': 'apd-addon/', 'mo': 20, 'newDir': '/addons/apd-addon//uc/'}
{'t': 'APD 3 Use Cases', 'i': 'uc-three', 'u': '/addons/apd-addon/uc-three', 'd': '/addons/apd-addon/', 'p': 'apd-addon/', 'mo': 10, 'newDir': '/addons/apd-addon//uc/'}
{'t': 'APM 2 Use Cases', 'i': 'uc-two', 'u': '/addons/apd-addon/uc-two', 'd': '/addons/apd-addon/', 'p': 'apd-addon/', 'mo': 10, 'newDir': '/addons/apd-addon//uc/'}
{'t': 'APM Use Cases', 'c': 'APD', 'i': 'uc', 'u': '/addons/apd-addon/uc', 'd': '/addons/apd-addon/', 'newDir': '/addons/apd-addon//uc/', 'indexFlag': 'true', 'p': 'apd-addon/'}
{'t': 'Finding the Action You Need', 'i': 'bp-one-finding-the-action-you-need', 'u': '/addons/ats-addon/bp-one-finding-the-action-you-need', 'd': '/addons/ats-addon/', 'p': 'ats-addon/', 'newDir': '/addons/ats-addon//bp/bp-one/'}
{'t': 'ATS 1 Best Practices', 'i': 'bp-one', 'u': '/addons/ats-addon/bp-one', 'd': '/addons/ats-addon/', 'p': 'ats-addon/', 'mo': 20, 'newDir': '/addons/ats-addon//bp/bp-one/', 'indexFlag': 'true'}
{'t': 'Finding the Action You Need', 'i': 'bp-two-finding-the-action-you-need', 'u': '/addons/ats-addon/bp-two-finding-the-action-you-need', 'd': '/addons/ats-addon/', 'p': 'ats-addon/', 'newDir': '/addons/ats-addon//bp/bp-two/'}
{'t': 'Test Case Dependencies', 'i': 'bp-two-test-case-dependencies', 'u': '/addons/ats-addon/bp-two-test-case-dependencies', 'd': '/addons/ats-addon/', 'p': 'ats-addon/', 'newDir': '/addons/ats-addon//bp/bp-two/'}
{'t': 'ATS 2 Best Practices', 'i': 'bp-two', 'u': '/addons/ats-addon/bp-two', 'd': '/addons/ats-addon/', 'p': 'ats-addon/', 'mo': 10, 'newDir': '/addons/ats-addon//bp/bp-two/', 'indexFlag': 'true'}
{'t': 'ATS Best Practices', 'c': 'ATS', 'i': 'bp', 'u': '/addons/ats-addon/bp', 'd': '/addons/ats-addon/', 'mo': 4, 'newDir': '/addons/ats-addon//bp/', 'indexFlag': 'true', 'p': 'ats-addon/'}
{'t': 'CAB.03 - Textbox', 'i': 'ht-one-cab-03-textbox', 'u': '/addons/ats-addon/ht-one-cab-03-textbox', 'd': '/addons/ats-addon/', 'p': 'ats-addon/', 'newDir': '/addons/ats-addon//ht/ht-one/ht-one-create-custom-actions/ht-one-crt-unsup-widg-acts/'}
{'t': 'CAB.02 - Switch', 'i': 'ht-one-cab-02-switch', 'u': '/addons/ats-addon/ht-one-cab-02-switch', 'd': '/addons/ats-addon/', 'p': 'ats-addon/', 'newDir': '/addons/ats-addon//ht/ht-one/ht-one-create-custom-actions/ht-one-crt-unsup-widg-acts/'}
{'t': 'CAB.05 - Reference Selector', 'i': 'ht-one-cab-05-reference-selector', 'u': '/addons/ats-addon/ht-one-cab-05-reference-selector', 'd': '/addons/ats-addon/', 'p': 'ats-addon/', 'newDir': '/addons/ats-addon//ht/ht-one/ht-one-create-custom-actions/ht-one-crt-unsup-widg-acts/'}
{'t': 'CAB.07 - Radio Buttons', 'i': 'ht-one-cab-07-radiobuttons', 'u': '/addons/ats-addon/ht-one-cab-07-radiobuttons', 'd': '/addons/ats-addon/', 'p': 'ats-addon/', 'newDir': '/addons/ats-addon//ht/ht-one/ht-one-create-custom-actions/ht-one-crt-unsup-widg-acts/'}
{'t': 'CAB.10 - AutoComplete', 'i': 'ht-one-cab-10-autocomplete', 'u': '/addons/ats-addon/ht-one-cab-10-autocomplete', 'd': '/addons/ats-addon/', 'p': 'ats-addon/', 'newDir': '/addons/ats-addon//ht/ht-one/ht-one-create-custom-actions/ht-one-crt-unsup-widg-acts/'}
{'t': 'CAB.11 - Find Item/Row by Unique Text Value', 'i': 'ht-one-cab-11-find-itemrow', 'u': '/addons/ats-addon/ht-one-cab-11-find-itemrow', 'd': '/addons/ats-addon/', 'p': 'ats-addon/', 'newDir': '/addons/ats-addon//ht/ht-one/ht-one-create-custom-actions/ht-one-create-search-context-actions/'}
{'t': 'Create a Test Case', 'i': 'ht-one-create-a-test-case', 'u': '/addons/ats-addon/ht-one-create-a-test-case', 'd': '/addons/ats-addon/', 'p': 'ats-addon/', 'mo': 3, 'newDir': '/addons/ats-addon//ht/ht-one/'}
{'t': 'Create a Test Suite', 'i': 'ht-one-create-a-test-suite', 'u': '/addons/ats-addon/ht-one-create-a-test-suite', 'd': '/addons/ats-addon/', 'p': 'ats-addon/', 'mo': 4, 'newDir': '/addons/ats-addon//ht/ht-one/'}
{'t': 'Create Custom Actions', 'i': 'ht-one-create-custom-actions', 'u': '/addons/ats-addon/ht-one-create-custom-actions', 'd': '/addons/ats-addon/', 'p': 'ats-addon/', 'mo': 5, 'newDir': '/addons/ats-addon//ht/ht-one/ht-one-create-custom-actions/', 'indexFlag': 'true'}
{'t': 'Create Search Context Actions', 'i': 'ht-one-create-search-context-actions', 'u': '/addons/ats-addon/ht-one-create-search-context-actions', 'd': '/addons/ats-addon/', 'p': 'ats-addon/', 'newDir': '/addons/ats-addon//ht/ht-one/ht-one-create-custom-actions/ht-one-create-search-context-actions/', 'indexFlag': 'true'}
{'t': 'Create Unsupported Widget Actions', 'i': 'ht-one-crt-unsup-widg-acts', 'u': '/addons/ats-addon/ht-one-crt-unsup-widg-acts', 'd': '/addons/ats-addon/', 'p': 'ats-addon/', 'newDir': '/addons/ats-addon//ht/ht-one/ht-one-create-custom-actions/ht-one-crt-unsup-widg-acts/', 'indexFlag': 'true'}
{'t': 'Create Custom Action Basics', 'i': 'ht-one-custom-action-basics', 'u': '/addons/ats-addon/ht-one-custom-action-basics', 'd': '/addons/ats-addon/', 'p': 'ats-addon/', 'newDir': '/addons/ats-addon//ht/ht-one/ht-one-create-custom-actions/'}
{'t': 'Definitions', 'i': 'ht-one-custom-action-definitions', 'u': '/addons/ats-addon/ht-one-custom-action-definitions', 'd': '/addons/ats-addon/', 'p': 'ats-addon/', 'newDir': '/addons/ats-addon//ht/ht-one/ht-one-create-custom-actions/ht-one-custom-action-general/'}
{'t': 'Custom Action Expense App', 'i': 'ht-one-custom-action-expense-app', 'u': '/addons/ats-addon/ht-one-custom-action-expense-app', 'd': '/addons/ats-addon/', 'p': 'ats-addon/', 'newDir': '/addons/ats-addon//ht/ht-one/ht-one-create-custom-actions/ht-one-custom-action-general/'}
{'t': 'General', 'i': 'ht-one-custom-action-general', 'u': '/addons/ats-addon/ht-one-custom-action-general', 'd': '/addons/ats-addon/', 'p': 'ats-addon/', 'newDir': '/addons/ats-addon//ht/ht-one/ht-one-create-custom-actions/ht-one-custom-action-general/', 'indexFlag': 'true'}
{'t': 'Helpful Resources', 'i': 'ht-one-custom-action-helpful-resources', 'u': '/addons/ats-addon/ht-one-custom-action-helpful-resources', 'd': '/addons/ats-addon/', 'p': 'ats-addon/', 'newDir': '/addons/ats-addon//ht/ht-one/ht-one-create-custom-actions/ht-one-custom-action-general/'}
{'t': "Structure for How-to's", 'i': 'ht-one-custom-action-howto-structure', 'u': '/addons/ats-addon/ht-one-custom-action-howto-structure', 'd': '/addons/ats-addon/', 'p': 'ats-addon/', 'newDir': '/addons/ats-addon//ht/ht-one/ht-one-create-custom-actions/ht-one-custom-action-general/'}
{'t': "Prerequisites for How-to's", 'i': 'ht-one-custom-action-prerequisites', 'u': '/addons/ats-addon/ht-one-custom-action-prerequisites', 'd': '/addons/ats-addon/', 'p': 'ats-addon/', 'newDir': '/addons/ats-addon//ht/ht-one/ht-one-create-custom-actions/ht-one-custom-action-general/'}
{'t': 'Get Started', 'i': 'ht-one-getting-started', 'u': '/addons/ats-addon/ht-one-getting-started', 'd': '/addons/ats-addon/', 'p': 'ats-addon/', 'mo': 1, 'newDir': '/addons/ats-addon//ht/ht-one/'}
{'t': 'Guidelines for Creating a Custom Action', 'i': 'ht-one-guidelines-custom-action', 'u': '/addons/ats-addon/ht-one-guidelines-custom-action', 'd': '/addons/ats-addon/', 'p': 'ats-addon/', 'newDir': '/addons/ats-addon//ht/ht-one/ht-one-create-custom-actions/ht-one-custom-action-general/'}
{'t': 'Install the ATS Helper and the ATS Recorder', 'i': 'ht-one-install-ats-helper-recorder', 'u': '/addons/ats-addon/ht-one-install-ats-helper-recorder', 'd': '/addons/ats-addon/', 'p': 'ats-addon/', 'mo': 2, 'newDir': '/addons/ats-addon//ht/ht-one/'}
{'t': 'Upload a File in Your App Using ATS', 'i': 'ht-one-upload-file-using-ats', 'u': '/addons/ats-addon/ht-one-upload-file-using-ats', 'd': '/addons/ats-addon/', 'p': 'ats-addon/', 'mo': 6, 'newDir': '/addons/ats-addon//ht/ht-one/'}
{'t': "ATS 1 How-to's", 'i': 'ht-one', 'u': '/addons/ats-addon/ht-one', 'd': '/addons/ats-addon/', 'p': 'ats-addon/', 'mo': 20, 'newDir': '/addons/ats-addon//ht/ht-one/', 'indexFlag': 'true'}
{'t': 'Assert Data Grid Rows', 'i': 'ht-two-assert-datagrid-rows', 'u': '/addons/ats-addon/ht-two-assert-datagrid-rows', 'd': '/addons/ats-addon/', 'p': 'ats-addon/', 'newDir': '/addons/ats-addon//ht/ht-two/'}
{'t': 'Use ATS in Combination with CI/CD', 'i': 'ht-two-ats-and-ci-cd', 'u': '/addons/ats-addon/ht-two-ats-and-ci-cd', 'd': '/addons/ats-addon/', 'p': 'ats-addon/', 'newDir': '/addons/ats-addon//ht/ht-two/'}
{'t': 'Browserstack Test Files', 'i': 'ht-two-browserstack-test-files', 'u': '/addons/ats-addon/ht-two-browserstack-test-files', 'd': '/addons/ats-addon/', 'p': 'ats-addon/', 'newDir': '/addons/ats-addon//ht/ht-two/ht-two-upload-file-using-ats/'}
{'t': 'CAB.02 - Switch', 'i': 'ht-two-cab-02-switch', 'u': '/addons/ats-addon/ht-two-cab-02-switch', 'd': '/addons/ats-addon/', 'p': 'ats-addon/', 'newDir': '/addons/ats-addon//ht/ht-two/ht-two-create-custom-actions/ht-two-crt-unsup-widg-acts/'}
{'t': 'CAB.03 - Textbox', 'i': 'ht-two-cab-03-textbox', 'u': '/addons/ats-addon/ht-two-cab-03-textbox', 'd': '/addons/ats-addon/', 'p': 'ats-addon/', 'newDir': '/addons/ats-addon//ht/ht-two/ht-two-create-custom-actions/ht-two-crt-unsup-widg-acts/'}
{'t': 'CAB.05 - Reference Selector', 'i': 'ht-two-cab-05-reference-selector', 'u': '/addons/ats-addon/ht-two-cab-05-reference-selector', 'd': '/addons/ats-addon/', 'p': 'ats-addon/', 'newDir': '/addons/ats-addon//ht/ht-two/ht-two-create-custom-actions/ht-two-crt-unsup-widg-acts/'}
{'t': 'CAB.07 - Radio Buttons', 'i': 'ht-two-cab-07-radiobuttons', 'u': '/addons/ats-addon/ht-two-cab-07-radiobuttons', 'd': '/addons/ats-addon/', 'p': 'ats-addon/', 'newDir': '/addons/ats-addon//ht/ht-two/ht-two-create-custom-actions/ht-two-crt-unsup-widg-acts/'}
{'t': 'CAB.10 - AutoComplete', 'i': 'ht-two-cab-10-autocomplete', 'u': '/addons/ats-addon/ht-two-cab-10-autocomplete', 'd': '/addons/ats-addon/', 'p': 'ats-addon/', 'newDir': '/addons/ats-addon//ht/ht-two/ht-two-create-custom-actions/ht-two-crt-unsup-widg-acts/'}
{'t': 'CAB.11 - Find Item/Row by Unique Text Value', 'i': 'ht-two-cab-11-find-itemrow', 'u': '/addons/ats-addon/ht-two-cab-11-find-itemrow', 'd': '/addons/ats-addon/', 'p': 'ats-addon/', 'newDir': '/addons/ats-addon//ht/ht-two/ht-two-create-custom-actions/ht-two-create-search-context-actions/'}
{'t': 'Configure a Selenium Hub', 'i': 'ht-two-configure-a-selenium-hub', 'u': '/addons/ats-addon/ht-two-configure-a-selenium-hub', 'd': '/addons/ats-addon/', 'p': 'ats-addon/', 'newDir': '/addons/ats-addon//ht/ht-two/'}
{'t': 'Link Test Cases & Test Suites to User Stories', 'i': 'ht-two-connect-stories-to-testcases', 'u': '/addons/ats-addon/ht-two-connect-stories-to-testcases', 'd': '/addons/ats-addon/', 'p': 'ats-addon/', 'newDir': '/addons/ats-addon//ht/ht-two/'}
{'t': 'Create a Negative Test Case', 'i': 'ht-two-create-a-negative-test-case', 'u': '/addons/ats-addon/ht-two-create-a-negative-test-case', 'd': '/addons/ats-addon/', 'p': 'ats-addon/', 'newDir': '/addons/ats-addon//ht/ht-two/'}
{'t': 'Create a Test Case', 'i': 'ht-two-create-a-test-case', 'u': '/addons/ats-addon/ht-two-create-a-test-case', 'd': '/addons/ats-addon/', 'p': 'ats-addon/', 'newDir': '/addons/ats-addon//ht/ht-two/'}
{'t': 'Create Custom Actions', 'i': 'ht-two-create-custom-actions', 'u': '/addons/ats-addon/ht-two-create-custom-actions', 'd': '/addons/ats-addon/', 'p': 'ats-addon/', 'newDir': '/addons/ats-addon//ht/ht-two/ht-two-create-custom-actions/', 'indexFlag': 'true'}
{'t': 'Create a Test Suite', 'i': 'ht-two-create-a-test-suite', 'u': '/addons/ats-addon/ht-two-create-a-test-suite', 'd': '/addons/ats-addon/', 'p': 'ats-addon/', 'newDir': '/addons/ats-addon//ht/ht-two/'}
{'t': 'Create a Data-Driven Test Case', 'i': 'ht-two-create-datadriven-test-case', 'u': '/addons/ats-addon/ht-two-create-datadriven-test-case', 'd': '/addons/ats-addon/', 'p': 'ats-addon/', 'newDir': '/addons/ats-addon//ht/ht-two/'}
{'t': 'Create Maintainable Test Cases', 'i': 'ht-two-create-extracted-actions', 'u': '/addons/ats-addon/ht-two-create-extracted-actions', 'd': '/addons/ats-addon/', 'p': 'ats-addon/', 'newDir': '/addons/ats-addon//ht/ht-two/'}
{'t': 'Create Search Context Actions', 'i': 'ht-two-create-search-context-actions', 'u': '/addons/ats-addon/ht-two-create-search-context-actions', 'd': '/addons/ats-addon/', 'p': 'ats-addon/', 'newDir': '/addons/ats-addon//ht/ht-two/ht-two-create-custom-actions/ht-two-create-search-context-actions/', 'indexFlag': 'true'}
{'t': 'Create Unsupported Widget Actions', 'i': 'ht-two-crt-unsup-widg-acts', 'u': '/addons/ats-addon/ht-two-crt-unsup-widg-acts', 'd': '/addons/ats-addon/', 'p': 'ats-addon/', 'newDir': '/addons/ats-addon//ht/ht-two/ht-two-create-custom-actions/ht-two-crt-unsup-widg-acts/', 'indexFlag': 'true'}
{'t': 'Create Custom Action Basics', 'i': 'ht-two-custom-action-basics', 'u': '/addons/ats-addon/ht-two-custom-action-basics', 'd': '/addons/ats-addon/', 'p': 'ats-addon/', 'newDir': '/addons/ats-addon//ht/ht-two/ht-two-create-custom-actions/'}
{'t': 'Definitions', 'i': 'ht-two-custom-action-definitions', 'u': '/addons/ats-addon/ht-two-custom-action-definitions', 'd': '/addons/ats-addon/', 'p': 'ats-addon/', 'newDir': '/addons/ats-addon//ht/ht-two/ht-two-create-custom-actions/ht-two-custom-action-general/'}
{'t': 'Custom Action Expense App', 'i': 'ht-two-custom-action-expense-app', 'u': '/addons/ats-addon/ht-two-custom-action-expense-app', 'd': '/addons/ats-addon/', 'p': 'ats-addon/', 'newDir': '/addons/ats-addon//ht/ht-two/ht-two-create-custom-actions/ht-two-custom-action-general/'}
{'t': 'Helpful Resources', 'i': 'ht-two-custom-action-helpful-resources', 'u': '/addons/ats-addon/ht-two-custom-action-helpful-resources', 'd': '/addons/ats-addon/', 'p': 'ats-addon/', 'newDir': '/addons/ats-addon//ht/ht-two/ht-two-create-custom-actions/ht-two-custom-action-general/'}
{'t': 'General', 'i': 'ht-two-custom-action-general', 'u': '/addons/ats-addon/ht-two-custom-action-general', 'd': '/addons/ats-addon/', 'p': 'ats-addon/', 'newDir': '/addons/ats-addon//ht/ht-two/ht-two-create-custom-actions/ht-two-custom-action-general/', 'indexFlag': 'true'}
{'t': "Structure for How-To's", 'i': 'ht-two-custom-action-howto-structure', 'u': '/addons/ats-addon/ht-two-custom-action-howto-structure', 'd': '/addons/ats-addon/', 'p': 'ats-addon/', 'newDir': '/addons/ats-addon//ht/ht-two/ht-two-create-custom-actions/ht-two-custom-action-general/'}
{'t': "Prerequisites for How-To's", 'i': 'ht-two-custom-action-prerequisites', 'u': '/addons/ats-addon/ht-two-custom-action-prerequisites', 'd': '/addons/ats-addon/', 'p': 'ats-addon/', 'newDir': '/addons/ats-addon//ht/ht-two/ht-two-create-custom-actions/ht-two-custom-action-general/'}
{'t': 'Get Started', 'i': 'ht-two-getting-started', 'u': '/addons/ats-addon/ht-two-getting-started', 'd': '/addons/ats-addon/', 'p': 'ats-addon/', 'newDir': '/addons/ats-addon//ht/ht-two/'}
{'t': 'Guidelines for Creating a Custom Action', 'i': 'ht-two-guidelines-custom-action', 'u': '/addons/ats-addon/ht-two-guidelines-custom-action', 'd': '/addons/ats-addon/', 'p': 'ats-addon/', 'newDir': '/addons/ats-addon//ht/ht-two/ht-two-create-custom-actions/ht-two-custom-action-general/'}
{'t': 'Increase ATS Recorder and Helper Coverage', 'i': 'ht-two-increase-recorder-helper-coverage', 'u': '/addons/ats-addon/ht-two-increase-recorder-helper-coverage', 'd': '/addons/ats-addon/', 'p': 'ats-addon/', 'newDir': '/addons/ats-addon//ht/ht-two/'}
{'t': 'Install ATS Helper & ATS Recorder', 'i': 'ht-two-install-ats-helper-recorder', 'u': '/addons/ats-addon/ht-two-install-ats-helper-recorder', 'd': '/addons/ats-addon/', 'p': 'ats-addon/', 'newDir': '/addons/ats-addon//ht/ht-two/'}
{'t': '(Un)Mask Your Data', 'i': 'ht-two-mask-your-password', 'u': '/addons/ats-addon/ht-two-mask-your-password', 'd': '/addons/ats-addon/', 'p': 'ats-addon/', 'newDir': '/addons/ats-addon//ht/ht-two/'}
{'t': 'Schedule a Test Suite/Test Case', 'i': 'ht-two-schedule-testcase-testsuite', 'u': '/addons/ats-addon/ht-two-schedule-testcase-testsuite', 'd': '/addons/ats-addon/', 'p': 'ats-addon/', 'newDir': '/addons/ats-addon//ht/ht-two/'}
{'t': 'Set Up a Local Selenium Solution', 'i': 'ht-two-setting-up-a-local-selenium-solution', 'u': '/addons/ats-addon/ht-two-setting-up-a-local-selenium-solution', 'd': '/addons/ats-addon/', 'p': 'ats-addon/', 'newDir': '/addons/ats-addon//ht/ht-two/ht-two-setup-local-selenium-index/'}
{'t': 'Set Up a Local Docker Selenium Hub', 'i': 'ht-two-setup-local-docker-selenium-hub', 'u': '/addons/ats-addon/ht-two-setup-local-docker-selenium-hub', 'd': '/addons/ats-addon/', 'p': 'ats-addon/', 'newDir': '/addons/ats-addon//ht/ht-two/ht-two-setup-local-selenium-index/'}
{'t': 'Set Up a Local Selenium Hub', 'i': 'ht-two-setup-local-selenium-hub', 'u': '/addons/ats-addon/ht-two-setup-local-selenium-hub', 'd': '/addons/ats-addon/', 'p': 'ats-addon/', 'newDir': '/addons/ats-addon//ht/ht-two/ht-two-setup-local-selenium-index/'}
{'t': 'Set Up Selenium Locally', 'i': 'ht-two-setup-local-selenium-index', 'u': '/addons/ats-addon/ht-two-setup-local-selenium-index', 'd': '/addons/ats-addon/', 'p': 'ats-addon/', 'newDir': '/addons/ats-addon//ht/ht-two/ht-two-setup-local-selenium-index/', 'indexFlag': 'true'}
{'t': 'Set Up a Local Selenoid Hub', 'i': 'ht-two-setup-local-selenoid-hub', 'u': '/addons/ats-addon/ht-two-setup-local-selenoid-hub', 'd': '/addons/ats-addon/', 'p': 'ats-addon/', 'newDir': '/addons/ats-addon//ht/ht-two/ht-two-setup-local-selenium-index/'}
{'t': 'Upload a File in Your App Using ATS', 'i': 'ht-two-upload-file-using-ats', 'u': '/addons/ats-addon/ht-two-upload-file-using-ats', 'd': '/addons/ats-addon/', 'p': 'ats-addon/', 'newDir': '/addons/ats-addon//ht/ht-two/ht-two-upload-file-using-ats/', 'indexFlag': 'true'}
{'t': 'Use Precondition in Test Cases', 'i': 'ht-two-use-precondition-in-test-cases', 'u': '/addons/ats-addon/ht-two-use-precondition-in-test-cases', 'd': '/addons/ats-addon/', 'p': 'ats-addon/', 'newDir': '/addons/ats-addon//ht/ht-two/'}
{'t': "ATS 2 How-to's", 'i': 'ht-two', 'u': '/addons/ats-addon/ht-two', 'd': '/addons/ats-addon/', 'p': 'ats-addon/', 'mo': 10, 'newDir': '/addons/ats-addon//ht/ht-two/', 'indexFlag': 'true'}
{'t': 'ATS', 'i': 'index', 'u': '/addons/ats-addon/', 'd': '/addons/ats-addon/', 'newDir': '/addons/ats-addon/', 'indexFlag': 'true'}
{'t': "ATS How-to's", 'c': 'ATS', 'i': 'ht', 'u': '/addons/ats-addon/ht', 'd': '/addons/ats-addon/', 'mo': 3, 'newDir': '/addons/ats-addon//ht/', 'indexFlag': 'true', 'p': 'ats-addon/'}
{'t': 'Compatibility', 'i': 'ov-compatibility', 'u': '/addons/ats-addon/ov-compatibility', 'd': '/addons/ats-addon/', 'p': 'ats-addon/', 'mo': 2, 'newDir': '/addons/ats-addon//ov/'}
{'t': 'Deployment Options', 'i': 'ov-deployment', 'u': '/addons/ats-addon/ov-deployment', 'd': '/addons/ats-addon/', 'p': 'ats-addon/', 'mo': 3, 'newDir': '/addons/ats-addon//ov/'}
{'t': 'Function API with Java', 'i': 'ov-function-api-java', 'u': '/addons/ats-addon/ov-function-api-java', 'd': '/addons/ats-addon/', 'p': 'ats-addon/', 'mo': 2, 'newDir': '/addons/ats-addon//ov/ov-function-api/'}
{'t': 'Function API with REST', 'i': 'ov-function-api-rest', 'u': '/addons/ats-addon/ov-function-api-rest', 'd': '/addons/ats-addon/', 'p': 'ats-addon/', 'mo': 1, 'newDir': '/addons/ats-addon//ov/ov-function-api/'}
{'t': 'Function API with Katalon', 'i': 'ov-function-api-katalon', 'u': '/addons/ats-addon/ov-function-api-katalon', 'd': '/addons/ats-addon/', 'p': 'ats-addon/', 'mo': 3, 'newDir': '/addons/ats-addon//ov/ov-function-api/'}
{'t': 'Using the Function API', 'i': 'ov-function-api', 'u': '/addons/ats-addon/ov-function-api', 'd': '/addons/ats-addon/', 'p': 'ats-addon/', 'mo': 5, 'newDir': '/addons/ats-addon//ov/ov-function-api/', 'indexFlag': 'true'}
{'t': 'Introduction to ATS', 'i': 'ov-introduction', 'u': '/addons/ats-addon/ov-introduction', 'd': '/addons/ats-addon/', 'p': 'ats-addon/', 'mo': 1, 'newDir': '/addons/ats-addon//ov/'}
{'t': 'Maintenance', 'i': 'ov-maintenance', 'u': '/addons/ats-addon/ov-maintenance', 'd': '/addons/ats-addon/', 'p': 'ats-addon/', 'mo': 4, 'newDir': '/addons/ats-addon//ov/'}
{'t': 'ATS Overview', 'c': 'ATS', 'i': 'ov', 'u': '/addons/ats-addon/ov', 'd': '/addons/ats-addon/', 'mo': 1, 'newDir': '/addons/ats-addon//ov/', 'indexFlag': 'true', 'p': 'ats-addon/'}
{'t': 'ATS Reference Guides', 'c': 'ATS', 'i': 'rg-ats', 'u': '/addons/ats-addon/rg-ats', 'd': '/addons/ats-addon/', 'mo': 2, 'newDir': '/addons/ats-addon//rg-ats/', 'indexFlag': 'true', 'p': 'ats-addon/'}
{'t': 'Administration', 'i': 'rg-one-administration', 'u': '/addons/ats-addon/rg-one-administration', 'd': '/addons/ats-addon/', 'p': 'ats-addon/', 'newDir': '/addons/ats-addon//rg-ats/rg-one-ats/'}
{'t': 'Mendix Marketplace Widgets Actions', 'i': 'rg-one-appstore-widg-acts', 'u': '/addons/ats-addon/rg-one-appstore-widg-acts', 'd': '/addons/ats-addon/', 'p': 'ats-addon/', 'newDir': '/addons/ats-addon//rg-ats/rg-one-ats/rg-one-test-dev/rg-one-std-actions-ref/rg-one-appstore-widg-acts/', 'indexFlag': 'true'}
{'t': 'Assert BooleanSlider Value', 'i': 'rg-one-assert-booleanslider-value', 'u': '/addons/ats-addon/rg-one-assert-booleanslider-value', 'd': '/addons/ats-addon/', 'p': 'ats-addon/', 'newDir': '/addons/ats-addon//rg-ats/rg-one-ats/rg-one-test-dev/rg-one-std-actions-ref/rg-one-appstore-widg-acts/rg-one-booleanslider/'}
{'t': 'Assert Active Tab Caption', 'i': 'rg-one-assert-active-tab-caption', 'u': '/addons/ats-addon/rg-one-assert-active-tab-caption', 'd': '/addons/ats-addon/', 'p': 'ats-addon/', 'newDir': '/addons/ats-addon//rg-ats/rg-one-ats/rg-one-test-dev/rg-one-std-actions-ref/rg-one-mendix-actions/rg-one-tab/'}
{'t': 'Assert BootstrapRTE Value', 'i': 'rg-one-assert-bootstraprte-value', 'u': '/addons/ats-addon/rg-one-assert-bootstraprte-value', 'd': '/addons/ats-addon/', 'p': 'ats-addon/', 'newDir': '/addons/ats-addon//rg-ats/rg-one-ats/rg-one-test-dev/rg-one-std-actions-ref/rg-one-appstore-widg-acts/rg-one-bootstraprte/'}
{'t': 'Assert Checkbox Set Selector Value', 'i': 'rg-one-assert-checkbox-set-selector-value', 'u': '/addons/ats-addon/rg-one-assert-checkbox-set-selector-value', 'd': '/addons/ats-addon/', 'p': 'ats-addon/', 'newDir': '/addons/ats-addon//rg-ats/rg-one-ats/rg-one-test-dev/rg-one-std-actions-ref/rg-one-appstore-widg-acts/rg-one-checkbox-set-selector/'}
{'t': 'Assert Checkbox Value', 'i': 'rg-one-assert-checkbox-value', 'u': '/addons/ats-addon/rg-one-assert-checkbox-value', 'd': '/addons/ats-addon/', 'p': 'ats-addon/', 'newDir': '/addons/ats-addon//rg-ats/rg-one-ats/rg-one-test-dev/rg-one-std-actions-ref/rg-one-mendix-actions/rg-one-input/'}
{'t': 'Assert Current Page', 'i': 'rg-one-assert-current-page', 'u': '/addons/ats-addon/rg-one-assert-current-page', 'd': '/addons/ats-addon/', 'p': 'ats-addon/', 'newDir': '/addons/ats-addon//rg-ats/rg-one-ats/rg-one-test-dev/rg-one-std-actions-ref/rg-one-mendix-actions/rg-one-generic/'}
{'t': 'Assert CKEditor Value', 'i': 'rg-one-assert-ckeditor-value', 'u': '/addons/ats-addon/rg-one-assert-ckeditor-value', 'd': '/addons/ats-addon/', 'p': 'ats-addon/', 'newDir': '/addons/ats-addon//rg-ats/rg-one-ats/rg-one-test-dev/rg-one-std-actions-ref/rg-one-appstore-widg-acts/rg-one-ckeditor/'}
{'t': 'Assert Equals', 'i': 'rg-one-assert-equals', 'u': '/addons/ats-addon/rg-one-assert-equals', 'd': '/addons/ats-addon/', 'p': 'ats-addon/', 'newDir': '/addons/ats-addon//rg-ats/rg-one-ats/rg-one-test-dev/rg-one-std-actions-ref/rg-one-ats-core-actions/'}
{'t': 'Assert InputReferenceSelector Value', 'i': 'rg-one-assert-inputreferenceselector-value', 'u': '/addons/ats-addon/rg-one-assert-inputreferenceselector-value', 'd': '/addons/ats-addon/', 'p': 'ats-addon/', 'newDir': '/addons/ats-addon//rg-ats/rg-one-ats/rg-one-test-dev/rg-one-std-actions-ref/rg-one-appstore-widg-acts/rg-one-input-reference-selector/'}
{'t': 'Assert Grid Selector Value', 'i': 'rg-one-assert-grid-selector-value', 'u': '/addons/ats-addon/rg-one-assert-grid-selector-value', 'd': '/addons/ats-addon/', 'p': 'ats-addon/', 'newDir': '/addons/ats-addon//rg-ats/rg-one-ats/rg-one-test-dev/rg-one-std-actions-ref/rg-one-appstore-widg-acts/rg-one-grid-selector/'}
{'t': 'Assert Not equals', 'i': 'rg-one-assert-not-equals', 'u': '/addons/ats-addon/rg-one-assert-not-equals', 'd': '/addons/ats-addon/', 'p': 'ats-addon/', 'newDir': '/addons/ats-addon//rg-ats/rg-one-ats/rg-one-test-dev/rg-one-std-actions-ref/rg-one-ats-core-actions/'}
{'t': 'Assert Simple Checkbox Set Selector Value', 'i': 'rg-one-assert-simple-checkbox-set-selector-value', 'u': '/addons/ats-addon/rg-one-assert-simple-checkbox-set-selector-value', 'd': '/addons/ats-addon/', 'p': 'ats-addon/', 'newDir': '/addons/ats-addon//rg-ats/rg-one-ats/rg-one-test-dev/rg-one-std-actions-ref/rg-one-appstore-widg-acts/rg-one-simple-checkbox-set-selector/'}
{'t': 'Assert Validation Message', 'i': 'rg-one-assert-validation-message', 'u': '/addons/ats-addon/rg-one-assert-validation-message', 'd': '/addons/ats-addon/', 'p': 'ats-addon/', 'newDir': '/addons/ats-addon//rg-ats/rg-one-ats/rg-one-test-dev/rg-one-std-actions-ref/rg-one-mendix-actions/rg-one-generic/'}
{'t': 'Assert Value', 'i': 'rg-one-assert-value', 'u': '/addons/ats-addon/rg-one-assert-value', 'd': '/addons/ats-addon/', 'p': 'ats-addon/', 'newDir': '/addons/ats-addon//rg-ats/rg-one-ats/rg-one-test-dev/rg-one-std-actions-ref/rg-one-mendix-actions/rg-one-input/'}
{'t': 'ATS 1 Reference Guide', 'i': 'rg-one-ats', 'u': '/addons/ats-addon/rg-one-ats', 'd': '/addons/ats-addon/', 'p': 'ats-addon/', 'mo': 20, 'newDir': '/addons/ats-addon//rg-ats/rg-one-ats/', 'indexFlag': 'true'}
{'t': 'ATS Core Actions', 'i': 'rg-one-ats-core-actions', 'u': '/addons/ats-addon/rg-one-ats-core-actions', 'd': '/addons/ats-addon/', 'p': 'ats-addon/', 'newDir': '/addons/ats-addon//rg-ats/rg-one-ats/rg-one-test-dev/rg-one-std-actions-ref/rg-one-ats-core-actions/', 'indexFlag': 'true'}
{'t': 'Best Practices for Writing Custom Actions', 'i': 'rg-one-best-practices', 'u': '/addons/ats-addon/rg-one-best-practices', 'd': '/addons/ats-addon/', 'p': 'ats-addon/', 'mo': 6, 'newDir': '/addons/ats-addon//rg-ats/rg-one-ats/rg-one-test-dev/'}
{'t': 'BooleanSlider', 'i': 'rg-one-booleanslider', 'u': '/addons/ats-addon/rg-one-booleanslider', 'd': '/addons/ats-addon/', 'p': 'ats-addon/', 'newDir': '/addons/ats-addon//rg-ats/rg-one-ats/rg-one-test-dev/rg-one-std-actions-ref/rg-one-appstore-widg-acts/rg-one-booleanslider/', 'indexFlag': 'true'}
{'t': 'BootstrapRTE', 'i': 'rg-one-bootstraprte', 'u': '/addons/ats-addon/rg-one-bootstraprte', 'd': '/addons/ats-addon/', 'p': 'ats-addon/', 'newDir': '/addons/ats-addon//rg-ats/rg-one-ats/rg-one-test-dev/rg-one-std-actions-ref/rg-one-appstore-widg-acts/rg-one-bootstraprte/', 'indexFlag': 'true'}
{'t': 'Cancel Dialog', 'i': 'rg-one-cancel-dialog', 'u': '/addons/ats-addon/rg-one-cancel-dialog', 'd': '/addons/ats-addon/', 'p': 'ats-addon/', 'newDir': '/addons/ats-addon//rg-ats/rg-one-ats/rg-one-test-dev/rg-one-std-actions-ref/rg-one-mendix-actions/rg-one-dialog/'}
{'t': 'Checkbox Set Selector', 'i': 'rg-one-checkbox-set-selector', 'u': '/addons/ats-addon/rg-one-checkbox-set-selector', 'd': '/addons/ats-addon/', 'p': 'ats-addon/', 'newDir': '/addons/ats-addon//rg-ats/rg-one-ats/rg-one-test-dev/rg-one-std-actions-ref/rg-one-appstore-widg-acts/rg-one-checkbox-set-selector/', 'indexFlag': 'true'}
{'t': 'CKEditor', 'i': 'rg-one-ckeditor', 'u': '/addons/ats-addon/rg-one-ckeditor', 'd': '/addons/ats-addon/', 'p': 'ats-addon/', 'newDir': '/addons/ats-addon//rg-ats/rg-one-ats/rg-one-test-dev/rg-one-std-actions-ref/rg-one-appstore-widg-acts/rg-one-ckeditor/', 'indexFlag': 'true'}
{'t': 'Click Coordinates', 'i': 'rg-one-click-coordinates', 'u': '/addons/ats-addon/rg-one-click-coordinates', 'd': '/addons/ats-addon/', 'p': 'ats-addon/', 'newDir': '/addons/ats-addon//rg-ats/rg-one-ats/rg-one-test-dev/rg-one-std-actions-ref/rg-one-selenium-actions/'}
{'t': 'Click DataGrid Row', 'i': 'rg-one-click-datagrid-row', 'u': '/addons/ats-addon/rg-one-click-datagrid-row', 'd': '/addons/ats-addon/', 'p': 'ats-addon/', 'newDir': '/addons/ats-addon//rg-ats/rg-one-ats/rg-one-test-dev/rg-one-std-actions-ref/rg-one-mendix-actions/rg-one-datagrid-templategrid-listview/'}
{'t': 'Click Drop-Down div Converter Drop-Down Button', 'i': 'rg-one-click-dropdown-div-converter-dropdown-button', 'u': '/addons/ats-addon/rg-one-click-dropdown-div-converter-dropdown-button', 'd': '/addons/ats-addon/', 'p': 'ats-addon/', 'newDir': '/addons/ats-addon//rg-ats/rg-one-ats/rg-one-test-dev/rg-one-std-actions-ref/rg-one-appstore-widg-acts/rg-one-dropdown-div-converter/'}
{'t': 'Click Drop-Down div Converter Split Button', 'i': 'rg-one-click-dropdown-div-converter-split-button', 'u': '/addons/ats-addon/rg-one-click-dropdown-div-converter-split-button', 'd': '/addons/ats-addon/', 'p': 'ats-addon/', 'newDir': '/addons/ats-addon//rg-ats/rg-one-ats/rg-one-test-dev/rg-one-std-actions-ref/rg-one-appstore-widg-acts/rg-one-dropdown-div-converter/'}
{'t': 'Click Menu Item', 'i': 'rg-one-click-menu-item', 'u': '/addons/ats-addon/rg-one-click-menu-item', 'd': '/addons/ats-addon/', 'p': 'ats-addon/', 'newDir': '/addons/ats-addon//rg-ats/rg-one-ats/rg-one-test-dev/rg-one-std-actions-ref/rg-one-mendix-actions/rg-one-navigation-menu/'}
{'t': 'Click Widget Button', 'i': 'rg-one-click-widget-button', 'u': '/addons/ats-addon/rg-one-click-widget-button', 'd': '/addons/ats-addon/', 'p': 'ats-addon/', 'newDir': '/addons/ats-addon//rg-ats/rg-one-ats/rg-one-test-dev/rg-one-std-actions-ref/rg-one-mendix-actions/rg-one-generic/'}
{'t': 'Click Widget', 'i': 'rg-one-click-widget', 'u': '/addons/ats-addon/rg-one-click-widget', 'd': '/addons/ats-addon/', 'p': 'ats-addon/', 'newDir': '/addons/ats-addon//rg-ats/rg-one-ats/rg-one-test-dev/rg-one-std-actions-ref/rg-one-mendix-actions/rg-one-generic/'}
{'t': 'Click/Doubleclick', 'i': 'rg-one-clickdoubleclick', 'u': '/addons/ats-addon/rg-one-clickdoubleclick', 'd': '/addons/ats-addon/', 'p': 'ats-addon/', 'newDir': '/addons/ats-addon//rg-ats/rg-one-ats/rg-one-test-dev/rg-one-std-actions-ref/rg-one-mendix-actions/rg-one-generic/'}
{'t': 'Close Dialog', 'i': 'rg-one-close-dialog', 'u': '/addons/ats-addon/rg-one-close-dialog', 'd': '/addons/ats-addon/', 'p': 'ats-addon/', 'newDir': '/addons/ats-addon//rg-ats/rg-one-ats/rg-one-test-dev/rg-one-std-actions-ref/rg-one-mendix-actions/rg-one-dialog/'}
{'t': 'Close GroupBox', 'i': 'rg-one-close-groupbox', 'u': '/addons/ats-addon/rg-one-close-groupbox', 'd': '/addons/ats-addon/', 'p': 'ats-addon/', 'newDir': '/addons/ats-addon//rg-ats/rg-one-ats/rg-one-test-dev/rg-one-std-actions-ref/rg-one-mendix-actions/rg-one-groupbox/'}
{'t': 'Concatenate String', 'i': 'rg-one-concatenate-string', 'u': '/addons/ats-addon/rg-one-concatenate-string', 'd': '/addons/ats-addon/', 'p': 'ats-addon/', 'newDir': '/addons/ats-addon//rg-ats/rg-one-ats/rg-one-test-dev/rg-one-std-actions-ref/rg-one-ats-core-actions/'}
{'t': 'Configuration', 'i': 'rg-one-configuration', 'u': '/addons/ats-addon/rg-one-configuration', 'd': '/addons/ats-addon/', 'p': 'ats-addon/', 'newDir': '/addons/ats-addon//rg-ats/rg-one-ats/'}
{'t': 'Confirm Dialog', 'i': 'rg-one-confirm-dialog', 'u': '/addons/ats-addon/rg-one-confirm-dialog', 'd': '/addons/ats-addon/', 'p': 'ats-addon/', 'newDir': '/addons/ats-addon//rg-ats/rg-one-ats/rg-one-test-dev/rg-one-std-actions-ref/rg-one-mendix-actions/rg-one-dialog/'}
{'t': 'Custom Actions', 'i': 'rg-one-custom-actions', 'u': '/addons/ats-addon/rg-one-custom-actions', 'd': '/addons/ats-addon/', 'p': 'ats-addon/', 'mo': 5, 'newDir': '/addons/ats-addon//rg-ats/rg-one-ats/rg-one-test-dev/'}
{'t': 'Data-Driven Tests', 'i': 'rg-one-data-driven-tests', 'u': '/addons/ats-addon/rg-one-data-driven-tests', 'd': '/addons/ats-addon/', 'p': 'ats-addon/', 'mo': 8, 'newDir': '/addons/ats-addon//rg-ats/rg-one-ats/rg-one-test-dev/'}
{'t': 'Data Management', 'i': 'rg-one-data-management', 'u': '/addons/ats-addon/rg-one-data-management', 'd': '/addons/ats-addon/', 'p': 'ats-addon/', 'newDir': '/addons/ats-addon//rg-ats/rg-one-ats/'}
{'t': 'DataGrid, TemplateGrid, and ListView', 'i': 'rg-one-datagrid-templategrid-listview', 'u': '/addons/ats-addon/rg-one-datagrid-templategrid-listview', 'd': '/addons/ats-addon/', 'p': 'ats-addon/', 'newDir': '/addons/ats-addon//rg-ats/rg-one-ats/rg-one-test-dev/rg-one-std-actions-ref/rg-one-mendix-actions/rg-one-datagrid-templategrid-listview/', 'indexFlag': 'true'}
{'t': 'Dialog', 'i': 'rg-one-dialog', 'u': '/addons/ats-addon/rg-one-dialog', 'd': '/addons/ats-addon/', 'p': 'ats-addon/', 'newDir': '/addons/ats-addon//rg-ats/rg-one-ats/rg-one-test-dev/rg-one-std-actions-ref/rg-one-mendix-actions/rg-one-dialog/', 'indexFlag': 'true'}
{'t': 'Dropdown Div Converter', 'i': 'rg-one-dropdown-div-converter', 'u': '/addons/ats-addon/rg-one-dropdown-div-converter', 'd': '/addons/ats-addon/', 'p': 'ats-addon/', 'newDir': '/addons/ats-addon//rg-ats/rg-one-ats/rg-one-test-dev/rg-one-std-actions-ref/rg-one-appstore-widg-acts/rg-one-dropdown-div-converter/', 'indexFlag': 'true'}
{'t': 'Dropdown has Option', 'i': 'rg-one-dropdown-has-option', 'u': '/addons/ats-addon/rg-one-dropdown-has-option', 'd': '/addons/ats-addon/', 'p': 'ats-addon/', 'newDir': '/addons/ats-addon//rg-ats/rg-one-ats/rg-one-test-dev/rg-one-std-actions-ref/rg-one-mendix-actions/rg-one-input/'}
{'t': 'Execute JavaScript Integer', 'i': 'rg-one-execute-javascript-integer', 'u': '/addons/ats-addon/rg-one-execute-javascript-integer', 'd': '/addons/ats-addon/', 'p': 'ats-addon/', 'newDir': '/addons/ats-addon//rg-ats/rg-one-ats/rg-one-test-dev/rg-one-std-actions-ref/rg-one-selenium-actions/'}
{'t': 'Execute Javascript String', 'i': 'rg-one-execute-javascript-string', 'u': '/addons/ats-addon/rg-one-execute-javascript-string', 'd': '/addons/ats-addon/', 'p': 'ats-addon/', 'newDir': '/addons/ats-addon//rg-ats/rg-one-ats/rg-one-test-dev/rg-one-std-actions-ref/rg-one-selenium-actions/'}
{'t': 'Execute Javascript WebElement', 'i': 'rg-one-execute-javascript-webelement', 'u': '/addons/ats-addon/rg-one-execute-javascript-webelement', 'd': '/addons/ats-addon/', 'p': 'ats-addon/', 'newDir': '/addons/ats-addon//rg-ats/rg-one-ats/rg-one-test-dev/rg-one-std-actions-ref/rg-one-selenium-actions/'}
{'t': 'File Manager', 'i': 'rg-one-file-manager', 'u': '/addons/ats-addon/rg-one-file-manager', 'd': '/addons/ats-addon/', 'p': 'ats-addon/', 'newDir': '/addons/ats-addon//rg-ats/rg-one-ats/rg-one-test-dev/rg-one-std-actions-ref/rg-one-mendix-actions/rg-one-file-manager/', 'indexFlag': 'true'}
{'t': 'Find Checkbox Set Selector', 'i': 'rg-one-find-checkbox-set-selector-all', 'u': '/addons/ats-addon/rg-one-find-checkbox-set-selector-all', 'd': '/addons/ats-addon/', 'p': 'ats-addon/', 'newDir': '/addons/ats-addon//rg-ats/rg-one-ats/rg-one-test-dev/rg-one-std-actions-ref/rg-one-appstore-widg-acts/rg-one-checkbox-set-selector/'}
{'t': 'Find Checkbox Set Selector (All)', 'i': 'rg-one-find-checkbox-set-selector', 'u': '/addons/ats-addon/rg-one-find-checkbox-set-selector', 'd': '/addons/ats-addon/', 'p': 'ats-addon/', 'newDir': '/addons/ats-addon//rg-ats/rg-one-ats/rg-one-test-dev/rg-one-std-actions-ref/rg-one-appstore-widg-acts/rg-one-checkbox-set-selector/'}
{'t': 'Find Element by CSS', 'i': 'rg-one-find-element-by-css', 'u': '/addons/ats-addon/rg-one-find-element-by-css', 'd': '/addons/ats-addon/', 'p': 'ats-addon/', 'newDir': '/addons/ats-addon//rg-ats/rg-one-ats/rg-one-test-dev/rg-one-std-actions-ref/rg-one-selenium-actions/rg-one-find/'}
{'t': 'Find Element by ID', 'i': 'rg-one-find-element-by-id', 'u': '/addons/ats-addon/rg-one-find-element-by-id', 'd': '/addons/ats-addon/', 'p': 'ats-addon/', 'newDir': '/addons/ats-addon//rg-ats/rg-one-ats/rg-one-test-dev/rg-one-std-actions-ref/rg-one-selenium-actions/rg-one-find/'}
{'t': 'Find Element by Sizzle', 'i': 'rg-one-find-element-by-sizzle', 'u': '/addons/ats-addon/rg-one-find-element-by-sizzle', 'd': '/addons/ats-addon/', 'p': 'ats-addon/', 'newDir': '/addons/ats-addon//rg-ats/rg-one-ats/rg-one-test-dev/rg-one-std-actions-ref/rg-one-selenium-actions/rg-one-find/'}
{'t': 'Find Grid Selector Box', 'i': 'rg-one-find-grid-selector-box', 'u': '/addons/ats-addon/rg-one-find-grid-selector-box', 'd': '/addons/ats-addon/', 'p': 'ats-addon/', 'newDir': '/addons/ats-addon//rg-ats/rg-one-ats/rg-one-test-dev/rg-one-std-actions-ref/rg-one-appstore-widg-acts/rg-one-grid-selector/'}
{'t': 'Find Item/Row (by child element)', 'i': 'rg-one-find-itemrow-by-child', 'u': '/addons/ats-addon/rg-one-find-itemrow-by-child', 'd': '/addons/ats-addon/', 'p': 'ats-addon/', 'newDir': '/addons/ats-addon//rg-ats/rg-one-ats/rg-one-test-dev/rg-one-std-actions-ref/rg-one-mendix-actions/rg-one-datagrid-templategrid-listview/'}
{'t': 'Find Item/Row', 'i': 'rg-one-find-itemrow', 'u': '/addons/ats-addon/rg-one-find-itemrow', 'd': '/addons/ats-addon/', 'p': 'ats-addon/', 'newDir': '/addons/ats-addon//rg-ats/rg-one-ats/rg-one-test-dev/rg-one-std-actions-ref/rg-one-mendix-actions/rg-one-datagrid-templategrid-listview/'}
{'t': 'Find Selected Item/Row', 'i': 'rg-one-find-selected-itemrow', 'u': '/addons/ats-addon/rg-one-find-selected-itemrow', 'd': '/addons/ats-addon/', 'p': 'ats-addon/', 'newDir': '/addons/ats-addon//rg-ats/rg-one-ats/rg-one-test-dev/rg-one-std-actions-ref/rg-one-mendix-actions/rg-one-datagrid-templategrid-listview/'}
{'t': 'Find Simple Checkbox Set Selector', 'i': 'rg-one-find-simple-checkbox-set-selector', 'u': '/addons/ats-addon/rg-one-find-simple-checkbox-set-selector', 'd': '/addons/ats-addon/', 'p': 'ats-addon/', 'newDir': '/addons/ats-addon//rg-ats/rg-one-ats/rg-one-test-dev/rg-one-std-actions-ref/rg-one-appstore-widg-acts/rg-one-simple-checkbox-set-selector/'}
{'t': 'Find Widget Child Node', 'i': 'rg-one-find-widget-child-node', 'u': '/addons/ats-addon/rg-one-find-widget-child-node', 'd': '/addons/ats-addon/', 'p': 'ats-addon/', 'newDir': '/addons/ats-addon//rg-ats/rg-one-ats/rg-one-test-dev/rg-one-std-actions-ref/rg-one-mendix-actions/rg-one-system/'}
{'t': 'Find', 'i': 'rg-one-find', 'u': '/addons/ats-addon/rg-one-find', 'd': '/addons/ats-addon/', 'p': 'ats-addon/', 'newDir': '/addons/ats-addon//rg-ats/rg-one-ats/rg-one-test-dev/rg-one-std-actions-ref/rg-one-selenium-actions/rg-one-find/', 'indexFlag': 'true'}
{'t': 'Find/Assert DataGrid Row', 'i': 'rg-one-findassert-datagrid-row', 'u': '/addons/ats-addon/rg-one-findassert-datagrid-row', 'd': '/addons/ats-addon/', 'p': 'ats-addon/', 'newDir': '/addons/ats-addon//rg-ats/rg-one-ats/rg-one-test-dev/rg-one-std-actions-ref/rg-one-mendix-actions/rg-one-datagrid-templategrid-listview/'}
{'t': 'Find/Assert Dialog', 'i': 'rg-one-findassert-dialog', 'u': '/addons/ats-addon/rg-one-findassert-dialog', 'd': '/addons/ats-addon/', 'p': 'ats-addon/', 'newDir': '/addons/ats-addon//rg-ats/rg-one-ats/rg-one-test-dev/rg-one-std-actions-ref/rg-one-mendix-actions/rg-one-dialog/'}
{'t': 'Find/Assert Widget', 'i': 'rg-one-findassert-widget', 'u': '/addons/ats-addon/rg-one-findassert-widget', 'd': '/addons/ats-addon/', 'p': 'ats-addon/', 'newDir': '/addons/ats-addon//rg-ats/rg-one-ats/rg-one-test-dev/rg-one-std-actions-ref/rg-one-mendix-actions/rg-one-generic/'}
{'t': 'Find/Assert Menu Item', 'i': 'rg-one-findassert-menu-item', 'u': '/addons/ats-addon/rg-one-findassert-menu-item', 'd': '/addons/ats-addon/', 'p': 'ats-addon/', 'newDir': '/addons/ats-addon//rg-ats/rg-one-ats/rg-one-test-dev/rg-one-std-actions-ref/rg-one-mendix-actions/rg-one-navigation-menu/'}
{'t': 'Focus WebElement', 'i': 'rg-one-focus-webelement', 'u': '/addons/ats-addon/rg-one-focus-webelement', 'd': '/addons/ats-addon/', 'p': 'ats-addon/', 'newDir': '/addons/ats-addon//rg-ats/rg-one-ats/rg-one-test-dev/rg-one-std-actions-ref/rg-one-mendix-actions/rg-one-system/'}
{'t': 'Generic', 'i': 'rg-one-generic', 'u': '/addons/ats-addon/rg-one-generic', 'd': '/addons/ats-addon/', 'p': 'ats-addon/', 'newDir': '/addons/ats-addon//rg-ats/rg-one-ats/rg-one-test-dev/rg-one-std-actions-ref/rg-one-mendix-actions/rg-one-generic/', 'indexFlag': 'true'}
{'t': 'Get Active Tab Caption', 'i': 'rg-one-get-active-tab-caption', 'u': '/addons/ats-addon/rg-one-get-active-tab-caption', 'd': '/addons/ats-addon/', 'p': 'ats-addon/', 'newDir': '/addons/ats-addon//rg-ats/rg-one-ats/rg-one-test-dev/rg-one-std-actions-ref/rg-one-mendix-actions/rg-one-tab/'}
{'t': 'Get BooleanSlider Value', 'i': 'rg-one-get-booleanslider-value', 'u': '/addons/ats-addon/rg-one-get-booleanslider-value', 'd': '/addons/ats-addon/', 'p': 'ats-addon/', 'newDir': '/addons/ats-addon//rg-ats/rg-one-ats/rg-one-test-dev/rg-one-std-actions-ref/rg-one-appstore-widg-acts/rg-one-booleanslider/'}
{'t': 'Get BootstrapRTE Value', 'i': 'rg-one-get-bootstraprte-value', 'u': '/addons/ats-addon/rg-one-get-bootstraprte-value', 'd': '/addons/ats-addon/', 'p': 'ats-addon/', 'newDir': '/addons/ats-addon//rg-ats/rg-one-ats/rg-one-test-dev/rg-one-std-actions-ref/rg-one-appstore-widg-acts/rg-one-bootstraprte/'}
{'t': 'Get Checkbox Set Selector Value (All)', 'i': 'rg-one-get-checkbox-set-selector-value-all', 'u': '/addons/ats-addon/rg-one-get-checkbox-set-selector-value-all', 'd': '/addons/ats-addon/', 'p': 'ats-addon/', 'newDir': '/addons/ats-addon//rg-ats/rg-one-ats/rg-one-test-dev/rg-one-std-actions-ref/rg-one-appstore-widg-acts/rg-one-checkbox-set-selector/'}
{'t': 'Get Checkbox Set Selector Value', 'i': 'rg-one-get-checkbox-set-selector-value', 'u': '/addons/ats-addon/rg-one-get-checkbox-set-selector-value', 'd': '/addons/ats-addon/', 'p': 'ats-addon/', 'newDir': '/addons/ats-addon//rg-ats/rg-one-ats/rg-one-test-dev/rg-one-std-actions-ref/rg-one-appstore-widg-acts/rg-one-checkbox-set-selector/'}
{'t': 'Get Checkbox Value', 'i': 'rg-one-get-checkbox-value', 'u': '/addons/ats-addon/rg-one-get-checkbox-value', 'd': '/addons/ats-addon/', 'p': 'ats-addon/', 'newDir': '/addons/ats-addon//rg-ats/rg-one-ats/rg-one-test-dev/rg-one-std-actions-ref/rg-one-mendix-actions/rg-one-input/'}
{'t': 'Get CKEditor Value', 'i': 'rg-one-get-ckeditor-value', 'u': '/addons/ats-addon/rg-one-get-ckeditor-value', 'd': '/addons/ats-addon/', 'p': 'ats-addon/', 'newDir': '/addons/ats-addon//rg-ats/rg-one-ats/rg-one-test-dev/rg-one-std-actions-ref/rg-one-appstore-widg-acts/rg-one-ckeditor/'}
{'t': 'Get Current DateTime String', 'i': 'rg-one-get-current-datetime-string', 'u': '/addons/ats-addon/rg-one-get-current-datetime-string', 'd': '/addons/ats-addon/', 'p': 'ats-addon/', 'newDir': '/addons/ats-addon//rg-ats/rg-one-ats/rg-one-test-dev/rg-one-std-actions-ref/rg-one-ats-core-actions/'}
{'t': 'Get Current Page Title', 'i': 'rg-one-get-current-page-title', 'u': '/addons/ats-addon/rg-one-get-current-page-title', 'd': '/addons/ats-addon/', 'p': 'ats-addon/', 'newDir': '/addons/ats-addon//rg-ats/rg-one-ats/rg-one-test-dev/rg-one-std-actions-ref/rg-one-mendix-actions/rg-one-system/'}
{'t': 'Get Dialog Message Text', 'i': 'rg-one-get-dialog-message-text', 'u': '/addons/ats-addon/rg-one-get-dialog-message-text', 'd': '/addons/ats-addon/', 'p': 'ats-addon/', 'newDir': '/addons/ats-addon//rg-ats/rg-one-ats/rg-one-test-dev/rg-one-std-actions-ref/rg-one-mendix-actions/rg-one-dialog/'}
{'t': 'Get Grid Selector Box Value', 'i': 'rg-one-get-grid-selector-box-value', 'u': '/addons/ats-addon/rg-one-get-grid-selector-box-value', 'd': '/addons/ats-addon/', 'p': 'ats-addon/', 'newDir': '/addons/ats-addon//rg-ats/rg-one-ats/rg-one-test-dev/rg-one-std-actions-ref/rg-one-appstore-widg-acts/rg-one-grid-selector/'}
{'t': 'Get Index', 'i': 'rg-one-get-index', 'u': '/addons/ats-addon/rg-one-get-index', 'd': '/addons/ats-addon/', 'p': 'ats-addon/', 'newDir': '/addons/ats-addon//rg-ats/rg-one-ats/rg-one-test-dev/rg-one-std-actions-ref/rg-one-mendix-actions/rg-one-input/'}
{'t': 'Get InputReferenceSelector Value', 'i': 'rg-one-get-inputreferenceselector-value', 'u': '/addons/ats-addon/rg-one-get-inputreferenceselector-value', 'd': '/addons/ats-addon/', 'p': 'ats-addon/', 'newDir': '/addons/ats-addon//rg-ats/rg-one-ats/rg-one-test-dev/rg-one-std-actions-ref/rg-one-appstore-widg-acts/rg-one-input-reference-selector/'}
{'t': 'Get Item/Row Index', 'i': 'rg-one-get-itemrow-index', 'u': '/addons/ats-addon/rg-one-get-itemrow-index', 'd': '/addons/ats-addon/', 'p': 'ats-addon/', 'newDir': '/addons/ats-addon//rg-ats/rg-one-ats/rg-one-test-dev/rg-one-std-actions-ref/rg-one-mendix-actions/rg-one-datagrid-templategrid-listview/'}
{'t': 'Get Property Value', 'i': 'rg-one-get-property-value', 'u': '/addons/ats-addon/rg-one-get-property-value', 'd': '/addons/ats-addon/', 'p': 'ats-addon/', 'newDir': '/addons/ats-addon//rg-ats/rg-one-ats/rg-one-test-dev/rg-one-std-actions-ref/rg-one-selenium-actions/rg-one-get/'}
{'t': 'Get Row Cell Value', 'i': 'rg-one-get-row-cell-value', 'u': '/addons/ats-addon/rg-one-get-row-cell-value', 'd': '/addons/ats-addon/', 'p': 'ats-addon/', 'newDir': '/addons/ats-addon//rg-ats/rg-one-ats/rg-one-test-dev/rg-one-std-actions-ref/rg-one-mendix-actions/rg-one-datagrid-templategrid-listview/'}
{'t': 'Get Selected Option Index', 'i': 'rg-one-get-selected-option-index', 'u': '/addons/ats-addon/rg-one-get-selected-option-index', 'd': '/addons/ats-addon/', 'p': 'ats-addon/', 'newDir': '/addons/ats-addon//rg-ats/rg-one-ats/rg-one-test-dev/rg-one-std-actions-ref/rg-one-selenium-actions/rg-one-get/'}
{'t': 'Get Selected Option Text', 'i': 'rg-one-get-selected-option-text', 'u': '/addons/ats-addon/rg-one-get-selected-option-text', 'd': '/addons/ats-addon/', 'p': 'ats-addon/', 'newDir': '/addons/ats-addon//rg-ats/rg-one-ats/rg-one-test-dev/rg-one-std-actions-ref/rg-one-selenium-actions/rg-one-get/'}
{'t': 'Get Selected Option Value', 'i': 'rg-one-get-selected-option-value', 'u': '/addons/ats-addon/rg-one-get-selected-option-value', 'd': '/addons/ats-addon/', 'p': 'ats-addon/', 'newDir': '/addons/ats-addon//rg-ats/rg-one-ats/rg-one-test-dev/rg-one-std-actions-ref/rg-one-selenium-actions/rg-one-get/'}
{'t': 'Get Simple Checkbox Set Selector Value', 'i': 'rg-one-get-simple-checkbox-set-selector-value', 'u': '/addons/ats-addon/rg-one-get-simple-checkbox-set-selector-value', 'd': '/addons/ats-addon/', 'p': 'ats-addon/', 'newDir': '/addons/ats-addon//rg-ats/rg-one-ats/rg-one-test-dev/rg-one-std-actions-ref/rg-one-appstore-widg-acts/rg-one-simple-checkbox-set-selector/'}
{'t': 'Get Text', 'i': 'rg-one-get-text', 'u': '/addons/ats-addon/rg-one-get-text', 'd': '/addons/ats-addon/', 'p': 'ats-addon/', 'newDir': '/addons/ats-addon//rg-ats/rg-one-ats/rg-one-test-dev/rg-one-std-actions-ref/rg-one-selenium-actions/rg-one-get/'}
{'t': 'Get Total Item/Row Count', 'i': 'rg-one-get-total-itemrow-count', 'u': '/addons/ats-addon/rg-one-get-total-itemrow-count', 'd': '/addons/ats-addon/', 'p': 'ats-addon/', 'newDir': '/addons/ats-addon//rg-ats/rg-one-ats/rg-one-test-dev/rg-one-std-actions-ref/rg-one-mendix-actions/rg-one-datagrid-templategrid-listview/'}
{'t': 'Get Validation Message', 'i': 'rg-one-get-validation-message', 'u': '/addons/ats-addon/rg-one-get-validation-message', 'd': '/addons/ats-addon/', 'p': 'ats-addon/', 'newDir': '/addons/ats-addon//rg-ats/rg-one-ats/rg-one-test-dev/rg-one-std-actions-ref/rg-one-mendix-actions/rg-one-generic/'}
{'t': 'Get Value', 'i': 'rg-one-get-value', 'u': '/addons/ats-addon/rg-one-get-value', 'd': '/addons/ats-addon/', 'p': 'ats-addon/', 'newDir': '/addons/ats-addon//rg-ats/rg-one-ats/rg-one-test-dev/rg-one-std-actions-ref/rg-one-mendix-actions/rg-one-input/'}
{'t': 'Get Visible Item/Row Count', 'i': 'rg-one-get-visible-itemrow-count', 'u': '/addons/ats-addon/rg-one-get-visible-itemrow-count', 'd': '/addons/ats-addon/', 'p': 'ats-addon/', 'newDir': '/addons/ats-addon//rg-ats/rg-one-ats/rg-one-test-dev/rg-one-std-actions-ref/rg-one-mendix-actions/rg-one-datagrid-templategrid-listview/'}
{'t': 'Get', 'i': 'rg-one-get', 'u': '/addons/ats-addon/rg-one-get', 'd': '/addons/ats-addon/', 'p': 'ats-addon/', 'newDir': '/addons/ats-addon//rg-ats/rg-one-ats/rg-one-test-dev/rg-one-std-actions-ref/rg-one-selenium-actions/rg-one-get/', 'indexFlag': 'true'}
{'t': 'Grid Selector', 'i': 'rg-one-grid-selector', 'u': '/addons/ats-addon/rg-one-grid-selector', 'd': '/addons/ats-addon/', 'p': 'ats-addon/', 'newDir': '/addons/ats-addon//rg-ats/rg-one-ats/rg-one-test-dev/rg-one-std-actions-ref/rg-one-appstore-widg-acts/rg-one-grid-selector/', 'indexFlag': 'true'}
{'t': 'GroupBox is Collapsed', 'i': 'rg-one-groupbox-is-collapsed', 'u': '/addons/ats-addon/rg-one-groupbox-is-collapsed', 'd': '/addons/ats-addon/', 'p': 'ats-addon/', 'newDir': '/addons/ats-addon//rg-ats/rg-one-ats/rg-one-test-dev/rg-one-std-actions-ref/rg-one-mendix-actions/rg-one-groupbox/'}
{'t': 'GroupBox', 'i': 'rg-one-groupbox', 'u': '/addons/ats-addon/rg-one-groupbox', 'd': '/addons/ats-addon/', 'p': 'ats-addon/', 'newDir': '/addons/ats-addon//rg-ats/rg-one-ats/rg-one-test-dev/rg-one-std-actions-ref/rg-one-mendix-actions/rg-one-groupbox/', 'indexFlag': 'true'}
{'t': 'Input reference Selector', 'i': 'rg-one-input-reference-selector', 'u': '/addons/ats-addon/rg-one-input-reference-selector', 'd': '/addons/ats-addon/', 'p': 'ats-addon/', 'newDir': '/addons/ats-addon//rg-ats/rg-one-ats/rg-one-test-dev/rg-one-std-actions-ref/rg-one-appstore-widg-acts/rg-one-input-reference-selector/', 'indexFlag': 'true'}
{'t': 'Input', 'i': 'rg-one-input', 'u': '/addons/ats-addon/rg-one-input', 'd': '/addons/ats-addon/', 'p': 'ats-addon/', 'newDir': '/addons/ats-addon//rg-ats/rg-one-ats/rg-one-test-dev/rg-one-std-actions-ref/rg-one-mendix-actions/rg-one-input/', 'indexFlag': 'true'}
{'t': 'Login', 'i': 'rg-one-login', 'u': '/addons/ats-addon/rg-one-login', 'd': '/addons/ats-addon/', 'p': 'ats-addon/', 'newDir': '/addons/ats-addon//rg-ats/rg-one-ats/rg-one-test-dev/rg-one-std-actions-ref/rg-one-mendix-actions/rg-one-generic/'}
{'t': 'Logout', 'i': 'rg-one-logout', 'u': '/addons/ats-addon/rg-one-logout', 'd': '/addons/ats-addon/', 'p': 'ats-addon/', 'newDir': '/addons/ats-addon//rg-ats/rg-one-ats/rg-one-test-dev/rg-one-std-actions-ref/rg-one-mendix-actions/rg-one-generic/'}
{'t': 'Manual Test Steps', 'i': 'rg-one-manual-test-steps', 'u': '/addons/ats-addon/rg-one-manual-test-steps', 'd': '/addons/ats-addon/', 'p': 'ats-addon/', 'mo': 3, 'newDir': '/addons/ats-addon//rg-ats/rg-one-ats/rg-one-test-dev/'}
{'t': 'Mendix Actions', 'i': 'rg-one-mendix-actions', 'u': '/addons/ats-addon/rg-one-mendix-actions', 'd': '/addons/ats-addon/', 'p': 'ats-addon/', 'newDir': '/addons/ats-addon//rg-ats/rg-one-ats/rg-one-test-dev/rg-one-std-actions-ref/rg-one-mendix-actions/', 'indexFlag': 'true'}
{'t': 'Mendix wait', 'i': 'rg-one-mendix-wait', 'u': '/addons/ats-addon/rg-one-mendix-wait', 'd': '/addons/ats-addon/', 'p': 'ats-addon/', 'newDir': '/addons/ats-addon//rg-ats/rg-one-ats/rg-one-test-dev/rg-one-std-actions-ref/rg-one-mendix-actions/rg-one-system/'}
{'t': 'Monitoring', 'i': 'rg-one-monitoring', 'u': '/addons/ats-addon/rg-one-monitoring', 'd': '/addons/ats-addon/', 'p': 'ats-addon/', 'newDir': '/addons/ats-addon//rg-ats/rg-one-ats/'}
{'t': 'Navigation Menu', 'i': 'rg-one-navigation-menu', 'u': '/addons/ats-addon/rg-one-navigation-menu', 'd': '/addons/ats-addon/', 'p': 'ats-addon/', 'newDir': '/addons/ats-addon//rg-ats/rg-one-ats/rg-one-test-dev/rg-one-std-actions-ref/rg-one-mendix-actions/rg-one-navigation-menu/', 'indexFlag': 'true'}
{'t': 'Object Types in ATS', 'i': 'rg-one-object-types-in-the-ats', 'u': '/addons/ats-addon/rg-one-object-types-in-the-ats', 'd': '/addons/ats-addon/', 'p': 'ats-addon/', 'mo': 1, 'newDir': '/addons/ats-addon//rg-ats/rg-one-ats/rg-one-test-dev/'}
{'t': 'Open Application', 'i': 'rg-one-open-application', 'u': '/addons/ats-addon/rg-one-open-application', 'd': '/addons/ats-addon/', 'p': 'ats-addon/', 'newDir': '/addons/ats-addon//rg-ats/rg-one-ats/rg-one-test-dev/rg-one-std-actions-ref/rg-one-mendix-actions/rg-one-generic/'}
{'t': 'Open GroupBox', 'i': 'rg-one-open-groupbox', 'u': '/addons/ats-addon/rg-one-open-groupbox', 'd': '/addons/ats-addon/', 'p': 'ats-addon/', 'newDir': '/addons/ats-addon//rg-ats/rg-one-ats/rg-one-test-dev/rg-one-std-actions-ref/rg-one-mendix-actions/rg-one-groupbox/'}
{'t': 'Projects', 'i': 'rg-one-projects', 'u': '/addons/ats-addon/rg-one-projects', 'd': '/addons/ats-addon/', 'p': 'ats-addon/', 'newDir': '/addons/ats-addon//rg-ats/rg-one-ats/'}
{'t': 'Random Number', 'i': 'rg-one-random-number', 'u': '/addons/ats-addon/rg-one-random-number', 'd': '/addons/ats-addon/', 'p': 'ats-addon/', 'newDir': '/addons/ats-addon//rg-ats/rg-one-ats/rg-one-test-dev/rg-one-std-actions-ref/rg-one-ats-core-actions/'}
{'t': 'Random String', 'i': 'rg-one-random-string', 'u': '/addons/ats-addon/rg-one-random-string', 'd': '/addons/ats-addon/', 'p': 'ats-addon/', 'newDir': '/addons/ats-addon//rg-ats/rg-one-ats/rg-one-test-dev/rg-one-std-actions-ref/rg-one-ats-core-actions/'}
{'t': 'Recorder', 'i': 'rg-one-recorder', 'u': '/addons/ats-addon/rg-one-recorder', 'd': '/addons/ats-addon/', 'p': 'ats-addon/', 'mo': 2, 'newDir': '/addons/ats-addon//rg-ats/rg-one-ats/rg-one-test-dev/'}
{'t': 'Scheduling', 'i': 'rg-one-scheduling', 'u': '/addons/ats-addon/rg-one-scheduling', 'd': '/addons/ats-addon/', 'p': 'ats-addon/', 'newDir': '/addons/ats-addon//rg-ats/rg-one-ats/'}
{'t': 'Selectors', 'i': 'rg-one-selectors', 'u': '/addons/ats-addon/rg-one-selectors', 'd': '/addons/ats-addon/', 'p': 'ats-addon/', 'mo': 7, 'newDir': '/addons/ats-addon//rg-ats/rg-one-ats/rg-one-test-dev/'}
{'t': 'Send Keys', 'i': 'rg-one-send-keys', 'u': '/addons/ats-addon/rg-one-send-keys', 'd': '/addons/ats-addon/', 'p': 'ats-addon/', 'newDir': '/addons/ats-addon//rg-ats/rg-one-ats/rg-one-test-dev/rg-one-std-actions-ref/rg-one-selenium-actions/'}
{'t': 'Selenium Actions', 'i': 'rg-one-selenium-actions', 'u': '/addons/ats-addon/rg-one-selenium-actions', 'd': '/addons/ats-addon/', 'p': 'ats-addon/', 'newDir': '/addons/ats-addon//rg-ats/rg-one-ats/rg-one-test-dev/rg-one-std-actions-ref/rg-one-selenium-actions/', 'indexFlag': 'true'}
{'t': 'Set BooleanSlider Value', 'i': 'rg-one-set-booleanslider-value', 'u': '/addons/ats-addon/rg-one-set-booleanslider-value', 'd': '/addons/ats-addon/', 'p': 'ats-addon/', 'newDir': '/addons/ats-addon//rg-ats/rg-one-ats/rg-one-test-dev/rg-one-std-actions-ref/rg-one-appstore-widg-acts/rg-one-booleanslider/'}
{'t': 'Set BootstrapRTE Value', 'i': 'rg-one-set-bootstraprte-value', 'u': '/addons/ats-addon/rg-one-set-bootstraprte-value', 'd': '/addons/ats-addon/', 'p': 'ats-addon/', 'newDir': '/addons/ats-addon//rg-ats/rg-one-ats/rg-one-test-dev/rg-one-std-actions-ref/rg-one-appstore-widg-acts/rg-one-bootstraprte/'}
{'t': 'Set Checkbox Set Selector Value', 'i': 'rg-one-set-checkbox-set-selector-value-all', 'u': '/addons/ats-addon/rg-one-set-checkbox-set-selector-value-all', 'd': '/addons/ats-addon/', 'p': 'ats-addon/', 'newDir': '/addons/ats-addon//rg-ats/rg-one-ats/rg-one-test-dev/rg-one-std-actions-ref/rg-one-appstore-widg-acts/rg-one-checkbox-set-selector/'}
{'t': 'Set Checkbox Set Selector Value', 'i': 'rg-one-set-checkbox-set-selector-value', 'u': '/addons/ats-addon/rg-one-set-checkbox-set-selector-value', 'd': '/addons/ats-addon/', 'p': 'ats-addon/', 'newDir': '/addons/ats-addon//rg-ats/rg-one-ats/rg-one-test-dev/rg-one-std-actions-ref/rg-one-appstore-widg-acts/rg-one-checkbox-set-selector/'}
{'t': 'Set Checkbox Value', 'i': 'rg-one-set-checkbox-value', 'u': '/addons/ats-addon/rg-one-set-checkbox-value', 'd': '/addons/ats-addon/', 'p': 'ats-addon/', 'newDir': '/addons/ats-addon//rg-ats/rg-one-ats/rg-one-test-dev/rg-one-std-actions-ref/rg-one-mendix-actions/rg-one-input/'}
{'t': 'Set CKEditor Value', 'i': 'rg-one-set-ckeditor-value', 'u': '/addons/ats-addon/rg-one-set-ckeditor-value', 'd': '/addons/ats-addon/', 'p': 'ats-addon/', 'newDir': '/addons/ats-addon//rg-ats/rg-one-ats/rg-one-test-dev/rg-one-std-actions-ref/rg-one-appstore-widg-acts/rg-one-ckeditor/'}
{'t': 'Set File Manager', 'i': 'rg-one-set-file-manager', 'u': '/addons/ats-addon/rg-one-set-file-manager', 'd': '/addons/ats-addon/', 'p': 'ats-addon/', 'newDir': '/addons/ats-addon//rg-ats/rg-one-ats/rg-one-test-dev/rg-one-std-actions-ref/rg-one-mendix-actions/rg-one-file-manager/'}
{'t': 'Set Checkbox Set Selector Value', 'i': 'rg-one-set-grid-selector-checkbox-value', 'u': '/addons/ats-addon/rg-one-set-grid-selector-checkbox-value', 'd': '/addons/ats-addon/', 'p': 'ats-addon/', 'newDir': '/addons/ats-addon//rg-ats/rg-one-ats/rg-one-test-dev/rg-one-std-actions-ref/rg-one-appstore-widg-acts/rg-one-grid-selector/'}
{'t': 'Set Grid Selector RadioButton Value', 'i': 'rg-one-set-grid-selector-radiobutton-checked', 'u': '/addons/ats-addon/rg-one-set-grid-selector-radiobutton-checked', 'd': '/addons/ats-addon/', 'p': 'ats-addon/', 'newDir': '/addons/ats-addon//rg-ats/rg-one-ats/rg-one-test-dev/rg-one-std-actions-ref/rg-one-appstore-widg-acts/rg-one-grid-selector/'}
{'t': 'Set InputReferenceSelector Value', 'i': 'rg-one-set-inputreferenceselector-value', 'u': '/addons/ats-addon/rg-one-set-inputreferenceselector-value', 'd': '/addons/ats-addon/', 'p': 'ats-addon/', 'newDir': '/addons/ats-addon//rg-ats/rg-one-ats/rg-one-test-dev/rg-one-std-actions-ref/rg-one-appstore-widg-acts/rg-one-input-reference-selector/'}
{'t': 'Set ListView Search', 'i': 'rg-one-set-listview-search', 'u': '/addons/ats-addon/rg-one-set-listview-search', 'd': '/addons/ats-addon/', 'p': 'ats-addon/', 'newDir': '/addons/ats-addon//rg-ats/rg-one-ats/rg-one-test-dev/rg-one-std-actions-ref/rg-one-mendix-actions/rg-one-datagrid-templategrid-listview/'}
{'t': 'Set Return Value', 'i': 'rg-one-set-return-value', 'u': '/addons/ats-addon/rg-one-set-return-value', 'd': '/addons/ats-addon/', 'p': 'ats-addon/', 'newDir': '/addons/ats-addon//rg-ats/rg-one-ats/rg-one-test-dev/rg-one-std-actions-ref/rg-one-ats-core-actions/'}
{'t': 'Set Row Cell Value', 'i': 'rg-one-set-row-cell-value', 'u': '/addons/ats-addon/rg-one-set-row-cell-value', 'd': '/addons/ats-addon/', 'p': 'ats-addon/', 'newDir': '/addons/ats-addon//rg-ats/rg-one-ats/rg-one-test-dev/rg-one-std-actions-ref/rg-one-mendix-actions/rg-one-datagrid-templategrid-listview/'}
{'t': 'Set Simple Checkbox Set Selector Value', 'i': 'rg-one-set-simple-checkbox-set-selector-value', 'u': '/addons/ats-addon/rg-one-set-simple-checkbox-set-selector-value', 'd': '/addons/ats-addon/', 'p': 'ats-addon/', 'newDir': '/addons/ats-addon//rg-ats/rg-one-ats/rg-one-test-dev/rg-one-std-actions-ref/rg-one-appstore-widg-acts/rg-one-simple-checkbox-set-selector/'}
{'t': 'Set Value (by Index)', 'i': 'rg-one-set-value-by-index', 'u': '/addons/ats-addon/rg-one-set-value-by-index', 'd': '/addons/ats-addon/', 'p': 'ats-addon/', 'newDir': '/addons/ats-addon//rg-ats/rg-one-ats/rg-one-test-dev/rg-one-std-actions-ref/rg-one-mendix-actions/rg-one-input/'}
{'t': 'Set Value', 'i': 'rg-one-set-value', 'u': '/addons/ats-addon/rg-one-set-value', 'd': '/addons/ats-addon/', 'p': 'ats-addon/', 'newDir': '/addons/ats-addon//rg-ats/rg-one-ats/rg-one-test-dev/rg-one-std-actions-ref/rg-one-mendix-actions/rg-one-input/'}
{'t': 'Simple Checkbox Set Selector', 'i': 'rg-one-simple-checkbox-set-selector', 'u': '/addons/ats-addon/rg-one-simple-checkbox-set-selector', 'd': '/addons/ats-addon/', 'p': 'ats-addon/', 'newDir': '/addons/ats-addon//rg-ats/rg-one-ats/rg-one-test-dev/rg-one-std-actions-ref/rg-one-appstore-widg-acts/rg-one-simple-checkbox-set-selector/', 'indexFlag': 'true'}
{'t': 'Sort DataGrid', 'i': 'rg-one-sort-datagrid', 'u': '/addons/ats-addon/rg-one-sort-datagrid', 'd': '/addons/ats-addon/', 'p': 'ats-addon/', 'newDir': '/addons/ats-addon//rg-ats/rg-one-ats/rg-one-test-dev/rg-one-std-actions-ref/rg-one-mendix-actions/rg-one-datagrid-templategrid-listview/'}
{'t': 'Standard Actions', 'i': 'rg-one-standard-action-overview', 'u': '/addons/ats-addon/rg-one-standard-action-overview', 'd': '/addons/ats-addon/', 'p': 'ats-addon/', 'mo': 4, 'newDir': '/addons/ats-addon//rg-ats/rg-one-ats/rg-one-test-dev/'}
{'t': 'Standard Actions Reference', 'i': 'rg-one-std-actions-ref', 'u': '/addons/ats-addon/rg-one-std-actions-ref', 'd': '/addons/ats-addon/', 'p': 'ats-addon/', 'newDir': '/addons/ats-addon//rg-ats/rg-one-ats/rg-one-test-dev/rg-one-std-actions-ref/', 'indexFlag': 'true'}
{'t': 'System', 'i': 'rg-one-system', 'u': '/addons/ats-addon/rg-one-system', 'd': '/addons/ats-addon/', 'p': 'ats-addon/', 'newDir': '/addons/ats-addon//rg-ats/rg-one-ats/rg-one-test-dev/rg-one-std-actions-ref/rg-one-mendix-actions/rg-one-system/', 'indexFlag': 'true'}
{'t': 'Tab', 'i': 'rg-one-tab', 'u': '/addons/ats-addon/rg-one-tab', 'd': '/addons/ats-addon/', 'p': 'ats-addon/', 'newDir': '/addons/ats-addon//rg-ats/rg-one-ats/rg-one-test-dev/rg-one-std-actions-ref/rg-one-mendix-actions/rg-one-tab/', 'indexFlag': 'true'}
{'t': 'Test Case Documentation', 'i': 'rg-one-test-case-documentation', 'u': '/addons/ats-addon/rg-one-test-case-documentation', 'd': '/addons/ats-addon/', 'p': 'ats-addon/', 'mo': 9, 'newDir': '/addons/ats-addon//rg-ats/rg-one-ats/rg-one-test-dev/'}
{'t': 'Test Development', 'i': 'rg-one-test-dev', 'u': '/addons/ats-addon/rg-one-test-dev', 'd': '/addons/ats-addon/', 'p': 'ats-addon/', 'newDir': '/addons/ats-addon//rg-ats/rg-one-ats/rg-one-test-dev/', 'indexFlag': 'true'}
{'t': 'Test Run', 'i': 'rg-one-test-run', 'u': '/addons/ats-addon/rg-one-test-run', 'd': '/addons/ats-addon/', 'p': 'ats-addon/', 'newDir': '/addons/ats-addon//rg-ats/rg-one-ats/rg-one-test-dev/'}
{'t': 'Toggle BooleanSlider Value', 'i': 'rg-one-toggle-booleanslider-value', 'u': '/addons/ats-addon/rg-one-toggle-booleanslider-value', 'd': '/addons/ats-addon/', 'p': 'ats-addon/', 'newDir': '/addons/ats-addon//rg-ats/rg-one-ats/rg-one-test-dev/rg-one-std-actions-ref/rg-one-appstore-widg-acts/rg-one-booleanslider/'}
{'t': 'Toggle Checkbox Set Selector Value', 'i': 'rg-one-toggle-checkbox-set-selector-value-all', 'u': '/addons/ats-addon/rg-one-toggle-checkbox-set-selector-value-all', 'd': '/addons/ats-addon/', 'p': 'ats-addon/', 'newDir': '/addons/ats-addon//rg-ats/rg-one-ats/rg-one-test-dev/rg-one-std-actions-ref/rg-one-appstore-widg-acts/rg-one-checkbox-set-selector/'}
{'t': 'Toggle Checkbox Set Selector Value', 'i': 'rg-one-toggle-checkbox-set-selector-value', 'u': '/addons/ats-addon/rg-one-toggle-checkbox-set-selector-value', 'd': '/addons/ats-addon/', 'p': 'ats-addon/', 'newDir': '/addons/ats-addon//rg-ats/rg-one-ats/rg-one-test-dev/rg-one-std-actions-ref/rg-one-appstore-widg-acts/rg-one-checkbox-set-selector/'}
{'t': 'Toggle Checkbox Value', 'i': 'rg-one-toggle-checkbox-value', 'u': '/addons/ats-addon/rg-one-toggle-checkbox-value', 'd': '/addons/ats-addon/', 'p': 'ats-addon/', 'newDir': '/addons/ats-addon//rg-ats/rg-one-ats/rg-one-test-dev/rg-one-std-actions-ref/rg-one-mendix-actions/rg-one-input/'}
{'t': 'Toggle Grid Selector Checkbox Value', 'i': 'rg-one-toggle-grid-selector-checkbox-value', 'u': '/addons/ats-addon/rg-one-toggle-grid-selector-checkbox-value', 'd': '/addons/ats-addon/', 'p': 'ats-addon/', 'newDir': '/addons/ats-addon//rg-ats/rg-one-ats/rg-one-test-dev/rg-one-std-actions-ref/rg-one-appstore-widg-acts/rg-one-grid-selector/'}
{'t': 'Toggle Simple Checkbox Set Selector Value', 'i': 'rg-one-toggle-simple-checkbox-set-selector-value', 'u': '/addons/ats-addon/rg-one-toggle-simple-checkbox-set-selector-value', 'd': '/addons/ats-addon/', 'p': 'ats-addon/', 'newDir': '/addons/ats-addon//rg-ats/rg-one-ats/rg-one-test-dev/rg-one-std-actions-ref/rg-one-appstore-widg-acts/rg-one-simple-checkbox-set-selector/'}
{'t': 'Action', 'i': 'rg-two-action', 'u': '/addons/ats-addon/rg-two-action', 'd': '/addons/ats-addon/', 'p': 'ats-addon/', 'newDir': '/addons/ats-addon//rg-ats/rg-two-ats/'}
{'t': 'Administration', 'i': 'rg-two-administration', 'u': '/addons/ats-addon/rg-two-administration', 'd': '/addons/ats-addon/', 'p': 'ats-addon/', 'newDir': '/addons/ats-addon//rg-ats/rg-two-ats/'}
{'t': 'App', 'i': 'rg-two-app', 'u': '/addons/ats-addon/rg-two-app', 'd': '/addons/ats-addon/', 'p': 'ats-addon/', 'newDir': '/addons/ats-addon//rg-ats/rg-two-ats/'}
{'t': 'ATS Helper', 'i': 'rg-two-ats-helper', 'u': '/addons/ats-addon/rg-two-ats-helper', 'd': '/addons/ats-addon/', 'p': 'ats-addon/', 'newDir': '/addons/ats-addon//rg-ats/rg-two-ats/'}
{'t': 'ATS 2 Reference Guide', 'i': 'rg-two-ats', 'u': '/addons/ats-addon/rg-two-ats', 'd': '/addons/ats-addon/', 'p': 'ats-addon/', 'mo': 10, 'newDir': '/addons/ats-addon//rg-ats/rg-two-ats/', 'indexFlag': 'true'}
{'t': 'CI/CD API', 'i': 'rg-two-cicd-api', 'u': '/addons/ats-addon/rg-two-cicd-api', 'd': '/addons/ats-addon/', 'p': 'ats-addon/', 'newDir': '/addons/ats-addon//rg-ats/rg-two-ats/'}
{'t': 'Data-Driven Testing', 'i': 'rg-two-data-driven-testing', 'u': '/addons/ats-addon/rg-two-data-driven-testing', 'd': '/addons/ats-addon/', 'p': 'ats-addon/', 'newDir': '/addons/ats-addon//rg-ats/rg-two-ats/'}
{'t': 'Which Recorder Should I Use?', 'i': 'rg-two-desktoprecorder', 'u': '/addons/ats-addon/rg-two-desktoprecorder', 'd': '/addons/ats-addon/', 'p': 'ats-addon/', 'newDir': '/addons/ats-addon//rg-ats/rg-two-ats/rg-two-recorder/'}
{'t': 'Drop-Down', 'i': 'rg-two-drop-down', 'u': '/addons/ats-addon/rg-two-drop-down', 'd': '/addons/ats-addon/', 'p': 'ats-addon/', 'newDir': '/addons/ats-addon//rg-ats/rg-two-ats/'}
{'t': 'Function API Reference', 'i': 'rg-two-function-api-reference', 'u': '/addons/ats-addon/rg-two-function-api-reference', 'd': '/addons/ats-addon/', 'p': 'ats-addon/', 'newDir': '/addons/ats-addon//rg-ats/rg-two-ats/rg-two-function-api/'}
{'t': 'Function API', 'i': 'rg-two-function-api', 'u': '/addons/ats-addon/rg-two-function-api', 'd': '/addons/ats-addon/', 'p': 'ats-addon/', 'newDir': '/addons/ats-addon//rg-ats/rg-two-ats/rg-two-function-api/', 'indexFlag': 'true'}
{'t': 'Function Reference', 'i': 'rg-two-function-reference', 'u': '/addons/ats-addon/rg-two-function-reference', 'd': '/addons/ats-addon/', 'p': 'ats-addon/', 'newDir': '/addons/ats-addon//rg-ats/rg-two-ats/'}
{'t': 'Mobile', 'i': 'rg-two-mobile', 'u': '/addons/ats-addon/rg-two-mobile', 'd': '/addons/ats-addon/', 'p': 'ats-addon/', 'newDir': '/addons/ats-addon//rg-ats/rg-two-ats/'}
{'t': 'On-Premises Installation', 'i': 'rg-two-on-prem-installation', 'u': '/addons/ats-addon/rg-two-on-prem-installation', 'd': '/addons/ats-addon/', 'p': 'ats-addon/', 'newDir': '/addons/ats-addon//rg-ats/rg-two-ats/'}
{'t': 'Compatibility Table', 'i': 'rg-two-provider_platform_browser_compatiblitiy_table', 'u': '/addons/ats-addon/rg-two-provider_platform_browser_compatiblitiy_table', 'd': '/addons/ats-addon/', 'p': 'ats-addon/', 'newDir': '/addons/ats-addon//rg-ats/rg-two-ats/rg-two-test-run/'}
{'t': 'Local Profile', 'i': 'rg-two-profile', 'u': '/addons/ats-addon/rg-two-profile', 'd': '/addons/ats-addon/', 'p': 'ats-addon/', 'newDir': '/addons/ats-addon//rg-ats/rg-two-ats/'}
{'t': 'Recorder', 'i': 'rg-two-recorder', 'u': '/addons/ats-addon/rg-two-recorder', 'd': '/addons/ats-addon/', 'p': 'ats-addon/', 'newDir': '/addons/ats-addon//rg-ats/rg-two-ats/rg-two-recorder/', 'indexFlag': 'true'}
{'t': 'Repository', 'i': 'rg-two-repository', 'u': '/addons/ats-addon/rg-two-repository', 'd': '/addons/ats-addon/', 'p': 'ats-addon/', 'newDir': '/addons/ats-addon//rg-ats/rg-two-ats/'}
{'t': 'Results', 'i': 'rg-two-results', 'u': '/addons/ats-addon/rg-two-results', 'd': '/addons/ats-addon/', 'p': 'ats-addon/', 'newDir': '/addons/ats-addon//rg-ats/rg-two-ats/'}
{'t': 'Schedule', 'i': 'rg-two-schedule', 'u': '/addons/ats-addon/rg-two-schedule', 'd': '/addons/ats-addon/', 'p': 'ats-addon/', 'newDir': '/addons/ats-addon//rg-ats/rg-two-ats/'}
{'t': 'Selectors', 'i': 'rg-two-selectors', 'u': '/addons/ats-addon/rg-two-selectors', 'd': '/addons/ats-addon/', 'p': 'ats-addon/', 'newDir': '/addons/ats-addon//rg-ats/rg-two-ats/'}
{'t': 'Supported Selenium Providers', 'i': 'rg-two-supported-selenium-hub-provider', 'u': '/addons/ats-addon/rg-two-supported-selenium-hub-provider', 'd': '/addons/ats-addon/', 'p': 'ats-addon/', 'newDir': '/addons/ats-addon//rg-ats/rg-two-ats/rg-two-test-run/'}
{'t': 'Supported Widgets', 'i': 'rg-two-supported-widgets', 'u': '/addons/ats-addon/rg-two-supported-widgets', 'd': '/addons/ats-addon/', 'p': 'ats-addon/', 'newDir': '/addons/ats-addon//rg-ats/rg-two-ats/'}
{'t': 'Test Case', 'i': 'rg-two-test-case', 'u': '/addons/ats-addon/rg-two-test-case', 'd': '/addons/ats-addon/', 'p': 'ats-addon/', 'newDir': '/addons/ats-addon//rg-ats/rg-two-ats/'}
{'t': 'Job Configuration', 'i': 'rg-two-test-run-configuration', 'u': '/addons/ats-addon/rg-two-test-run-configuration', 'd': '/addons/ats-addon/', 'p': 'ats-addon/', 'newDir': '/addons/ats-addon//rg-ats/rg-two-ats/rg-two-test-run/'}
{'t': 'Test Run', 'i': 'rg-two-test-run', 'u': '/addons/ats-addon/rg-two-test-run', 'd': '/addons/ats-addon/', 'p': 'ats-addon/', 'newDir': '/addons/ats-addon//rg-ats/rg-two-ats/rg-two-test-run/', 'indexFlag': 'true'}
{'t': 'Test Step', 'i': 'rg-two-test-step', 'u': '/addons/ats-addon/rg-two-test-step', 'd': '/addons/ats-addon/', 'p': 'ats-addon/', 'newDir': '/addons/ats-addon//rg-ats/rg-two-ats/'}
{'t': 'Test Suite', 'i': 'rg-two-test-suite', 'u': '/addons/ats-addon/rg-two-test-suite', 'd': '/addons/ats-addon/', 'p': 'ats-addon/', 'newDir': '/addons/ats-addon//rg-ats/rg-two-ats/'}
