{'t': 'APIs & SDK', 'i': 'index', 'u': '/apidocs-mxsdk/', 'd': '/apidocs-mxsdk/', 'm': True, 'newDir': '/apidocs-mxsdk/', 'indexFlag': 'true'}
{'t': 'Change Things in the Model', 'i': 'changing-things-in-the-model', 'u': '/apidocs-mxsdk/mxsdk/changing-things-in-the-model', 'd': '/apidocs-mxsdk/mxsdk/', 'p': 'mxsdk/', 'newDir': '/apidocs-mxsdk/mxsdk//sdk-howtos/manipulating-existing-models/'}
{'t': 'Close the Server Connection', 'i': 'closing-the-server-connection', 'u': '/apidocs-mxsdk/mxsdk/closing-the-server-connection', 'd': '/apidocs-mxsdk/mxsdk/', 'p': 'mxsdk/', 'newDir': '/apidocs-mxsdk/mxsdk//sdk-howtos/manipulating-existing-models/'}
{'t': 'Create Your First Script', 'i': 'creating-your-first-script', 'u': '/apidocs-mxsdk/mxsdk/creating-your-first-script', 'd': '/apidocs-mxsdk/mxsdk/', 'p': 'mxsdk/', 'mo': 20, 'newDir': '/apidocs-mxsdk/mxsdk//sdk-howtos/'}
{'t': 'Create the Domain Model', 'i': 'creating-the-domain-model', 'u': '/apidocs-mxsdk/mxsdk/creating-the-domain-model', 'd': '/apidocs-mxsdk/mxsdk/', 'p': 'mxsdk/', 'mo': 30, 'newDir': '/apidocs-mxsdk/mxsdk//sdk-howtos/'}
{'t': 'Domain Model in the Mendix Metamodel', 'i': 'domain-model-metamodel', 'u': '/apidocs-mxsdk/mxsdk/domain-model-metamodel', 'd': '/apidocs-mxsdk/mxsdk/', 'p': 'mxsdk/', 'mo': 2, 'newDir': '/apidocs-mxsdk/mxsdk//sdk-refguide/understanding-the-metamodel/'}
{'t': 'Find Things in the Model', 'i': 'finding-things-in-the-model', 'u': '/apidocs-mxsdk/mxsdk/finding-things-in-the-model', 'd': '/apidocs-mxsdk/mxsdk/', 'p': 'mxsdk/', 'newDir': '/apidocs-mxsdk/mxsdk//sdk-howtos/manipulating-existing-models/'}
{'t': 'Mendix Platform SDK', 'i': 'index', 'u': '/apidocs-mxsdk/mxsdk/', 'd': '/apidocs-mxsdk/mxsdk/', 'newDir': '/apidocs-mxsdk/mxsdk/', 'indexFlag': 'true'}
{'t': 'Generate Code from the Model', 'i': 'generating-code-from-the-model', 'u': '/apidocs-mxsdk/mxsdk/generating-code-from-the-model', 'd': '/apidocs-mxsdk/mxsdk/', 'p': 'mxsdk/', 'mo': 50, 'newDir': '/apidocs-mxsdk/mxsdk//sdk-howtos/'}
{'t': 'JavaScript & TypeScript Resources', 'i': 'javascript-typescript-resources', 'u': '/apidocs-mxsdk/mxsdk/javascript-typescript-resources', 'd': '/apidocs-mxsdk/mxsdk/', 'p': 'mxsdk/', 'mo': 2, 'newDir': '/apidocs-mxsdk/mxsdk//sdk-refguide/'}
{'t': 'Manipulate Existing Models', 'i': 'manipulating-existing-models', 'u': '/apidocs-mxsdk/mxsdk/manipulating-existing-models', 'd': '/apidocs-mxsdk/mxsdk/', 'p': 'mxsdk/', 'mo': 40, 'newDir': '/apidocs-mxsdk/mxsdk//sdk-howtos/manipulating-existing-models/', 'indexFlag': 'true'}
{'t': 'Microflows in the Mendix Metamodel', 'i': 'microflows-metamodel', 'u': '/apidocs-mxsdk/mxsdk/microflows-metamodel', 'd': '/apidocs-mxsdk/mxsdk/', 'p': 'mxsdk/', 'mo': 4, 'newDir': '/apidocs-mxsdk/mxsdk//sdk-refguide/understanding-the-metamodel/'}
{'t': 'Work with Load Units & Elements', 'i': 'loading-units-and-elements', 'u': '/apidocs-mxsdk/mxsdk/loading-units-and-elements', 'd': '/apidocs-mxsdk/mxsdk/', 'p': 'mxsdk/', 'newDir': '/apidocs-mxsdk/mxsdk//sdk-howtos/manipulating-existing-models/'}
{'t': 'Create Your First Script (Old Versions)', 'i': 'old-creating-your-first-script', 'u': '/apidocs-mxsdk/mxsdk/old-creating-your-first-script', 'd': '/apidocs-mxsdk/mxsdk/', 'p': 'mxsdk/', 'mo': 2, 'newDir': '/apidocs-mxsdk/mxsdk//sdk-howtos/sdk-old-versions-howtos/'}
{'t': 'Set Up Your Development Environment (Old Versions)', 'i': 'old-setting-up-your-development-environment', 'u': '/apidocs-mxsdk/mxsdk/old-setting-up-your-development-environment', 'd': '/apidocs-mxsdk/mxsdk/', 'p': 'mxsdk/', 'mo': 1, 'newDir': '/apidocs-mxsdk/mxsdk//sdk-howtos/sdk-old-versions-howtos/'}
{'t': 'SDK FAQ', 'c': 'Mendix Platform SDK', 'i': 'sdk-faq', 'u': '/apidocs-mxsdk/mxsdk/sdk-faq', 'd': '/apidocs-mxsdk/mxsdk/', 'mo': 2, 'newDir': '/apidocs-mxsdk/mxsdk//', 'p': 'mxsdk/'}
{'t': 'Pages in the Mendix Metamodel', 'i': 'pages-metamodel', 'u': '/apidocs-mxsdk/mxsdk/pages-metamodel', 'd': '/apidocs-mxsdk/mxsdk/', 'p': 'mxsdk/', 'mo': 3, 'newDir': '/apidocs-mxsdk/mxsdk//sdk-refguide/understanding-the-metamodel/'}
{'t': 'Projects in the Mendix Metamodel', 'i': 'projects-metamodel', 'u': '/apidocs-mxsdk/mxsdk/projects-metamodel', 'd': '/apidocs-mxsdk/mxsdk/', 'p': 'mxsdk/', 'mo': 1, 'newDir': '/apidocs-mxsdk/mxsdk//sdk-refguide/understanding-the-metamodel/'}
{'t': 'SDK Introduction', 'c': 'Mendix Platform SDK', 'i': 'sdk-intro', 'u': '/apidocs-mxsdk/mxsdk/sdk-intro', 'd': '/apidocs-mxsdk/mxsdk/', 'mo': 1, 'newDir': '/apidocs-mxsdk/mxsdk//', 'p': 'mxsdk/'}
{'t': "SDK How-to's", 'c': 'Mendix Platform SDK', 'i': 'sdk-howtos', 'u': '/apidocs-mxsdk/mxsdk/sdk-howtos', 'd': '/apidocs-mxsdk/mxsdk/', 'mo': 4, 'newDir': '/apidocs-mxsdk/mxsdk//sdk-howtos/', 'indexFlag': 'true', 'p': 'mxsdk/'}
{'t': 'SDK Reference Guide', 'c': 'Mendix Platform SDK', 'i': 'sdk-refguide', 'u': '/apidocs-mxsdk/mxsdk/sdk-refguide', 'd': '/apidocs-mxsdk/mxsdk/', 'mo': 3, 'newDir': '/apidocs-mxsdk/mxsdk//sdk-refguide/', 'indexFlag': 'true', 'p': 'mxsdk/'}
{'t': 'SDK Use Cases', 'c': 'Mendix Platform SDK', 'i': 'sdk-use-cases', 'u': '/apidocs-mxsdk/mxsdk/sdk-use-cases', 'd': '/apidocs-mxsdk/mxsdk/', 'mo': 5, 'newDir': '/apidocs-mxsdk/mxsdk//', 'p': 'mxsdk/'}
{'t': 'Old SDK Versions (Below 5.0)', 'i': 'sdk-old-versions-howtos', 'u': '/apidocs-mxsdk/mxsdk/sdk-old-versions-howtos', 'd': '/apidocs-mxsdk/mxsdk/', 'p': 'mxsdk/', 'mo': 60, 'newDir': '/apidocs-mxsdk/mxsdk//sdk-howtos/sdk-old-versions-howtos/', 'indexFlag': 'true'}
{'t': 'Set Up Your Development Environment', 'i': 'setting-up-your-development-environment', 'u': '/apidocs-mxsdk/mxsdk/setting-up-your-development-environment', 'd': '/apidocs-mxsdk/mxsdk/', 'p': 'mxsdk/', 'mo': 10, 'newDir': '/apidocs-mxsdk/mxsdk//sdk-howtos/'}
{'t': 'Understanding the Mendix Metamodel', 'i': 'understanding-the-metamodel', 'u': '/apidocs-mxsdk/mxsdk/understanding-the-metamodel', 'd': '/apidocs-mxsdk/mxsdk/', 'p': 'mxsdk/', 'mo': 1, 'newDir': '/apidocs-mxsdk/mxsdk//sdk-refguide/understanding-the-metamodel/', 'indexFlag': 'true'}
{'t': 'Set Up your Personal Access Token', 'i': 'setup-your-pat', 'u': '/apidocs-mxsdk/mxsdk/setup-your-pat', 'd': '/apidocs-mxsdk/mxsdk/', 'p': 'mxsdk/', 'mo': 11, 'newDir': '/apidocs-mxsdk/mxsdk//sdk-howtos/'}
{'t': 'Use the Platform SDK', 'i': 'using-platform-sdk', 'u': '/apidocs-mxsdk/mxsdk/using-platform-sdk', 'd': '/apidocs-mxsdk/mxsdk/', 'p': 'mxsdk/', 'mo': 12, 'newDir': '/apidocs-mxsdk/mxsdk//sdk-howtos/'}
{'t': 'App Repository API', 'c': 'API Documentation', 'i': 'app-repository-api', 'u': '/apidocs-mxsdk/apidocs/app-repository-api', 'd': '/apidocs-mxsdk/apidocs/', 'mo': 6, 'newDir': '/apidocs-mxsdk/apidocs//', 'p': 'apidocs/'}
{'t': 'Authentication', 'c': 'API Documentation', 'i': 'authentication', 'u': '/apidocs-mxsdk/apidocs/authentication', 'd': '/apidocs-mxsdk/apidocs/', 'mo': 5, 'newDir': '/apidocs-mxsdk/apidocs//', 'p': 'apidocs/'}
{'t': 'Backups API V2', 'i': 'backups-api', 'u': '/apidocs-mxsdk/apidocs/backups-api', 'd': '/apidocs-mxsdk/apidocs/', 'p': 'apidocs/', 'mo': 10, 'newDir': '/apidocs-mxsdk/apidocs//deploy-api/'}
{'t': 'Backups API V1', 'i': 'backups-api-v1', 'u': '/apidocs-mxsdk/apidocs/backups-api-v1', 'd': '/apidocs-mxsdk/apidocs/', 'p': 'apidocs/', 'mo': 20, 'newDir': '/apidocs-mxsdk/apidocs//deploy-api/'}
{'t': 'Build API', 'c': 'API Documentation', 'i': 'build-api', 'u': '/apidocs-mxsdk/apidocs/build-api', 'd': '/apidocs-mxsdk/apidocs/', 'mo': 10, 'newDir': '/apidocs-mxsdk/apidocs//', 'p': 'apidocs/'}
{'t': 'Client API', 'c': 'API Documentation', 'i': 'client-api', 'u': '/apidocs-mxsdk/apidocs/client-api', 'd': '/apidocs-mxsdk/apidocs/', 'mo': 15, 'newDir': '/apidocs-mxsdk/apidocs//', 'p': 'apidocs/'}
{'t': 'Deploy API – Version 2', 'c': 'API Documentation', 'i': 'deploy-api-2', 'u': '/apidocs-mxsdk/apidocs/deploy-api-2', 'd': '/apidocs-mxsdk/apidocs/', 'mo': 26, 'newDir': '/apidocs-mxsdk/apidocs//', 'p': 'apidocs/'}
{'t': 'Client APIs Available to Pluggable Widgets', 'i': 'client-apis-for-pluggable-widgets-8', 'u': '/apidocs-mxsdk/apidocs/client-apis-for-pluggable-widgets-8', 'd': '/apidocs-mxsdk/apidocs/', 'p': 'apidocs/', 'mo': 10, 'newDir': '/apidocs-mxsdk/apidocs//pluggable-widgets/pluggable-parent-8/'}
{'t': 'Data Hub APIs', 'c': 'API Documentation', 'i': 'data-hub-apis', 'u': '/apidocs-mxsdk/apidocs/data-hub-apis', 'd': '/apidocs-mxsdk/apidocs/', 'mo': 20, 'newDir': '/apidocs-mxsdk/apidocs//', 'p': 'apidocs/'}
{'t': 'Deploy API', 'c': 'API Documentation', 'i': 'deploy-api', 'u': '/apidocs-mxsdk/apidocs/deploy-api', 'd': '/apidocs-mxsdk/apidocs/', 'mo': 25, 'newDir': '/apidocs-mxsdk/apidocs//deploy-api/', 'indexFlag': 'true', 'p': 'apidocs/'}
{'t': 'Design Properties API', 'c': 'API Documentation', 'i': 'design-properties', 'u': '/apidocs-mxsdk/apidocs/design-properties', 'd': '/apidocs-mxsdk/apidocs/', 'mo': 30, 'newDir': '/apidocs-mxsdk/apidocs//', 'p': 'apidocs/'}
{'t': 'Differences Between Pluggable and Custom Widgets', 'i': 'differences-between-pluggable-and-custom-widgets', 'u': '/apidocs-mxsdk/apidocs/differences-between-pluggable-and-custom-widgets', 'd': '/apidocs-mxsdk/apidocs/', 'p': 'apidocs/', 'newDir': '/apidocs-mxsdk/apidocs//pluggable-widgets/pluggable-parent-8/'}
{'t': 'Feedback API', 'c': 'API Documentation', 'i': 'feedback-api', 'u': '/apidocs-mxsdk/apidocs/feedback-api', 'd': '/apidocs-mxsdk/apidocs/', 'mo': 35, 'newDir': '/apidocs-mxsdk/apidocs//', 'p': 'apidocs/'}
{'t': 'API Documentation', 'i': 'index', 'u': '/apidocs-mxsdk/apidocs/', 'd': '/apidocs-mxsdk/apidocs/', 'newDir': '/apidocs-mxsdk/apidocs/', 'indexFlag': 'true'}
{'t': 'Permissions API', 'c': 'API Documentation', 'i': 'permissions-api', 'u': '/apidocs-mxsdk/apidocs/permissions-api', 'd': '/apidocs-mxsdk/apidocs/', 'mo': 40, 'newDir': '/apidocs-mxsdk/apidocs//', 'p': 'apidocs/'}
{'t': 'Model SDK & Platform SDK', 'c': 'API Documentation', 'i': 'model-platform-sdk', 'u': '/apidocs-mxsdk/apidocs/model-platform-sdk', 'd': '/apidocs-mxsdk/apidocs/', 'mo': 37, 'newDir': '/apidocs-mxsdk/apidocs//', 'p': 'apidocs/'}
{'t': 'Mendix 8', 'i': 'pluggable-parent-8', 'u': '/apidocs-mxsdk/apidocs/pluggable-parent-8', 'd': '/apidocs-mxsdk/apidocs/', 'p': 'apidocs/', 'mo': 100, 'newDir': '/apidocs-mxsdk/apidocs//pluggable-widgets/pluggable-parent-8/', 'indexFlag': 'true'}
{'t': 'List Values', 'i': 'pluggable-widgets-client-apis-list-values', 'u': '/apidocs-mxsdk/apidocs/pluggable-widgets-client-apis-list-values', 'd': '/apidocs-mxsdk/apidocs/', 'p': 'apidocs/', 'newDir': '/apidocs-mxsdk/apidocs//pluggable-widgets/pluggable-widgets-client-apis/'}
{'t': 'Client APIs Available to Pluggable Widgets', 'i': 'pluggable-widgets-client-apis', 'u': '/apidocs-mxsdk/apidocs/pluggable-widgets-client-apis', 'd': '/apidocs-mxsdk/apidocs/', 'p': 'apidocs/', 'mo': 20, 'newDir': '/apidocs-mxsdk/apidocs//pluggable-widgets/pluggable-widgets-client-apis/', 'indexFlag': 'true'}
{'t': 'Declaring Native Dependencies', 'i': 'pluggable-widgets-native-dependencies', 'u': '/apidocs-mxsdk/apidocs/pluggable-widgets-native-dependencies', 'd': '/apidocs-mxsdk/apidocs/', 'p': 'apidocs/', 'mo': 40, 'newDir': '/apidocs-mxsdk/apidocs//pluggable-widgets/'}
{'t': 'Preview Appearance APIs for Pluggable Widgets', 'i': 'pluggable-widgets-studio-apis', 'u': '/apidocs-mxsdk/apidocs/pluggable-widgets-studio-apis', 'd': '/apidocs-mxsdk/apidocs/', 'p': 'apidocs/', 'mo': 30, 'newDir': '/apidocs-mxsdk/apidocs//pluggable-widgets/'}
{'t': 'Pluggable Widget Property Types', 'i': 'pluggable-widgets-property-types', 'u': '/apidocs-mxsdk/apidocs/pluggable-widgets-property-types', 'd': '/apidocs-mxsdk/apidocs/', 'p': 'apidocs/', 'mo': 10, 'newDir': '/apidocs-mxsdk/apidocs//pluggable-widgets/'}
{'t': 'Pluggable Widgets API', 'c': 'API Documentation', 'i': 'pluggable-widgets', 'u': '/apidocs-mxsdk/apidocs/pluggable-widgets', 'd': '/apidocs-mxsdk/apidocs/', 'mo': 45, 'newDir': '/apidocs-mxsdk/apidocs//pluggable-widgets/', 'indexFlag': 'true', 'p': 'apidocs/'}
{'t': 'Projects API', 'c': 'API Documentation', 'i': 'projects-api', 'u': '/apidocs-mxsdk/apidocs/projects-api', 'd': '/apidocs-mxsdk/apidocs/', 'mo': 50, 'newDir': '/apidocs-mxsdk/apidocs//', 'p': 'apidocs/'}
{'t': 'Pluggable Widget Property Types', 'i': 'property-types-pluggable-widgets-8', 'u': '/apidocs-mxsdk/apidocs/property-types-pluggable-widgets-8', 'd': '/apidocs-mxsdk/apidocs/', 'p': 'apidocs/', 'mo': 20, 'newDir': '/apidocs-mxsdk/apidocs//pluggable-widgets/pluggable-parent-8/'}
{'t': 'Stories API', 'c': 'API Documentation', 'i': 'stories-api', 'u': '/apidocs-mxsdk/apidocs/stories-api', 'd': '/apidocs-mxsdk/apidocs/', 'mo': 60, 'newDir': '/apidocs-mxsdk/apidocs//', 'p': 'apidocs/'}
{'t': 'Runtime API', 'c': 'API Documentation', 'i': 'runtime-api', 'u': '/apidocs-mxsdk/apidocs/runtime-api', 'd': '/apidocs-mxsdk/apidocs/', 'mo': 55, 'newDir': '/apidocs-mxsdk/apidocs//', 'p': 'apidocs/'}
{'t': 'Team Server API', 'c': 'API Documentation', 'i': 'team-server-api', 'u': '/apidocs-mxsdk/apidocs/team-server-api', 'd': '/apidocs-mxsdk/apidocs/', 'mo': 65, 'newDir': '/apidocs-mxsdk/apidocs//', 'p': 'apidocs/'}
{'t': 'User Management API', 'c': 'API Documentation', 'i': 'user-management-api', 'u': '/apidocs-mxsdk/apidocs/user-management-api', 'd': '/apidocs-mxsdk/apidocs/', 'mo': 70, 'newDir': '/apidocs-mxsdk/apidocs//', 'p': 'apidocs/'}
{'t': 'Preview Appearance APIs for Pluggable Widgets', 'i': 'studio-apis-for-pluggable-widgets-8', 'u': '/apidocs-mxsdk/apidocs/studio-apis-for-pluggable-widgets-8', 'd': '/apidocs-mxsdk/apidocs/', 'p': 'apidocs/', 'mo': 30, 'newDir': '/apidocs-mxsdk/apidocs//pluggable-widgets/pluggable-parent-8/'}
{'t': 'Webhooks', 'c': 'API Documentation', 'i': 'webhooks-sprints', 'u': '/apidocs-mxsdk/apidocs/webhooks-sprints', 'd': '/apidocs-mxsdk/apidocs/', 'mo': 75, 'newDir': '/apidocs-mxsdk/apidocs//', 'p': 'apidocs/'}
