{'t': 'Marketplace Guide', 'i': 'index', 'u': '/appstore/', 'd': '/appstore/', 'm': True, 'newDir': '/appstore/', 'indexFlag': 'true'}
{'t': 'Building Connectors', 'c': 'Creating Content', 'i': 'connector-guide-build', 'u': '/appstore/creating-content/connector-guide-build', 'd': '/appstore/creating-content/', 'mo': 3, 'newDir': '/appstore/creating-content//', 'p': 'creating-content/'}
{'t': 'Creating Content', 'i': 'index', 'u': '/appstore/creating-content/', 'd': '/appstore/creating-content/', 'newDir': '/appstore/creating-content/', 'indexFlag': 'true'}
{'t': 'Prepare Your Commercial Content to Sell', 'c': 'Creating Content', 'i': 'prepare', 'u': '/appstore/creating-content/prepare', 'd': '/appstore/creating-content/', 'mo': 2, 'newDir': '/appstore/creating-content//', 'p': 'creating-content/'}
{'t': 'Architecting Adaptive Solutions', 'i': 'sol-architecting', 'u': '/appstore/creating-content/sol-architecting', 'd': '/appstore/creating-content/', 'p': 'creating-content/', 'newDir': '/appstore/creating-content//sol-solutions-guide/sol-development/'}
{'t': 'Developing Solutions', 'i': 'sol-development', 'u': '/appstore/creating-content/sol-development', 'd': '/appstore/creating-content/', 'p': 'creating-content/', 'mo': 20, 'newDir': '/appstore/creating-content//sol-solutions-guide/sol-development/', 'indexFlag': 'true'}
{'t': 'General Info', 'i': 'sol-general', 'u': '/appstore/creating-content/sol-general', 'd': '/appstore/creating-content/', 'p': 'creating-content/', 'mo': 10, 'newDir': '/appstore/creating-content//sol-solutions-guide/sol-general/', 'indexFlag': 'true'}
{'t': 'IP Protection', 'i': 'sol-ip-protection', 'u': '/appstore/creating-content/sol-ip-protection', 'd': '/appstore/creating-content/', 'p': 'creating-content/', 'newDir': '/appstore/creating-content//sol-solutions-guide/sol-development/'}
{'t': 'Creating Solutions', 'c': 'Creating Content', 'i': 'sol-solutions-guide', 'u': '/appstore/creating-content/sol-solutions-guide', 'd': '/appstore/creating-content/', 'mo': 2, 'newDir': '/appstore/creating-content//sol-solutions-guide/', 'indexFlag': 'true', 'p': 'creating-content/'}
{'t': 'Solution Vendor & Startup Programs', 'i': 'sol-vendor-programs', 'u': '/appstore/creating-content/sol-vendor-programs', 'd': '/appstore/creating-content/', 'p': 'creating-content/', 'newDir': '/appstore/creating-content//sol-solutions-guide/sol-general/'}
{'t': 'Mendix Vendor Program', 'c': 'Creating Content', 'i': 'vendor-program', 'u': '/appstore/creating-content/vendor-program', 'd': '/appstore/creating-content/', 'mo': 1, 'newDir': '/appstore/creating-content//', 'p': 'creating-content/'}
{'t': 'Use the 3D Viewer API', 'i': '3d-viewer-api', 'u': '/appstore/app-services/3d-viewer-api', 'd': '/appstore/app-services/', 'p': 'app-services/', 'newDir': '/appstore/app-services//3d-viewer/'}
{'t': '3D Viewer for Teamcenter', 'i': '3d-viewer-for-teamcenter', 'u': '/appstore/app-services/3d-viewer-for-teamcenter', 'd': '/appstore/app-services/', 'p': 'app-services/', 'newDir': '/appstore/app-services//3d-viewer/'}
{'t': '3D Viewer', 'c': 'App Services', 'i': '3d-viewer', 'u': '/appstore/app-services/3d-viewer', 'd': '/appstore/app-services/', 'mo': 1, 'newDir': '/appstore/app-services//3d-viewer/', 'indexFlag': 'true', 'p': 'app-services/'}
{'t': 'Email Service', 'c': 'App Services', 'i': 'email-service', 'u': '/appstore/app-services/email-service', 'd': '/appstore/app-services/', 'newDir': '/appstore/app-services//', 'p': 'app-services/'}
{'t': 'App Services', 'i': 'index', 'u': '/appstore/app-services/', 'd': '/appstore/app-services/', 'newDir': '/appstore/app-services/', 'indexFlag': 'true'}
{'t': 'Intelligent Document Service', 'c': 'App Services', 'i': 'intelligent-document-service', 'u': '/appstore/app-services/intelligent-document-service', 'd': '/appstore/app-services/', 'newDir': '/appstore/app-services//', 'p': 'app-services/'}
{'t': 'Invoice Processing', 'c': 'App Services', 'i': 'invoice-processing', 'u': '/appstore/app-services/invoice-processing', 'd': '/appstore/app-services/', 'newDir': '/appstore/app-services//', 'p': 'app-services/'}
{'t': 'Receipt Processing', 'c': 'App Services', 'i': 'receipt-processing', 'u': '/appstore/app-services/receipt-processing', 'd': '/appstore/app-services/', 'newDir': '/appstore/app-services//', 'p': 'app-services/'}
{'t': 'Text Analytics', 'c': 'App Services', 'i': 'text-analytics', 'u': '/appstore/app-services/text-analytics', 'd': '/appstore/app-services/', 'newDir': '/appstore/app-services//', 'p': 'app-services/'}
{'t': 'Speech to Text', 'c': 'App Services', 'i': 'speech-to-text', 'u': '/appstore/app-services/speech-to-text', 'd': '/appstore/app-services/', 'newDir': '/appstore/app-services//', 'p': 'app-services/'}
{'t': 'Text to Speech', 'c': 'App Services', 'i': 'text-to-speech', 'u': '/appstore/app-services/text-to-speech', 'd': '/appstore/app-services/', 'newDir': '/appstore/app-services//', 'p': 'app-services/'}
{'t': 'Translation', 'c': 'App Services', 'i': 'translation', 'u': '/appstore/app-services/translation', 'd': '/appstore/app-services/', 'newDir': '/appstore/app-services//', 'p': 'app-services/'}
{'t': 'Marketplace Content Support', 'c': 'General Info', 'i': 'app-store-content-support', 'u': '/appstore/general/app-store-content-support', 'd': '/appstore/general/', 'mo': 50, 'newDir': '/appstore/general//', 'p': 'general/'}
{'t': 'Use Marketplace Content in Studio Pro', 'c': 'General Info', 'i': 'app-store-content', 'u': '/appstore/general/app-store-content', 'd': '/appstore/general/', 'mo': 20, 'newDir': '/appstore/general//', 'p': 'general/'}
{'t': 'Marketplace Overview', 'c': 'General Info', 'i': 'app-store-overview', 'u': '/appstore/general/app-store-overview', 'd': '/appstore/general/', 'mo': 10, 'newDir': '/appstore/general//', 'p': 'general/'}
{'t': 'Share Marketplace Content', 'c': 'General Info', 'i': 'share-app-store-content', 'u': '/appstore/general/share-app-store-content', 'd': '/appstore/general/', 'mo': 40, 'newDir': '/appstore/general//', 'p': 'general/'}
{'t': 'General Info', 'i': 'index', 'u': '/appstore/general/', 'd': '/appstore/general/', 'newDir': '/appstore/general/', 'indexFlag': 'true'}
{'t': 'AWS IoT', 'c': 'Connectors', 'i': 'aws-iot', 'u': '/appstore/connectors/aws-iot', 'd': '/appstore/connectors/', 'newDir': '/appstore/connectors//', 'p': 'connectors/'}
{'t': 'IBM Watson Connector', 'c': 'Connectors', 'i': 'ibm-watson-connector', 'u': '/appstore/connectors/ibm-watson-connector', 'd': '/appstore/connectors/', 'newDir': '/appstore/connectors//', 'p': 'connectors/'}
{'t': 'Connectors', 'i': 'index', 'u': '/appstore/connectors/', 'd': '/appstore/connectors/', 'newDir': '/appstore/connectors/', 'indexFlag': 'true'}
{'t': 'Database', 'c': 'Connectors', 'i': 'database-connector', 'u': '/appstore/connectors/database-connector', 'd': '/appstore/connectors/', 'newDir': '/appstore/connectors//', 'p': 'connectors/'}
{'t': 'MQTT', 'c': 'Connectors', 'i': 'mqtt', 'u': '/appstore/connectors/mqtt', 'd': '/appstore/connectors/', 'newDir': '/appstore/connectors//', 'p': 'connectors/'}
{'t': 'OPC UA', 'c': 'Connectors', 'i': 'opc-ua', 'u': '/appstore/connectors/opc-ua', 'd': '/appstore/connectors/', 'newDir': '/appstore/connectors//', 'p': 'connectors/'}
{'t': 'App Switcher', 'c': 'Modules', 'i': 'app-switcher', 'u': '/appstore/modules/app-switcher', 'd': '/appstore/modules/', 'newDir': '/appstore/modules//', 'p': 'modules/'}
{'t': 'Any Chart', 'c': 'Modules', 'i': 'any-chart', 'u': '/appstore/modules/any-chart', 'd': '/appstore/modules/', 'newDir': '/appstore/modules//', 'p': 'modules/'}
{'t': 'Atlas UI Resources', 'c': 'Modules', 'i': 'atlas-ui-resources', 'u': '/appstore/modules/atlas-ui-resources', 'd': '/appstore/modules/', 'newDir': '/appstore/modules//', 'p': 'modules/'}
{'t': 'Audit Trail', 'c': 'Modules', 'i': 'audit-trail', 'u': '/appstore/modules/audit-trail', 'd': '/appstore/modules/', 'newDir': '/appstore/modules//', 'p': 'modules/'}
{'t': 'Data Grid 2', 'i': 'data-grid-2', 'u': '/appstore/modules/data-grid-2', 'd': '/appstore/modules/', 'p': 'modules/', 'newDir': '/appstore/modules//data-widgets/'}
{'t': 'Community Commons', 'c': 'Modules', 'i': 'community-commons-function-library', 'u': '/appstore/modules/community-commons-function-library', 'd': '/appstore/modules/', 'newDir': '/appstore/modules//', 'p': 'modules/'}
{'t': 'Data Widgets', 'c': 'Modules', 'i': 'data-widgets', 'u': '/appstore/modules/data-widgets', 'd': '/appstore/modules/', 'newDir': '/appstore/modules//data-widgets/', 'indexFlag': 'true', 'p': 'modules/'}
{'t': 'Database Replication', 'c': 'Modules', 'i': 'database-replication', 'u': '/appstore/modules/database-replication', 'd': '/appstore/modules/', 'newDir': '/appstore/modules//', 'p': 'modules/'}
{'t': 'Deep Link', 'c': 'Modules', 'i': 'deep-link', 'u': '/appstore/modules/deep-link', 'd': '/appstore/modules/', 'newDir': '/appstore/modules//', 'p': 'modules/'}
{'t': 'Encryption', 'c': 'Modules', 'i': 'encryption', 'u': '/appstore/modules/encryption', 'd': '/appstore/modules/', 'newDir': '/appstore/modules//', 'p': 'modules/'}
{'t': 'Email with Templates', 'c': 'Modules', 'i': 'email-with-templates', 'u': '/appstore/modules/email-with-templates', 'd': '/appstore/modules/', 'newDir': '/appstore/modules//', 'p': 'modules/'}
{'t': 'Excel Exporter', 'c': 'Modules', 'i': 'excel-exporter', 'u': '/appstore/modules/excel-exporter', 'd': '/appstore/modules/', 'newDir': '/appstore/modules//', 'p': 'modules/'}
{'t': 'Excel Importer', 'c': 'Modules', 'i': 'excel-importer', 'u': '/appstore/modules/excel-importer', 'd': '/appstore/modules/', 'newDir': '/appstore/modules//', 'p': 'modules/'}
{'t': 'Forgot Password', 'c': 'Modules', 'i': 'forgot-password', 'u': '/appstore/modules/forgot-password', 'd': '/appstore/modules/', 'newDir': '/appstore/modules//', 'p': 'modules/'}
{'t': 'Gallery', 'i': 'gallery', 'u': '/appstore/modules/gallery', 'd': '/appstore/modules/', 'p': 'modules/', 'newDir': '/appstore/modules//data-widgets/'}
{'t': 'Google Maps', 'c': 'Modules', 'i': 'google-maps', 'u': '/appstore/modules/google-maps', 'd': '/appstore/modules/', 'newDir': '/appstore/modules//', 'p': 'modules/'}
{'t': 'Hybrid Mobile Actions', 'c': 'Modules', 'i': 'hybrid-mobile-actions', 'u': '/appstore/modules/hybrid-mobile-actions', 'd': '/appstore/modules/', 'newDir': '/appstore/modules//', 'p': 'modules/'}
{'t': 'Image Crop', 'c': 'Modules', 'i': 'image-crop', 'u': '/appstore/modules/image-crop', 'd': '/appstore/modules/', 'newDir': '/appstore/modules//', 'p': 'modules/'}
{'t': 'Modules', 'i': 'index', 'u': '/appstore/modules/', 'd': '/appstore/modules/', 'newDir': '/appstore/modules/', 'indexFlag': 'true'}
{'t': 'IMAP/POP3 Incoming Email', 'c': 'Modules', 'i': 'imap', 'u': '/appstore/modules/imap', 'd': '/appstore/modules/', 'newDir': '/appstore/modules//', 'p': 'modules/'}
{'t': 'Mendix SSO', 'c': 'Modules', 'i': 'mendix-sso', 'u': '/appstore/modules/mendix-sso', 'd': '/appstore/modules/', 'newDir': '/appstore/modules//', 'p': 'modules/'}
{'t': 'Mx Model Reflection', 'c': 'Modules', 'i': 'model-reflection', 'u': '/appstore/modules/model-reflection', 'd': '/appstore/modules/', 'newDir': '/appstore/modules//', 'p': 'modules/'}
{'t': 'Nanoflow Commons', 'c': 'Modules', 'i': 'nanoflow-commons', 'u': '/appstore/modules/nanoflow-commons', 'd': '/appstore/modules/', 'newDir': '/appstore/modules//', 'p': 'modules/'}
{'t': 'Native Mobile AR', 'c': 'Modules', 'i': 'native-mobile-ar', 'u': '/appstore/modules/native-mobile-ar', 'd': '/appstore/modules/', 'newDir': '/appstore/modules//', 'p': 'modules/'}
{'t': 'Native Mobile Resources', 'c': 'Modules', 'i': 'native-mobile-resources', 'u': '/appstore/modules/native-mobile-resources', 'd': '/appstore/modules/', 'newDir': '/appstore/modules//', 'p': 'modules/'}
{'t': 'Object Handling', 'c': 'Modules', 'i': 'object-handling', 'u': '/appstore/modules/object-handling', 'd': '/appstore/modules/', 'newDir': '/appstore/modules//', 'p': 'modules/'}
{'t': 'Process Queue', 'c': 'Modules', 'i': 'process-queue', 'u': '/appstore/modules/process-queue', 'd': '/appstore/modules/', 'newDir': '/appstore/modules//', 'p': 'modules/'}
{'t': 'Push Notifications Connector', 'c': 'Modules', 'i': 'push-notifications', 'u': '/appstore/modules/push-notifications', 'd': '/appstore/modules/', 'newDir': '/appstore/modules//', 'p': 'modules/'}
{'t': 'Pusher', 'c': 'Modules', 'i': 'pusher', 'u': '/appstore/modules/pusher', 'd': '/appstore/modules/', 'newDir': '/appstore/modules//', 'p': 'modules/'}
{'t': 'Tree Node', 'i': 'tree-node', 'u': '/appstore/modules/tree-node', 'd': '/appstore/modules/', 'p': 'modules/', 'newDir': '/appstore/modules//data-widgets/'}
{'t': 'SAML', 'c': 'Modules', 'i': 'saml', 'u': '/appstore/modules/saml', 'd': '/appstore/modules/', 'newDir': '/appstore/modules//', 'p': 'modules/'}
{'t': 'Unit Testing', 'c': 'Modules', 'i': 'unit-testing', 'u': '/appstore/modules/unit-testing', 'd': '/appstore/modules/', 'newDir': '/appstore/modules//', 'p': 'modules/'}
{'t': 'User Migration', 'c': 'Modules', 'i': 'user-migration-module', 'u': '/appstore/modules/user-migration-module', 'd': '/appstore/modules/', 'newDir': '/appstore/modules//', 'p': 'modules/'}
{'t': 'Web Actions', 'c': 'Modules', 'i': 'web-actions', 'u': '/appstore/modules/web-actions', 'd': '/appstore/modules/', 'newDir': '/appstore/modules//', 'p': 'modules/'}
{'t': 'Workflow Commons', 'c': 'Modules', 'i': 'workflow-commons', 'u': '/appstore/modules/workflow-commons', 'd': '/appstore/modules/', 'newDir': '/appstore/modules//', 'p': 'modules/'}
{'t': 'Accessibility Helper', 'c': 'Widgets', 'i': 'accessibility-helper', 'u': '/appstore/widgets/accessibility-helper', 'd': '/appstore/widgets/', 'newDir': '/appstore/widgets//', 'p': 'widgets/'}
{'t': 'Accordion', 'c': 'Widgets', 'i': 'accordion', 'u': '/appstore/widgets/accordion', 'd': '/appstore/widgets/', 'newDir': '/appstore/widgets//', 'p': 'widgets/'}
{'t': 'Auto-Load More', 'c': 'Widgets', 'i': 'auto-load-more', 'u': '/appstore/widgets/auto-load-more', 'd': '/appstore/widgets/', 'newDir': '/appstore/widgets//', 'p': 'widgets/'}
{'t': 'Badge Button', 'c': 'Widgets', 'i': 'badge-button', 'u': '/appstore/widgets/badge-button', 'd': '/appstore/widgets/', 'newDir': '/appstore/widgets//', 'p': 'widgets/'}
{'t': 'Badge', 'c': 'Widgets', 'i': 'badge', 'u': '/appstore/widgets/badge', 'd': '/appstore/widgets/', 'newDir': '/appstore/widgets//', 'p': 'widgets/'}
{'t': 'Barcode Scanner', 'c': 'Widgets', 'i': 'barcode-scanner', 'u': '/appstore/widgets/barcode-scanner', 'd': '/appstore/widgets/', 'newDir': '/appstore/widgets//', 'p': 'widgets/'}
{'t': 'Bootstrap Tooltip', 'c': 'Widgets', 'i': 'bootstrap-tooltip', 'u': '/appstore/widgets/bootstrap-tooltip', 'd': '/appstore/widgets/', 'newDir': '/appstore/widgets//', 'p': 'widgets/'}
{'t': 'Calendar', 'c': 'Widgets', 'i': 'calendar', 'u': '/appstore/widgets/calendar', 'd': '/appstore/widgets/', 'newDir': '/appstore/widgets//', 'p': 'widgets/'}
{'t': 'Carousel', 'c': 'Widgets', 'i': 'carousel', 'u': '/appstore/widgets/carousel', 'd': '/appstore/widgets/', 'newDir': '/appstore/widgets//', 'p': 'widgets/'}
{'t': 'Charts', 'c': 'Widgets', 'i': 'charts', 'u': '/appstore/widgets/charts', 'd': '/appstore/widgets/', 'newDir': '/appstore/widgets//', 'p': 'widgets/'}
{'t': 'Check Box Set Selector', 'c': 'Widgets', 'i': 'check-box-set-selector', 'u': '/appstore/widgets/check-box-set-selector', 'd': '/appstore/widgets/', 'newDir': '/appstore/widgets//', 'p': 'widgets/'}
{'t': 'Color Picker', 'c': 'Widgets', 'i': 'color-picker', 'u': '/appstore/widgets/color-picker', 'd': '/appstore/widgets/', 'newDir': '/appstore/widgets//', 'p': 'widgets/'}
{'t': 'Fieldset', 'c': 'Widgets', 'i': 'fieldset', 'u': '/appstore/widgets/fieldset', 'd': '/appstore/widgets/', 'newDir': '/appstore/widgets//', 'p': 'widgets/'}
{'t': 'Format String', 'c': 'Widgets', 'i': 'format-string', 'u': '/appstore/widgets/format-string', 'd': '/appstore/widgets/', 'newDir': '/appstore/widgets//', 'p': 'widgets/'}
{'t': 'Google Maps', 'c': 'Widgets', 'i': 'google-maps', 'u': '/appstore/widgets/google-maps', 'd': '/appstore/widgets/', 'newDir': '/appstore/widgets//', 'p': 'widgets/'}
{'t': 'HTML/JavaScript Snippet', 'c': 'Widgets', 'i': 'html-javascript-snippet', 'u': '/appstore/widgets/html-javascript-snippet', 'd': '/appstore/widgets/', 'newDir': '/appstore/widgets//', 'p': 'widgets/'}
{'t': 'Image', 'c': 'Widgets', 'i': 'image', 'u': '/appstore/widgets/image', 'd': '/appstore/widgets/', 'newDir': '/appstore/widgets//', 'p': 'widgets/'}
{'t': 'Widgets', 'i': 'index', 'u': '/appstore/widgets/', 'd': '/appstore/widgets/', 'newDir': '/appstore/widgets/', 'indexFlag': 'true'}
{'t': 'List View Controls', 'c': 'Widgets', 'i': 'list-view-controls', 'u': '/appstore/widgets/list-view-controls', 'd': '/appstore/widgets/', 'newDir': '/appstore/widgets//', 'p': 'widgets/'}
{'t': 'Google Analytics', 'c': 'Widgets', 'i': 'google-analytics', 'u': '/appstore/widgets/google-analytics', 'd': '/appstore/widgets/', 'newDir': '/appstore/widgets//', 'p': 'widgets/'}
{'t': 'List View Swipe', 'c': 'Widgets', 'i': 'list-view-swipe', 'u': '/appstore/widgets/list-view-swipe', 'd': '/appstore/widgets/', 'newDir': '/appstore/widgets//', 'p': 'widgets/'}
{'t': 'Label Selector', 'c': 'Widgets', 'i': 'label-selector', 'u': '/appstore/widgets/label-selector', 'd': '/appstore/widgets/', 'newDir': '/appstore/widgets//', 'p': 'widgets/'}
{'t': 'Maps', 'c': 'Widgets', 'i': 'maps', 'u': '/appstore/widgets/maps', 'd': '/appstore/widgets/', 'newDir': '/appstore/widgets//', 'p': 'widgets/'}
{'t': 'Microflow Timer', 'c': 'Widgets', 'i': 'microflow-timer', 'u': '/appstore/widgets/microflow-timer', 'd': '/appstore/widgets/', 'newDir': '/appstore/widgets//', 'p': 'widgets/'}
{'t': 'Mendix Feedback', 'c': 'Widgets', 'i': 'mendix-feedback', 'u': '/appstore/widgets/mendix-feedback', 'd': '/appstore/widgets/', 'newDir': '/appstore/widgets//', 'p': 'widgets/'}
{'t': 'Mobile Features', 'c': 'Widgets', 'i': 'mobile-features', 'u': '/appstore/widgets/mobile-features', 'd': '/appstore/widgets/', 'newDir': '/appstore/widgets//', 'p': 'widgets/'}
{'t': 'Mobile Device', 'c': 'Widgets', 'i': 'mobile-device', 'u': '/appstore/widgets/mobile-device', 'd': '/appstore/widgets/', 'newDir': '/appstore/widgets//', 'p': 'widgets/'}
{'t': 'Pop-Up Menu', 'c': 'Widgets', 'i': 'popup-menu', 'u': '/appstore/widgets/popup-menu', 'd': '/appstore/widgets/', 'newDir': '/appstore/widgets//', 'p': 'widgets/'}
{'t': 'Progress Bar', 'c': 'Widgets', 'i': 'progress-bar', 'u': '/appstore/widgets/progress-bar', 'd': '/appstore/widgets/', 'newDir': '/appstore/widgets//', 'p': 'widgets/'}
{'t': 'Progress Circle', 'c': 'Widgets', 'i': 'progress-circle', 'u': '/appstore/widgets/progress-circle', 'd': '/appstore/widgets/', 'newDir': '/appstore/widgets//', 'p': 'widgets/'}
{'t': 'Pull to Refresh', 'c': 'Widgets', 'i': 'pull-to-refresh', 'u': '/appstore/widgets/pull-to-refresh', 'd': '/appstore/widgets/', 'newDir': '/appstore/widgets//', 'p': 'widgets/'}
{'t': 'Radio Button List', 'c': 'Widgets', 'i': 'radio-button-list', 'u': '/appstore/widgets/radio-button-list', 'd': '/appstore/widgets/', 'newDir': '/appstore/widgets//', 'p': 'widgets/'}
{'t': 'Range Slider', 'c': 'Widgets', 'i': 'range-slider', 'u': '/appstore/widgets/range-slider', 'd': '/appstore/widgets/', 'newDir': '/appstore/widgets//', 'p': 'widgets/'}
{'t': 'Rating', 'c': 'Widgets', 'i': 'rating', 'u': '/appstore/widgets/rating', 'd': '/appstore/widgets/', 'newDir': '/appstore/widgets//', 'p': 'widgets/'}
{'t': 'Rich Text', 'c': 'Widgets', 'i': 'rich-text', 'u': '/appstore/widgets/rich-text', 'd': '/appstore/widgets/', 'newDir': '/appstore/widgets//', 'p': 'widgets/'}
{'t': 'Signature', 'c': 'Widgets', 'i': 'signature', 'u': '/appstore/widgets/signature', 'd': '/appstore/widgets/', 'newDir': '/appstore/widgets//', 'p': 'widgets/'}
{'t': 'Slider', 'c': 'Widgets', 'i': 'slider', 'u': '/appstore/widgets/slider', 'd': '/appstore/widgets/', 'newDir': '/appstore/widgets//', 'p': 'widgets/'}
{'t': 'Switch', 'c': 'Widgets', 'i': 'switch', 'u': '/appstore/widgets/switch', 'd': '/appstore/widgets/', 'newDir': '/appstore/widgets//', 'p': 'widgets/'}
{'t': 'Tab Swipe', 'c': 'Widgets', 'i': 'tab-swipe', 'u': '/appstore/widgets/tab-swipe', 'd': '/appstore/widgets/', 'newDir': '/appstore/widgets//', 'p': 'widgets/'}
{'t': 'Timeline', 'c': 'Widgets', 'i': 'timeline', 'u': '/appstore/widgets/timeline', 'd': '/appstore/widgets/', 'newDir': '/appstore/widgets//', 'p': 'widgets/'}
{'t': 'Simple Check Box Set Selector', 'c': 'Widgets', 'i': 'simple-check-box-set-selector', 'u': '/appstore/widgets/simple-check-box-set-selector', 'd': '/appstore/widgets/', 'newDir': '/appstore/widgets//', 'p': 'widgets/'}
{'t': 'Tooltip', 'c': 'Widgets', 'i': 'tooltip', 'u': '/appstore/widgets/tooltip', 'd': '/appstore/widgets/', 'newDir': '/appstore/widgets//', 'p': 'widgets/'}
{'t': 'Video Player', 'c': 'Widgets', 'i': 'video-player', 'u': '/appstore/widgets/video-player', 'd': '/appstore/widgets/', 'newDir': '/appstore/widgets//', 'p': 'widgets/'}
