{'t': 'Developer Portal Guide', 'i': 'index', 'u': '/developerportal/', 'd': '/developerportal/', 'm': True, 'newDir': '/developerportal/', 'indexFlag': 'true'}
{'t': 'App Roles', 'i': 'app-roles', 'u': '/developerportal/collaborate/app-roles', 'd': '/developerportal/collaborate/', 'p': 'collaborate/', 'newDir': '/developerportal/collaborate//team/'}
{'t': 'Buzz', 'c': 'Collaboration', 'i': 'buzz', 'u': '/developerportal/collaborate/buzz', 'd': '/developerportal/collaborate/', 'mo': 1, 'newDir': '/developerportal/collaborate//', 'p': 'collaborate/'}
{'t': 'Documents', 'c': 'Collaboration', 'i': 'documents', 'u': '/developerportal/collaborate/documents', 'd': '/developerportal/collaborate/', 'mo': 6, 'newDir': '/developerportal/collaborate//', 'p': 'collaborate/'}
{'t': 'Feedback', 'c': 'Collaboration', 'i': 'feedback', 'u': '/developerportal/collaborate/feedback', 'd': '/developerportal/collaborate/', 'mo': 5, 'newDir': '/developerportal/collaborate//', 'p': 'collaborate/'}
{'t': 'General Settings', 'c': 'Collaboration', 'i': 'general-settings', 'u': '/developerportal/collaborate/general-settings', 'd': '/developerportal/collaborate/', 'mo': 8, 'newDir': '/developerportal/collaborate//general-settings/', 'indexFlag': 'true', 'p': 'collaborate/'}
{'t': 'Collaboration', 'i': 'index', 'u': '/developerportal/collaborate/', 'd': '/developerportal/collaborate/', 'newDir': '/developerportal/collaborate/', 'indexFlag': 'true'}
{'t': 'Manage Deep Links', 'i': 'manage-deeplinks', 'u': '/developerportal/collaborate/manage-deeplinks', 'd': '/developerportal/collaborate/', 'p': 'collaborate/', 'mo': 2, 'newDir': '/developerportal/collaborate//general-settings/'}
{'t': 'Stories', 'c': 'Collaboration', 'i': 'stories', 'u': '/developerportal/collaborate/stories', 'd': '/developerportal/collaborate/', 'mo': 2, 'newDir': '/developerportal/collaborate//', 'p': 'collaborate/'}
{'t': 'Leave & Delete an App', 'i': 'leave-delete-app', 'u': '/developerportal/collaborate/leave-delete-app', 'd': '/developerportal/collaborate/', 'p': 'collaborate/', 'mo': 1, 'newDir': '/developerportal/collaborate//general-settings/'}
{'t': 'Team', 'c': 'Collaboration', 'i': 'team', 'u': '/developerportal/collaborate/team', 'd': '/developerportal/collaborate/', 'mo': 4, 'newDir': '/developerportal/collaborate//team/', 'indexFlag': 'true', 'p': 'collaborate/'}
{'t': 'Team Server', 'c': 'Collaboration', 'i': 'team-server', 'u': '/developerportal/collaborate/team-server', 'd': '/developerportal/collaborate/', 'mo': 7, 'newDir': '/developerportal/collaborate//', 'p': 'collaborate/'}
{'t': 'Contribute to the Documentation', 'c': 'Community Tools', 'i': 'contribute-to-the-mendix-documentation', 'u': '/developerportal/community-tools/contribute-to-the-mendix-documentation', 'd': '/developerportal/community-tools/', 'mo': 5, 'newDir': '/developerportal/community-tools//contribute-to-the-mendix-documentation/', 'indexFlag': 'true', 'p': 'community-tools/'}
{'t': 'Set Up Your Partner Profile', 'c': 'Community Tools', 'i': 'how-to-set-up-your-partner-profile', 'u': '/developerportal/community-tools/how-to-set-up-your-partner-profile', 'd': '/developerportal/community-tools/', 'mo': 3, 'newDir': '/developerportal/community-tools//', 'p': 'community-tools/'}
{'t': 'Documentation Writing Guidelines', 'i': 'documentation-writing-guidelines', 'u': '/developerportal/community-tools/documentation-writing-guidelines', 'd': '/developerportal/community-tools/', 'p': 'community-tools/', 'newDir': '/developerportal/community-tools//contribute-to-the-mendix-documentation/'}
{'t': 'Community Tools', 'i': 'index', 'u': '/developerportal/community-tools/', 'd': '/developerportal/community-tools/', 'newDir': '/developerportal/community-tools/', 'indexFlag': 'true'}
{'t': 'Forum', 'c': 'Community Tools', 'i': 'mendix-forum', 'u': '/developerportal/community-tools/mendix-forum', 'd': '/developerportal/community-tools/', 'mo': 4, 'newDir': '/developerportal/community-tools//', 'p': 'community-tools/'}
{'t': 'MVP Program', 'c': 'Community Tools', 'i': 'mendix-mvp-program', 'u': '/developerportal/community-tools/mendix-mvp-program', 'd': '/developerportal/community-tools/', 'mo': 6, 'newDir': '/developerportal/community-tools//', 'p': 'community-tools/'}
{'t': 'Mendix Profile', 'c': 'Community Tools', 'i': 'mendix-profile', 'u': '/developerportal/community-tools/mendix-profile', 'd': '/developerportal/community-tools/', 'mo': 1, 'newDir': '/developerportal/community-tools//mendix-profile/', 'indexFlag': 'true', 'p': 'community-tools/'}
{'t': 'Create a Personal Access Token with Warden', 'i': 'warden', 'u': '/developerportal/community-tools/warden', 'd': '/developerportal/community-tools/', 'p': 'community-tools/', 'mo': 10, 'newDir': '/developerportal/community-tools//mendix-profile/'}
{'t': 'OAuth & Scopes', 'c': 'Community Tools', 'i': 'oauth-scopes', 'u': '/developerportal/community-tools/oauth-scopes', 'd': '/developerportal/community-tools/', 'mo': 2, 'newDir': '/developerportal/community-tools//', 'p': 'community-tools/'}
{'t': 'Data Hub Administration', 'c': 'Control Center', 'i': 'data-hub-admin', 'u': '/developerportal/control-center/data-hub-admin', 'd': '/developerportal/control-center/', 'newDir': '/developerportal/control-center//', 'p': 'control-center/'}
{'t': 'Control Center', 'i': 'index', 'u': '/developerportal/control-center/', 'd': '/developerportal/control-center/', 'newDir': '/developerportal/control-center/', 'indexFlag': 'true'}
{'t': 'Set Up an SSO (BYOIDP)', 'c': 'Control Center', 'i': 'set-up-sso-byoidp', 'u': '/developerportal/control-center/set-up-sso-byoidp', 'd': '/developerportal/control-center/', 'mo': 10, 'newDir': '/developerportal/control-center//', 'p': 'control-center/'}
{'t': 'Mendix Support', 'i': 'index', 'u': '/developerportal/support/', 'd': '/developerportal/support/', 'newDir': '/developerportal/support/', 'indexFlag': 'true'}
{'t': 'Support Escalation Process', 'c': 'Mendix Support', 'i': 'escalation-management-process', 'u': '/developerportal/support/escalation-management-process', 'd': '/developerportal/support/', 'mo': 5, 'newDir': '/developerportal/support//', 'p': 'support/'}
{'t': 'App Node Requests', 'c': 'Mendix Support', 'i': 'new-app-node-request-template', 'u': '/developerportal/support/new-app-node-request-template', 'd': '/developerportal/support/', 'mo': 3, 'newDir': '/developerportal/support//', 'p': 'support/'}
{'t': 'Prepare Your App for Support', 'c': 'Mendix Support', 'i': 'prepare-your-project', 'u': '/developerportal/support/prepare-your-project', 'd': '/developerportal/support/', 'mo': 1, 'newDir': '/developerportal/support//', 'p': 'support/'}
{'t': 'Submit a Support Request', 'c': 'Mendix Support', 'i': 'submit-support-request', 'u': '/developerportal/support/submit-support-request', 'd': '/developerportal/support/', 'mo': 2, 'newDir': '/developerportal/support//', 'p': 'support/'}
{'t': 'Support Ticket Priority', 'c': 'Mendix Support', 'i': 'ticket-priority', 'u': '/developerportal/support/ticket-priority', 'd': '/developerportal/support/', 'mo': 4, 'newDir': '/developerportal/support//', 'p': 'support/'}
{'t': 'Backups', 'c': 'Operations', 'i': 'backups', 'u': '/developerportal/operate/backups', 'd': '/developerportal/operate/', 'mo': 40, 'newDir': '/developerportal/operate//backups/', 'indexFlag': 'true', 'p': 'operate/'}
{'t': 'Calculate the Total Amount of Disk Space of a v3 Cloud App Environment', 'i': 'calculate-diskspace-of-a-cloud-app-environment', 'u': '/developerportal/operate/calculate-diskspace-of-a-cloud-app-environment', 'd': '/developerportal/operate/', 'p': 'operate/', 'mo': 25, 'newDir': '/developerportal/operate//metrics/'}
{'t': 'Create a Backup', 'i': 'create-backup', 'u': '/developerportal/operate/create-backup', 'd': '/developerportal/operate/', 'p': 'operate/', 'mo': 10, 'newDir': '/developerportal/operate//backups/'}
{'t': 'Database Size Reduction', 'i': 'database-size-reduction', 'u': '/developerportal/operate/database-size-reduction', 'd': '/developerportal/operate/', 'p': 'operate/', 'mo': 50, 'newDir': '/developerportal/operate//backups/'}
{'t': 'Download a Backup', 'i': 'download-backup', 'u': '/developerportal/operate/download-backup', 'd': '/developerportal/operate/', 'p': 'operate/', 'mo': 20, 'newDir': '/developerportal/operate//backups/'}
{'t': 'Operations', 'i': 'index', 'u': '/developerportal/operate/', 'd': '/developerportal/operate/', 'newDir': '/developerportal/operate/', 'indexFlag': 'true'}
{'t': 'Datadog for v4 Mendix Cloud', 'i': 'datadog-metrics', 'u': '/developerportal/operate/datadog-metrics', 'd': '/developerportal/operate/', 'p': 'operate/', 'mo': 50, 'newDir': '/developerportal/operate//metrics/'}
{'t': 'Logs', 'c': 'Operations', 'i': 'logs', 'u': '/developerportal/operate/logs', 'd': '/developerportal/operate/', 'mo': 30, 'newDir': '/developerportal/operate//', 'p': 'operate/'}
{'t': 'Metrics', 'c': 'Operations', 'i': 'metrics', 'u': '/developerportal/operate/metrics', 'd': '/developerportal/operate/', 'mo': 10, 'newDir': '/developerportal/operate//metrics/', 'indexFlag': 'true', 'p': 'operate/'}
{'t': 'Alerts', 'c': 'Operations', 'i': 'monitoring-application-health', 'u': '/developerportal/operate/monitoring-application-health', 'd': '/developerportal/operate/', 'mo': 20, 'newDir': '/developerportal/operate//monitoring-application-health/', 'indexFlag': 'true', 'p': 'operate/'}
{'t': 'Receive Environment Status Alerts', 'i': 'receive-alerts', 'u': '/developerportal/operate/receive-alerts', 'd': '/developerportal/operate/', 'p': 'operate/', 'newDir': '/developerportal/operate//monitoring-application-health/'}
{'t': 'Restore a Backup Locally', 'i': 'restore-backup-locally', 'u': '/developerportal/operate/restore-backup-locally', 'd': '/developerportal/operate/', 'p': 'operate/', 'mo': 40, 'newDir': '/developerportal/operate//backups/'}
{'t': 'Restore a Backup', 'i': 'restore-backup', 'u': '/developerportal/operate/restore-backup', 'd': '/developerportal/operate/', 'p': 'operate/', 'mo': 30, 'newDir': '/developerportal/operate//backups/'}
{'t': 'Trends in Mendix Cloud v4', 'i': 'trends-v4', 'u': '/developerportal/operate/trends-v4', 'd': '/developerportal/operate/', 'p': 'operate/', 'mo': 20, 'newDir': '/developerportal/operate//metrics/'}
{'t': 'Trends in Mendix Cloud v3', 'i': 'trends', 'u': '/developerportal/operate/trends', 'd': '/developerportal/operate/', 'p': 'operate/', 'mo': 10, 'newDir': '/developerportal/operate//metrics/'}
{'t': 'Cache Metrics (Runtime Version 6)', 'i': 'troubleshooting-mxcloud-cache', 'u': '/developerportal/operate/troubleshooting-mxcloud-cache', 'd': '/developerportal/operate/', 'p': 'operate/', 'mo': 40, 'newDir': '/developerportal/operate//metrics/'}
{'t': 'Running Now Metrics', 'i': 'troubleshooting-mxcloud-runningnow', 'u': '/developerportal/operate/troubleshooting-mxcloud-runningnow', 'd': '/developerportal/operate/', 'p': 'operate/', 'mo': 30, 'newDir': '/developerportal/operate//metrics/'}
{'t': 'Restrict Access for Incoming Requests', 'i': 'access-restrictions', 'u': '/developerportal/deploy/access-restrictions', 'd': '/developerportal/deploy/', 'p': 'deploy/', 'mo': 36, 'newDir': '/developerportal/deploy//mendix-cloud-deploy/'}
{'t': 'MS Windows: Activate a Mendix License on Microsoft Windows', 'i': 'activate-a-mendix-license-on-microsoft-windows', 'u': '/developerportal/deploy/activate-a-mendix-license-on-microsoft-windows', 'd': '/developerportal/deploy/', 'p': 'deploy/', 'mo': 10, 'newDir': '/developerportal/deploy//on-premises-design/deploy-mendix-on-microsoft-windows/'}
{'t': 'Mendix Basic Package', 'i': 'basic-package', 'u': '/developerportal/deploy/basic-package', 'd': '/developerportal/deploy/', 'p': 'deploy/', 'mo': 20, 'newDir': '/developerportal/deploy//mendix-cloud-deploy/licensing-apps/'}
{'t': 'App Services', 'c': 'Deployment', 'i': 'app-services', 'u': '/developerportal/deploy/app-services', 'd': '/developerportal/deploy/', 'mo': 100, 'newDir': '/developerportal/deploy//', 'p': 'deploy/'}
{'t': 'Certificates', 'i': 'certificates', 'u': '/developerportal/deploy/certificates', 'd': '/developerportal/deploy/', 'p': 'deploy/', 'mo': 30, 'newDir': '/developerportal/deploy//mendix-cloud-deploy/'}
{'t': 'Cloud Foundry', 'c': 'Deployment', 'i': 'cloud-foundry-deploy', 'u': '/developerportal/deploy/cloud-foundry-deploy', 'd': '/developerportal/deploy/', 'mo': 50, 'newDir': '/developerportal/deploy//', 'p': 'deploy/'}
{'t': 'Cloud Version and Region in the Mendix Cloud', 'i': 'cloud-version-region', 'u': '/developerportal/deploy/cloud-version-region', 'd': '/developerportal/deploy/', 'p': 'deploy/', 'mo': 24, 'newDir': '/developerportal/deploy//mendix-cloud-deploy/'}
{'t': 'Custom Domains', 'i': 'custom-domains', 'u': '/developerportal/deploy/custom-domains', 'd': '/developerportal/deploy/', 'p': 'deploy/', 'mo': 27, 'newDir': '/developerportal/deploy//mendix-cloud-deploy/'}
{'t': 'Microsoft Windows', 'i': 'deploy-mendix-on-microsoft-windows', 'u': '/developerportal/deploy/deploy-mendix-on-microsoft-windows', 'd': '/developerportal/deploy/', 'p': 'deploy/', 'mo': 50, 'newDir': '/developerportal/deploy//on-premises-design/deploy-mendix-on-microsoft-windows/', 'indexFlag': 'true'}
{'t': 'Deploy Mendix on Windows in Microsoft Azure', 'i': 'deploy-mendix-ha-on-windows-in-microsoft-azure', 'u': '/developerportal/deploy/deploy-mendix-ha-on-windows-in-microsoft-azure', 'd': '/developerportal/deploy/', 'p': 'deploy/', 'mo': 5, 'newDir': '/developerportal/deploy//on-premises-design/deploy-mendix-on-microsoft-windows/'}
{'t': 'Siemens MindSphere', 'c': 'Deployment', 'i': 'deploying-to-mindsphere', 'u': '/developerportal/deploy/deploying-to-mindsphere', 'd': '/developerportal/deploy/', 'mo': 42, 'newDir': '/developerportal/deploy//', 'p': 'deploy/'}
{'t': 'Deployment Location', 'i': 'deployment-location', 'u': '/developerportal/deploy/deployment-location', 'd': '/developerportal/deploy/', 'p': 'deploy/', 'mo': 45, 'newDir': '/developerportal/deploy//general/'}
{'t': 'Docker', 'c': 'Deployment', 'i': 'docker-deploy', 'u': '/developerportal/deploy/docker-deploy', 'd': '/developerportal/deploy/', 'mo': 60, 'newDir': '/developerportal/deploy//docker-deploy/', 'indexFlag': 'true', 'p': 'deploy/'}
{'t': 'Environment Details', 'i': 'environments-details', 'u': '/developerportal/deploy/environments-details', 'd': '/developerportal/deploy/', 'p': 'deploy/', 'mo': 7, 'newDir': '/developerportal/deploy//mendix-cloud-deploy/'}
{'t': 'General', 'c': 'Deployment', 'i': 'general', 'u': '/developerportal/deploy/general', 'd': '/developerportal/deploy/', 'mo': 10, 'newDir': '/developerportal/deploy//general/', 'indexFlag': 'true', 'p': 'deploy/'}
{'t': 'Deployment', 'i': 'index', 'u': '/developerportal/deploy/', 'd': '/developerportal/deploy/', 'newDir': '/developerportal/deploy/', 'indexFlag': 'true'}
{'t': 'Environments', 'i': 'environments', 'u': '/developerportal/deploy/environments', 'd': '/developerportal/deploy/', 'p': 'deploy/', 'mo': 5, 'newDir': '/developerportal/deploy//mendix-cloud-deploy/'}
{'t': 'IBM Cloud', 'c': 'Deployment', 'i': 'ibm-cloud', 'u': '/developerportal/deploy/ibm-cloud', 'd': '/developerportal/deploy/', 'mo': 65, 'newDir': '/developerportal/deploy//', 'p': 'deploy/'}
{'t': 'Licensing Mendix Cloud Apps', 'i': 'licensing-apps', 'u': '/developerportal/deploy/licensing-apps', 'd': '/developerportal/deploy/', 'p': 'deploy/', 'mo': 15, 'newDir': '/developerportal/deploy//mendix-cloud-deploy/licensing-apps/', 'indexFlag': 'true'}
{'t': 'Licensing Apps', 'i': 'licensing-apps-outside-mxcloud', 'u': '/developerportal/deploy/licensing-apps-outside-mxcloud', 'd': '/developerportal/deploy/', 'p': 'deploy/', 'mo': 5, 'newDir': '/developerportal/deploy//general/'}
{'t': 'Maintenance Windows: Configuration', 'i': 'maintenance-windows', 'u': '/developerportal/deploy/maintenance-windows', 'd': '/developerportal/deploy/', 'p': 'deploy/', 'mo': 33, 'newDir': '/developerportal/deploy//mendix-cloud-deploy/'}
{'t': 'Manage Local Users in Studio', 'i': 'managing-local-users-after-deployment', 'u': '/developerportal/deploy/managing-local-users-after-deployment', 'd': '/developerportal/deploy/', 'p': 'deploy/', 'mo': 60, 'newDir': '/developerportal/deploy//tencent-deploy/'}
{'t': 'Mendix Cloud HTTP Request Headers', 'i': 'mendix-cloud-request-headers', 'u': '/developerportal/deploy/mendix-cloud-request-headers', 'd': '/developerportal/deploy/', 'p': 'deploy/', 'mo': 36, 'newDir': '/developerportal/deploy//mendix-cloud-deploy/'}
{'t': 'Mendix Applications on Industrial Edge', 'c': 'Deployment', 'i': 'mendix-app-on-industrial-edge', 'u': '/developerportal/deploy/mendix-app-on-industrial-edge', 'd': '/developerportal/deploy/', 'mo': 49, 'newDir': '/developerportal/deploy//', 'p': 'deploy/'}
{'t': 'Mendix Cloud', 'c': 'Deployment', 'i': 'mendix-cloud-deploy', 'u': '/developerportal/deploy/mendix-cloud-deploy', 'd': '/developerportal/deploy/', 'mo': 20, 'newDir': '/developerportal/deploy//mendix-cloud-deploy/', 'indexFlag': 'true', 'p': 'deploy/'}
{'t': 'Cloud Status: Mendix Cloud', 'i': 'mendix-cloud-status', 'u': '/developerportal/deploy/mendix-cloud-status', 'd': '/developerportal/deploy/', 'p': 'deploy/', 'mo': 21, 'newDir': '/developerportal/deploy//mendix-cloud-deploy/'}
{'t': 'Mendix IP Addresses', 'i': 'mendix-ip-addresses', 'u': '/developerportal/deploy/mendix-ip-addresses', 'd': '/developerportal/deploy/', 'p': 'deploy/', 'mo': 38, 'newDir': '/developerportal/deploy//mendix-cloud-deploy/'}
{'t': 'Microsoft SQL Server', 'i': 'mendix-on-windows-microsoft-sql-server', 'u': '/developerportal/deploy/mendix-on-windows-microsoft-sql-server', 'd': '/developerportal/deploy/', 'p': 'deploy/', 'mo': 30, 'newDir': '/developerportal/deploy//on-premises-design/deploy-mendix-on-microsoft-windows/mendix-on-windows-microsoft-sql-server/', 'indexFlag': 'true'}
{'t': 'Maintenance Plans for SQL Server', 'i': 'mendix-sql-maintenance-plans', 'u': '/developerportal/deploy/mendix-sql-maintenance-plans', 'd': '/developerportal/deploy/', 'p': 'deploy/', 'mo': 50, 'newDir': '/developerportal/deploy//on-premises-design/deploy-mendix-on-microsoft-windows/mendix-on-windows-microsoft-sql-server/'}
{'t': 'Mendix Single Sign-On', 'i': 'mendix-sso', 'u': '/developerportal/deploy/mendix-sso', 'd': '/developerportal/deploy/', 'p': 'deploy/', 'mo': 70, 'newDir': '/developerportal/deploy//mendix-cloud-deploy/'}
{'t': 'Maintenance of SQL Server', 'i': 'microsoft-sql-server-maintenance', 'u': '/developerportal/deploy/microsoft-sql-server-maintenance', 'd': '/developerportal/deploy/', 'p': 'deploy/', 'mo': 40, 'newDir': '/developerportal/deploy//on-premises-design/deploy-mendix-on-microsoft-windows/mendix-on-windows-microsoft-sql-server/'}
{'t': 'Migrate to Mendix Cloud v4', 'i': 'migrating-to-v4', 'u': '/developerportal/deploy/migrating-to-v4', 'd': '/developerportal/deploy/', 'p': 'deploy/', 'mo': 10, 'newDir': '/developerportal/deploy//mendix-cloud-deploy/mxcloudv4/'}
{'t': 'Mobile App', 'c': 'Deployment', 'i': 'mobileapp', 'u': '/developerportal/deploy/mobileapp', 'd': '/developerportal/deploy/', 'mo': 90, 'newDir': '/developerportal/deploy//', 'p': 'deploy/'}
{'t': 'Migrate a Free App to Mendix Basic', 'i': 'migrate-free-app-to-basic', 'u': '/developerportal/deploy/migrate-free-app-to-basic', 'd': '/developerportal/deploy/', 'p': 'deploy/', 'mo': 40, 'newDir': '/developerportal/deploy//mendix-cloud-deploy/licensing-apps/'}
{'t': 'Mendix Cloud v4', 'i': 'mxcloudv4', 'u': '/developerportal/deploy/mxcloudv4', 'd': '/developerportal/deploy/', 'p': 'deploy/', 'mo': 50, 'newDir': '/developerportal/deploy//mendix-cloud-deploy/mxcloudv4/', 'indexFlag': 'true'}
{'t': 'Node Permissions', 'i': 'node-permissions', 'u': '/developerportal/deploy/node-permissions', 'd': '/developerportal/deploy/', 'p': 'deploy/', 'mo': 18, 'newDir': '/developerportal/deploy//mendix-cloud-deploy/'}
{'t': 'On-Premises', 'c': 'Deployment', 'i': 'on-premises-design', 'u': '/developerportal/deploy/on-premises-design', 'd': '/developerportal/deploy/', 'mo': 80, 'newDir': '/developerportal/deploy//on-premises-design/', 'indexFlag': 'true', 'p': 'deploy/'}
{'t': 'Install and Configure Mendix for Private Cloud Non-interactive Mode', 'i': 'private-cloud-cli-non-interactive', 'u': '/developerportal/deploy/private-cloud-cli-non-interactive', 'd': '/developerportal/deploy/', 'p': 'deploy/', 'mo': 5, 'newDir': '/developerportal/deploy//private-cloud/private-cloud-cluster/'}
{'t': 'Creating a Private Cloud Cluster', 'i': 'private-cloud-cluster', 'u': '/developerportal/deploy/private-cloud-cluster', 'd': '/developerportal/deploy/', 'p': 'deploy/', 'mo': 10, 'newDir': '/developerportal/deploy//private-cloud/private-cloud-cluster/', 'indexFlag': 'true'}
{'t': 'Migrating data in Private Cloud environments (preview)', 'i': 'private-cloud-data-transfer', 'u': '/developerportal/deploy/private-cloud-data-transfer', 'd': '/developerportal/deploy/', 'p': 'deploy/', 'mo': 32, 'newDir': '/developerportal/deploy//private-cloud/'}
{'t': 'Deploying a Mendix App to a Private Cloud Cluster', 'i': 'private-cloud-deploy', 'u': '/developerportal/deploy/private-cloud-deploy', 'd': '/developerportal/deploy/', 'p': 'deploy/', 'mo': 20, 'newDir': '/developerportal/deploy//private-cloud/'}
{'t': 'Hosting Your Own Registry', 'i': 'private-cloud-migrating', 'u': '/developerportal/deploy/private-cloud-migrating', 'd': '/developerportal/deploy/', 'p': 'deploy/', 'mo': 10, 'newDir': '/developerportal/deploy//private-cloud/private-cloud-cluster/'}
{'t': 'Monitoring Environments in Mendix for Private Cloud', 'i': 'private-cloud-monitor', 'u': '/developerportal/deploy/private-cloud-monitor', 'd': '/developerportal/deploy/', 'p': 'deploy/', 'mo': 31, 'newDir': '/developerportal/deploy//private-cloud/'}
{'t': 'Environment Planning for Private Cloud Clusters', 'i': 'private-cloud-environments', 'u': '/developerportal/deploy/private-cloud-environments', 'd': '/developerportal/deploy/', 'p': 'deploy/', 'mo': 40, 'newDir': '/developerportal/deploy//private-cloud/'}
{'t': 'Using Command Line to Deploy a Mendix App to a Private Cloud Cluster', 'i': 'private-cloud-operator', 'u': '/developerportal/deploy/private-cloud-operator', 'd': '/developerportal/deploy/', 'p': 'deploy/', 'mo': 30, 'newDir': '/developerportal/deploy//private-cloud/'}
{'t': 'Supported Providers', 'i': 'private-cloud-supported-environments', 'u': '/developerportal/deploy/private-cloud-supported-environments', 'd': '/developerportal/deploy/', 'p': 'deploy/', 'mo': 50, 'newDir': '/developerportal/deploy//private-cloud/'}
{'t': 'Technical Appendix: 1 Introduction to Operators', 'i': 'private-cloud-technical-appendix-01', 'u': '/developerportal/deploy/private-cloud-technical-appendix-01', 'd': '/developerportal/deploy/', 'p': 'deploy/', 'mo': 10, 'newDir': '/developerportal/deploy//private-cloud/private-cloud-technical-appendix/'}
{'t': 'Technical Appendix: 2 Operator Flows', 'i': 'private-cloud-technical-appendix-02', 'u': '/developerportal/deploy/private-cloud-technical-appendix-02', 'd': '/developerportal/deploy/', 'p': 'deploy/', 'mo': 20, 'newDir': '/developerportal/deploy//private-cloud/private-cloud-technical-appendix/'}
{'t': 'Technical Appendix for Mendix Private Cloud', 'i': 'private-cloud-technical-appendix', 'u': '/developerportal/deploy/private-cloud-technical-appendix', 'd': '/developerportal/deploy/', 'p': 'deploy/', 'mo': 52, 'newDir': '/developerportal/deploy//private-cloud/private-cloud-technical-appendix/', 'indexFlag': 'true'}
{'t': 'Upgrading Private Cloud', 'i': 'private-cloud-upgrade-guide', 'u': '/developerportal/deploy/private-cloud-upgrade-guide', 'd': '/developerportal/deploy/', 'p': 'deploy/', 'mo': 90, 'newDir': '/developerportal/deploy//private-cloud/'}
{'t': 'Private Cloud', 'c': 'Deployment', 'i': 'private-cloud', 'u': '/developerportal/deploy/private-cloud', 'd': '/developerportal/deploy/', 'mo': 48, 'newDir': '/developerportal/deploy//private-cloud/', 'indexFlag': 'true', 'p': 'deploy/'}
{'t': 'SSO – QianFan Single Sign-On', 'i': 'qianfan-sso', 'u': '/developerportal/deploy/qianfan-sso', 'd': '/developerportal/deploy/', 'p': 'deploy/', 'mo': 20, 'newDir': '/developerportal/deploy//tencent-deploy/'}
{'t': 'Restore Database on SQL Server', 'i': 'restoring-a-sql-server-database', 'u': '/developerportal/deploy/restoring-a-sql-server-database', 'd': '/developerportal/deploy/', 'p': 'deploy/', 'mo': 70, 'newDir': '/developerportal/deploy//on-premises-design/deploy-mendix-on-microsoft-windows/mendix-on-windows-microsoft-sql-server/'}
{'t': 'Run a Mendix Docker Image', 'i': 'run-mendix-docker-image', 'u': '/developerportal/deploy/run-mendix-docker-image', 'd': '/developerportal/deploy/', 'p': 'deploy/', 'mo': 10, 'newDir': '/developerportal/deploy//docker-deploy/'}
{'t': 'Run Mendix on Kubernetes', 'i': 'run-mendix-on-kubernetes', 'u': '/developerportal/deploy/run-mendix-on-kubernetes', 'd': '/developerportal/deploy/', 'p': 'deploy/', 'mo': 20, 'newDir': '/developerportal/deploy//docker-deploy/'}
{'t': 'Iframes and Running Apps', 'i': 'running-in-iframe', 'u': '/developerportal/deploy/running-in-iframe', 'd': '/developerportal/deploy/', 'p': 'deploy/', 'mo': 40, 'newDir': '/developerportal/deploy//general/'}
{'t': 'SAP Business Technology Platform', 'c': 'Deployment', 'i': 'sap-cloud-platform', 'u': '/developerportal/deploy/sap-cloud-platform', 'd': '/developerportal/deploy/', 'mo': 40, 'newDir': '/developerportal/deploy//', 'p': 'deploy/'}
{'t': 'Scaling Your Environment in Mendix Cloud v4', 'i': 'scale-environment', 'u': '/developerportal/deploy/scale-environment', 'd': '/developerportal/deploy/', 'p': 'deploy/', 'mo': 20, 'newDir': '/developerportal/deploy//mendix-cloud-deploy/mxcloudv4/'}
{'t': 'Security for Your On-Premises Installation', 'i': 'security-checklist-for-your-on-premises-installation', 'u': '/developerportal/deploy/security-checklist-for-your-on-premises-installation', 'd': '/developerportal/deploy/', 'p': 'deploy/', 'mo': 10, 'newDir': '/developerportal/deploy//on-premises-design/'}
{'t': 'New Database Setup on SQL Server', 'i': 'setting-up-a-new-sql-server-database', 'u': '/developerportal/deploy/setting-up-a-new-sql-server-database', 'd': '/developerportal/deploy/', 'p': 'deploy/', 'mo': 10, 'newDir': '/developerportal/deploy//on-premises-design/deploy-mendix-on-microsoft-windows/mendix-on-windows-microsoft-sql-server/'}
{'t': 'Sending Email', 'i': 'sending-email', 'u': '/developerportal/deploy/sending-email', 'd': '/developerportal/deploy/', 'p': 'deploy/', 'mo': 40, 'newDir': '/developerportal/deploy//mendix-cloud-deploy/'}
{'t': 'User Setup on SQL Server', 'i': 'setting-up-a-sql-server-user', 'u': '/developerportal/deploy/setting-up-a-sql-server-user', 'd': '/developerportal/deploy/', 'p': 'deploy/', 'mo': 20, 'newDir': '/developerportal/deploy//on-premises-design/deploy-mendix-on-microsoft-windows/mendix-on-windows-microsoft-sql-server/'}
{'t': 'Monitoring with New Relic', 'i': 'setting-up-monitoring-with-new-relic', 'u': '/developerportal/deploy/setting-up-monitoring-with-new-relic', 'd': '/developerportal/deploy/', 'p': 'deploy/', 'mo': 30, 'newDir': '/developerportal/deploy//on-premises-design/'}
{'t': 'Studio Deployment Settings', 'i': 'studio-deployment-settings', 'u': '/developerportal/deploy/studio-deployment-settings', 'd': '/developerportal/deploy/', 'p': 'deploy/', 'mo': 10, 'newDir': '/developerportal/deploy//mendix-cloud-deploy/'}
{'t': 'Database User Setup on SQL Server', 'i': 'setting-up-the-database-user', 'u': '/developerportal/deploy/setting-up-the-database-user', 'd': '/developerportal/deploy/', 'p': 'deploy/', 'mo': 30, 'newDir': '/developerportal/deploy//on-premises-design/deploy-mendix-on-microsoft-windows/mendix-on-windows-microsoft-sql-server/'}
{'t': 'Custom Domains on Tencent', 'i': 'tencent-custom-domains', 'u': '/developerportal/deploy/tencent-custom-domains', 'd': '/developerportal/deploy/', 'p': 'deploy/', 'mo': 10, 'newDir': '/developerportal/deploy//tencent-deploy/'}
{'t': 'Tencent Cloud', 'c': 'Deployment', 'i': 'tencent-deploy', 'u': '/developerportal/deploy/tencent-deploy', 'd': '/developerportal/deploy/', 'mo': 45, 'newDir': '/developerportal/deploy//tencent-deploy/', 'indexFlag': 'true', 'p': 'deploy/'}
{'t': 'Troubleshooting IIS (Internet Information Services) ', 'i': 'troubleshooting-iis', 'u': '/developerportal/deploy/troubleshooting-iis', 'd': '/developerportal/deploy/', 'p': 'deploy/', 'mo': 40, 'newDir': '/developerportal/deploy//on-premises-design/deploy-mendix-on-microsoft-windows/'}
{'t': 'Troubleshooting SQL Server', 'i': 'troubleshooting-sql-server', 'u': '/developerportal/deploy/troubleshooting-sql-server', 'd': '/developerportal/deploy/', 'p': 'deploy/', 'mo': 80, 'newDir': '/developerportal/deploy//on-premises-design/deploy-mendix-on-microsoft-windows/mendix-on-windows-microsoft-sql-server/'}
{'t': 'Secure Outgoing Connections from Your App', 'i': 'securing-outgoing-connections-from-your-application', 'u': '/developerportal/deploy/securing-outgoing-connections-from-your-application', 'd': '/developerportal/deploy/', 'p': 'deploy/', 'mo': 10, 'newDir': '/developerportal/deploy//general/'}
{'t': 'Two-Factor Authentication', 'i': 'two-factor-authentication', 'u': '/developerportal/deploy/two-factor-authentication', 'd': '/developerportal/deploy/', 'p': 'deploy/', 'mo': 20, 'newDir': '/developerportal/deploy//general/'}
{'t': 'Unix Deployment', 'i': 'unix-like', 'u': '/developerportal/deploy/unix-like', 'd': '/developerportal/deploy/', 'p': 'deploy/', 'mo': 99, 'newDir': '/developerportal/deploy//on-premises-design/'}
{'t': 'MS Windows: Update a Mendix App', 'i': 'updating-a-mendix-application', 'u': '/developerportal/deploy/updating-a-mendix-application', 'd': '/developerportal/deploy/', 'p': 'deploy/', 'mo': 20, 'newDir': '/developerportal/deploy//on-premises-design/deploy-mendix-on-microsoft-windows/'}
{'t': 'Version Downgrade Protection', 'i': 'version-downgrade-prevention', 'u': '/developerportal/deploy/version-downgrade-prevention', 'd': '/developerportal/deploy/', 'p': 'deploy/', 'mo': 30, 'newDir': '/developerportal/deploy//general/'}
