{'t': "Studio Pro 9 How-to's", 'i': 'index', 'u': '/howto/', 'd': '/howto/', 'm': True, 'newDir': '/howto/', 'indexFlag': 'true'}
{'t': 'Create a Basic Data Layer', 'c': 'Data Models', 'i': 'create-a-basic-data-layer', 'u': '/howto/data-models/create-a-basic-data-layer', 'd': '/howto/data-models/', 'mo': 1, 'newDir': '/howto/data-models//', 'p': 'data-models/'}
{'t': 'Denormalize Data to Improve Performance', 'c': 'Data Models', 'i': 'denormalize-data-to-improve-performance', 'u': '/howto/data-models/denormalize-data-to-improve-performance', 'd': '/howto/data-models/', 'mo': 6, 'newDir': '/howto/data-models//', 'p': 'data-models/'}
{'t': 'Data Models', 'i': 'index', 'u': '/howto/data-models/', 'd': '/howto/data-models/', 'newDir': '/howto/data-models/', 'indexFlag': 'true'}
{'t': 'Migrate Your Mendix Database', 'c': 'Data Models', 'i': 'migrating-your-mendix-database', 'u': '/howto/data-models/migrating-your-mendix-database', 'd': '/howto/data-models/', 'mo': 7, 'newDir': '/howto/data-models//', 'p': 'data-models/'}
{'t': 'Work with Images & Files', 'c': 'Data Models', 'i': 'working-with-images-and-files', 'u': '/howto/data-models/working-with-images-and-files', 'd': '/howto/data-models/', 'mo': 4, 'newDir': '/howto/data-models//', 'p': 'data-models/'}
{'t': 'Set Up Data Validation', 'c': 'Data Models', 'i': 'setting-up-data-validation', 'u': '/howto/data-models/setting-up-data-validation', 'd': '/howto/data-models/', 'mo': 2, 'newDir': '/howto/data-models//', 'p': 'data-models/'}
{'t': 'Collaboration', 'i': 'index', 'u': '/howto/collaboration-requirements-management/', 'd': '/howto/collaboration-requirements-management/', 'newDir': '/howto/collaboration-requirements-management/', 'indexFlag': 'true'}
{'t': 'Work with Git On-Premises Version Control Server', 'i': 'on-premises-git-howto', 'u': '/howto/collaboration-requirements-management/on-premises-git-howto', 'd': '/howto/collaboration-requirements-management/', 'p': 'collaboration-requirements-management/', 'mo': 20, 'newDir': '/howto/collaboration-requirements-management//on-premises-howto/on-premises-git-howto/', 'indexFlag': 'true'}
{'t': 'Contribute to a Mendix GitHub Repository', 'c': 'Collaboration', 'i': 'contribute-to-a-github-repository', 'u': '/howto/collaboration-requirements-management/contribute-to-a-github-repository', 'd': '/howto/collaboration-requirements-management/', 'mo': 20, 'newDir': '/howto/collaboration-requirements-management//', 'p': 'collaboration-requirements-management/'}
{'t': 'Work with On-Premises Version Control Server', 'c': 'Collaboration', 'i': 'on-premises-howto', 'u': '/howto/collaboration-requirements-management/on-premises-howto', 'd': '/howto/collaboration-requirements-management/', 'mo': 60, 'newDir': '/howto/collaboration-requirements-management//on-premises-howto/', 'indexFlag': 'true', 'p': 'collaboration-requirements-management/'}
{'t': 'Translate Your App Content', 'c': 'Collaboration', 'i': 'translate-your-app-content', 'u': '/howto/collaboration-requirements-management/translate-your-app-content', 'd': '/howto/collaboration-requirements-management/', 'mo': 50, 'newDir': '/howto/collaboration-requirements-management//', 'p': 'collaboration-requirements-management/'}
{'t': 'Share the Development Database', 'c': 'Collaboration', 'i': 'sharing-the-development-database', 'u': '/howto/collaboration-requirements-management/sharing-the-development-database', 'd': '/howto/collaboration-requirements-management/', 'mo': 40, 'newDir': '/howto/collaboration-requirements-management//', 'p': 'collaboration-requirements-management/'}
{'t': 'Work with SVN On-Premises Version Control Server', 'i': 'on-premises-svn-howto', 'u': '/howto/collaboration-requirements-management/on-premises-svn-howto', 'd': '/howto/collaboration-requirements-management/', 'p': 'collaboration-requirements-management/', 'mo': 10, 'newDir': '/howto/collaboration-requirements-management//on-premises-howto/'}
{'t': 'Set Up a GitHub Repo to Publish a Marketplace Item', 'c': 'Collaboration', 'i': 'set-up-repo', 'u': '/howto/collaboration-requirements-management/set-up-repo', 'd': '/howto/collaboration-requirements-management/', 'mo': 30, 'newDir': '/howto/collaboration-requirements-management//', 'p': 'collaboration-requirements-management/'}
{'t': 'Solve Known Git Issues', 'i': 'troubleshoot-git-issues', 'u': '/howto/collaboration-requirements-management/troubleshoot-git-issues', 'd': '/howto/collaboration-requirements-management/', 'p': 'collaboration-requirements-management/', 'newDir': '/howto/collaboration-requirements-management//on-premises-howto/on-premises-git-howto/'}
{'t': 'Troubleshoot Network Issues for Connecting to the Team Server', 'c': 'Collaboration', 'i': 'troubleshoot-network-issues-for-team-server', 'u': '/howto/collaboration-requirements-management/troubleshoot-network-issues-for-team-server', 'd': '/howto/collaboration-requirements-management/', 'mo': 14, 'newDir': '/howto/collaboration-requirements-management//', 'p': 'collaboration-requirements-management/'}
{'t': 'Solve Known Version Control Issues', 'c': 'Collaboration', 'i': 'troubleshoot-version-control-issues', 'u': '/howto/collaboration-requirements-management/troubleshoot-version-control-issues', 'd': '/howto/collaboration-requirements-management/', 'mo': 7, 'newDir': '/howto/collaboration-requirements-management//', 'p': 'collaboration-requirements-management/'}
{'t': 'Implement Best Practices for JavaScript Actions', 'c': 'Extensibility', 'i': 'best-practices-javascript-actions', 'u': '/howto/extensibility/best-practices-javascript-actions', 'd': '/howto/extensibility/', 'mo': 60, 'newDir': '/howto/extensibility//', 'p': 'extensibility/'}
{'t': 'Build JavaScript Actions', 'c': 'Extensibility', 'i': 'build-javascript-actions', 'u': '/howto/extensibility/build-javascript-actions', 'd': '/howto/extensibility/', 'mo': 40, 'newDir': '/howto/extensibility//build-javascript-actions/', 'indexFlag': 'true', 'p': 'extensibility/'}
{'t': 'Build a Pluggable Native Widget', 'c': 'Extensibility', 'i': 'build-native-widget', 'u': '/howto/extensibility/build-native-widget', 'd': '/howto/extensibility/', 'mo': 10, 'newDir': '/howto/extensibility//', 'p': 'extensibility/'}
{'t': 'Build a Pluggable Web Widget: Part 1', 'i': 'create-a-pluggable-widget-one', 'u': '/howto/extensibility/create-a-pluggable-widget-one', 'd': '/howto/extensibility/', 'p': 'extensibility/', 'mo': 10, 'newDir': '/howto/extensibility//pluggable-widgets/'}
{'t': 'Build a Pluggable Web Widget: Part 2 (Advanced)', 'i': 'create-a-pluggable-widget-two', 'u': '/howto/extensibility/create-a-pluggable-widget-two', 'd': '/howto/extensibility/', 'p': 'extensibility/', 'mo': 20, 'newDir': '/howto/extensibility//pluggable-widgets/'}
{'t': 'Explore Connectors & Adapters', 'c': 'Extensibility', 'i': 'explore-connectors-and-adapters', 'u': '/howto/extensibility/explore-connectors-and-adapters', 'd': '/howto/extensibility/', 'mo': 70, 'newDir': '/howto/extensibility//', 'p': 'extensibility/'}
{'t': 'Build JavaScript Actions for Native Mobile', 'i': 'create-native-javascript-action', 'u': '/howto/extensibility/create-native-javascript-action', 'd': '/howto/extensibility/', 'p': 'extensibility/', 'mo': 30, 'newDir': '/howto/extensibility//build-javascript-actions/'}
{'t': 'Get Started with the TimeSeries Connector', 'c': 'Extensibility', 'i': 'get-started-with-the-timeseries-connector', 'u': '/howto/extensibility/get-started-with-the-timeseries-connector', 'd': '/howto/extensibility/', 'mo': 100, 'newDir': '/howto/extensibility//', 'p': 'extensibility/'}
{'t': 'Build Microflow Actions with Java', 'c': 'Extensibility', 'i': 'howto-connector-kit', 'u': '/howto/extensibility/howto-connector-kit', 'd': '/howto/extensibility/', 'mo': 80, 'newDir': '/howto/extensibility//', 'p': 'extensibility/'}
{'t': 'Use Mendix Data Storage APIs to Build Reusable Microflow Actions', 'c': 'Extensibility', 'i': 'howto-datastorage-api', 'u': '/howto/extensibility/howto-datastorage-api', 'd': '/howto/extensibility/', 'mo': 90, 'newDir': '/howto/extensibility//', 'p': 'extensibility/'}
{'t': 'Extensibility', 'i': 'index', 'u': '/howto/extensibility/', 'd': '/howto/extensibility/', 'newDir': '/howto/extensibility/', 'indexFlag': 'true'}
{'t': 'Build Pluggable Web Widgets', 'c': 'Extensibility', 'i': 'pluggable-widgets', 'u': '/howto/extensibility/pluggable-widgets', 'd': '/howto/extensibility/', 'mo': 20, 'newDir': '/howto/extensibility//pluggable-widgets/', 'indexFlag': 'true', 'p': 'extensibility/'}
{'t': 'Build JavaScript Actions: Part 1 (Basic)', 'i': 'write-javascript-actions', 'u': '/howto/extensibility/write-javascript-actions', 'd': '/howto/extensibility/', 'p': 'extensibility/', 'mo': 10, 'newDir': '/howto/extensibility//build-javascript-actions/'}
{'t': 'Build JavaScript Actions: Part 2 (Advanced)', 'i': 'write-javascript-github', 'u': '/howto/extensibility/write-javascript-github', 'd': '/howto/extensibility/', 'p': 'extensibility/', 'mo': 20, 'newDir': '/howto/extensibility//build-javascript-actions/'}
{'t': 'Implement Mendix Best Practices for Development', 'c': 'General Info', 'i': 'dev-best-practices', 'u': '/howto/general/dev-best-practices', 'd': '/howto/general/', 'mo': 7, 'newDir': '/howto/general//', 'p': 'general/'}
{'t': 'Implement Community Best Practices for App Performance', 'c': 'General Info', 'i': 'community-best-practices-for-app-performance', 'u': '/howto/general/community-best-practices-for-app-performance', 'd': '/howto/general/', 'mo': 8, 'newDir': '/howto/general//', 'p': 'general/'}
{'t': 'General Info', 'i': 'index', 'u': '/howto/general/', 'd': '/howto/general/', 'newDir': '/howto/general/', 'indexFlag': 'true'}
{'t': 'Install Mendix Studio Pro', 'c': 'General Info', 'i': 'install', 'u': '/howto/general/install', 'd': '/howto/general/', 'mo': 1, 'newDir': '/howto/general//', 'p': 'general/'}
{'t': 'Set Up the Navigation Structure', 'c': 'General Info', 'i': 'setting-up-the-navigation-structure', 'u': '/howto/general/setting-up-the-navigation-structure', 'd': '/howto/general/', 'mo': 3, 'newDir': '/howto/general//', 'p': 'general/'}
{'t': 'Minimize the Number of In-Use Objects in Your Session', 'c': 'General Info', 'i': 'minimize-number', 'u': '/howto/general/minimize-number', 'd': '/howto/general/', 'mo': 6, 'newDir': '/howto/general//', 'p': 'general/'}
{'t': 'Configure Parallels', 'c': 'General Info', 'i': 'using-mendix-studio-pro-on-a-mac', 'u': '/howto/general/using-mendix-studio-pro-on-a-mac', 'd': '/howto/general/', 'mo': 2, 'newDir': '/howto/general//', 'p': 'general/'}
{'t': 'Access a Samba Share', 'c': 'Integration', 'i': 'access-a-samba-share-from-the-mxcloud', 'u': '/howto/integration/access-a-samba-share-from-the-mxcloud', 'd': '/howto/integration/', 'mo': 11, 'newDir': '/howto/integration//', 'p': 'integration/'}
{'t': 'Consume a Complex Web Service', 'c': 'Integration', 'i': 'consume-a-complex-web-service', 'u': '/howto/integration/consume-a-complex-web-service', 'd': '/howto/integration/', 'mo': 8, 'newDir': '/howto/integration//', 'p': 'integration/'}
{'t': 'Consume a REST Service', 'c': 'Integration', 'i': 'consume-a-rest-service', 'u': '/howto/integration/consume-a-rest-service', 'd': '/howto/integration/', 'mo': 9, 'newDir': '/howto/integration//', 'p': 'integration/'}
{'t': 'Consume a Simple Web Service', 'c': 'Integration', 'i': 'consume-a-simple-web-service', 'u': '/howto/integration/consume-a-simple-web-service', 'd': '/howto/integration/', 'mo': 7, 'newDir': '/howto/integration//', 'p': 'integration/'}
{'t': 'Execute an SQL Statement on an External Database', 'c': 'Integration', 'i': 'execute-an-sql-statement-on-an-external-database', 'u': '/howto/integration/execute-an-sql-statement-on-an-external-database', 'd': '/howto/integration/', 'mo': 17, 'newDir': '/howto/integration//', 'p': 'integration/'}
{'t': 'Export XML Documents', 'c': 'Integration', 'i': 'export-xml-documents', 'u': '/howto/integration/export-xml-documents', 'd': '/howto/integration/', 'mo': 4, 'newDir': '/howto/integration//', 'p': 'integration/'}
{'t': 'Expose a Web Service', 'c': 'Integration', 'i': 'expose-a-web-service', 'u': '/howto/integration/expose-a-web-service', 'd': '/howto/integration/', 'mo': 12, 'newDir': '/howto/integration//', 'p': 'integration/'}
{'t': 'Expose Data to BI Tools Using OData', 'c': 'Integration', 'i': 'exposing-data-to-bi-tools-using-odata', 'u': '/howto/integration/exposing-data-to-bi-tools-using-odata', 'd': '/howto/integration/', 'mo': 13, 'newDir': '/howto/integration//', 'p': 'integration/'}
{'t': 'Implement a Simple CICD Pipeline with Mendix APIs', 'c': 'Integration', 'i': 'implement-cicd-pipeline', 'u': '/howto/integration/implement-cicd-pipeline', 'd': '/howto/integration/', 'newDir': '/howto/integration//', 'p': 'integration/'}
{'t': 'Import a Large Excel File', 'i': 'import-a-large-excel-file', 'u': '/howto/integration/import-a-large-excel-file', 'd': '/howto/integration/', 'p': 'integration/', 'newDir': '/howto/integration//importing-excel-documents/'}
{'t': 'Import & Export Objects', 'c': 'Integration', 'i': 'importing-and-exporting-objects', 'u': '/howto/integration/importing-and-exporting-objects', 'd': '/howto/integration/', 'mo': 2, 'newDir': '/howto/integration//', 'p': 'integration/'}
{'t': 'Import Excel Documents', 'c': 'Integration', 'i': 'importing-excel-documents', 'u': '/howto/integration/importing-excel-documents', 'd': '/howto/integration/', 'mo': 5, 'newDir': '/howto/integration//importing-excel-documents/', 'indexFlag': 'true', 'p': 'integration/'}
{'t': 'Import XML Documents', 'c': 'Integration', 'i': 'importing-xml-documents', 'u': '/howto/integration/importing-xml-documents', 'd': '/howto/integration/', 'mo': 3, 'newDir': '/howto/integration//', 'p': 'integration/'}
{'t': 'Integration', 'i': 'index', 'u': '/howto/integration/', 'd': '/howto/integration/', 'newDir': '/howto/integration/', 'indexFlag': 'true'}
{'t': 'Publish a REST Service', 'c': 'Integration', 'i': 'publish-rest-service', 'u': '/howto/integration/publish-rest-service', 'd': '/howto/integration/', 'mo': 10, 'newDir': '/howto/integration//', 'p': 'integration/'}
{'t': 'Integrate a Legacy System into a Mendix App', 'c': 'Integration', 'i': 'integrating-a-legacy-system-into-a-mendix-app', 'u': '/howto/integration/integrating-a-legacy-system-into-a-mendix-app', 'd': '/howto/integration/', 'mo': 1, 'newDir': '/howto/integration//', 'p': 'integration/'}
{'t': 'Configure Selenium Support', 'c': 'Integration', 'i': 'selenium-support', 'u': '/howto/integration/selenium-support', 'd': '/howto/integration/', 'mo': 16, 'newDir': '/howto/integration//', 'p': 'integration/'}
{'t': 'Use a Client Certificate', 'c': 'Integration', 'i': 'use-a-client-certificate', 'u': '/howto/integration/use-a-client-certificate', 'd': '/howto/integration/', 'newDir': '/howto/integration//', 'p': 'integration/'}
{'t': 'Export to Excel', 'c': 'Integration', 'i': 'using-the-excel-exporter', 'u': '/howto/integration/using-the-excel-exporter', 'd': '/howto/integration/', 'mo': 6, 'newDir': '/howto/integration//', 'p': 'integration/'}
{'t': 'Version a REST Service', 'c': 'Integration', 'i': 'version-rest-service', 'u': '/howto/integration/version-rest-service', 'd': '/howto/integration/', 'mo': 10, 'newDir': '/howto/integration//', 'p': 'integration/'}
{'t': 'Implement Best Practices for App Security', 'c': 'Security', 'i': 'best-practices-security', 'u': '/howto/security/best-practices-security', 'd': '/howto/security/', 'mo': 20, 'newDir': '/howto/security//', 'p': 'security/'}
{'t': 'Create a Secure App', 'c': 'Security', 'i': 'create-a-secure-app', 'u': '/howto/security/create-a-secure-app', 'd': '/howto/security/', 'mo': 10, 'newDir': '/howto/security//', 'p': 'security/'}
{'t': 'Security', 'i': 'index', 'u': '/howto/security/', 'd': '/howto/security/', 'newDir': '/howto/security/', 'indexFlag': 'true'}
{'t': 'Set Up Anonymous User Security', 'c': 'Security', 'i': 'set-up-anonymous-user-security', 'u': '/howto/security/set-up-anonymous-user-security', 'd': '/howto/security/', 'mo': 30, 'newDir': '/howto/security//', 'p': 'security/'}
{'t': 'Create Automated Tests with TestNG', 'c': 'Testing', 'i': 'create-automated-tests-with-testng', 'u': '/howto/testing/create-automated-tests-with-testng', 'd': '/howto/testing/', 'mo': 50, 'newDir': '/howto/testing//', 'p': 'testing/'}
{'t': 'Testing', 'i': 'index', 'u': '/howto/testing/', 'd': '/howto/testing/', 'newDir': '/howto/testing/', 'indexFlag': 'true'}
{'t': 'Test Mendix Apps Using Selenium IDE', 'c': 'Testing', 'i': 'testing-mendix-applications-using-selenium-ide', 'u': '/howto/testing/testing-mendix-applications-using-selenium-ide', 'd': '/howto/testing/', 'mo': 40, 'newDir': '/howto/testing//', 'p': 'testing/'}
{'t': 'Test Web Services Using SoapUI', 'c': 'Testing', 'i': 'testing-web-services-using-soapui', 'u': '/howto/testing/testing-web-services-using-soapui', 'd': '/howto/testing/', 'mo': 30, 'newDir': '/howto/testing//', 'p': 'testing/'}
{'t': 'Test with ATS', 'c': 'Testing', 'i': 'testing-with-application-test-suite', 'u': '/howto/testing/testing-with-application-test-suite', 'd': '/howto/testing/', 'mo': 20, 'newDir': '/howto/testing//', 'p': 'testing/'}
{'t': 'Test Microflows Using the Unit Testing Module', 'c': 'Testing', 'i': 'testing-microflows-using-the-unittesting-module', 'u': '/howto/testing/testing-microflows-using-the-unittesting-module', 'd': '/howto/testing/', 'mo': 10, 'newDir': '/howto/testing//', 'p': 'testing/'}
{'t': 'Add a Custom Action to the Workflow Toolbox', 'c': 'Logic & Business Rules', 'i': 'add-action-to-workflow-toolbox', 'u': '/howto/logic-business-rules/add-action-to-workflow-toolbox', 'd': '/howto/logic-business-rules/', 'mo': 20, 'newDir': '/howto/logic-business-rules//', 'p': 'logic-business-rules/'}
{'t': 'Create a Custom Save Button', 'c': 'Logic & Business Rules', 'i': 'create-a-custom-save-button', 'u': '/howto/logic-business-rules/create-a-custom-save-button', 'd': '/howto/logic-business-rules/', 'mo': 40, 'newDir': '/howto/logic-business-rules//', 'p': 'logic-business-rules/'}
{'t': 'Define Access Rules Using XPath', 'c': 'Logic & Business Rules', 'i': 'define-access-rules-using-xpath', 'u': '/howto/logic-business-rules/define-access-rules-using-xpath', 'd': '/howto/logic-business-rules/', 'mo': 100, 'newDir': '/howto/logic-business-rules//', 'p': 'logic-business-rules/'}
{'t': 'Extend Your Application with Custom Java', 'c': 'Logic & Business Rules', 'i': 'extending-your-application-with-custom-java', 'u': '/howto/logic-business-rules/extending-your-application-with-custom-java', 'd': '/howto/logic-business-rules/', 'mo': 120, 'newDir': '/howto/logic-business-rules//', 'p': 'logic-business-rules/'}
{'t': 'Extract & Use Sub-Microflows', 'c': 'Logic & Business Rules', 'i': 'extract-and-use-sub-microflows', 'u': '/howto/logic-business-rules/extract-and-use-sub-microflows', 'd': '/howto/logic-business-rules/', 'mo': 50, 'newDir': '/howto/logic-business-rules//', 'p': 'logic-business-rules/'}
{'t': 'Filter Data on an Overview Page Using XPath', 'c': 'Logic & Business Rules', 'i': 'filtering-data-on-an-overview-page', 'u': '/howto/logic-business-rules/filtering-data-on-an-overview-page', 'd': '/howto/logic-business-rules/', 'mo': 150, 'newDir': '/howto/logic-business-rules//', 'p': 'logic-business-rules/'}
{'t': 'Logic & Business Rules', 'i': 'index', 'u': '/howto/logic-business-rules/', 'd': '/howto/logic-business-rules/', 'newDir': '/howto/logic-business-rules/', 'indexFlag': 'true'}
{'t': 'Use the Java API', 'c': 'Logic & Business Rules', 'i': 'java-api-tutorial', 'u': '/howto/logic-business-rules/java-api-tutorial', 'd': '/howto/logic-business-rules/', 'mo': 130, 'newDir': '/howto/logic-business-rules//', 'p': 'logic-business-rules/'}
{'t': 'Optimize Microflow Aggregates', 'c': 'Logic & Business Rules', 'i': 'optimizing-microflow-aggregates', 'u': '/howto/logic-business-rules/optimizing-microflow-aggregates', 'd': '/howto/logic-business-rules/', 'mo': 70, 'newDir': '/howto/logic-business-rules//', 'p': 'logic-business-rules/'}
{'t': 'Set Up Server-Side Paging and Sorting for a Microflow Data Source', 'c': 'Logic & Business Rules', 'i': 'server-side-paging', 'u': '/howto/logic-business-rules/server-side-paging', 'd': '/howto/logic-business-rules/', 'newDir': '/howto/logic-business-rules//', 'p': 'logic-business-rules/'}
{'t': 'Set Up Error Handling', 'c': 'Logic & Business Rules', 'i': 'set-up-error-handling', 'u': '/howto/logic-business-rules/set-up-error-handling', 'd': '/howto/logic-business-rules/', 'mo': 80, 'newDir': '/howto/logic-business-rules//', 'p': 'logic-business-rules/'}
{'t': 'Configure String Concatenation', 'c': 'Logic & Business Rules', 'i': 'string-concatenation', 'u': '/howto/logic-business-rules/string-concatenation', 'd': '/howto/logic-business-rules/', 'mo': 110, 'newDir': '/howto/logic-business-rules//', 'p': 'logic-business-rules/'}
{'t': 'Use Translatable Validation Messages', 'c': 'Logic & Business Rules', 'i': 'translatable-validation-messages', 'u': '/howto/logic-business-rules/translatable-validation-messages', 'd': '/howto/logic-business-rules/', 'mo': 140, 'newDir': '/howto/logic-business-rules//', 'p': 'logic-business-rules/'}
{'t': 'Trigger a Microflow From a Menu Item', 'c': 'Logic & Business Rules', 'i': 'trigger-microflow-from-menu-item', 'u': '/howto/logic-business-rules/trigger-microflow-from-menu-item', 'd': '/howto/logic-business-rules/', 'mo': 30, 'newDir': '/howto/logic-business-rules//', 'p': 'logic-business-rules/'}
{'t': 'Configure a Workflow in Studio Pro for the Employee Onboarding Process', 'c': 'Logic & Business Rules', 'i': 'workflow-how-to-configure', 'u': '/howto/logic-business-rules/workflow-how-to-configure', 'd': '/howto/logic-business-rules/', 'mo': 10, 'newDir': '/howto/logic-business-rules//', 'p': 'logic-business-rules/'}
{'t': 'Optimize Retrieve Activities', 'c': 'Logic & Business Rules', 'i': 'optimizing-retrieve-activities', 'u': '/howto/logic-business-rules/optimizing-retrieve-activities', 'd': '/howto/logic-business-rules/', 'mo': 90, 'newDir': '/howto/logic-business-rules//', 'p': 'logic-business-rules/'}
{'t': 'Work with Lists in a Microflow', 'c': 'Logic & Business Rules', 'i': 'working-with-lists-in-a-microflow', 'u': '/howto/logic-business-rules/working-with-lists-in-a-microflow', 'd': '/howto/logic-business-rules/', 'mo': 60, 'newDir': '/howto/logic-business-rules//', 'p': 'logic-business-rules/'}
{'t': 'Clear Warning Messages', 'c': 'Monitoring & Troubleshooting', 'i': 'clear-warning-messages', 'u': '/howto/monitoring-troubleshooting/clear-warning-messages', 'd': '/howto/monitoring-troubleshooting/', 'mo': 1, 'newDir': '/howto/monitoring-troubleshooting//', 'p': 'monitoring-troubleshooting/'}
{'t': 'Debug Java Actions Remotely', 'i': 'debug-java-actions-remotely', 'u': '/howto/monitoring-troubleshooting/debug-java-actions-remotely', 'd': '/howto/monitoring-troubleshooting/', 'p': 'monitoring-troubleshooting/', 'newDir': '/howto/monitoring-troubleshooting//debug-java-actions/'}
{'t': 'Debug a Hybrid Mobile Application', 'c': 'Monitoring & Troubleshooting', 'i': 'debug-a-hybrid-mobile-application', 'u': '/howto/monitoring-troubleshooting/debug-a-hybrid-mobile-application', 'd': '/howto/monitoring-troubleshooting/', 'mo': 5, 'newDir': '/howto/monitoring-troubleshooting//', 'p': 'monitoring-troubleshooting/'}
{'t': 'Debug Microflows and Nanoflows', 'c': 'Monitoring & Troubleshooting', 'i': 'debug-microflows-and-nanoflows', 'u': '/howto/monitoring-troubleshooting/debug-microflows-and-nanoflows', 'd': '/howto/monitoring-troubleshooting/', 'mo': 2, 'newDir': '/howto/monitoring-troubleshooting//debug-microflows-and-nanoflows/', 'indexFlag': 'true', 'p': 'monitoring-troubleshooting/'}
{'t': 'Debug Java Actions', 'c': 'Monitoring & Troubleshooting', 'i': 'debug-java-actions', 'u': '/howto/monitoring-troubleshooting/debug-java-actions', 'd': '/howto/monitoring-troubleshooting/', 'mo': 4, 'newDir': '/howto/monitoring-troubleshooting//debug-java-actions/', 'indexFlag': 'true', 'p': 'monitoring-troubleshooting/'}
{'t': 'Debug Microflows Remotely', 'i': 'debug-microflows-remotely', 'u': '/howto/monitoring-troubleshooting/debug-microflows-remotely', 'd': '/howto/monitoring-troubleshooting/', 'p': 'monitoring-troubleshooting/', 'newDir': '/howto/monitoring-troubleshooting//debug-microflows-and-nanoflows/'}
{'t': 'Find the Root Cause of Runtime Errors', 'c': 'Monitoring & Troubleshooting', 'i': 'finding-the-root-cause-of-runtime-errors', 'u': '/howto/monitoring-troubleshooting/finding-the-root-cause-of-runtime-errors', 'd': '/howto/monitoring-troubleshooting/', 'mo': 8, 'newDir': '/howto/monitoring-troubleshooting//', 'p': 'monitoring-troubleshooting/'}
{'t': 'Detect & Resolve Performance Issues', 'c': 'Monitoring & Troubleshooting', 'i': 'detect-and-resolve-performance-issues', 'u': '/howto/monitoring-troubleshooting/detect-and-resolve-performance-issues', 'd': '/howto/monitoring-troubleshooting/', 'newDir': '/howto/monitoring-troubleshooting//', 'p': 'monitoring-troubleshooting/'}
{'t': 'Monitoring & Troubleshooting', 'i': 'index', 'u': '/howto/monitoring-troubleshooting/', 'd': '/howto/monitoring-troubleshooting/', 'newDir': '/howto/monitoring-troubleshooting/', 'indexFlag': 'true'}
{'t': 'Set Log Levels', 'c': 'Monitoring & Troubleshooting', 'i': 'log-levels', 'u': '/howto/monitoring-troubleshooting/log-levels', 'd': '/howto/monitoring-troubleshooting/', 'mo': 9, 'newDir': '/howto/monitoring-troubleshooting//', 'p': 'monitoring-troubleshooting/'}
{'t': 'Manage App Performance with AppDynamics', 'i': 'manage-app-performance-with-appdynamics', 'u': '/howto/monitoring-troubleshooting/manage-app-performance-with-appdynamics', 'd': '/howto/monitoring-troubleshooting/', 'p': 'monitoring-troubleshooting/', 'mo': 1, 'newDir': '/howto/monitoring-troubleshooting//manage-app-performance/'}
{'t': 'Manage App Performance with New Relic', 'i': 'manage-app-performance-with-new-relic', 'u': '/howto/monitoring-troubleshooting/manage-app-performance-with-new-relic', 'd': '/howto/monitoring-troubleshooting/', 'p': 'monitoring-troubleshooting/', 'mo': 2, 'newDir': '/howto/monitoring-troubleshooting//manage-app-performance/'}
{'t': 'Monitor Mendix Using JMX', 'c': 'Monitoring & Troubleshooting', 'i': 'monitoring-mendix-using-jmx', 'u': '/howto/monitoring-troubleshooting/monitoring-mendix-using-jmx', 'd': '/howto/monitoring-troubleshooting/', 'mo': 10, 'newDir': '/howto/monitoring-troubleshooting//', 'p': 'monitoring-troubleshooting/'}
{'t': 'Manage App Performance', 'c': 'Monitoring & Troubleshooting', 'i': 'manage-app-performance', 'u': '/howto/monitoring-troubleshooting/manage-app-performance', 'd': '/howto/monitoring-troubleshooting/', 'mo': 12, 'newDir': '/howto/monitoring-troubleshooting//manage-app-performance/', 'indexFlag': 'true', 'p': 'monitoring-troubleshooting/'}
{'t': 'Populate User Types', 'c': 'Monitoring & Troubleshooting', 'i': 'populate-user-type', 'u': '/howto/monitoring-troubleshooting/populate-user-type', 'd': '/howto/monitoring-troubleshooting/', 'newDir': '/howto/monitoring-troubleshooting//', 'p': 'monitoring-troubleshooting/'}
{'t': 'Solve Load & Import Errors', 'c': 'Monitoring & Troubleshooting', 'i': 'solving-load-and-import-errors', 'u': '/howto/monitoring-troubleshooting/solving-load-and-import-errors', 'd': '/howto/monitoring-troubleshooting/', 'mo': 11, 'newDir': '/howto/monitoring-troubleshooting//', 'p': 'monitoring-troubleshooting/'}
{'t': 'UI Design', 'c': 'Front End', 'i': 'atlas-ui', 'u': '/howto/front-end/atlas-ui', 'd': '/howto/front-end/', 'mo': 5, 'newDir': '/howto/front-end//atlas-ui/', 'indexFlag': 'true', 'p': 'front-end/'}
{'t': 'Fine-Tune a Chart with Advanced Settings', 'i': 'charts-advanced-tuning', 'u': '/howto/front-end/charts-advanced-tuning', 'd': '/howto/front-end/', 'p': 'front-end/', 'mo': 30, 'newDir': '/howto/front-end//charts-tutorials/'}
{'t': 'Use a Chart with a REST Data Source', 'i': 'charts-basic-rest', 'u': '/howto/front-end/charts-basic-rest', 'd': '/howto/front-end/', 'p': 'front-end/', 'mo': 60, 'newDir': '/howto/front-end//charts-tutorials/'}
{'t': 'Use Any Chart', 'i': 'charts-any-usage', 'u': '/howto/front-end/charts-any-usage', 'd': '/howto/front-end/', 'p': 'front-end/', 'mo': 20, 'newDir': '/howto/front-end//charts-tutorials/'}
{'t': 'Create a Basic Chart', 'i': 'charts-basic-create', 'u': '/howto/front-end/charts-basic-create', 'd': '/howto/front-end/', 'p': 'front-end/', 'mo': 10, 'newDir': '/howto/front-end//charts-tutorials/'}
{'t': 'Use the Plotly Images REST Service Endpoint', 'i': 'charts-plotly-images-rest', 'u': '/howto/front-end/charts-plotly-images-rest', 'd': '/howto/front-end/', 'p': 'front-end/', 'mo': 70, 'newDir': '/howto/front-end//charts-tutorials/'}
{'t': 'Create a Dynamic Series Chart', 'i': 'charts-dynamic-series', 'u': '/howto/front-end/charts-dynamic-series', 'd': '/howto/front-end/', 'p': 'front-end/', 'mo': 50, 'newDir': '/howto/front-end//charts-tutorials/'}
{'t': 'Use the Charts Theme', 'i': 'charts-theme', 'u': '/howto/front-end/charts-theme', 'd': '/howto/front-end/', 'p': 'front-end/', 'mo': 40, 'newDir': '/howto/front-end//charts-tutorials/'}
{'t': 'Use the Charts Widgets', 'c': 'Front End', 'i': 'charts-tutorials', 'u': '/howto/front-end/charts-tutorials', 'd': '/howto/front-end/', 'mo': 20, 'newDir': '/howto/front-end//charts-tutorials/', 'indexFlag': 'true', 'p': 'front-end/'}
{'t': 'Configure Your Theme', 'c': 'Front End', 'i': 'configuring-your-theme', 'u': '/howto/front-end/configuring-your-theme', 'd': '/howto/front-end/', 'mo': 15, 'newDir': '/howto/front-end//', 'p': 'front-end/'}
{'t': 'Create a Company Design System', 'i': 'create-a-company-design-system', 'u': '/howto/front-end/create-a-company-design-system', 'd': '/howto/front-end/', 'p': 'front-end/', 'mo': 45, 'newDir': '/howto/front-end//atlas-ui/'}
{'t': 'Create Custom Error Pages', 'c': 'Front End', 'i': 'custom-error-page', 'u': '/howto/front-end/custom-error-page', 'd': '/howto/front-end/', 'mo': 55, 'newDir': '/howto/front-end//', 'p': 'front-end/'}
{'t': 'Create Your First Two Overview & Detail Pages', 'c': 'Front End', 'i': 'create-your-first-two-overview-and-detail-pages', 'u': '/howto/front-end/create-your-first-two-overview-and-detail-pages', 'd': '/howto/front-end/', 'mo': 25, 'newDir': '/howto/front-end//', 'p': 'front-end/'}
{'t': 'Customize Styling', 'i': 'customize-styling-new', 'u': '/howto/front-end/customize-styling-new', 'd': '/howto/front-end/', 'p': 'front-end/', 'mo': 20, 'newDir': '/howto/front-end//atlas-ui/'}
{'t': 'Extend Design Properties', 'i': 'extend-design-properties', 'u': '/howto/front-end/extend-design-properties', 'd': '/howto/front-end/', 'p': 'front-end/', 'mo': 60, 'newDir': '/howto/front-end//atlas-ui/'}
{'t': 'Use Layouts & Snippets', 'c': 'Front End', 'i': 'layouts-and-snippets', 'u': '/howto/front-end/layouts-and-snippets', 'd': '/howto/front-end/', 'mo': 30, 'newDir': '/howto/front-end//', 'p': 'front-end/'}
{'t': 'Front End', 'i': 'index', 'u': '/howto/front-end/', 'd': '/howto/front-end/', 'newDir': '/howto/front-end/', 'indexFlag': 'true'}
{'t': 'Get Started', 'i': 'get-started', 'u': '/howto/front-end/get-started', 'd': '/howto/front-end/', 'p': 'front-end/', 'mo': 10, 'newDir': '/howto/front-end//atlas-ui/get-started/', 'indexFlag': 'true'}
{'t': 'Configure Module-Level Theme Settings', 'i': 'module-level-theme-settings', 'u': '/howto/front-end/module-level-theme-settings', 'd': '/howto/front-end/', 'p': 'front-end/', 'mo': 25, 'newDir': '/howto/front-end//atlas-ui/'}
{'t': 'Style Google Maps', 'c': 'Front End', 'i': 'style-google-maps', 'u': '/howto/front-end/style-google-maps', 'd': '/howto/front-end/', 'mo': 60, 'newDir': '/howto/front-end//', 'p': 'front-end/'}
{'t': 'Implement Styles', 'c': 'Front End', 'i': 'styles', 'u': '/howto/front-end/styles', 'd': '/howto/front-end/', 'mo': 45, 'newDir': '/howto/front-end//', 'p': 'front-end/'}
{'t': 'Use Navigation Layouts', 'c': 'Front End', 'i': 'use-navigation-layouts', 'u': '/howto/front-end/use-navigation-layouts', 'd': '/howto/front-end/', 'mo': 12, 'newDir': '/howto/front-end//', 'p': 'front-end/'}
{'t': 'Implement Best Practices for UX Design', 'c': 'Front End', 'i': 'ux-best-practices', 'u': '/howto/front-end/ux-best-practices', 'd': '/howto/front-end/', 'mo': 10, 'newDir': '/howto/front-end//', 'p': 'front-end/'}
{'t': 'Use Augmented Reality', 'i': 'ar-parent', 'u': '/howto/mobile/ar-parent', 'd': '/howto/mobile/', 'p': 'mobile/', 'mo': 90, 'newDir': '/howto/mobile//native-mobile/ar-parent/', 'indexFlag': 'true'}
{'t': 'Build Native Apps', 'i': 'build-native-apps', 'u': '/howto/mobile/build-native-apps', 'd': '/howto/mobile/', 'p': 'mobile/', 'mo': 10, 'newDir': '/howto/mobile//native-mobile/distribution/build-native-apps/', 'indexFlag': 'true'}
{'t': 'Troubleshoot Common Native Mobile Issues', 'i': 'common-issues', 'u': '/howto/mobile/common-issues', 'd': '/howto/mobile/', 'p': 'mobile/', 'mo': 40, 'newDir': '/howto/mobile//native-mobile/get-started/'}
{'t': 'Deploy Your First Mendix Native Mobile App', 'i': 'deploying-native-app', 'u': '/howto/mobile/deploying-native-app', 'd': '/howto/mobile/', 'p': 'mobile/', 'mo': 10, 'newDir': '/howto/mobile//native-mobile/distribution/build-native-apps/'}
{'t': 'Distribution', 'i': 'distribution', 'u': '/howto/mobile/distribution', 'd': '/howto/mobile/', 'p': 'mobile/', 'mo': 40, 'newDir': '/howto/mobile//native-mobile/distribution/', 'indexFlag': 'true'}
{'t': 'Build Hybrid Apps ', 'i': 'build-hybrid-apps', 'u': '/howto/mobile/build-hybrid-apps', 'd': '/howto/mobile/', 'p': 'mobile/', 'mo': 2, 'newDir': '/howto/mobile//hybrid-mobile/'}
{'t': 'Get Started with Native Mobile', 'i': 'getting-started-with-native-mobile', 'u': '/howto/mobile/getting-started-with-native-mobile', 'd': '/howto/mobile/', 'p': 'mobile/', 'mo': 10, 'newDir': '/howto/mobile//native-mobile/get-started/'}
{'t': 'Getting Started', 'i': 'get-started', 'u': '/howto/mobile/get-started', 'd': '/howto/mobile/', 'p': 'mobile/', 'mo': 20, 'newDir': '/howto/mobile//native-mobile/get-started/', 'indexFlag': 'true'}
{'t': 'Create An AR Business Card', 'i': 'how-to-ar-business-card', 'u': '/howto/mobile/how-to-ar-business-card', 'd': '/howto/mobile/', 'p': 'mobile/', 'mo': 10, 'newDir': '/howto/mobile//native-mobile/ar-parent/'}
{'t': 'Create a Custom Developer App', 'i': 'how-to-devapps', 'u': '/howto/mobile/how-to-devapps', 'd': '/howto/mobile/', 'p': 'mobile/', 'mo': 50, 'newDir': '/howto/mobile//native-mobile/distribution/build-native-apps/'}
{'t': 'Get Started with AR', 'i': 'how-to-ar-simple-cube', 'u': '/howto/mobile/how-to-ar-simple-cube', 'd': '/howto/mobile/', 'p': 'mobile/', 'mo': 10, 'newDir': '/howto/mobile//native-mobile/ar-parent/'}
{'t': 'Set Up Maps in Native Mobile Apps', 'i': 'how-to-maps', 'u': '/howto/mobile/how-to-maps', 'd': '/howto/mobile/', 'p': 'mobile/', 'mo': 40, 'newDir': '/howto/mobile//native-mobile/implementation/'}
{'t': "Release Over the Air Updates with App Center's CodePush (Deprecated)", 'i': 'how-to-ota-appcenter', 'u': '/howto/mobile/how-to-ota-appcenter', 'd': '/howto/mobile/', 'p': 'mobile/', 'mo': 21, 'newDir': '/howto/mobile//native-mobile/distribution/'}
{'t': 'Release Over the Air Updates with Mendix', 'i': 'how-to-ota', 'u': '/howto/mobile/how-to-ota', 'd': '/howto/mobile/', 'p': 'mobile/', 'mo': 20, 'newDir': '/howto/mobile//native-mobile/distribution/'}
{'t': 'Style Your Mendix Native Mobile App', 'i': 'how-to-use-native-styling', 'u': '/howto/mobile/how-to-use-native-styling', 'd': '/howto/mobile/', 'p': 'mobile/', 'mo': 30, 'newDir': '/howto/mobile//native-mobile/implementation/native-styling/'}
{'t': 'Hybrid Mobile', 'c': 'Mobile', 'i': 'hybrid-mobile', 'u': '/howto/mobile/hybrid-mobile', 'd': '/howto/mobile/', 'mo': 2, 'newDir': '/howto/mobile//hybrid-mobile/', 'indexFlag': 'true', 'p': 'mobile/'}
{'t': 'Mobile', 'i': 'index', 'u': '/howto/mobile/', 'd': '/howto/mobile/', 'newDir': '/howto/mobile/', 'indexFlag': 'true'}
{'t': 'Implementation', 'i': 'implementation', 'u': '/howto/mobile/implementation', 'd': '/howto/mobile/', 'p': 'mobile/', 'mo': 30, 'newDir': '/howto/mobile//native-mobile/implementation/', 'indexFlag': 'true'}
{'t': 'Part 4: Data', 'i': 'local-notif-data', 'u': '/howto/mobile/local-notif-data', 'd': '/howto/mobile/', 'p': 'mobile/', 'mo': 40, 'newDir': '/howto/mobile//native-mobile/implementation/notifications/local-notif-parent/'}
{'t': 'Part 3: Actions', 'i': 'local-notif-action', 'u': '/howto/mobile/local-notif-action', 'd': '/howto/mobile/', 'p': 'mobile/', 'mo': 30, 'newDir': '/howto/mobile//native-mobile/implementation/notifications/local-notif-parent/'}
{'t': 'Part 2: Badges', 'i': 'local-notif-badges', 'u': '/howto/mobile/local-notif-badges', 'd': '/howto/mobile/', 'p': 'mobile/', 'mo': 20, 'newDir': '/howto/mobile//native-mobile/implementation/notifications/local-notif-parent/'}
{'t': 'Use Local Notifications', 'i': 'local-notif-parent', 'u': '/howto/mobile/local-notif-parent', 'd': '/howto/mobile/', 'p': 'mobile/', 'mo': 88, 'newDir': '/howto/mobile//native-mobile/implementation/notifications/local-notif-parent/', 'indexFlag': 'true'}
{'t': 'Part 5: Scheduling', 'i': 'local-notif-schedule-cancel', 'u': '/howto/mobile/local-notif-schedule-cancel', 'd': '/howto/mobile/', 'p': 'mobile/', 'mo': 50, 'newDir': '/howto/mobile//native-mobile/implementation/notifications/local-notif-parent/'}
{'t': 'Build a Mendix Native Mobile App Locally and Manually', 'i': 'native-build-locally-manually', 'u': '/howto/mobile/native-build-locally-manually', 'd': '/howto/mobile/', 'p': 'mobile/', 'mo': 30, 'newDir': '/howto/mobile//native-mobile/distribution/build-native-apps/'}
{'t': 'Add Fonts to Your Native Mobile App', 'i': 'native-custom-fonts', 'u': '/howto/mobile/native-custom-fonts', 'd': '/howto/mobile/', 'p': 'mobile/', 'mo': 20, 'newDir': '/howto/mobile//native-mobile/implementation/'}
{'t': 'Build a Mendix Native Mobile App Locally using the Mendix Native Builder', 'i': 'native-build-locally', 'u': '/howto/mobile/native-build-locally', 'd': '/howto/mobile/', 'p': 'mobile/', 'mo': 30, 'newDir': '/howto/mobile//native-mobile/distribution/build-native-apps/'}
{'t': 'Debug Native Mobile Apps (Advanced)', 'i': 'native-debug', 'u': '/howto/mobile/native-debug', 'd': '/howto/mobile/', 'p': 'mobile/', 'mo': 40, 'newDir': '/howto/mobile//native-mobile/distribution/build-native-apps/'}
{'t': 'Set Up Deep Links in Native Mobile Apps', 'i': 'native-deep-link', 'u': '/howto/mobile/native-deep-link', 'd': '/howto/mobile/', 'p': 'mobile/', 'mo': 30, 'newDir': '/howto/mobile//native-mobile/implementation/'}
{'t': 'Part 1: Local Notifications', 'i': 'native-local-notifications', 'u': '/howto/mobile/native-local-notifications', 'd': '/howto/mobile/', 'p': 'mobile/', 'mo': 10, 'newDir': '/howto/mobile//native-mobile/implementation/notifications/local-notif-parent/'}
{'t': 'Implement Native Mobile Styling', 'i': 'native-styling', 'u': '/howto/mobile/native-styling', 'd': '/howto/mobile/', 'p': 'mobile/', 'mo': 25, 'newDir': '/howto/mobile//native-mobile/implementation/native-styling/', 'indexFlag': 'true'}
{'t': 'Native Mobile', 'c': 'Mobile', 'i': 'native-mobile', 'u': '/howto/mobile/native-mobile', 'd': '/howto/mobile/', 'mo': 1, 'newDir': '/howto/mobile//native-mobile/', 'indexFlag': 'true', 'p': 'mobile/'}
{'t': 'Configure Push Notifications', 'i': 'notif-config-push', 'u': '/howto/mobile/notif-config-push', 'd': '/howto/mobile/', 'p': 'mobile/', 'mo': 56, 'newDir': '/howto/mobile//native-mobile/implementation/notifications/'}
{'t': 'Build a Native App with Push Notifications Enabled', 'i': 'notif-build-native', 'u': '/howto/mobile/notif-build-native', 'd': '/howto/mobile/', 'p': 'mobile/', 'mo': 60, 'newDir': '/howto/mobile//native-mobile/implementation/notifications/'}
{'t': 'Add Module Dependencies', 'i': 'notif-add-module-depends', 'u': '/howto/mobile/notif-add-module-depends', 'd': '/howto/mobile/', 'p': 'mobile/', 'mo': 52, 'newDir': '/howto/mobile//native-mobile/implementation/notifications/'}
{'t': 'Implement the Push Notifications Module', 'i': 'notif-implement-module', 'u': '/howto/mobile/notif-implement-module', 'd': '/howto/mobile/', 'p': 'mobile/', 'mo': 54, 'newDir': '/howto/mobile//native-mobile/implementation/notifications/'}
{'t': 'Implement Push Notifications in Your Native App', 'i': 'notif-implement-native', 'u': '/howto/mobile/notif-implement-native', 'd': '/howto/mobile/', 'p': 'mobile/', 'mo': 58, 'newDir': '/howto/mobile//native-mobile/implementation/notifications/'}
{'t': 'Send Notifications to Multiple Devices', 'i': 'notif-mult-devices', 'u': '/howto/mobile/notif-mult-devices', 'd': '/howto/mobile/', 'p': 'mobile/', 'mo': 71, 'newDir': '/howto/mobile//native-mobile/implementation/notifications/'}
{'t': 'Send Your First Test Push Notification', 'i': 'notif-send-test', 'u': '/howto/mobile/notif-send-test', 'd': '/howto/mobile/', 'p': 'mobile/', 'mo': 64, 'newDir': '/howto/mobile//native-mobile/implementation/notifications/'}
{'t': 'Use Notifications', 'i': 'notifications', 'u': '/howto/mobile/notifications', 'd': '/howto/mobile/', 'p': 'mobile/', 'mo': 54, 'newDir': '/howto/mobile//native-mobile/implementation/notifications/', 'indexFlag': 'true'}
{'t': 'Include Push Notifications', 'i': 'push-notifications', 'u': '/howto/mobile/push-notifications', 'd': '/howto/mobile/', 'p': 'mobile/', 'mo': 10, 'newDir': '/howto/mobile//hybrid-mobile/'}
{'t': 'Set Up Hybrid Push Notifications', 'i': 'setting-up-hybrid-push-notifications', 'u': '/howto/mobile/setting-up-hybrid-push-notifications', 'd': '/howto/mobile/', 'p': 'mobile/', 'mo': 9, 'newDir': '/howto/mobile//hybrid-mobile/'}
{'t': 'Set Up the Google Firebase Cloud Messaging Server', 'i': 'setting-up-google-firebase-cloud-messaging-server', 'u': '/howto/mobile/setting-up-google-firebase-cloud-messaging-server', 'd': '/howto/mobile/', 'p': 'mobile/', 'mo': 55, 'newDir': '/howto/mobile//native-mobile/implementation/notifications/'}
{'t': 'Implement Best Practices for Native Mobile App UI', 'i': 'ui-best-practices', 'u': '/howto/mobile/ui-best-practices', 'd': '/howto/mobile/', 'p': 'mobile/', 'mo': 50, 'newDir': '/howto/mobile//native-mobile/get-started/'}
{'t': 'Test Mendix Native Apps Using Appium', 'i': 'testing-mendix-native-apps-using-appium', 'u': '/howto/mobile/testing-mendix-native-apps-using-appium', 'd': '/howto/mobile/', 'p': 'mobile/', 'mo': 95, 'newDir': '/howto/mobile//native-mobile/'}
