{'t': "Studio Pro 8 How-to's", 'i': 'index', 'u': '/howto8/', 'd': '/howto8/', 'm': True, 'newDir': '/howto8/', 'indexFlag': 'true'}
{'t': 'Contribute to a Mendix GitHub Repository', 'c': 'Collaboration', 'i': 'contribute-to-a-github-repository', 'u': '/howto8/collaboration-requirements-management/contribute-to-a-github-repository', 'd': '/howto8/collaboration-requirements-management/', 'mo': 20, 'newDir': '/howto8/collaboration-requirements-management//', 'p': 'collaboration-requirements-management/'}
{'t': 'Work with an On-Premises Version Control Server', 'c': 'Collaboration', 'i': 'on-premises-svn-howto', 'u': '/howto8/collaboration-requirements-management/on-premises-svn-howto', 'd': '/howto8/collaboration-requirements-management/', 'mo': 60, 'newDir': '/howto8/collaboration-requirements-management//', 'p': 'collaboration-requirements-management/'}
{'t': 'Collaboration', 'i': 'index', 'u': '/howto8/collaboration-requirements-management/', 'd': '/howto8/collaboration-requirements-management/', 'newDir': '/howto8/collaboration-requirements-management/', 'indexFlag': 'true'}
{'t': 'Share the Development Database', 'c': 'Collaboration', 'i': 'sharing-the-development-database', 'u': '/howto8/collaboration-requirements-management/sharing-the-development-database', 'd': '/howto8/collaboration-requirements-management/', 'mo': 40, 'newDir': '/howto8/collaboration-requirements-management//', 'p': 'collaboration-requirements-management/'}
{'t': 'Start Your Own GitHub Repository', 'c': 'Collaboration', 'i': 'starting-your-own-repository', 'u': '/howto8/collaboration-requirements-management/starting-your-own-repository', 'd': '/howto8/collaboration-requirements-management/', 'mo': 30, 'newDir': '/howto8/collaboration-requirements-management//', 'p': 'collaboration-requirements-management/'}
{'t': 'Translate Your App Content', 'c': 'Collaboration', 'i': 'translate-your-app-content', 'u': '/howto8/collaboration-requirements-management/translate-your-app-content', 'd': '/howto8/collaboration-requirements-management/', 'mo': 50, 'newDir': '/howto8/collaboration-requirements-management//', 'p': 'collaboration-requirements-management/'}
{'t': 'Troubleshoot Network Issues for Connecting to Team Server', 'c': 'Collaboration', 'i': 'troubleshoot-network-issues-for-team-server', 'u': '/howto8/collaboration-requirements-management/troubleshoot-network-issues-for-team-server', 'd': '/howto8/collaboration-requirements-management/', 'mo': 14, 'newDir': '/howto8/collaboration-requirements-management//', 'p': 'collaboration-requirements-management/'}
{'t': 'Solve Known Version Control Issues', 'c': 'Collaboration', 'i': 'troubleshoot-version-control-issues', 'u': '/howto8/collaboration-requirements-management/troubleshoot-version-control-issues', 'd': '/howto8/collaboration-requirements-management/', 'mo': 7, 'newDir': '/howto8/collaboration-requirements-management//', 'p': 'collaboration-requirements-management/'}
{'t': 'Create a Basic Data Layer', 'c': 'Data Models', 'i': 'create-a-basic-data-layer', 'u': '/howto8/data-models/create-a-basic-data-layer', 'd': '/howto8/data-models/', 'mo': 1, 'newDir': '/howto8/data-models//', 'p': 'data-models/'}
{'t': 'Data Models', 'i': 'index', 'u': '/howto8/data-models/', 'd': '/howto8/data-models/', 'newDir': '/howto8/data-models/', 'indexFlag': 'true'}
{'t': 'Migrate Your Mendix Database', 'c': 'Data Models', 'i': 'migrating-your-mendix-database', 'u': '/howto8/data-models/migrating-your-mendix-database', 'd': '/howto8/data-models/', 'mo': 7, 'newDir': '/howto8/data-models//', 'p': 'data-models/'}
{'t': 'Denormalize Data to Improve Performance', 'c': 'Data Models', 'i': 'denormalize-data-to-improve-performance', 'u': '/howto8/data-models/denormalize-data-to-improve-performance', 'd': '/howto8/data-models/', 'mo': 6, 'newDir': '/howto8/data-models//', 'p': 'data-models/'}
{'t': 'Set Up Data Validation', 'c': 'Data Models', 'i': 'setting-up-data-validation', 'u': '/howto8/data-models/setting-up-data-validation', 'd': '/howto8/data-models/', 'mo': 2, 'newDir': '/howto8/data-models//', 'p': 'data-models/'}
{'t': 'Work with Images & Files', 'c': 'Data Models', 'i': 'working-with-images-and-files', 'u': '/howto8/data-models/working-with-images-and-files', 'd': '/howto8/data-models/', 'mo': 4, 'newDir': '/howto8/data-models//', 'p': 'data-models/'}
{'t': 'Implement Community Best Practices for App Performance', 'c': 'General Info', 'i': 'community-best-practices-for-app-performance', 'u': '/howto8/general/community-best-practices-for-app-performance', 'd': '/howto8/general/', 'mo': 8, 'newDir': '/howto8/general//', 'p': 'general/'}
{'t': 'Install Mendix Studio Pro', 'c': 'General Info', 'i': 'install', 'u': '/howto8/general/install', 'd': '/howto8/general/', 'newDir': '/howto8/general//', 'p': 'general/'}
{'t': 'General Info', 'i': 'index', 'u': '/howto8/general/', 'd': '/howto8/general/', 'newDir': '/howto8/general/', 'indexFlag': 'true'}
{'t': 'Implement Mendix Best Practices for Development', 'c': 'General Info', 'i': 'dev-best-practices', 'u': '/howto8/general/dev-best-practices', 'd': '/howto8/general/', 'mo': 7, 'newDir': '/howto8/general//', 'p': 'general/'}
{'t': 'Minimize the Number of In-Use Objects in Your Session', 'c': 'General Info', 'i': 'minimize-number', 'u': '/howto8/general/minimize-number', 'd': '/howto8/general/', 'mo': 6, 'newDir': '/howto8/general//', 'p': 'general/'}
{'t': 'Set Up the Navigation Structure', 'c': 'General Info', 'i': 'setting-up-the-navigation-structure', 'u': '/howto8/general/setting-up-the-navigation-structure', 'd': '/howto8/general/', 'mo': 3, 'newDir': '/howto8/general//', 'p': 'general/'}
{'t': 'Configure Parallels', 'c': 'General Info', 'i': 'using-mendix-studio-pro-on-a-mac', 'u': '/howto8/general/using-mendix-studio-pro-on-a-mac', 'd': '/howto8/general/', 'mo': 2, 'newDir': '/howto8/general//', 'p': 'general/'}
{'t': 'Build a Preview Image for a Custom Widget', 'i': 'add-a-preview-image-for-custom-widget', 'u': '/howto8/extensibility/add-a-preview-image-for-custom-widget', 'd': '/howto8/extensibility/', 'p': 'extensibility/', 'newDir': '/howto8/extensibility//widget-development/'}
{'t': 'Build JavaScript Actions', 'c': 'Extensibility', 'i': 'build-javascript-actions', 'u': '/howto8/extensibility/build-javascript-actions', 'd': '/howto8/extensibility/', 'mo': 40, 'newDir': '/howto8/extensibility//build-javascript-actions/', 'indexFlag': 'true', 'p': 'extensibility/'}
{'t': 'Implement Best Practices for JavaScript Actions', 'c': 'Extensibility', 'i': 'best-practices-javascript-actions', 'u': '/howto8/extensibility/best-practices-javascript-actions', 'd': '/howto8/extensibility/', 'mo': 60, 'newDir': '/howto8/extensibility//', 'p': 'extensibility/'}
{'t': 'Build a Pluggable Native Widget', 'c': 'Extensibility', 'i': 'build-native-widget', 'u': '/howto8/extensibility/build-native-widget', 'd': '/howto8/extensibility/', 'mo': 10, 'newDir': '/howto8/extensibility//', 'p': 'extensibility/'}
{'t': 'Build a Pluggable Web Widget: Part 1', 'i': 'create-a-pluggable-widget-one', 'u': '/howto8/extensibility/create-a-pluggable-widget-one', 'd': '/howto8/extensibility/', 'p': 'extensibility/', 'mo': 10, 'newDir': '/howto8/extensibility//pluggable-widgets/'}
{'t': 'Build a Pluggable Web Widget: Part 2 (Advanced)', 'i': 'create-a-pluggable-widget-two', 'u': '/howto8/extensibility/create-a-pluggable-widget-two', 'd': '/howto8/extensibility/', 'p': 'extensibility/', 'mo': 20, 'newDir': '/howto8/extensibility//pluggable-widgets/'}
{'t': 'Explore Connectors & Adapters', 'c': 'Extensibility', 'i': 'explore-connectors-and-adapters', 'u': '/howto8/extensibility/explore-connectors-and-adapters', 'd': '/howto8/extensibility/', 'mo': 70, 'newDir': '/howto8/extensibility//', 'p': 'extensibility/'}
{'t': 'Build JavaScript Actions for Native Mobile', 'i': 'create-native-javascript-action', 'u': '/howto8/extensibility/create-native-javascript-action', 'd': '/howto8/extensibility/', 'p': 'extensibility/', 'mo': 30, 'newDir': '/howto8/extensibility//build-javascript-actions/'}
{'t': 'Get Started with the TimeSeries Connector', 'c': 'Extensibility', 'i': 'get-started-with-the-timeseries-connector', 'u': '/howto8/extensibility/get-started-with-the-timeseries-connector', 'd': '/howto8/extensibility/', 'mo': 100, 'newDir': '/howto8/extensibility//', 'p': 'extensibility/'}
{'t': 'Build Microflow Actions Using the Mendix Connector Kit', 'c': 'Extensibility', 'i': 'howto-connector-kit', 'u': '/howto8/extensibility/howto-connector-kit', 'd': '/howto8/extensibility/', 'mo': 80, 'newDir': '/howto8/extensibility//', 'p': 'extensibility/'}
{'t': 'Use Mendix Data Storage APIs to Build Reusable Microflow Actions', 'c': 'Extensibility', 'i': 'howto-datastorage-api', 'u': '/howto8/extensibility/howto-datastorage-api', 'd': '/howto8/extensibility/', 'mo': 90, 'newDir': '/howto8/extensibility//', 'p': 'extensibility/'}
{'t': 'Extensibility', 'i': 'index', 'u': '/howto8/extensibility/', 'd': '/howto8/extensibility/', 'newDir': '/howto8/extensibility/', 'indexFlag': 'true'}
{'t': 'Build Widgets with XML', 'i': 'use-xml-widget', 'u': '/howto8/extensibility/use-xml-widget', 'd': '/howto8/extensibility/', 'p': 'extensibility/', 'newDir': '/howto8/extensibility//widget-development/'}
{'t': 'Build Pluggable Web Widgets', 'c': 'Extensibility', 'i': 'pluggable-widgets', 'u': '/howto8/extensibility/pluggable-widgets', 'd': '/howto8/extensibility/', 'mo': 20, 'newDir': '/howto8/extensibility//pluggable-widgets/', 'indexFlag': 'true', 'p': 'extensibility/'}
{'t': 'Build Custom Widgets', 'c': 'Extensibility', 'i': 'widget-development', 'u': '/howto8/extensibility/widget-development', 'd': '/howto8/extensibility/', 'mo': 30, 'newDir': '/howto8/extensibility//widget-development/', 'indexFlag': 'true', 'p': 'extensibility/'}
{'t': 'Build JavaScript Actions: Part 1 (Basic)', 'i': 'write-javascript-actions', 'u': '/howto8/extensibility/write-javascript-actions', 'd': '/howto8/extensibility/', 'p': 'extensibility/', 'mo': 10, 'newDir': '/howto8/extensibility//build-javascript-actions/'}
{'t': 'Build JavaScript Actions: Part 2 (Advanced)', 'i': 'write-javascript-github', 'u': '/howto8/extensibility/write-javascript-github', 'd': '/howto8/extensibility/', 'p': 'extensibility/', 'mo': 20, 'newDir': '/howto8/extensibility//build-javascript-actions/'}
{'t': 'Access a Samba Share', 'c': 'Integration', 'i': 'access-a-samba-share-from-the-mxcloud', 'u': '/howto8/integration/access-a-samba-share-from-the-mxcloud', 'd': '/howto8/integration/', 'mo': 11, 'newDir': '/howto8/integration//', 'p': 'integration/'}
{'t': 'Consume a Complex Web Service', 'c': 'Integration', 'i': 'consume-a-complex-web-service', 'u': '/howto8/integration/consume-a-complex-web-service', 'd': '/howto8/integration/', 'mo': 8, 'newDir': '/howto8/integration//', 'p': 'integration/'}
{'t': 'Consume a Simple Web Service', 'c': 'Integration', 'i': 'consume-a-simple-web-service', 'u': '/howto8/integration/consume-a-simple-web-service', 'd': '/howto8/integration/', 'mo': 7, 'newDir': '/howto8/integration//', 'p': 'integration/'}
{'t': 'Consume a REST Service', 'c': 'Integration', 'i': 'consume-a-rest-service', 'u': '/howto8/integration/consume-a-rest-service', 'd': '/howto8/integration/', 'mo': 9, 'newDir': '/howto8/integration//', 'p': 'integration/'}
{'t': 'Export XML Documents', 'c': 'Integration', 'i': 'export-xml-documents', 'u': '/howto8/integration/export-xml-documents', 'd': '/howto8/integration/', 'mo': 4, 'newDir': '/howto8/integration//', 'p': 'integration/'}
{'t': 'Execute an SQL Statement on an External Database', 'c': 'Integration', 'i': 'execute-an-sql-statement-on-an-external-database', 'u': '/howto8/integration/execute-an-sql-statement-on-an-external-database', 'd': '/howto8/integration/', 'mo': 17, 'newDir': '/howto8/integration//', 'p': 'integration/'}
{'t': 'Expose a Web Service', 'c': 'Integration', 'i': 'expose-a-web-service', 'u': '/howto8/integration/expose-a-web-service', 'd': '/howto8/integration/', 'mo': 12, 'newDir': '/howto8/integration//', 'p': 'integration/'}
{'t': 'Implement a Simple CICD Pipeline with Mendix APIs', 'c': 'Integration', 'i': 'implement-cicd-pipeline', 'u': '/howto8/integration/implement-cicd-pipeline', 'd': '/howto8/integration/', 'newDir': '/howto8/integration//', 'p': 'integration/'}
{'t': 'Expose Data to BI Tools Using OData', 'c': 'Integration', 'i': 'exposing-data-to-bi-tools-using-odata', 'u': '/howto8/integration/exposing-data-to-bi-tools-using-odata', 'd': '/howto8/integration/', 'mo': 13, 'newDir': '/howto8/integration//', 'p': 'integration/'}
{'t': 'Import a Large Excel File', 'i': 'import-a-large-excel-file', 'u': '/howto8/integration/import-a-large-excel-file', 'd': '/howto8/integration/', 'p': 'integration/', 'newDir': '/howto8/integration//importing-excel-documents/'}
{'t': 'Import & Export Objects', 'c': 'Integration', 'i': 'importing-and-exporting-objects', 'u': '/howto8/integration/importing-and-exporting-objects', 'd': '/howto8/integration/', 'mo': 2, 'newDir': '/howto8/integration//', 'p': 'integration/'}
{'t': 'Import Excel Documents', 'c': 'Integration', 'i': 'importing-excel-documents', 'u': '/howto8/integration/importing-excel-documents', 'd': '/howto8/integration/', 'mo': 5, 'newDir': '/howto8/integration//importing-excel-documents/', 'indexFlag': 'true', 'p': 'integration/'}
{'t': 'Import XML Documents', 'c': 'Integration', 'i': 'importing-xml-documents', 'u': '/howto8/integration/importing-xml-documents', 'd': '/howto8/integration/', 'mo': 3, 'newDir': '/howto8/integration//', 'p': 'integration/'}
{'t': 'Integration', 'i': 'index', 'u': '/howto8/integration/', 'd': '/howto8/integration/', 'newDir': '/howto8/integration/', 'indexFlag': 'true'}
{'t': 'Publish Data to Other Mendix Apps Using an App Service (Deprecated)', 'c': 'Integration', 'i': 'publish-data-to-other-mendix-apps-using-an-app-service', 'u': '/howto8/integration/publish-data-to-other-mendix-apps-using-an-app-service', 'd': '/howto8/integration/', 'mo': 14, 'newDir': '/howto8/integration//', 'p': 'integration/'}
{'t': 'Publish a REST Service', 'c': 'Integration', 'i': 'publish-rest-service', 'u': '/howto8/integration/publish-rest-service', 'd': '/howto8/integration/', 'mo': 10, 'newDir': '/howto8/integration//', 'p': 'integration/'}
{'t': 'Export to Excel', 'c': 'Integration', 'i': 'using-the-excel-exporter', 'u': '/howto8/integration/using-the-excel-exporter', 'd': '/howto8/integration/', 'mo': 6, 'newDir': '/howto8/integration//', 'p': 'integration/'}
{'t': 'Use a Client Certificate', 'c': 'Integration', 'i': 'use-a-client-certificate', 'u': '/howto8/integration/use-a-client-certificate', 'd': '/howto8/integration/', 'newDir': '/howto8/integration//', 'p': 'integration/'}
{'t': 'Version a REST Service', 'c': 'Integration', 'i': 'version-rest-service', 'u': '/howto8/integration/version-rest-service', 'd': '/howto8/integration/', 'mo': 11, 'newDir': '/howto8/integration//', 'p': 'integration/'}
{'t': 'Configure Selenium Support', 'c': 'Integration', 'i': 'selenium-support', 'u': '/howto8/integration/selenium-support', 'd': '/howto8/integration/', 'mo': 16, 'newDir': '/howto8/integration//', 'p': 'integration/'}
{'t': 'Create a Secure App', 'c': 'Security', 'i': 'create-a-secure-app', 'u': '/howto8/security/create-a-secure-app', 'd': '/howto8/security/', 'mo': 10, 'newDir': '/howto8/security//', 'p': 'security/'}
{'t': 'Implement Best Practices for App Security', 'c': 'Security', 'i': 'best-practices-security', 'u': '/howto8/security/best-practices-security', 'd': '/howto8/security/', 'mo': 20, 'newDir': '/howto8/security//', 'p': 'security/'}
{'t': 'Security', 'i': 'index', 'u': '/howto8/security/', 'd': '/howto8/security/', 'newDir': '/howto8/security/', 'indexFlag': 'true'}
{'t': 'Set Up Anonymous User Security', 'c': 'Security', 'i': 'set-up-anonymous-user-security', 'u': '/howto8/security/set-up-anonymous-user-security', 'd': '/howto8/security/', 'mo': 30, 'newDir': '/howto8/security//', 'p': 'security/'}
{'t': 'Clear Warning Messages', 'c': 'Monitoring & Troubleshooting', 'i': 'clear-warning-messages', 'u': '/howto8/monitoring-troubleshooting/clear-warning-messages', 'd': '/howto8/monitoring-troubleshooting/', 'mo': 1, 'newDir': '/howto8/monitoring-troubleshooting//', 'p': 'monitoring-troubleshooting/'}
{'t': 'Debug Java Actions Remotely', 'i': 'debug-java-actions-remotely', 'u': '/howto8/monitoring-troubleshooting/debug-java-actions-remotely', 'd': '/howto8/monitoring-troubleshooting/', 'p': 'monitoring-troubleshooting/', 'newDir': '/howto8/monitoring-troubleshooting//debug-java-actions/'}
{'t': 'Debug a Hybrid Mobile Application', 'c': 'Monitoring & Troubleshooting', 'i': 'debug-a-hybrid-mobile-application', 'u': '/howto8/monitoring-troubleshooting/debug-a-hybrid-mobile-application', 'd': '/howto8/monitoring-troubleshooting/', 'mo': 5, 'newDir': '/howto8/monitoring-troubleshooting//', 'p': 'monitoring-troubleshooting/'}
{'t': 'Debug Microflows Remotely', 'i': 'debug-microflows-remotely', 'u': '/howto8/monitoring-troubleshooting/debug-microflows-remotely', 'd': '/howto8/monitoring-troubleshooting/', 'p': 'monitoring-troubleshooting/', 'newDir': '/howto8/monitoring-troubleshooting//debug-microflows/'}
{'t': 'Debug Java Actions', 'c': 'Monitoring & Troubleshooting', 'i': 'debug-java-actions', 'u': '/howto8/monitoring-troubleshooting/debug-java-actions', 'd': '/howto8/monitoring-troubleshooting/', 'mo': 4, 'newDir': '/howto8/monitoring-troubleshooting//debug-java-actions/', 'indexFlag': 'true', 'p': 'monitoring-troubleshooting/'}
{'t': 'Debug Microflows', 'c': 'Monitoring & Troubleshooting', 'i': 'debug-microflows', 'u': '/howto8/monitoring-troubleshooting/debug-microflows', 'd': '/howto8/monitoring-troubleshooting/', 'mo': 2, 'newDir': '/howto8/monitoring-troubleshooting//debug-microflows/', 'indexFlag': 'true', 'p': 'monitoring-troubleshooting/'}
{'t': 'Find the Root Cause of Runtime Errors', 'c': 'Monitoring & Troubleshooting', 'i': 'finding-the-root-cause-of-runtime-errors', 'u': '/howto8/monitoring-troubleshooting/finding-the-root-cause-of-runtime-errors', 'd': '/howto8/monitoring-troubleshooting/', 'mo': 8, 'newDir': '/howto8/monitoring-troubleshooting//', 'p': 'monitoring-troubleshooting/'}
{'t': 'Detect & Resolve Performance Issues', 'c': 'Monitoring & Troubleshooting', 'i': 'detect-and-resolve-performance-issues', 'u': '/howto8/monitoring-troubleshooting/detect-and-resolve-performance-issues', 'd': '/howto8/monitoring-troubleshooting/', 'newDir': '/howto8/monitoring-troubleshooting//', 'p': 'monitoring-troubleshooting/'}
{'t': 'Monitoring & Troubleshooting', 'i': 'index', 'u': '/howto8/monitoring-troubleshooting/', 'd': '/howto8/monitoring-troubleshooting/', 'newDir': '/howto8/monitoring-troubleshooting/', 'indexFlag': 'true'}
{'t': 'Set Log Levels', 'c': 'Monitoring & Troubleshooting', 'i': 'log-levels', 'u': '/howto8/monitoring-troubleshooting/log-levels', 'd': '/howto8/monitoring-troubleshooting/', 'mo': 9, 'newDir': '/howto8/monitoring-troubleshooting//', 'p': 'monitoring-troubleshooting/'}
{'t': 'Manage App Performance with AppDynamics', 'i': 'manage-app-performance-with-appdynamics', 'u': '/howto8/monitoring-troubleshooting/manage-app-performance-with-appdynamics', 'd': '/howto8/monitoring-troubleshooting/', 'p': 'monitoring-troubleshooting/', 'mo': 1, 'newDir': '/howto8/monitoring-troubleshooting//manage-app-performance/'}
{'t': 'Manage App Performance with New Relic', 'i': 'manage-app-performance-with-new-relic', 'u': '/howto8/monitoring-troubleshooting/manage-app-performance-with-new-relic', 'd': '/howto8/monitoring-troubleshooting/', 'p': 'monitoring-troubleshooting/', 'mo': 2, 'newDir': '/howto8/monitoring-troubleshooting//manage-app-performance/'}
{'t': 'Monitor Mendix Using JMX', 'c': 'Monitoring & Troubleshooting', 'i': 'monitoring-mendix-using-jmx', 'u': '/howto8/monitoring-troubleshooting/monitoring-mendix-using-jmx', 'd': '/howto8/monitoring-troubleshooting/', 'mo': 10, 'newDir': '/howto8/monitoring-troubleshooting//', 'p': 'monitoring-troubleshooting/'}
{'t': 'Manage App Performance', 'c': 'Monitoring & Troubleshooting', 'i': 'manage-app-performance', 'u': '/howto8/monitoring-troubleshooting/manage-app-performance', 'd': '/howto8/monitoring-troubleshooting/', 'mo': 12, 'newDir': '/howto8/monitoring-troubleshooting//manage-app-performance/', 'indexFlag': 'true', 'p': 'monitoring-troubleshooting/'}
{'t': 'Solve Load & Import Errors', 'c': 'Monitoring & Troubleshooting', 'i': 'solving-load-and-import-errors', 'u': '/howto8/monitoring-troubleshooting/solving-load-and-import-errors', 'd': '/howto8/monitoring-troubleshooting/', 'mo': 11, 'newDir': '/howto8/monitoring-troubleshooting//', 'p': 'monitoring-troubleshooting/'}
{'t': 'Create Automated Tests with TestNG', 'c': 'Testing', 'i': 'create-automated-tests-with-testng', 'u': '/howto8/testing/create-automated-tests-with-testng', 'd': '/howto8/testing/', 'mo': 50, 'newDir': '/howto8/testing//', 'p': 'testing/'}
{'t': 'Testing', 'i': 'index', 'u': '/howto8/testing/', 'd': '/howto8/testing/', 'newDir': '/howto8/testing/', 'indexFlag': 'true'}
{'t': 'Test Mendix Apps Using Selenium IDE', 'c': 'Testing', 'i': 'testing-mendix-applications-using-selenium-ide', 'u': '/howto8/testing/testing-mendix-applications-using-selenium-ide', 'd': '/howto8/testing/', 'mo': 40, 'newDir': '/howto8/testing//', 'p': 'testing/'}
{'t': 'Test Microflows Using the Unit Testing Module', 'c': 'Testing', 'i': 'testing-microflows-using-the-unittesting-module', 'u': '/howto8/testing/testing-microflows-using-the-unittesting-module', 'd': '/howto8/testing/', 'mo': 10, 'newDir': '/howto8/testing//', 'p': 'testing/'}
{'t': 'Test Web Services Using SoapUI', 'c': 'Testing', 'i': 'testing-web-services-using-soapui', 'u': '/howto8/testing/testing-web-services-using-soapui', 'd': '/howto8/testing/', 'mo': 30, 'newDir': '/howto8/testing//', 'p': 'testing/'}
{'t': 'Test with ATS', 'c': 'Testing', 'i': 'testing-with-application-test-suite', 'u': '/howto8/testing/testing-with-application-test-suite', 'd': '/howto8/testing/', 'mo': 20, 'newDir': '/howto8/testing//', 'p': 'testing/'}
{'t': 'Create a Custom Save Button', 'c': 'Logic & Business Rules', 'i': 'create-a-custom-save-button', 'u': '/howto8/logic-business-rules/create-a-custom-save-button', 'd': '/howto8/logic-business-rules/', 'mo': 3, 'newDir': '/howto8/logic-business-rules//', 'p': 'logic-business-rules/'}
{'t': 'Extract & Use Sub-Microflows', 'c': 'Logic & Business Rules', 'i': 'extract-and-use-sub-microflows', 'u': '/howto8/logic-business-rules/extract-and-use-sub-microflows', 'd': '/howto8/logic-business-rules/', 'mo': 5, 'newDir': '/howto8/logic-business-rules//', 'p': 'logic-business-rules/'}
{'t': 'Extend Your Application with Custom Java', 'c': 'Logic & Business Rules', 'i': 'extending-your-application-with-custom-java', 'u': '/howto8/logic-business-rules/extending-your-application-with-custom-java', 'd': '/howto8/logic-business-rules/', 'mo': 12, 'newDir': '/howto8/logic-business-rules//', 'p': 'logic-business-rules/'}
{'t': 'Filter Data on an Overview Page Using XPath', 'c': 'Logic & Business Rules', 'i': 'filtering-data-on-an-overview-page', 'u': '/howto8/logic-business-rules/filtering-data-on-an-overview-page', 'd': '/howto8/logic-business-rules/', 'newDir': '/howto8/logic-business-rules//', 'p': 'logic-business-rules/'}
{'t': 'Logic & Business Rules', 'i': 'index', 'u': '/howto8/logic-business-rules/', 'd': '/howto8/logic-business-rules/', 'newDir': '/howto8/logic-business-rules/', 'indexFlag': 'true'}
{'t': 'Define Access Rules Using XPath', 'c': 'Logic & Business Rules', 'i': 'define-access-rules-using-xpath', 'u': '/howto8/logic-business-rules/define-access-rules-using-xpath', 'd': '/howto8/logic-business-rules/', 'mo': 10, 'newDir': '/howto8/logic-business-rules//', 'p': 'logic-business-rules/'}
{'t': 'Use the Java API', 'c': 'Logic & Business Rules', 'i': 'java-api-tutorial', 'u': '/howto8/logic-business-rules/java-api-tutorial', 'd': '/howto8/logic-business-rules/', 'mo': 13, 'newDir': '/howto8/logic-business-rules//', 'p': 'logic-business-rules/'}
{'t': 'Optimize Microflow Aggregates', 'c': 'Logic & Business Rules', 'i': 'optimizing-microflow-aggregates', 'u': '/howto8/logic-business-rules/optimizing-microflow-aggregates', 'd': '/howto8/logic-business-rules/', 'mo': 7, 'newDir': '/howto8/logic-business-rules//', 'p': 'logic-business-rules/'}
{'t': 'Optimize Retrieve Activities', 'c': 'Logic & Business Rules', 'i': 'optimizing-retrieve-activities', 'u': '/howto8/logic-business-rules/optimizing-retrieve-activities', 'd': '/howto8/logic-business-rules/', 'mo': 9, 'newDir': '/howto8/logic-business-rules//', 'p': 'logic-business-rules/'}
{'t': 'Set Up Error Handling', 'c': 'Logic & Business Rules', 'i': 'set-up-error-handling', 'u': '/howto8/logic-business-rules/set-up-error-handling', 'd': '/howto8/logic-business-rules/', 'mo': 8, 'newDir': '/howto8/logic-business-rules//', 'p': 'logic-business-rules/'}
{'t': 'Configure String Concatenation', 'c': 'Logic & Business Rules', 'i': 'string-concatenation', 'u': '/howto8/logic-business-rules/string-concatenation', 'd': '/howto8/logic-business-rules/', 'mo': 11, 'newDir': '/howto8/logic-business-rules//', 'p': 'logic-business-rules/'}
{'t': 'Set Up Server-Side Paging and Sorting for a Microflow Data Source', 'c': 'Logic & Business Rules', 'i': 'server-side-paging', 'u': '/howto8/logic-business-rules/server-side-paging', 'd': '/howto8/logic-business-rules/', 'newDir': '/howto8/logic-business-rules//', 'p': 'logic-business-rules/'}
{'t': 'Use Translatable Validation Messages', 'c': 'Logic & Business Rules', 'i': 'translatable-validation-messages', 'u': '/howto8/logic-business-rules/translatable-validation-messages', 'd': '/howto8/logic-business-rules/', 'mo': 14, 'newDir': '/howto8/logic-business-rules//', 'p': 'logic-business-rules/'}
{'t': 'Trigger a Microflow From a Menu Item', 'c': 'Logic & Business Rules', 'i': 'trigger-microflow-from-menu-item', 'u': '/howto8/logic-business-rules/trigger-microflow-from-menu-item', 'd': '/howto8/logic-business-rules/', 'mo': 1, 'newDir': '/howto8/logic-business-rules//', 'p': 'logic-business-rules/'}
{'t': 'Work with Lists in a Microflow', 'c': 'Logic & Business Rules', 'i': 'working-with-lists-in-a-microflow', 'u': '/howto8/logic-business-rules/working-with-lists-in-a-microflow', 'd': '/howto8/logic-business-rules/', 'mo': 6, 'newDir': '/howto8/logic-business-rules//', 'p': 'logic-business-rules/'}
{'t': 'Atlas UI', 'c': 'Front End', 'i': 'atlas-ui', 'u': '/howto8/front-end/atlas-ui', 'd': '/howto8/front-end/', 'mo': 5, 'newDir': '/howto8/front-end//atlas-ui/', 'indexFlag': 'true', 'p': 'front-end/'}
{'t': 'Fine-Tune a Chart with Advanced Settings', 'i': 'charts-advanced-tuning', 'u': '/howto8/front-end/charts-advanced-tuning', 'd': '/howto8/front-end/', 'p': 'front-end/', 'mo': 30, 'newDir': '/howto8/front-end//charts-tutorials/'}
{'t': 'Customize Styling Using Calypso', 'i': 'calypso', 'u': '/howto8/front-end/calypso', 'd': '/howto8/front-end/', 'p': 'front-end/', 'mo': 10, 'newDir': '/howto8/front-end//customize-styling/'}
{'t': 'Use Any Chart', 'i': 'charts-any-usage', 'u': '/howto8/front-end/charts-any-usage', 'd': '/howto8/front-end/', 'p': 'front-end/', 'mo': 20, 'newDir': '/howto8/front-end//charts-tutorials/'}
{'t': 'Create a Basic Chart', 'i': 'charts-basic-create', 'u': '/howto8/front-end/charts-basic-create', 'd': '/howto8/front-end/', 'p': 'front-end/', 'mo': 10, 'newDir': '/howto8/front-end//charts-tutorials/'}
{'t': 'Use a Chart with a REST Data Source', 'i': 'charts-basic-rest', 'u': '/howto8/front-end/charts-basic-rest', 'd': '/howto8/front-end/', 'p': 'front-end/', 'mo': 60, 'newDir': '/howto8/front-end//charts-tutorials/'}
{'t': 'Use the Plotly Images REST Service Endpoint', 'i': 'charts-plotly-images-rest', 'u': '/howto8/front-end/charts-plotly-images-rest', 'd': '/howto8/front-end/', 'p': 'front-end/', 'mo': 70, 'newDir': '/howto8/front-end//charts-tutorials/'}
{'t': 'Create a Dynamic Series Chart', 'i': 'charts-dynamic-series', 'u': '/howto8/front-end/charts-dynamic-series', 'd': '/howto8/front-end/', 'p': 'front-end/', 'mo': 50, 'newDir': '/howto8/front-end//charts-tutorials/'}
{'t': 'Use the Charts Widgets', 'c': 'Front End', 'i': 'charts-tutorials', 'u': '/howto8/front-end/charts-tutorials', 'd': '/howto8/front-end/', 'mo': 20, 'newDir': '/howto8/front-end//charts-tutorials/', 'indexFlag': 'true', 'p': 'front-end/'}
{'t': 'Use the Charts Theme', 'i': 'charts-theme', 'u': '/howto8/front-end/charts-theme', 'd': '/howto8/front-end/', 'p': 'front-end/', 'mo': 40, 'newDir': '/howto8/front-end//charts-tutorials/'}
{'t': 'Create Company Atlas UI Resources', 'i': 'create-company-atlas-ui-resources', 'u': '/howto8/front-end/create-company-atlas-ui-resources', 'd': '/howto8/front-end/', 'p': 'front-end/', 'mo': 30, 'newDir': '/howto8/front-end//atlas-ui/'}
{'t': 'Configure Your Theme', 'c': 'Front End', 'i': 'configuring-your-theme', 'u': '/howto8/front-end/configuring-your-theme', 'd': '/howto8/front-end/', 'mo': 15, 'newDir': '/howto8/front-end//', 'p': 'front-end/'}
{'t': 'Create Custom Preview Images for Building Blocks & Page Templates', 'i': 'create-custom-preview-images-for-building-blocks-and-page-templates', 'u': '/howto8/front-end/create-custom-preview-images-for-building-blocks-and-page-templates', 'd': '/howto8/front-end/', 'p': 'front-end/', 'mo': 50, 'newDir': '/howto8/front-end//atlas-ui/'}
{'t': 'Create Your First Two Overview & Detail Pages', 'c': 'Front End', 'i': 'create-your-first-two-overview-and-detail-pages', 'u': '/howto8/front-end/create-your-first-two-overview-and-detail-pages', 'd': '/howto8/front-end/', 'mo': 25, 'newDir': '/howto8/front-end//', 'p': 'front-end/'}
{'t': 'Create Custom Error Pages', 'c': 'Front End', 'i': 'custom-error-page', 'u': '/howto8/front-end/custom-error-page', 'd': '/howto8/front-end/', 'mo': 55, 'newDir': '/howto8/front-end//', 'p': 'front-end/'}
{'t': 'Customize Your Styling', 'c': 'Front End', 'i': 'customize-styling', 'u': '/howto8/front-end/customize-styling', 'd': '/howto8/front-end/', 'mo': 9, 'newDir': '/howto8/front-end//customize-styling/', 'indexFlag': 'true', 'p': 'front-end/'}
{'t': 'Extend Design Properties to Customize Your Studio Experience', 'i': 'extend-design-properties-to-customize', 'u': '/howto8/front-end/extend-design-properties-to-customize', 'd': '/howto8/front-end/', 'p': 'front-end/', 'mo': 60, 'newDir': '/howto8/front-end//atlas-ui/'}
{'t': 'Use Layouts & Snippets', 'c': 'Front End', 'i': 'layouts-and-snippets', 'u': '/howto8/front-end/layouts-and-snippets', 'd': '/howto8/front-end/', 'mo': 30, 'newDir': '/howto8/front-end//', 'p': 'front-end/'}
{'t': 'Get Started with Atlas UI', 'i': 'get-started-with-atlasui', 'u': '/howto8/front-end/get-started-with-atlasui', 'd': '/howto8/front-end/', 'p': 'front-end/', 'mo': 10, 'newDir': '/howto8/front-end//atlas-ui/'}
{'t': 'Front End', 'i': 'index', 'u': '/howto8/front-end/', 'd': '/howto8/front-end/', 'newDir': '/howto8/front-end/', 'indexFlag': 'true'}
{'t': 'Migrate Existing Apps to Atlas UI', 'i': 'migrate-existing-projects-to-atlasui', 'u': '/howto8/front-end/migrate-existing-projects-to-atlasui', 'd': '/howto8/front-end/', 'p': 'front-end/', 'mo': 20, 'newDir': '/howto8/front-end//atlas-ui/'}
{'t': 'Set Up Gulp & Sass', 'i': 'sass-eight', 'u': '/howto8/front-end/sass-eight', 'd': '/howto8/front-end/', 'p': 'front-end/', 'mo': 1, 'newDir': '/howto8/front-end//customize-styling/use-gulp-and-sass/'}
{'t': 'Style Google Maps', 'c': 'Front End', 'i': 'style-google-maps', 'u': '/howto8/front-end/style-google-maps', 'd': '/howto8/front-end/', 'mo': 60, 'newDir': '/howto8/front-end//', 'p': 'front-end/'}
{'t': 'Start Styling with Gulp & Sass', 'i': 'style-with-gulp-and-sass', 'u': '/howto8/front-end/style-with-gulp-and-sass', 'd': '/howto8/front-end/', 'p': 'front-end/', 'mo': 2, 'newDir': '/howto8/front-end//customize-styling/use-gulp-and-sass/'}
{'t': 'Share Company Atlas UI Resources', 'i': 'share-company-atlas-ui-resources', 'u': '/howto8/front-end/share-company-atlas-ui-resources', 'd': '/howto8/front-end/', 'p': 'front-end/', 'mo': 40, 'newDir': '/howto8/front-end//atlas-ui/'}
{'t': 'Implement Styles', 'c': 'Front End', 'i': 'styles', 'u': '/howto8/front-end/styles', 'd': '/howto8/front-end/', 'mo': 45, 'newDir': '/howto8/front-end//', 'p': 'front-end/'}
{'t': 'Customize Styling Using Gulp', 'i': 'use-gulp-and-sass', 'u': '/howto8/front-end/use-gulp-and-sass', 'd': '/howto8/front-end/', 'p': 'front-end/', 'mo': 30, 'newDir': '/howto8/front-end//customize-styling/use-gulp-and-sass/', 'indexFlag': 'true'}
{'t': 'Use Navigation Layouts', 'c': 'Front End', 'i': 'use-navigation-layouts', 'u': '/howto8/front-end/use-navigation-layouts', 'd': '/howto8/front-end/', 'mo': 12, 'newDir': '/howto8/front-end//', 'p': 'front-end/'}
{'t': 'Implement Best Practices for UX Design', 'c': 'Front End', 'i': 'ux-best-practices', 'u': '/howto8/front-end/ux-best-practices', 'd': '/howto8/front-end/', 'mo': 10, 'newDir': '/howto8/front-end//', 'p': 'front-end/'}
{'t': 'Build a Mendix Hybrid App Locally', 'i': 'build-hybrid-locally', 'u': '/howto8/mobile/build-hybrid-locally', 'd': '/howto8/mobile/', 'p': 'mobile/', 'mo': 9, 'newDir': '/howto8/mobile//hybrid-mobile/build-hybrid-apps/'}
{'t': 'Build Hybrid Apps ', 'i': 'build-hybrid-apps', 'u': '/howto8/mobile/build-hybrid-apps', 'd': '/howto8/mobile/', 'p': 'mobile/', 'mo': 2, 'newDir': '/howto8/mobile//hybrid-mobile/build-hybrid-apps/', 'indexFlag': 'true'}
{'t': 'Build Native Apps', 'i': 'build-native-apps', 'u': '/howto8/mobile/build-native-apps', 'd': '/howto8/mobile/', 'p': 'mobile/', 'mo': 8, 'newDir': '/howto8/mobile//native-mobile/build-native-apps/', 'indexFlag': 'true'}
{'t': 'Troubleshoot Common Native Mobile Issues', 'i': 'common-issues', 'u': '/howto8/mobile/common-issues', 'd': '/howto8/mobile/', 'p': 'mobile/', 'mo': 80, 'newDir': '/howto8/mobile//native-mobile/'}
{'t': 'Customizing Local Build Packages', 'i': 'customizing-phonegap-build-packages', 'u': '/howto8/mobile/customizing-phonegap-build-packages', 'd': '/howto8/mobile/', 'p': 'mobile/', 'mo': 30, 'newDir': '/howto8/mobile//hybrid-mobile/build-hybrid-apps/'}
{'t': 'Debug a Hybrid Mobile App', 'i': 'debug-a-mobile-app', 'u': '/howto8/mobile/debug-a-mobile-app', 'd': '/howto8/mobile/', 'p': 'mobile/', 'mo': 40, 'newDir': '/howto8/mobile//hybrid-mobile/'}
{'t': 'Deploy Your First Mendix Native Mobile App with the Native Builder CLI', 'i': 'deploying-native-app-cli', 'u': '/howto8/mobile/deploying-native-app-cli', 'd': '/howto8/mobile/', 'p': 'mobile/', 'mo': 20, 'newDir': '/howto8/mobile//native-mobile/build-native-apps/use-cli-docs/'}
{'t': 'Deploy Your First Hybrid Mobile App', 'i': 'deploy-your-first-hybrid-mobile-app', 'u': '/howto8/mobile/deploy-your-first-hybrid-mobile-app', 'd': '/howto8/mobile/', 'p': 'mobile/', 'mo': 50, 'newDir': '/howto8/mobile//hybrid-mobile/'}
{'t': 'Deploy Your First Mendix Native Mobile App', 'i': 'deploying-native-app', 'u': '/howto8/mobile/deploying-native-app', 'd': '/howto8/mobile/', 'p': 'mobile/', 'mo': 10, 'newDir': '/howto8/mobile//native-mobile/build-native-apps/'}
{'t': 'Configure the Mendix Feedback Widget for iOS', 'i': 'feedback-widget-ios', 'u': '/howto8/mobile/feedback-widget-ios', 'd': '/howto8/mobile/', 'p': 'mobile/', 'mo': 20, 'newDir': '/howto8/mobile//hybrid-mobile/'}
{'t': 'Get Started with Native Mobile', 'i': 'getting-started-with-native-mobile', 'u': '/howto8/mobile/getting-started-with-native-mobile', 'd': '/howto8/mobile/', 'p': 'mobile/', 'mo': 5, 'newDir': '/howto8/mobile//native-mobile/'}
{'t': 'Create a Custom Developer App with the Native Builder CLI', 'i': 'how-to-devapps-cli', 'u': '/howto8/mobile/how-to-devapps-cli', 'd': '/howto8/mobile/', 'p': 'mobile/', 'mo': 30, 'newDir': '/howto8/mobile//native-mobile/build-native-apps/use-cli-docs/'}
{'t': 'Create a Custom Developer App', 'i': 'how-to-devapps', 'u': '/howto8/mobile/how-to-devapps', 'd': '/howto8/mobile/', 'p': 'mobile/', 'mo': 50, 'newDir': '/howto8/mobile//native-mobile/build-native-apps/'}
{'t': 'Set Up Maps in Native Mobile Apps', 'i': 'how-to-maps', 'u': '/howto8/mobile/how-to-maps', 'd': '/howto8/mobile/', 'p': 'mobile/', 'mo': 78, 'newDir': '/howto8/mobile//native-mobile/'}
{'t': "Release Over the Air Updates with App Center's CodePush using the CLI", 'i': 'how-to-ota-cli', 'u': '/howto8/mobile/how-to-ota-cli', 'd': '/howto8/mobile/', 'p': 'mobile/', 'mo': 71, 'newDir': '/howto8/mobile//native-mobile/build-native-apps/use-cli-docs/'}
{'t': "Release Over the Air Updates with App Center's CodePush", 'i': 'how-to-ota', 'u': '/howto8/mobile/how-to-ota', 'd': '/howto8/mobile/', 'p': 'mobile/', 'mo': 71, 'newDir': '/howto8/mobile//native-mobile/'}
{'t': 'Style Your Mendix Native Mobile App', 'i': 'how-to-use-native-styling', 'u': '/howto8/mobile/how-to-use-native-styling', 'd': '/howto8/mobile/', 'p': 'mobile/', 'mo': 30, 'newDir': '/howto8/mobile//native-mobile/native-styling/'}
{'t': 'Hybrid Mobile', 'c': 'Mobile', 'i': 'hybrid-mobile', 'u': '/howto8/mobile/hybrid-mobile', 'd': '/howto8/mobile/', 'mo': 2, 'newDir': '/howto8/mobile//hybrid-mobile/', 'indexFlag': 'true', 'p': 'mobile/'}
{'t': 'Implement Push Notifications', 'i': 'implementation-guide', 'u': '/howto8/mobile/implementation-guide', 'd': '/howto8/mobile/', 'p': 'mobile/', 'mo': 10, 'newDir': '/howto8/mobile//hybrid-mobile/push-notifications/'}
{'t': 'Implement SSO on a Hybrid App with Mendix & SAML', 'i': 'implement-sso-on-a-hybrid-app-with-mendix-and-saml', 'u': '/howto8/mobile/implement-sso-on-a-hybrid-app-with-mendix-and-saml', 'd': '/howto8/mobile/', 'p': 'mobile/', 'mo': 30, 'newDir': '/howto8/mobile//hybrid-mobile/'}
{'t': 'Mobile', 'i': 'index', 'u': '/howto8/mobile/', 'd': '/howto8/mobile/', 'newDir': '/howto8/mobile/', 'indexFlag': 'true'}
{'t': 'Part 2: Badges', 'i': 'local-notif-badges', 'u': '/howto8/mobile/local-notif-badges', 'd': '/howto8/mobile/', 'p': 'mobile/', 'mo': 20, 'newDir': '/howto8/mobile//native-mobile/notifications/local-notif-parent/'}
{'t': 'Part 4: Data', 'i': 'local-notif-data', 'u': '/howto8/mobile/local-notif-data', 'd': '/howto8/mobile/', 'p': 'mobile/', 'mo': 40, 'newDir': '/howto8/mobile//native-mobile/notifications/local-notif-parent/'}
{'t': 'Part 3: Actions', 'i': 'local-notif-action', 'u': '/howto8/mobile/local-notif-action', 'd': '/howto8/mobile/', 'p': 'mobile/', 'mo': 30, 'newDir': '/howto8/mobile//native-mobile/notifications/local-notif-parent/'}
{'t': 'Use Local Notifications', 'i': 'local-notif-parent', 'u': '/howto8/mobile/local-notif-parent', 'd': '/howto8/mobile/', 'p': 'mobile/', 'mo': 88, 'newDir': '/howto8/mobile//native-mobile/notifications/local-notif-parent/', 'indexFlag': 'true'}
{'t': 'Part 5: Scheduling', 'i': 'local-notif-schedule-cancel', 'u': '/howto8/mobile/local-notif-schedule-cancel', 'd': '/howto8/mobile/', 'p': 'mobile/', 'mo': 50, 'newDir': '/howto8/mobile//native-mobile/notifications/local-notif-parent/'}
{'t': 'Build a Mendix Native Mobile App Locally Manually', 'i': 'native-build-locally-manually', 'u': '/howto8/mobile/native-build-locally-manually', 'd': '/howto8/mobile/', 'p': 'mobile/', 'mo': 30, 'newDir': '/howto8/mobile//native-mobile/build-native-apps/'}
{'t': 'Build a Mendix Native Mobile App Locally using Mendix Native Builder', 'i': 'native-build-locally', 'u': '/howto8/mobile/native-build-locally', 'd': '/howto8/mobile/', 'p': 'mobile/', 'mo': 30, 'newDir': '/howto8/mobile//native-mobile/build-native-apps/'}
{'t': 'Add Fonts to Your Native Mobile App', 'i': 'native-custom-fonts', 'u': '/howto8/mobile/native-custom-fonts', 'd': '/howto8/mobile/', 'p': 'mobile/', 'mo': 42, 'newDir': '/howto8/mobile//native-mobile/'}
{'t': 'Debug Native Mobile Apps (Advanced)', 'i': 'native-debug', 'u': '/howto8/mobile/native-debug', 'd': '/howto8/mobile/', 'p': 'mobile/', 'mo': 40, 'newDir': '/howto8/mobile//native-mobile/build-native-apps/'}
{'t': 'Part 1: Local Notifications', 'i': 'native-local-notifications', 'u': '/howto8/mobile/native-local-notifications', 'd': '/howto8/mobile/', 'p': 'mobile/', 'mo': 10, 'newDir': '/howto8/mobile//native-mobile/notifications/local-notif-parent/'}
{'t': 'Set Up Deep Links in Native Mobile Apps', 'i': 'native-deep-link', 'u': '/howto8/mobile/native-deep-link', 'd': '/howto8/mobile/', 'p': 'mobile/', 'mo': 75, 'newDir': '/howto8/mobile//native-mobile/'}
{'t': 'Implement Native Mobile Styling', 'i': 'native-styling', 'u': '/howto8/mobile/native-styling', 'd': '/howto8/mobile/', 'p': 'mobile/', 'mo': 30, 'newDir': '/howto8/mobile//native-mobile/native-styling/', 'indexFlag': 'true'}
{'t': 'Native Mobile', 'c': 'Mobile', 'i': 'native-mobile', 'u': '/howto8/mobile/native-mobile', 'd': '/howto8/mobile/', 'mo': 1, 'newDir': '/howto8/mobile//native-mobile/', 'indexFlag': 'true', 'p': 'mobile/'}
{'t': 'Build a Native App with Push Notifications Enabled', 'i': 'notif-build-native', 'u': '/howto8/mobile/notif-build-native', 'd': '/howto8/mobile/', 'p': 'mobile/', 'mo': 60, 'newDir': '/howto8/mobile//native-mobile/notifications/'}
{'t': 'Add Module Dependencies', 'i': 'notif-add-module-depends', 'u': '/howto8/mobile/notif-add-module-depends', 'd': '/howto8/mobile/', 'p': 'mobile/', 'mo': 52, 'newDir': '/howto8/mobile//native-mobile/notifications/'}
{'t': 'Configure Push Notifications', 'i': 'notif-config-push', 'u': '/howto8/mobile/notif-config-push', 'd': '/howto8/mobile/', 'p': 'mobile/', 'mo': 56, 'newDir': '/howto8/mobile//native-mobile/notifications/'}
{'t': 'Implement the Push Notifications Module', 'i': 'notif-implement-module', 'u': '/howto8/mobile/notif-implement-module', 'd': '/howto8/mobile/', 'p': 'mobile/', 'mo': 54, 'newDir': '/howto8/mobile//native-mobile/notifications/'}
{'t': 'Implement Push Notifications in Your Native App', 'i': 'notif-implement-native', 'u': '/howto8/mobile/notif-implement-native', 'd': '/howto8/mobile/', 'p': 'mobile/', 'mo': 58, 'newDir': '/howto8/mobile//native-mobile/notifications/'}
{'t': 'Send Notifications to Multiple Devices', 'i': 'notif-mult-devices', 'u': '/howto8/mobile/notif-mult-devices', 'd': '/howto8/mobile/', 'p': 'mobile/', 'mo': 71, 'newDir': '/howto8/mobile//native-mobile/notifications/'}
{'t': 'Send Your First Test Push Notification', 'i': 'notif-send-test', 'u': '/howto8/mobile/notif-send-test', 'd': '/howto8/mobile/', 'p': 'mobile/', 'mo': 64, 'newDir': '/howto8/mobile//native-mobile/notifications/'}
{'t': 'Use Notifications', 'i': 'notifications', 'u': '/howto8/mobile/notifications', 'd': '/howto8/mobile/', 'p': 'mobile/', 'mo': 54, 'newDir': '/howto8/mobile//native-mobile/notifications/', 'indexFlag': 'true'}
{'t': 'Publish a Mendix Hybrid Mobile App in Mobile App Stores', 'i': 'publishing-a-mendix-hybrid-mobile-app-in-mobile-app-stores', 'u': '/howto8/mobile/publishing-a-mendix-hybrid-mobile-app-in-mobile-app-stores', 'd': '/howto8/mobile/', 'p': 'mobile/', 'mo': 20, 'newDir': '/howto8/mobile//hybrid-mobile/build-hybrid-apps/'}
{'t': 'Send Push Notifications', 'i': 'sending-push-notifications', 'u': '/howto8/mobile/sending-push-notifications', 'd': '/howto8/mobile/', 'p': 'mobile/', 'mo': 20, 'newDir': '/howto8/mobile//hybrid-mobile/push-notifications/'}
{'t': 'Include Push Notifications', 'i': 'push-notifications', 'u': '/howto8/mobile/push-notifications', 'd': '/howto8/mobile/', 'p': 'mobile/', 'mo': 10, 'newDir': '/howto8/mobile//hybrid-mobile/push-notifications/', 'indexFlag': 'true'}
{'t': 'Set Up the Apple Push Notification Server', 'i': 'setting-up-apple-push-notification-server', 'u': '/howto8/mobile/setting-up-apple-push-notification-server', 'd': '/howto8/mobile/', 'p': 'mobile/', 'mo': 30, 'newDir': '/howto8/mobile//hybrid-mobile/push-notifications/'}
{'t': 'Set Up the Google Firebase Cloud Messaging Server', 'i': 'setting-up-google-firebase-cloud-messaging-server', 'u': '/howto8/mobile/setting-up-google-firebase-cloud-messaging-server', 'd': '/howto8/mobile/', 'p': 'mobile/', 'mo': 55, 'newDir': '/howto8/mobile//native-mobile/notifications/'}
{'t': 'Set Up Hybrid Push Notifications', 'i': 'setting-up-hybrid-push-notifications', 'u': '/howto8/mobile/setting-up-hybrid-push-notifications', 'd': '/howto8/mobile/', 'p': 'mobile/', 'mo': 9, 'newDir': '/howto8/mobile//hybrid-mobile/'}
{'t': 'Test the Push Notifications Implementation', 'i': 'testing-the-implementation', 'u': '/howto8/mobile/testing-the-implementation', 'd': '/howto8/mobile/', 'p': 'mobile/', 'mo': 60, 'newDir': '/howto8/mobile//hybrid-mobile/push-notifications/'}
{'t': 'Build Apps Using the Native Builder CLI', 'i': 'use-cli-docs', 'u': '/howto8/mobile/use-cli-docs', 'd': '/howto8/mobile/', 'p': 'mobile/', 'mo': 89, 'newDir': '/howto8/mobile//native-mobile/build-native-apps/use-cli-docs/', 'indexFlag': 'true'}
{'t': 'Implement Best Practices for Native Mobile App UI', 'i': 'ui-best-practices', 'u': '/howto8/mobile/ui-best-practices', 'd': '/howto8/mobile/', 'p': 'mobile/', 'mo': 35, 'newDir': '/howto8/mobile//native-mobile/'}
