{'t': "Mendix 7 How-to's", 'i': 'index', 'u': '/howto7/', 'd': '/howto7/', 'm': True, 'newDir': '/howto7/', 'indexFlag': 'true'}
{'t': 'Contribute to a GitHub Repository', 'c': 'Collaboration & Requirements Management', 'i': 'contribute-to-a-github-repository', 'u': '/howto7/collaboration-requirements-management/contribute-to-a-github-repository', 'd': '/howto7/collaboration-requirements-management/', 'mo': 20, 'newDir': '/howto7/collaboration-requirements-management//', 'p': 'collaboration-requirements-management/'}
{'t': 'Collaboration & Requirements Management', 'i': 'index', 'u': '/howto7/collaboration-requirements-management/', 'd': '/howto7/collaboration-requirements-management/', 'newDir': '/howto7/collaboration-requirements-management/', 'indexFlag': 'true'}
{'t': 'Work with an On-Premises Version Control Server', 'c': 'Collaboration & Requirements Management', 'i': 'on-premises-svn-howto', 'u': '/howto7/collaboration-requirements-management/on-premises-svn-howto', 'd': '/howto7/collaboration-requirements-management/', 'mo': 60, 'newDir': '/howto7/collaboration-requirements-management//', 'p': 'collaboration-requirements-management/'}
{'t': 'Share the Development Database', 'c': 'Collaboration & Requirements Management', 'i': 'sharing-the-development-database', 'u': '/howto7/collaboration-requirements-management/sharing-the-development-database', 'd': '/howto7/collaboration-requirements-management/', 'mo': 40, 'newDir': '/howto7/collaboration-requirements-management//', 'p': 'collaboration-requirements-management/'}
{'t': 'Start Your Own Repository', 'c': 'Collaboration & Requirements Management', 'i': 'starting-your-own-repository', 'u': '/howto7/collaboration-requirements-management/starting-your-own-repository', 'd': '/howto7/collaboration-requirements-management/', 'mo': 30, 'newDir': '/howto7/collaboration-requirements-management//', 'p': 'collaboration-requirements-management/'}
{'t': 'Translate Your App Content', 'c': 'Collaboration & Requirements Management', 'i': 'translate-your-app-content', 'u': '/howto7/collaboration-requirements-management/translate-your-app-content', 'd': '/howto7/collaboration-requirements-management/', 'mo': 50, 'newDir': '/howto7/collaboration-requirements-management//', 'p': 'collaboration-requirements-management/'}
{'t': 'Solving Known Version Control Issues', 'c': 'Collaboration & Requirements Management', 'i': 'troubleshoot-version-control-issues', 'u': '/howto7/collaboration-requirements-management/troubleshoot-version-control-issues', 'd': '/howto7/collaboration-requirements-management/', 'mo': 7, 'newDir': '/howto7/collaboration-requirements-management//', 'p': 'collaboration-requirements-management/'}
{'t': 'Troubleshoot Network Issues for Connecting to Team Server', 'c': 'Collaboration & Requirements Management', 'i': 'troubleshoot-network-issues-for-team-server', 'u': '/howto7/collaboration-requirements-management/troubleshoot-network-issues-for-team-server', 'd': '/howto7/collaboration-requirements-management/', 'mo': 14, 'newDir': '/howto7/collaboration-requirements-management//', 'p': 'collaboration-requirements-management/'}
{'t': 'Create a Basic Data Layer', 'c': 'Data Models', 'i': 'create-a-basic-data-layer', 'u': '/howto7/data-models/create-a-basic-data-layer', 'd': '/howto7/data-models/', 'mo': 1, 'newDir': '/howto7/data-models//', 'p': 'data-models/'}
{'t': 'Denormalize Data to Improve Performance', 'c': 'Data Models', 'i': 'denormalize-data-to-improve-performance', 'u': '/howto7/data-models/denormalize-data-to-improve-performance', 'd': '/howto7/data-models/', 'mo': 6, 'newDir': '/howto7/data-models//', 'p': 'data-models/'}
{'t': 'Migrate Your Mendix Database', 'c': 'Data Models', 'i': 'migrating-your-mendix-database', 'u': '/howto7/data-models/migrating-your-mendix-database', 'd': '/howto7/data-models/', 'mo': 7, 'newDir': '/howto7/data-models//', 'p': 'data-models/'}
{'t': 'Data Models', 'i': 'index', 'u': '/howto7/data-models/', 'd': '/howto7/data-models/', 'newDir': '/howto7/data-models/', 'indexFlag': 'true'}
{'t': 'Query Over Self-References', 'c': 'Data Models', 'i': 'query-over', 'u': '/howto7/data-models/query-over', 'd': '/howto7/data-models/', 'mo': 5, 'newDir': '/howto7/data-models//', 'p': 'data-models/'}
{'t': 'Set Up Data Validation', 'c': 'Data Models', 'i': 'setting-up-data-validation', 'u': '/howto7/data-models/setting-up-data-validation', 'd': '/howto7/data-models/', 'mo': 2, 'newDir': '/howto7/data-models//', 'p': 'data-models/'}
{'t': 'Work with Images & Files', 'c': 'Data Models', 'i': 'working-with-images-and-files', 'u': '/howto7/data-models/working-with-images-and-files', 'd': '/howto7/data-models/', 'mo': 4, 'newDir': '/howto7/data-models//', 'p': 'data-models/'}
{'t': 'Work with Object Events', 'c': 'Data Models', 'i': 'working-with-object-events', 'u': '/howto7/data-models/working-with-object-events', 'd': '/howto7/data-models/', 'mo': 3, 'newDir': '/howto7/data-models//', 'p': 'data-models/'}
{'t': 'Implement Community Best Practices for App Performance', 'c': 'General', 'i': 'community-best-practices-for-app-performance', 'u': '/howto7/general/community-best-practices-for-app-performance', 'd': '/howto7/general/', 'mo': 4, 'newDir': '/howto7/general//', 'p': 'general/'}
{'t': 'Implement Best Practices for Development', 'c': 'General', 'i': 'dev-best-practices', 'u': '/howto7/general/dev-best-practices', 'd': '/howto7/general/', 'mo': 3, 'newDir': '/howto7/general//', 'p': 'general/'}
{'t': 'Find Your Way in an App', 'c': 'General', 'i': 'find-your-way', 'u': '/howto7/general/find-your-way', 'd': '/howto7/general/', 'mo': 6, 'newDir': '/howto7/general//', 'p': 'general/'}
{'t': 'Find Unused App Items', 'c': 'General', 'i': 'find-unused-items', 'u': '/howto7/general/find-unused-items', 'd': '/howto7/general/', 'mo': 7, 'newDir': '/howto7/general//', 'p': 'general/'}
{'t': 'General', 'i': 'index', 'u': '/howto7/general/', 'd': '/howto7/general/', 'newDir': '/howto7/general/', 'indexFlag': 'true'}
{'t': 'Install the Mendix Desktop Modeler', 'c': 'General', 'i': 'install-the-mendix-desktop-modeler', 'u': '/howto7/general/install-the-mendix-desktop-modeler', 'd': '/howto7/general/', 'mo': 1, 'newDir': '/howto7/general//', 'p': 'general/'}
{'t': 'Minimize the Number of In-Use Objects in Your Session', 'c': 'General', 'i': 'minimize-number', 'u': '/howto7/general/minimize-number', 'd': '/howto7/general/', 'mo': 8, 'newDir': '/howto7/general//', 'p': 'general/'}
{'t': 'Set Up the Navigation Structure', 'c': 'General', 'i': 'setting-up-the-navigation-structure', 'u': '/howto7/general/setting-up-the-navigation-structure', 'd': '/howto7/general/', 'mo': 30, 'newDir': '/howto7/general//', 'p': 'general/'}
{'t': 'Show the Project Directory in Explorer', 'c': 'General', 'i': 'show-project-directory', 'u': '/howto7/general/show-project-directory', 'd': '/howto7/general/', 'mo': 2, 'newDir': '/howto7/general//', 'p': 'general/'}
{'t': 'Atlas UI', 'c': 'Front End', 'i': 'atlas-ui', 'u': '/howto7/front-end/atlas-ui', 'd': '/howto7/front-end/', 'mo': 5, 'newDir': '/howto7/front-end//atlas-ui/', 'indexFlag': 'true', 'p': 'front-end/'}
{'t': 'Configure Your Theme', 'c': 'Front End', 'i': 'configuring-your-theme', 'u': '/howto7/front-end/configuring-your-theme', 'd': '/howto7/front-end/', 'mo': 15, 'newDir': '/howto7/front-end//', 'p': 'front-end/'}
{'t': 'Create Company Atlas UI Resources', 'i': 'create-company-atlas-ui-resources', 'u': '/howto7/front-end/create-company-atlas-ui-resources', 'd': '/howto7/front-end/', 'p': 'front-end/', 'mo': 30, 'newDir': '/howto7/front-end//atlas-ui/'}
{'t': 'Create Custom Preview Images for Building Blocks & Page Templates', 'i': 'create-custom-preview-images-for-building-blocks-and-page-templates', 'u': '/howto7/front-end/create-custom-preview-images-for-building-blocks-and-page-templates', 'd': '/howto7/front-end/', 'p': 'front-end/', 'mo': 50, 'newDir': '/howto7/front-end//atlas-ui/'}
{'t': 'Create Your First Two Overview & Detail Pages', 'c': 'Front End', 'i': 'create-your-first-two-overview-and-detail-pages', 'u': '/howto7/front-end/create-your-first-two-overview-and-detail-pages', 'd': '/howto7/front-end/', 'mo': 20, 'newDir': '/howto7/front-end//', 'p': 'front-end/'}
{'t': 'Create Custom Error Pages', 'c': 'Front End', 'i': 'custom-error-page', 'u': '/howto7/front-end/custom-error-page', 'd': '/howto7/front-end/', 'mo': 50, 'newDir': '/howto7/front-end//', 'p': 'front-end/'}
{'t': 'Extend Design Properties to Customize Your Web Modeler Experience', 'i': 'extend-design-properties-to-customize-the-web-modeler-experience', 'u': '/howto7/front-end/extend-design-properties-to-customize-the-web-modeler-experience', 'd': '/howto7/front-end/', 'p': 'front-end/', 'mo': 60, 'newDir': '/howto7/front-end//atlas-ui/'}
{'t': 'Get Started with Atlas UI', 'i': 'get-started-with-atlasui', 'u': '/howto7/front-end/get-started-with-atlasui', 'd': '/howto7/front-end/', 'p': 'front-end/', 'mo': 10, 'newDir': '/howto7/front-end//atlas-ui/'}
{'t': 'Front End', 'i': 'index', 'u': '/howto7/front-end/', 'd': '/howto7/front-end/', 'newDir': '/howto7/front-end/', 'indexFlag': 'true'}
{'t': 'Use Layouts and Snippets', 'c': 'Front End', 'i': 'layouts-and-snippets', 'u': '/howto7/front-end/layouts-and-snippets', 'd': '/howto7/front-end/', 'mo': 25, 'newDir': '/howto7/front-end//', 'p': 'front-end/'}
{'t': 'Migrate Existing Apps to Atlas UI', 'i': 'migrate-existing-projects-to-atlasui', 'u': '/howto7/front-end/migrate-existing-projects-to-atlasui', 'd': '/howto7/front-end/', 'p': 'front-end/', 'mo': 20, 'newDir': '/howto7/front-end//atlas-ui/'}
{'t': 'Set Up Gulp & Sass', 'i': 'set-up-sass', 'u': '/howto7/front-end/set-up-sass', 'd': '/howto7/front-end/', 'p': 'front-end/', 'mo': 1, 'newDir': '/howto7/front-end//use-gulp-and-sass/'}
{'t': 'Share Company Atlas UI Resources', 'i': 'share-company-atlas-ui-resources', 'u': '/howto7/front-end/share-company-atlas-ui-resources', 'd': '/howto7/front-end/', 'p': 'front-end/', 'mo': 40, 'newDir': '/howto7/front-end//atlas-ui/'}
{'t': 'Style Google Maps', 'c': 'Front End', 'i': 'style-google-maps', 'u': '/howto7/front-end/style-google-maps', 'd': '/howto7/front-end/', 'mo': 60, 'newDir': '/howto7/front-end//', 'p': 'front-end/'}
{'t': 'Start Styling with Gulp & Sass', 'i': 'style-with-gulp-and-sass', 'u': '/howto7/front-end/style-with-gulp-and-sass', 'd': '/howto7/front-end/', 'p': 'front-end/', 'mo': 2, 'newDir': '/howto7/front-end//use-gulp-and-sass/'}
{'t': 'Implement Styles', 'c': 'Front End', 'i': 'styles', 'u': '/howto7/front-end/styles', 'd': '/howto7/front-end/', 'mo': 40, 'newDir': '/howto7/front-end//', 'p': 'front-end/'}
{'t': 'Use Gulp & Sass', 'c': 'Front End', 'i': 'use-gulp-and-sass', 'u': '/howto7/front-end/use-gulp-and-sass', 'd': '/howto7/front-end/', 'mo': 45, 'newDir': '/howto7/front-end//use-gulp-and-sass/', 'indexFlag': 'true', 'p': 'front-end/'}
{'t': 'Implement Best Practices for UX Design', 'c': 'Front End', 'i': 'ux-best-practices', 'u': '/howto7/front-end/ux-best-practices', 'd': '/howto7/front-end/', 'mo': 10, 'newDir': '/howto7/front-end//', 'p': 'front-end/'}
{'t': 'Create a Custom Save Button', 'c': 'Logic & Business Rules', 'i': 'create-a-custom-save-button', 'u': '/howto7/logic-business-rules/create-a-custom-save-button', 'd': '/howto7/logic-business-rules/', 'mo': 3, 'newDir': '/howto7/logic-business-rules//', 'p': 'logic-business-rules/'}
{'t': 'Create Your First Microflow: Hello World!', 'c': 'Logic & Business Rules', 'i': 'create-your-first-microflow-hello-world', 'u': '/howto7/logic-business-rules/create-your-first-microflow-hello-world', 'd': '/howto7/logic-business-rules/', 'mo': 1, 'newDir': '/howto7/logic-business-rules//', 'p': 'logic-business-rules/'}
{'t': 'Define Access Rules Using XPath', 'c': 'Logic & Business Rules', 'i': 'define-access-rules-using-xpath', 'u': '/howto7/logic-business-rules/define-access-rules-using-xpath', 'd': '/howto7/logic-business-rules/', 'mo': 10, 'newDir': '/howto7/logic-business-rules//', 'p': 'logic-business-rules/'}
{'t': 'Drag Microflows & Pages into a Microflow', 'c': 'Logic & Business Rules', 'i': 'drag-microflows-and-pages-into-a-microflow', 'u': '/howto7/logic-business-rules/drag-microflows-and-pages-into-a-microflow', 'd': '/howto7/logic-business-rules/', 'mo': 4, 'newDir': '/howto7/logic-business-rules//', 'p': 'logic-business-rules/'}
{'t': 'Extract and Use Sub-Microflows', 'c': 'Logic & Business Rules', 'i': 'extract-and-use-sub-microflows', 'u': '/howto7/logic-business-rules/extract-and-use-sub-microflows', 'd': '/howto7/logic-business-rules/', 'mo': 5, 'newDir': '/howto7/logic-business-rules//', 'p': 'logic-business-rules/'}
{'t': 'Find Object Activities', 'c': 'Logic & Business Rules', 'i': 'finding-object-activities', 'u': '/howto7/logic-business-rules/finding-object-activities', 'd': '/howto7/logic-business-rules/', 'mo': 14, 'newDir': '/howto7/logic-business-rules//', 'p': 'logic-business-rules/'}
{'t': 'Logic & Business Rules', 'i': 'index', 'u': '/howto7/logic-business-rules/', 'd': '/howto7/logic-business-rules/', 'newDir': '/howto7/logic-business-rules/', 'indexFlag': 'true'}
{'t': 'Filter Data on an Overview Page Using XPath', 'c': 'Logic & Business Rules', 'i': 'filtering-data-on-an-overview-page', 'u': '/howto7/logic-business-rules/filtering-data-on-an-overview-page', 'd': '/howto7/logic-business-rules/', 'newDir': '/howto7/logic-business-rules//', 'p': 'logic-business-rules/'}
{'t': 'Use the Java API', 'c': 'Logic & Business Rules', 'i': 'java-api-tutorial', 'u': '/howto7/logic-business-rules/java-api-tutorial', 'd': '/howto7/logic-business-rules/', 'mo': 13, 'newDir': '/howto7/logic-business-rules//', 'p': 'logic-business-rules/'}
{'t': 'Optimize Microflow Aggregates', 'c': 'Logic & Business Rules', 'i': 'optimizing-microflow-aggregates', 'u': '/howto7/logic-business-rules/optimizing-microflow-aggregates', 'd': '/howto7/logic-business-rules/', 'mo': 7, 'newDir': '/howto7/logic-business-rules//', 'p': 'logic-business-rules/'}
{'t': 'Optimize Retrieve Activities', 'c': 'Logic & Business Rules', 'i': 'optimizing-retrieve-activities', 'u': '/howto7/logic-business-rules/optimizing-retrieve-activities', 'd': '/howto7/logic-business-rules/', 'mo': 9, 'newDir': '/howto7/logic-business-rules//', 'p': 'logic-business-rules/'}
{'t': 'Set Up Error Handling', 'c': 'Logic & Business Rules', 'i': 'set-up-error-handling', 'u': '/howto7/logic-business-rules/set-up-error-handling', 'd': '/howto7/logic-business-rules/', 'mo': 8, 'newDir': '/howto7/logic-business-rules//', 'p': 'logic-business-rules/'}
{'t': 'Use Translatable Validation Messages', 'c': 'Logic & Business Rules', 'i': 'translatable-validation-messages', 'u': '/howto7/logic-business-rules/translatable-validation-messages', 'd': '/howto7/logic-business-rules/', 'mo': 14, 'newDir': '/howto7/logic-business-rules//', 'p': 'logic-business-rules/'}
{'t': 'Configure String Concatenation', 'c': 'Logic & Business Rules', 'i': 'string-concatenation', 'u': '/howto7/logic-business-rules/string-concatenation', 'd': '/howto7/logic-business-rules/', 'mo': 11, 'newDir': '/howto7/logic-business-rules//', 'p': 'logic-business-rules/'}
{'t': 'Trigger Logic Using Microflows', 'c': 'Logic & Business Rules', 'i': 'triggering-logic-using-microflows', 'u': '/howto7/logic-business-rules/triggering-logic-using-microflows', 'd': '/howto7/logic-business-rules/', 'mo': 2, 'newDir': '/howto7/logic-business-rules//', 'p': 'logic-business-rules/'}
{'t': 'Work with Lists in a Microflow', 'c': 'Logic & Business Rules', 'i': 'working-with-lists-in-a-microflow', 'u': '/howto7/logic-business-rules/working-with-lists-in-a-microflow', 'd': '/howto7/logic-business-rules/', 'mo': 6, 'newDir': '/howto7/logic-business-rules//', 'p': 'logic-business-rules/'}
{'t': 'Consume a REST Service', 'c': 'Integration', 'i': 'consume-a-rest-service', 'u': '/howto7/integration/consume-a-rest-service', 'd': '/howto7/integration/', 'mo': 9, 'newDir': '/howto7/integration//', 'p': 'integration/'}
{'t': 'Consume a Complex Web Service', 'c': 'Integration', 'i': 'consume-a-complex-web-service', 'u': '/howto7/integration/consume-a-complex-web-service', 'd': '/howto7/integration/', 'mo': 8, 'newDir': '/howto7/integration//', 'p': 'integration/'}
{'t': 'Consume a Simple Web Service', 'c': 'Integration', 'i': 'consume-a-simple-web-service', 'u': '/howto7/integration/consume-a-simple-web-service', 'd': '/howto7/integration/', 'mo': 7, 'newDir': '/howto7/integration//', 'p': 'integration/'}
{'t': 'Execute an SQL Statement on an External Database', 'c': 'Integration', 'i': 'execute-an-sql-statement-on-an-external-database', 'u': '/howto7/integration/execute-an-sql-statement-on-an-external-database', 'd': '/howto7/integration/', 'mo': 17, 'newDir': '/howto7/integration//', 'p': 'integration/'}
{'t': 'Export XML Documents', 'c': 'Integration', 'i': 'export-xml-documents', 'u': '/howto7/integration/export-xml-documents', 'd': '/howto7/integration/', 'mo': 4, 'newDir': '/howto7/integration//', 'p': 'integration/'}
{'t': 'Expose a Web Service', 'c': 'Integration', 'i': 'expose-a-web-service', 'u': '/howto7/integration/expose-a-web-service', 'd': '/howto7/integration/', 'mo': 12, 'newDir': '/howto7/integration//', 'p': 'integration/'}
{'t': 'Implement a Simple CICD Pipeline with Mendix APIs', 'c': 'Integration', 'i': 'implement-cicd-pipeline', 'u': '/howto7/integration/implement-cicd-pipeline', 'd': '/howto7/integration/', 'newDir': '/howto7/integration//', 'p': 'integration/'}
{'t': 'Import a Large Excel File', 'i': 'import-a-large-excel-file', 'u': '/howto7/integration/import-a-large-excel-file', 'd': '/howto7/integration/', 'p': 'integration/', 'newDir': '/howto7/integration//importing-excel-documents/'}
{'t': 'Import & Export Objects', 'c': 'Integration', 'i': 'importing-and-exporting-objects', 'u': '/howto7/integration/importing-and-exporting-objects', 'd': '/howto7/integration/', 'mo': 2, 'newDir': '/howto7/integration//', 'p': 'integration/'}
{'t': 'Import Excel Documents', 'c': 'Integration', 'i': 'importing-excel-documents', 'u': '/howto7/integration/importing-excel-documents', 'd': '/howto7/integration/', 'mo': 5, 'newDir': '/howto7/integration//importing-excel-documents/', 'indexFlag': 'true', 'p': 'integration/'}
{'t': 'Integration', 'i': 'index', 'u': '/howto7/integration/', 'd': '/howto7/integration/', 'newDir': '/howto7/integration/', 'indexFlag': 'true'}
{'t': 'Import XML Documents', 'c': 'Integration', 'i': 'importing-xml-documents', 'u': '/howto7/integration/importing-xml-documents', 'd': '/howto7/integration/', 'mo': 3, 'newDir': '/howto7/integration//', 'p': 'integration/'}
{'t': 'Integrate a Legacy System into a Mendix App', 'c': 'Integration', 'i': 'integrating-a-legacy-system-into-a-mendix-app', 'u': '/howto7/integration/integrating-a-legacy-system-into-a-mendix-app', 'd': '/howto7/integration/', 'mo': 1, 'newDir': '/howto7/integration//', 'p': 'integration/'}
{'t': 'Publish Data to Other Mendix Apps Using an App Service', 'c': 'Integration', 'i': 'publish-data-to-other-mendix-apps-using-an-app-service', 'u': '/howto7/integration/publish-data-to-other-mendix-apps-using-an-app-service', 'd': '/howto7/integration/', 'mo': 14, 'newDir': '/howto7/integration//', 'p': 'integration/'}
{'t': 'Publish a REST Service', 'c': 'Integration', 'i': 'publish-rest-service', 'u': '/howto7/integration/publish-rest-service', 'd': '/howto7/integration/', 'mo': 10, 'newDir': '/howto7/integration//', 'p': 'integration/'}
{'t': 'Use a Client Certificate', 'c': 'Integration', 'i': 'use-a-client-certificate', 'u': '/howto7/integration/use-a-client-certificate', 'd': '/howto7/integration/', 'newDir': '/howto7/integration//', 'p': 'integration/'}
{'t': 'Configure Selenium Support', 'c': 'Integration', 'i': 'selenium-support', 'u': '/howto7/integration/selenium-support', 'd': '/howto7/integration/', 'mo': 16, 'newDir': '/howto7/integration//', 'p': 'integration/'}
{'t': 'Version a REST Service', 'c': 'Integration', 'i': 'version-rest-service', 'u': '/howto7/integration/version-rest-service', 'd': '/howto7/integration/', 'mo': 11, 'newDir': '/howto7/integration//', 'p': 'integration/'}
{'t': 'Create Automated Tests with TestNG', 'c': 'Testing', 'i': 'create-automated-tests-with-testng', 'u': '/howto7/testing/create-automated-tests-with-testng', 'd': '/howto7/testing/', 'mo': 50, 'newDir': '/howto7/testing//', 'p': 'testing/'}
{'t': 'Testing', 'i': 'index', 'u': '/howto7/testing/', 'd': '/howto7/testing/', 'newDir': '/howto7/testing/', 'indexFlag': 'true'}
{'t': 'Test Microflows Using the UnitTesting Module', 'c': 'Testing', 'i': 'testing-microflows-using-the-unittesting-module', 'u': '/howto7/testing/testing-microflows-using-the-unittesting-module', 'd': '/howto7/testing/', 'mo': 10, 'newDir': '/howto7/testing//', 'p': 'testing/'}
{'t': 'Test Mendix Applications Using Selenium IDE', 'c': 'Testing', 'i': 'testing-mendix-applications-using-selenium-ide', 'u': '/howto7/testing/testing-mendix-applications-using-selenium-ide', 'd': '/howto7/testing/', 'mo': 40, 'newDir': '/howto7/testing//', 'p': 'testing/'}
{'t': 'Test Web Services Using SoapUI', 'c': 'Testing', 'i': 'testing-web-services-using-soapui', 'u': '/howto7/testing/testing-web-services-using-soapui', 'd': '/howto7/testing/', 'mo': 30, 'newDir': '/howto7/testing//', 'p': 'testing/'}
{'t': 'Test with ATS', 'c': 'Testing', 'i': 'testing-with-application-test-suite', 'u': '/howto7/testing/testing-with-application-test-suite', 'd': '/howto7/testing/', 'mo': 20, 'newDir': '/howto7/testing//', 'p': 'testing/'}
{'t': 'Debug a Hybrid Mobile App', 'c': 'Mobile Development', 'i': 'debug-a-mobile-app', 'u': '/howto7/mobile/debug-a-mobile-app', 'd': '/howto7/mobile/', 'mo': 40, 'newDir': '/howto7/mobile//', 'p': 'mobile/'}
{'t': 'Configure the Mendix Feedback Widget for iOS', 'c': 'Mobile Development', 'i': 'feedback-widget-ios', 'u': '/howto7/mobile/feedback-widget-ios', 'd': '/howto7/mobile/', 'mo': 20, 'newDir': '/howto7/mobile//', 'p': 'mobile/'}
{'t': 'Deploy Your First Hybrid Mobile App', 'c': 'Mobile Development', 'i': 'deploy-your-first-hybrid-mobile-app', 'u': '/howto7/mobile/deploy-your-first-hybrid-mobile-app', 'd': '/howto7/mobile/', 'mo': 50, 'newDir': '/howto7/mobile//', 'p': 'mobile/'}
{'t': 'Implement SSO on a Hybrid App with Mendix & SAML', 'c': 'Mobile Development', 'i': 'implement-sso-on-a-hybrid-app-with-mendix-and-saml', 'u': '/howto7/mobile/implement-sso-on-a-hybrid-app-with-mendix-and-saml', 'd': '/howto7/mobile/', 'mo': 30, 'newDir': '/howto7/mobile//', 'p': 'mobile/'}
{'t': 'Implement Push Notifications', 'i': 'implementation-guide', 'u': '/howto7/mobile/implementation-guide', 'd': '/howto7/mobile/', 'p': 'mobile/', 'mo': 10, 'newDir': '/howto7/mobile//push-notifications/'}
{'t': 'Mobile Development', 'i': 'index', 'u': '/howto7/mobile/', 'd': '/howto7/mobile/', 'newDir': '/howto7/mobile/', 'indexFlag': 'true'}
{'t': 'Send Push Notifications', 'i': 'sending-push-notifications', 'u': '/howto7/mobile/sending-push-notifications', 'd': '/howto7/mobile/', 'p': 'mobile/', 'mo': 20, 'newDir': '/howto7/mobile//push-notifications/'}
{'t': 'Include Push Notifications', 'c': 'Mobile Development', 'i': 'push-notifications', 'u': '/howto7/mobile/push-notifications', 'd': '/howto7/mobile/', 'mo': 10, 'newDir': '/howto7/mobile//push-notifications/', 'indexFlag': 'true', 'p': 'mobile/'}
{'t': 'Publish a Mendix Hybrid Mobile App in Mobile App Stores', 'c': 'Mobile Development', 'i': 'publishing-a-mendix-hybrid-mobile-app-in-mobile-app-stores', 'u': '/howto7/mobile/publishing-a-mendix-hybrid-mobile-app-in-mobile-app-stores', 'd': '/howto7/mobile/', 'mo': 60, 'newDir': '/howto7/mobile//', 'p': 'mobile/'}
{'t': 'Set Up the Apple Push Notification Server', 'i': 'setting-up-apple-push-notification-server', 'u': '/howto7/mobile/setting-up-apple-push-notification-server', 'd': '/howto7/mobile/', 'p': 'mobile/', 'mo': 30, 'newDir': '/howto7/mobile//push-notifications/'}
{'t': 'Set Up the Google Firebase Cloud Messaging Server', 'i': 'setting-up-google-firebase-cloud-messaging-server', 'u': '/howto7/mobile/setting-up-google-firebase-cloud-messaging-server', 'd': '/howto7/mobile/', 'p': 'mobile/', 'mo': 40, 'newDir': '/howto7/mobile//push-notifications/'}
{'t': 'Test the Implementation', 'i': 'testing-the-implementation', 'u': '/howto7/mobile/testing-the-implementation', 'd': '/howto7/mobile/', 'p': 'mobile/', 'mo': 60, 'newDir': '/howto7/mobile//push-notifications/'}
{'t': 'Implement Best Practices for App Security', 'c': 'Security', 'i': 'best-practices-security', 'u': '/howto7/security/best-practices-security', 'd': '/howto7/security/', 'mo': 20, 'newDir': '/howto7/security//', 'p': 'security/'}
{'t': 'Create a Secure App', 'c': 'Security', 'i': 'create-a-secure-app', 'u': '/howto7/security/create-a-secure-app', 'd': '/howto7/security/', 'mo': 10, 'newDir': '/howto7/security//', 'p': 'security/'}
{'t': 'Security', 'i': 'index', 'u': '/howto7/security/', 'd': '/howto7/security/', 'newDir': '/howto7/security/', 'indexFlag': 'true'}
{'t': 'Set Up Anonymous User Security', 'c': 'Security', 'i': 'set-up-anonymous-user-security', 'u': '/howto7/security/set-up-anonymous-user-security', 'd': '/howto7/security/', 'mo': 30, 'newDir': '/howto7/security//', 'p': 'security/'}
{'t': 'Debug Java Actions Remotely', 'c': 'Monitoring & Troubleshooting', 'i': 'debug-java-actions-remotely', 'u': '/howto7/monitoring-troubleshooting/debug-java-actions-remotely', 'd': '/howto7/monitoring-troubleshooting/', 'mo': 7, 'newDir': '/howto7/monitoring-troubleshooting//', 'p': 'monitoring-troubleshooting/'}
{'t': 'Clear Warning Messages', 'c': 'Monitoring & Troubleshooting', 'i': 'clear-warning-messages', 'u': '/howto7/monitoring-troubleshooting/clear-warning-messages', 'd': '/howto7/monitoring-troubleshooting/', 'mo': 1, 'newDir': '/howto7/monitoring-troubleshooting//', 'p': 'monitoring-troubleshooting/'}
{'t': 'Debug Java Actions', 'c': 'Monitoring & Troubleshooting', 'i': 'debug-java-actions', 'u': '/howto7/monitoring-troubleshooting/debug-java-actions', 'd': '/howto7/monitoring-troubleshooting/', 'mo': 6, 'newDir': '/howto7/monitoring-troubleshooting//', 'p': 'monitoring-troubleshooting/'}
{'t': 'Debug Microflows Remotely', 'c': 'Monitoring & Troubleshooting', 'i': 'debug-microflows-remotely', 'u': '/howto7/monitoring-troubleshooting/debug-microflows-remotely', 'd': '/howto7/monitoring-troubleshooting/', 'mo': 3, 'newDir': '/howto7/monitoring-troubleshooting//', 'p': 'monitoring-troubleshooting/'}
{'t': 'Debug Microflows', 'c': 'Monitoring & Troubleshooting', 'i': 'debug-microflows', 'u': '/howto7/monitoring-troubleshooting/debug-microflows', 'd': '/howto7/monitoring-troubleshooting/', 'mo': 2, 'newDir': '/howto7/monitoring-troubleshooting//', 'p': 'monitoring-troubleshooting/'}
{'t': 'Detect & Resolve Performance Issues', 'c': 'Monitoring & Troubleshooting', 'i': 'detect-and-resolve-performance-issues', 'u': '/howto7/monitoring-troubleshooting/detect-and-resolve-performance-issues', 'd': '/howto7/monitoring-troubleshooting/', 'newDir': '/howto7/monitoring-troubleshooting//', 'p': 'monitoring-troubleshooting/'}
{'t': 'Find the Root Cause of Runtime Errors', 'c': 'Monitoring & Troubleshooting', 'i': 'finding-the-root-cause-of-runtime-errors', 'u': '/howto7/monitoring-troubleshooting/finding-the-root-cause-of-runtime-errors', 'd': '/howto7/monitoring-troubleshooting/', 'mo': 8, 'newDir': '/howto7/monitoring-troubleshooting//', 'p': 'monitoring-troubleshooting/'}
{'t': 'Handle Common Mendix SSO Errors', 'c': 'Monitoring & Troubleshooting', 'i': 'handle-common-mendix-sso-errors', 'u': '/howto7/monitoring-troubleshooting/handle-common-mendix-sso-errors', 'd': '/howto7/monitoring-troubleshooting/', 'mo': 4, 'newDir': '/howto7/monitoring-troubleshooting//', 'p': 'monitoring-troubleshooting/'}
{'t': 'Set Log Levels', 'c': 'Monitoring & Troubleshooting', 'i': 'log-levels', 'u': '/howto7/monitoring-troubleshooting/log-levels', 'd': '/howto7/monitoring-troubleshooting/', 'mo': 9, 'newDir': '/howto7/monitoring-troubleshooting//', 'p': 'monitoring-troubleshooting/'}
{'t': 'Manage Application Performance with AppDynamics', 'c': 'Monitoring & Troubleshooting', 'i': 'manage-application-performance-with-appdynamics', 'u': '/howto7/monitoring-troubleshooting/manage-application-performance-with-appdynamics', 'd': '/howto7/monitoring-troubleshooting/', 'mo': 12, 'newDir': '/howto7/monitoring-troubleshooting//', 'p': 'monitoring-troubleshooting/'}
{'t': 'Monitoring & Troubleshooting', 'i': 'index', 'u': '/howto7/monitoring-troubleshooting/', 'd': '/howto7/monitoring-troubleshooting/', 'newDir': '/howto7/monitoring-troubleshooting/', 'indexFlag': 'true'}
{'t': 'Manage Application Performance with New Relic', 'c': 'Monitoring & Troubleshooting', 'i': 'manage-application-performance-with-new-relic', 'u': '/howto7/monitoring-troubleshooting/manage-application-performance-with-new-relic', 'd': '/howto7/monitoring-troubleshooting/', 'mo': 13, 'newDir': '/howto7/monitoring-troubleshooting//', 'p': 'monitoring-troubleshooting/'}
{'t': 'Monitor Mendix Using JMX', 'c': 'Monitoring & Troubleshooting', 'i': 'monitoring-mendix-using-jmx', 'u': '/howto7/monitoring-troubleshooting/monitoring-mendix-using-jmx', 'd': '/howto7/monitoring-troubleshooting/', 'mo': 10, 'newDir': '/howto7/monitoring-troubleshooting//', 'p': 'monitoring-troubleshooting/'}
{'t': 'Solve Load & Import Errors', 'c': 'Monitoring & Troubleshooting', 'i': 'solving-load-and-import-errors', 'u': '/howto7/monitoring-troubleshooting/solving-load-and-import-errors', 'd': '/howto7/monitoring-troubleshooting/', 'mo': 11, 'newDir': '/howto7/monitoring-troubleshooting//', 'p': 'monitoring-troubleshooting/'}
{'t': 'Build a Preview Image for a Custom Widget', 'c': 'Widget Development', 'i': 'add-a-preview-image-for-custom-widget', 'u': '/howto7/widget-development/add-a-preview-image-for-custom-widget', 'd': '/howto7/widget-development/', 'newDir': '/howto7/widget-development//', 'p': 'widget-development/'}
{'t': 'Widget Development', 'i': 'index', 'u': '/howto7/widget-development/', 'd': '/howto7/widget-development/', 'newDir': '/howto7/widget-development/', 'indexFlag': 'true'}
{'t': 'Scaffold a Widget with the Yeoman Widget Generator', 'c': 'Widget Development', 'i': 'scaffold-a-widget-with-the-yeoman-widget-generator', 'u': '/howto7/widget-development/scaffold-a-widget-with-the-yeoman-widget-generator', 'd': '/howto7/widget-development/', 'newDir': '/howto7/widget-development//', 'p': 'widget-development/'}
{'t': 'Use the Widget Development Plugin for Adobe Brackets', 'c': 'Widget Development', 'i': 'use-the-widget-development-plugin-for-adobe-brackets', 'u': '/howto7/widget-development/use-the-widget-development-plugin-for-adobe-brackets', 'd': '/howto7/widget-development/', 'newDir': '/howto7/widget-development//', 'p': 'widget-development/'}
{'t': 'Use XML in Widget Development', 'c': 'Widget Development', 'i': 'use-xml-widget', 'u': '/howto7/widget-development/use-xml-widget', 'd': '/howto7/widget-development/', 'newDir': '/howto7/widget-development//', 'p': 'widget-development/'}
{'t': 'Access a Samba Share', 'c': 'Extensibility', 'i': 'access-a-samba-share-from-the-mxcloud', 'u': '/howto7/extensibility/access-a-samba-share-from-the-mxcloud', 'd': '/howto7/extensibility/', 'mo': 10, 'newDir': '/howto7/extensibility//', 'p': 'extensibility/'}
{'t': 'Fine-Tune a Chart with Advanced Settings', 'i': 'charts-advanced-tuning', 'u': '/howto7/extensibility/charts-advanced-tuning', 'd': '/howto7/extensibility/', 'p': 'extensibility/', 'mo': 30, 'newDir': '/howto7/extensibility//charts-tutorials/'}
{'t': 'Use Any Chart', 'i': 'charts-any-usage', 'u': '/howto7/extensibility/charts-any-usage', 'd': '/howto7/extensibility/', 'p': 'extensibility/', 'mo': 20, 'newDir': '/howto7/extensibility//charts-tutorials/'}
{'t': 'Create a Basic Chart', 'i': 'charts-basic-create', 'u': '/howto7/extensibility/charts-basic-create', 'd': '/howto7/extensibility/', 'p': 'extensibility/', 'mo': 10, 'newDir': '/howto7/extensibility//charts-tutorials/'}
{'t': 'Use a Chart with a REST Data Source', 'i': 'charts-basic-rest', 'u': '/howto7/extensibility/charts-basic-rest', 'd': '/howto7/extensibility/', 'p': 'extensibility/', 'mo': 60, 'newDir': '/howto7/extensibility//charts-tutorials/'}
{'t': 'Create a Dynamic Series Chart', 'i': 'charts-dynamic-series', 'u': '/howto7/extensibility/charts-dynamic-series', 'd': '/howto7/extensibility/', 'p': 'extensibility/', 'mo': 50, 'newDir': '/howto7/extensibility//charts-tutorials/'}
{'t': 'Use the Plotly Images REST Service Endpoint', 'i': 'charts-plotly-images-rest', 'u': '/howto7/extensibility/charts-plotly-images-rest', 'd': '/howto7/extensibility/', 'p': 'extensibility/', 'mo': 70, 'newDir': '/howto7/extensibility//charts-tutorials/'}
{'t': 'Use the Charts Theme', 'i': 'charts-theme', 'u': '/howto7/extensibility/charts-theme', 'd': '/howto7/extensibility/', 'p': 'extensibility/', 'mo': 40, 'newDir': '/howto7/extensibility//charts-tutorials/'}
{'t': 'Use the Charts Widgets', 'c': 'Extensibility', 'i': 'charts-tutorials', 'u': '/howto7/extensibility/charts-tutorials', 'd': '/howto7/extensibility/', 'mo': 10, 'newDir': '/howto7/extensibility//charts-tutorials/', 'indexFlag': 'true', 'p': 'extensibility/'}
{'t': 'Get Started with the TimeSeries Connector', 'c': 'Extensibility', 'i': 'get-started-with-the-timeseries-connector', 'u': '/howto7/extensibility/get-started-with-the-timeseries-connector', 'd': '/howto7/extensibility/', 'mo': 2, 'newDir': '/howto7/extensibility//', 'p': 'extensibility/'}
{'t': 'Build Microflow Actions Using the Mendix Connector Kit', 'c': 'Extensibility', 'i': 'howto-connector-kit', 'u': '/howto7/extensibility/howto-connector-kit', 'd': '/howto7/extensibility/', 'mo': 4, 'newDir': '/howto7/extensibility//', 'p': 'extensibility/'}
{'t': 'Use Mendix Data Storage APIs to Build Reusable microflow Actions', 'c': 'Extensibility', 'i': 'howto-datastorage-api', 'u': '/howto7/extensibility/howto-datastorage-api', 'd': '/howto7/extensibility/', 'mo': 5, 'newDir': '/howto7/extensibility//', 'p': 'extensibility/'}
{'t': 'Extensibility', 'i': 'index', 'u': '/howto7/extensibility/', 'd': '/howto7/extensibility/', 'newDir': '/howto7/extensibility/', 'indexFlag': 'true'}
