{'t': 'Strategic Partners Guide', 'i': 'index', 'u': '/partners/', 'd': '/partners/', 'm': True, 'newDir': '/partners/', 'indexFlag': 'true'}
{'t': 'SAP', 'i': 'index', 'u': '/partners/sap/', 'd': '/partners/sap/', 'newDir': '/partners/sap/', 'indexFlag': 'true'}
{'t': 'Application Autoscaler for SAP Business Technology Platform', 'c': 'SAP', 'i': 'sap-autoscaler', 'u': '/partners/sap/sap-autoscaler', 'd': '/partners/sap/', 'mo': 47, 'newDir': '/partners/sap//', 'p': 'sap/'}
{'t': 'BAPI Connector for SAP Solutions', 'c': 'SAP', 'i': 'sap-bapi-connector', 'u': '/partners/sap/sap-bapi-connector', 'd': '/partners/sap/', 'mo': 18, 'newDir': '/partners/sap//', 'p': 'sap/'}
{'t': 'SAP Cloud Connector', 'c': 'SAP', 'i': 'sap-cloud-connector', 'u': '/partners/sap/sap-cloud-connector', 'd': '/partners/sap/', 'mo': 28, 'newDir': '/partners/sap//', 'p': 'sap/'}
{'t': 'SAP Data Models', 'c': 'SAP', 'i': 'sap-data-models', 'u': '/partners/sap/sap-data-models', 'd': '/partners/sap/', 'mo': 30, 'newDir': '/partners/sap//', 'p': 'sap/'}
{'t': 'SAP Destination Service', 'c': 'SAP', 'i': 'sap-destination-service', 'u': '/partners/sap/sap-destination-service', 'd': '/partners/sap/', 'mo': 20, 'newDir': '/partners/sap//', 'p': 'sap/'}
{'t': 'Use an SAP Connectivity Service with REST and SOAP', 'c': 'SAP', 'i': 'sap-destination-with-rest', 'u': '/partners/sap/sap-destination-with-rest', 'd': '/partners/sap/', 'mo': 25, 'newDir': '/partners/sap//', 'p': 'sap/'}
{'t': 'SAP Fiori 3.0 Styling', 'c': 'SAP', 'i': 'sap-fiori-3-0', 'u': '/partners/sap/sap-fiori-3-0', 'd': '/partners/sap/', 'mo': 70, 'newDir': '/partners/sap//sap-fiori-3-0/', 'indexFlag': 'true', 'p': 'sap/'}
{'t': 'SAP Fiori 2.5 / Mendix Building Blocks', 'i': 'sap-fiori-building-blocks', 'u': '/partners/sap/sap-fiori-building-blocks', 'd': '/partners/sap/', 'p': 'sap/', 'mo': 10, 'newDir': '/partners/sap//sap-fiori-3-0/'}
{'t': 'Connector for SAP Leonardo Machine Learning Foundation', 'c': 'SAP', 'i': 'sap-leonardo-connector', 'u': '/partners/sap/sap-leonardo-connector', 'd': '/partners/sap/', 'mo': 60, 'newDir': '/partners/sap//', 'p': 'sap/'}
{'t': 'SAP Logging Connector', 'c': 'SAP', 'i': 'sap-logger', 'u': '/partners/sap/sap-logger', 'd': '/partners/sap/', 'mo': 49, 'newDir': '/partners/sap//', 'p': 'sap/'}
{'t': 'OData Connector for SAP Solutions', 'c': 'SAP', 'i': 'sap-odata-connector', 'u': '/partners/sap/sap-odata-connector', 'd': '/partners/sap/', 'mo': 10, 'newDir': '/partners/sap//', 'p': 'sap/'}
{'t': 'PostgreSQL on Amazon (AWS) for SAP Business Technology Platform', 'c': 'SAP', 'i': 'sap-postgresql-on-aws', 'u': '/partners/sap/sap-postgresql-on-aws', 'd': '/partners/sap/', 'mo': 48, 'newDir': '/partners/sap//', 'p': 'sap/'}
{'t': 'SAP Single Sign-On', 'c': 'SAP', 'i': 'sap-single-sign-on', 'u': '/partners/sap/sap-single-sign-on', 'd': '/partners/sap/', 'mo': 50, 'newDir': '/partners/sap//', 'p': 'sap/'}
{'t': 'Troubleshoot OData Connector for SAP Solutions', 'c': 'SAP', 'i': 'sap-troubleshoot-odata-connector', 'u': '/partners/sap/sap-troubleshoot-odata-connector', 'd': '/partners/sap/', 'mo': 16, 'newDir': '/partners/sap//', 'p': 'sap/'}
{'t': 'XSUAA Connector for SAP Business Technology Platform', 'c': 'SAP', 'i': 'sap-xsuaa-connector', 'u': '/partners/sap/sap-xsuaa-connector', 'd': '/partners/sap/', 'mo': 40, 'newDir': '/partners/sap//', 'p': 'sap/'}
{'t': 'Use the OData Connector for SAP Solutions', 'c': 'SAP', 'i': 'use-sap-odata-connector', 'u': '/partners/sap/use-sap-odata-connector', 'd': '/partners/sap/', 'mo': 15, 'newDir': '/partners/sap//', 'p': 'sap/'}
{'t': 'Use OData Model Creator for SAP Solutions', 'c': 'SAP', 'i': 'use-sap-odata-model-creator', 'u': '/partners/sap/use-sap-odata-model-creator', 'd': '/partners/sap/', 'mo': 35, 'newDir': '/partners/sap//', 'p': 'sap/'}
{'t': 'Use the XSUAA Connector for SAP Business Technology Platform', 'c': 'SAP', 'i': 'use-sap-xsuaa-connector', 'u': '/partners/sap/use-sap-xsuaa-connector', 'd': '/partners/sap/', 'mo': 45, 'newDir': '/partners/sap//', 'p': 'sap/'}
{'t': 'Siemens', 'i': 'index', 'u': '/partners/siemens/', 'd': '/partners/siemens/', 'newDir': '/partners/siemens/', 'indexFlag': 'true'}
{'t': 'Mendix on MindSphere', 'i': 'mendix-on-mindsphere', 'u': '/partners/siemens/mendix-on-mindsphere', 'd': '/partners/siemens/', 'p': 'siemens/', 'mo': 50, 'newDir': '/partners/siemens//mindsphere/mendix-on-mindsphere/', 'indexFlag': 'true'}
{'t': 'MindSphere IIoT for Makers', 'i': 'mindsphere-app-service', 'u': '/partners/siemens/mindsphere-app-service', 'd': '/partners/siemens/', 'p': 'siemens/', 'mo': 5, 'newDir': '/partners/siemens//mindsphere/'}
{'t': 'MindSphere Development Considerations', 'i': 'mindsphere-development-considerations', 'u': '/partners/siemens/mindsphere-development-considerations', 'd': '/partners/siemens/', 'p': 'siemens/', 'mo': 10, 'newDir': '/partners/siemens//mindsphere/mendix-on-mindsphere/'}
{'t': 'Use the Siemens MindSphere Operations Insight Example App', 'i': 'mindsphere-example-app', 'u': '/partners/siemens/mindsphere-example-app', 'd': '/partners/siemens/', 'p': 'siemens/', 'mo': 110, 'newDir': '/partners/siemens//mindsphere/mendix-on-mindsphere/'}
{'t': 'MindSphere Mobile Native', 'i': 'mindsphere-mobile-native', 'u': '/partners/siemens/mindsphere-mobile-native', 'd': '/partners/siemens/', 'p': 'siemens/', 'mo': 200, 'newDir': '/partners/siemens//mindsphere/mendix-on-mindsphere/'}
{'t': 'MindSphere', 'c': 'Siemens', 'i': 'mindsphere', 'u': '/partners/siemens/mindsphere', 'd': '/partners/siemens/', 'newDir': '/partners/siemens//mindsphere/', 'indexFlag': 'true', 'p': 'siemens/'}
{'t': 'MindSphere Module Details', 'i': 'mindsphere-module-details', 'u': '/partners/siemens/mindsphere-module-details', 'd': '/partners/siemens/', 'p': 'siemens/', 'mo': 20, 'newDir': '/partners/siemens//mindsphere/mendix-on-mindsphere/'}
