{'t': 'Action Call Activities', 'i': 'action-call-activities', 'u': '/refguide/action-call-activities', 'd': '/refguide/', 'p': 'modeling', 'mo': 30, 'newDir': '/refguide/modeling/application-logic/microflows-and-nanoflows/activities/action-call-activities/', 'indexFlag': 'true'}
{'t': 'Access Rules', 'i': 'access-rules', 'u': '/refguide/access-rules', 'd': '/refguide/', 'p': 'modeling', 'mo': 70, 'newDir': '/refguide/modeling/domain-model/entities/'}
{'t': 'Activities', 'i': 'activities', 'u': '/refguide/activities', 'd': '/refguide/', 'p': 'modeling', 'mo': 40, 'newDir': '/refguide/modeling/application-logic/microflows-and-nanoflows/activities/', 'indexFlag': 'true'}
{'t': 'Add Date Function Calls', 'i': 'add-date-function-calls', 'u': '/refguide/add-date-function-calls', 'd': '/refguide/', 'p': 'modeling', 'mo': 110, 'newDir': '/refguide/modeling/application-logic/expressions/'}
{'t': 'Administrator', 'i': 'administrator', 'u': '/refguide/administrator', 'd': '/refguide/', 'p': 'modeling', 'mo': 20, 'newDir': '/refguide/modeling/menus/view-menu/project-explorer/security/project-security/'}
{'t': 'Annotation', 'i': 'annotation', 'u': '/refguide/annotation', 'd': '/refguide/', 'p': 'modeling', 'mo': 60, 'newDir': '/refguide/modeling/application-logic/microflows-and-nanoflows/'}
{'t': 'Annotations', 'i': 'annotations', 'u': '/refguide/annotations', 'd': '/refguide/', 'p': 'modeling', 'mo': 30, 'newDir': '/refguide/modeling/domain-model/'}
{'t': 'Aggregate List', 'i': 'aggregate-list', 'u': '/refguide/aggregate-list', 'd': '/refguide/', 'p': 'modeling', 'mo': 1, 'newDir': '/refguide/modeling/application-logic/microflows-and-nanoflows/activities/list-activities/'}
{'t': 'Anonymous Users', 'i': 'anonymous-users', 'u': '/refguide/anonymous-users', 'd': '/refguide/', 'p': 'modeling', 'mo': 40, 'newDir': '/refguide/modeling/menus/view-menu/project-explorer/security/project-security/'}
{'t': 'App Menu', 'i': 'app-menu', 'u': '/refguide/app-menu', 'd': '/refguide/', 'p': 'modeling', 'mo': 30, 'newDir': '/refguide/modeling/menus/app-menu/', 'indexFlag': 'true'}
{'t': 'Application Logic', 'c': 'App Modeling', 'i': 'application-logic', 'u': '/refguide/application-logic', 'd': '/refguide/', 'mo': 40, 'newDir': '/refguide/modeling/application-logic/', 'indexFlag': 'true', 'p': 'modeling'}
{'t': 'Arithmetic Expressions', 'i': 'arithmetic-expressions', 'u': '/refguide/arithmetic-expressions', 'd': '/refguide/', 'p': 'modeling', 'mo': 20, 'newDir': '/refguide/modeling/application-logic/expressions/'}
{'t': 'Augmented Reality Widgets', 'c': 'Mobile', 'i': 'ar-widgets', 'u': '/refguide/ar-widgets', 'd': '/refguide/', 'mo': 55, 'newDir': '/refguide/mobile/', 'p': 'mobile'}
{'t': 'Association Tab Properties', 'i': 'association-member-properties', 'u': '/refguide/association-member-properties', 'd': '/refguide/', 'p': 'modeling', 'mo': 15, 'newDir': '/refguide/modeling/domain-model/associations/'}
{'t': 'Association Properties', 'i': 'association-properties', 'u': '/refguide/association-properties', 'd': '/refguide/', 'p': 'modeling', 'mo': 10, 'newDir': '/refguide/modeling/domain-model/associations/'}
{'t': 'Association Source', 'i': 'association-source', 'u': '/refguide/association-source', 'd': '/refguide/', 'p': 'modeling', 'mo': 60, 'newDir': '/refguide/modeling/pages/data-widgets/data-sources/'}
{'t': 'Atlas 3 Change Summary', 'i': 'atlas3-change-summary', 'u': '/refguide/atlas3-change-summary', 'd': '/refguide/', 'p': 'general', 'mo': 7, 'newDir': '/refguide/general/moving-from-8-to-9/moving-from-atlas-2-to-3/'}
{'t': 'Associations', 'i': 'associations', 'u': '/refguide/associations', 'd': '/refguide/', 'p': 'modeling', 'mo': 20, 'newDir': '/refguide/modeling/domain-model/associations/', 'indexFlag': 'true'}
{'t': 'Attribute Type Migration', 'i': 'attributes-type-migration', 'u': '/refguide/attributes-type-migration', 'd': '/refguide/', 'p': 'runtime', 'mo': 10, 'newDir': '/refguide/runtime/data-storage/'}
{'t': 'Attributes', 'i': 'attributes', 'u': '/refguide/attributes', 'd': '/refguide/', 'p': 'modeling', 'mo': 30, 'newDir': '/refguide/modeling/domain-model/entities/'}
{'t': 'Authentication', 'i': 'authentication-widgets', 'u': '/refguide/authentication-widgets', 'd': '/refguide/', 'p': 'modeling', 'mo': 55, 'newDir': '/refguide/modeling/pages/authentication-widgets/', 'indexFlag': 'true'}
{'t': 'Batch Translate', 'i': 'batch-translate', 'u': '/refguide/batch-translate', 'd': '/refguide/', 'p': 'modeling', 'mo': 30, 'newDir': '/refguide/modeling/menus/translatable-texts/'}
{'t': 'Batch Replace', 'i': 'batch-replace', 'u': '/refguide/batch-replace', 'd': '/refguide/', 'p': 'modeling', 'mo': 20, 'newDir': '/refguide/modeling/menus/translatable-texts/'}
{'t': 'Between Date Function Calls', 'i': 'between-date-function-calls', 'u': '/refguide/between-date-function-calls', 'd': '/refguide/', 'p': 'modeling', 'mo': 100, 'newDir': '/refguide/modeling/application-logic/expressions/'}
{'t': 'Boolean Expressions', 'i': 'boolean-expressions', 'u': '/refguide/boolean-expressions', 'd': '/refguide/', 'p': 'modeling', 'mo': 50, 'newDir': '/refguide/modeling/application-logic/expressions/'}
{'t': 'Branch Line Manager', 'i': 'branch-line-manager-dialog', 'u': '/refguide/branch-line-manager-dialog', 'd': '/refguide/', 'p': 'modeling', 'mo': 80, 'newDir': '/refguide/modeling/menus/version-control-menu/branch-line-manager-dialog/', 'indexFlag': 'true'}
{'t': 'Building Block', 'i': 'building-block', 'u': '/refguide/building-block', 'd': '/refguide/', 'p': 'modeling', 'mo': 40, 'newDir': '/refguide/modeling/pages/page-resources/'}
{'t': 'Break Event', 'i': 'break-event', 'u': '/refguide/break-event', 'd': '/refguide/', 'p': 'modeling', 'mo': 5, 'newDir': '/refguide/modeling/application-logic/microflows-and-nanoflows/events/'}
{'t': 'Button Properties', 'i': 'button-properties', 'u': '/refguide/button-properties', 'd': '/refguide/', 'p': 'modeling', 'newDir': '/refguide/modeling/pages/button-widgets/'}
{'t': 'Buttons', 'i': 'button-widgets', 'u': '/refguide/button-widgets', 'd': '/refguide/', 'p': 'modeling', 'mo': 40, 'newDir': '/refguide/modeling/pages/button-widgets/', 'indexFlag': 'true'}
{'t': 'Call Microflow', 'i': 'call-microflow', 'u': '/refguide/call-microflow', 'd': '/refguide/', 'p': 'modeling', 'mo': 50, 'newDir': '/refguide/modeling/application-logic/workflows/'}
{'t': 'Call Web Service', 'i': 'call-web-service-action', 'u': '/refguide/call-web-service-action', 'd': '/refguide/', 'p': 'modeling', 'mo': 20, 'newDir': '/refguide/modeling/application-logic/microflows-and-nanoflows/activities/integration-activities/'}
{'t': 'Call REST Service', 'i': 'call-rest-action', 'u': '/refguide/call-rest-action', 'd': '/refguide/', 'p': 'modeling', 'mo': 10, 'newDir': '/refguide/modeling/application-logic/microflows-and-nanoflows/activities/integration-activities/'}
{'t': 'Case-Sensitive Database Behavior', 'i': 'case-sensitive-database-behavior', 'u': '/refguide/case-sensitive-database-behavior', 'd': '/refguide/', 'p': 'runtime', 'mo': 20, 'newDir': '/refguide/runtime/data-storage/'}
{'t': 'Cast Object', 'i': 'cast-object', 'u': '/refguide/cast-object', 'd': '/refguide/', 'p': 'modeling', 'mo': 10, 'newDir': '/refguide/modeling/application-logic/microflows-and-nanoflows/activities/object-activities/'}
{'t': 'Cell (Document Template)', 'i': 'cell-document-template', 'u': '/refguide/cell-document-template', 'd': '/refguide/', 'p': 'modeling', 'newDir': '/refguide/modeling/resources/document-templates/table-document-template/row-document-template/'}
{'t': 'Change Object', 'i': 'change-object', 'u': '/refguide/change-object', 'd': '/refguide/', 'p': 'modeling', 'mo': 20, 'newDir': '/refguide/modeling/application-logic/microflows-and-nanoflows/activities/object-activities/'}
{'t': 'Change List', 'i': 'change-list', 'u': '/refguide/change-list', 'd': '/refguide/', 'p': 'modeling', 'mo': 2, 'newDir': '/refguide/modeling/application-logic/microflows-and-nanoflows/activities/list-activities/'}
{'t': 'Change Variable', 'i': 'change-variable', 'u': '/refguide/change-variable', 'd': '/refguide/', 'p': 'modeling', 'newDir': '/refguide/modeling/application-logic/microflows-and-nanoflows/activities/variable-activities/'}
{'t': 'Change Workflow State', 'i': 'change-workflow-state', 'u': '/refguide/change-workflow-state', 'd': '/refguide/', 'p': 'modeling', 'mo': 20, 'newDir': '/refguide/modeling/application-logic/microflows-and-nanoflows/activities/workflow-activities/'}
{'t': 'Changes Pane', 'i': 'changes-pane', 'u': '/refguide/changes-pane', 'd': '/refguide/', 'p': 'modeling', 'mo': 10, 'newDir': '/refguide/modeling/menus/view-menu/'}
{'t': 'Chart Advanced Cheat Sheet', 'i': 'charts-advanced-cheat-sheet', 'u': '/refguide/charts-advanced-cheat-sheet', 'd': '/refguide/', 'p': 'modeling', 'mo': 20, 'newDir': '/refguide/modeling/pages/chart-widgets/'}
{'t': 'Any Chart Building Blocks', 'i': 'charts-any-building-blocks', 'u': '/refguide/charts-any-building-blocks', 'd': '/refguide/', 'p': 'modeling', 'mo': 40, 'newDir': '/refguide/modeling/pages/chart-widgets/'}
{'t': 'Charts', 'i': 'chart-widgets', 'u': '/refguide/chart-widgets', 'd': '/refguide/', 'p': 'modeling', 'mo': 70, 'newDir': '/refguide/modeling/pages/chart-widgets/', 'indexFlag': 'true'}
{'t': 'Any Chart Cheat Sheet', 'i': 'charts-any-cheat-sheet', 'u': '/refguide/charts-any-cheat-sheet', 'd': '/refguide/', 'p': 'modeling', 'mo': 50, 'newDir': '/refguide/modeling/pages/chart-widgets/'}
{'t': 'Any Chart Widgets', 'i': 'charts-any-configuration', 'u': '/refguide/charts-any-configuration', 'd': '/refguide/', 'p': 'modeling', 'mo': 30, 'newDir': '/refguide/modeling/pages/chart-widgets/'}
{'t': 'Chart Configuration', 'i': 'charts-configuration', 'u': '/refguide/charts-configuration', 'd': '/refguide/', 'p': 'modeling', 'mo': 10, 'newDir': '/refguide/modeling/pages/chart-widgets/'}
{'t': 'Check Box', 'i': 'check-box', 'u': '/refguide/check-box', 'd': '/refguide/', 'p': 'modeling', 'mo': 40, 'newDir': '/refguide/modeling/pages/input-widgets/'}
{'t': 'Client Activities', 'i': 'client-activities', 'u': '/refguide/client-activities', 'd': '/refguide/', 'p': 'modeling', 'mo': 50, 'newDir': '/refguide/modeling/application-logic/microflows-and-nanoflows/activities/client-activities/', 'indexFlag': 'true'}
{'t': 'Close Page', 'i': 'close-page', 'u': '/refguide/close-page', 'd': '/refguide/', 'p': 'modeling', 'mo': 10, 'newDir': '/refguide/modeling/application-logic/microflows-and-nanoflows/activities/client-activities/'}
{'t': 'Clustered Mendix Runtime', 'c': 'Mendix Runtime', 'i': 'clustered-mendix-runtime', 'u': '/refguide/clustered-mendix-runtime', 'd': '/refguide/', 'newDir': '/refguide/runtime/', 'p': 'runtime'}
{'t': 'Collaborative Development', 'c': 'Version Control', 'i': 'collaborative-development', 'u': '/refguide/collaborative-development', 'd': '/refguide/', 'newDir': '/refguide/version-control/collaborative-development/', 'indexFlag': 'true', 'p': 'version-control'}
{'t': 'Columns (Document Template)', 'i': 'columns-document-template', 'u': '/refguide/columns-document-template', 'd': '/refguide/', 'p': 'modeling', 'newDir': '/refguide/modeling/resources/document-templates/data-grid-document-template/'}
{'t': 'Grid Columns', 'i': 'columns', 'u': '/refguide/columns', 'd': '/refguide/', 'p': 'modeling', 'newDir': '/refguide/modeling/pages/data-widgets/grids/data-grid/'}
{'t': 'Troubleshooting Collaborative Development', 'i': 'collaborative-development-troubleshooting', 'u': '/refguide/collaborative-development-troubleshooting', 'd': '/refguide/', 'p': 'version-control', 'newDir': '/refguide/version-control/collaborative-development/'}
{'t': 'Commit', 'i': 'commit-dialog', 'u': '/refguide/commit-dialog', 'd': '/refguide/', 'p': 'modeling', 'mo': 20, 'newDir': '/refguide/modeling/menus/version-control-menu/'}
{'t': 'Commit Object(s)', 'i': 'committing-objects', 'u': '/refguide/committing-objects', 'd': '/refguide/', 'p': 'modeling', 'mo': 30, 'newDir': '/refguide/modeling/application-logic/microflows-and-nanoflows/activities/object-activities/'}
{'t': 'Properties Common in the Page Editor', 'i': 'common-widget-properties', 'u': '/refguide/common-widget-properties', 'd': '/refguide/', 'p': 'modeling', 'mo': 120, 'newDir': '/refguide/modeling/pages/'}
{'t': 'Communication Patterns in the Mendix Runtime', 'c': 'Mendix Runtime', 'i': 'communication-patterns', 'u': '/refguide/communication-patterns', 'd': '/refguide/', 'newDir': '/refguide/runtime/', 'p': 'runtime'}
{'t': 'Complete Task', 'i': 'complete-task', 'u': '/refguide/complete-task', 'd': '/refguide/', 'p': 'modeling', 'mo': 30, 'newDir': '/refguide/modeling/application-logic/microflows-and-nanoflows/activities/workflow-activities/'}
{'t': 'Configurations', 'i': 'configuration', 'u': '/refguide/configuration', 'd': '/refguide/', 'p': 'modeling', 'newDir': '/refguide/modeling/menus/view-menu/project-explorer/project/project-settings/'}
{'t': 'Navigation Consistency Errors', 'i': 'consistency-errors-navigation', 'u': '/refguide/consistency-errors-navigation', 'd': '/refguide/', 'p': 'modeling', 'newDir': '/refguide/modeling/menus/view-menu/errors-pane/consistency-errors/'}
{'t': 'Consistency Errors', 'i': 'consistency-errors', 'u': '/refguide/consistency-errors', 'd': '/refguide/', 'p': 'modeling', 'mo': 10, 'newDir': '/refguide/modeling/menus/view-menu/errors-pane/consistency-errors/', 'indexFlag': 'true'}
{'t': 'Page Editor Consistency Errors', 'i': 'consistency-errors-pages', 'u': '/refguide/consistency-errors-pages', 'd': '/refguide/', 'p': 'modeling', 'mo': 10, 'newDir': '/refguide/modeling/menus/view-menu/errors-pane/consistency-errors/'}
{'t': 'Constants', 'i': 'constants', 'u': '/refguide/constants', 'd': '/refguide/', 'p': 'modeling', 'mo': 60, 'newDir': '/refguide/modeling/resources/'}
{'t': 'Consumed OData Service Requirements', 'i': 'consumed-odata-service-requirements', 'u': '/refguide/consumed-odata-service-requirements', 'd': '/refguide/', 'p': 'modeling', 'mo': 20, 'newDir': '/refguide/modeling/integration/consumed-odata-services/'}
{'t': 'Consumed OData Service', 'i': 'consumed-odata-service', 'u': '/refguide/consumed-odata-service', 'd': '/refguide/', 'p': 'modeling', 'mo': 10, 'newDir': '/refguide/modeling/integration/consumed-odata-services/'}
{'t': 'Consumed Web Service', 'i': 'consumed-web-service', 'u': '/refguide/consumed-web-service', 'd': '/refguide/', 'p': 'modeling', 'newDir': '/refguide/modeling/integration/consumed-web-services/'}
{'t': 'Consumed REST Services', 'i': 'consumed-rest-services', 'u': '/refguide/consumed-rest-services', 'd': '/refguide/', 'p': 'modeling', 'mo': 15, 'newDir': '/refguide/modeling/integration/consumed-rest-services/', 'indexFlag': 'true'}
{'t': 'Consumed OData Services', 'i': 'consumed-odata-services', 'u': '/refguide/consumed-odata-services', 'd': '/refguide/', 'p': 'modeling', 'mo': 5, 'newDir': '/refguide/modeling/integration/consumed-odata-services/', 'indexFlag': 'true'}
{'t': 'Consumed Web Services', 'i': 'consumed-web-services', 'u': '/refguide/consumed-web-services', 'd': '/refguide/', 'p': 'modeling', 'mo': 25, 'newDir': '/refguide/modeling/integration/consumed-web-services/', 'indexFlag': 'true'}
{'t': 'Container', 'i': 'container', 'u': '/refguide/container', 'd': '/refguide/', 'p': 'modeling', 'mo': 20, 'newDir': '/refguide/modeling/pages/structure-widgets/'}
{'t': 'Context Source', 'i': 'context-source', 'u': '/refguide/context-source', 'd': '/refguide/', 'p': 'modeling', 'mo': 30, 'newDir': '/refguide/modeling/pages/data-widgets/data-sources/'}
{'t': 'Continue Event', 'i': 'continue-event', 'u': '/refguide/continue-event', 'd': '/refguide/', 'p': 'modeling', 'mo': 4, 'newDir': '/refguide/modeling/application-logic/microflows-and-nanoflows/events/'}
{'t': 'Control Bar', 'i': 'control-bar', 'u': '/refguide/control-bar', 'd': '/refguide/', 'p': 'modeling', 'mo': 30, 'newDir': '/refguide/modeling/pages/data-widgets/grids/'}
{'t': 'CORS Settings for Published REST Services', 'i': 'cors-settings', 'u': '/refguide/cors-settings', 'd': '/refguide/', 'p': 'modeling', 'mo': 60, 'newDir': '/refguide/modeling/integration/published-rest-services/published-rest-service/'}
{'t': 'Create Branch Line', 'i': 'create-branch-line-dialog', 'u': '/refguide/create-branch-line-dialog', 'd': '/refguide/', 'p': 'modeling', 'mo': 10, 'newDir': '/refguide/modeling/menus/version-control-menu/branch-line-manager-dialog/'}
{'t': 'Create List', 'i': 'create-list', 'u': '/refguide/create-list', 'd': '/refguide/', 'p': 'modeling', 'mo': 3, 'newDir': '/refguide/modeling/application-logic/microflows-and-nanoflows/activities/list-activities/'}
{'t': 'Create Object', 'i': 'create-object', 'u': '/refguide/create-object', 'd': '/refguide/', 'p': 'modeling', 'mo': 40, 'newDir': '/refguide/modeling/application-logic/microflows-and-nanoflows/activities/object-activities/'}
{'t': 'Create Variable', 'i': 'create-variable', 'u': '/refguide/create-variable', 'd': '/refguide/', 'p': 'modeling', 'newDir': '/refguide/modeling/application-logic/microflows-and-nanoflows/activities/variable-activities/'}
{'t': 'Create Deployment Package', 'i': 'create-deployment-package-dialog', 'u': '/refguide/create-deployment-package-dialog', 'd': '/refguide/', 'p': 'modeling', 'newDir': '/refguide/modeling/menus/app-menu/'}
{'t': 'Creating Your Own Documents', 'i': 'creating-your-own-documents', 'u': '/refguide/creating-your-own-documents', 'd': '/refguide/', 'p': 'modeling', 'newDir': '/refguide/modeling/resources/document-templates/'}
{'t': 'Runtime Customization', 'c': 'Mendix Runtime', 'i': 'custom-settings', 'u': '/refguide/custom-settings', 'd': '/refguide/', 'newDir': '/refguide/runtime/custom-settings/', 'indexFlag': 'true', 'p': 'runtime'}
{'t': 'Data Grid (Document Template)', 'i': 'data-grid-document-template', 'u': '/refguide/data-grid-document-template', 'd': '/refguide/', 'p': 'modeling', 'newDir': '/refguide/modeling/resources/document-templates/data-grid-document-template/', 'indexFlag': 'true'}
{'t': 'Data Grid', 'i': 'data-grid', 'u': '/refguide/data-grid', 'd': '/refguide/', 'p': 'modeling', 'mo': 10, 'newDir': '/refguide/modeling/pages/data-widgets/grids/data-grid/', 'indexFlag': 'true'}
{'t': 'Data Hub Pane', 'i': 'data-hub-pane', 'u': '/refguide/data-hub-pane', 'd': '/refguide/', 'p': 'modeling', 'mo': 15, 'newDir': '/refguide/modeling/menus/view-menu/'}
{'t': 'Data Sources', 'i': 'data-sources', 'u': '/refguide/data-sources', 'd': '/refguide/', 'p': 'modeling', 'newDir': '/refguide/modeling/pages/data-widgets/data-sources/', 'indexFlag': 'true'}
{'t': 'Datasets', 'i': 'data-sets', 'u': '/refguide/data-sets', 'd': '/refguide/', 'p': 'modeling', 'mo': 50, 'newDir': '/refguide/modeling/resources/data-sets/', 'indexFlag': 'true'}
{'t': 'Data Storage', 'c': 'Mendix Runtime', 'i': 'data-storage', 'u': '/refguide/data-storage', 'd': '/refguide/', 'newDir': '/refguide/runtime/data-storage/', 'indexFlag': 'true', 'p': 'runtime'}
{'t': 'Data Types', 'c': 'App Modeling', 'i': 'data-types', 'u': '/refguide/data-types', 'd': '/refguide/', 'mo': 60, 'newDir': '/refguide/modeling/', 'p': 'modeling'}
{'t': 'Data View (Document Template)', 'i': 'data-view-document-template', 'u': '/refguide/data-view-document-template', 'd': '/refguide/', 'p': 'modeling', 'newDir': '/refguide/modeling/resources/document-templates/'}
{'t': 'Data View', 'i': 'data-view', 'u': '/refguide/data-view', 'd': '/refguide/', 'p': 'modeling', 'mo': 10, 'newDir': '/refguide/modeling/pages/data-widgets/'}
{'t': 'Database Source', 'i': 'database-source', 'u': '/refguide/database-source', 'd': '/refguide/', 'p': 'modeling', 'mo': 10, 'newDir': '/refguide/modeling/pages/data-widgets/data-sources/'}
{'t': 'Date & Time Handling', 'c': 'Mendix Runtime', 'i': 'date-and-time-handling', 'u': '/refguide/date-and-time-handling', 'd': '/refguide/', 'newDir': '/refguide/runtime/date-and-time-handling/', 'indexFlag': 'true', 'p': 'runtime'}
{'t': 'Date Creation', 'i': 'date-creation', 'u': '/refguide/date-creation', 'd': '/refguide/', 'p': 'modeling', 'mo': 90, 'newDir': '/refguide/modeling/application-logic/expressions/'}
{'t': 'Data Containers', 'i': 'data-widgets', 'u': '/refguide/data-widgets', 'd': '/refguide/', 'p': 'modeling', 'mo': 15, 'newDir': '/refguide/modeling/pages/data-widgets/', 'indexFlag': 'true'}
{'t': 'Date Picker', 'i': 'date-picker', 'u': '/refguide/date-picker', 'd': '/refguide/', 'p': 'modeling', 'mo': 60, 'newDir': '/refguide/modeling/pages/input-widgets/'}
{'t': 'Date Range Field', 'i': 'date-range-field', 'u': '/refguide/date-range-field', 'd': '/refguide/', 'p': 'modeling', 'newDir': '/refguide/modeling/pages/report-widgets/report-date-parameter/'}
{'t': 'DateTime Handling FAQ', 'i': 'datetime-handling-faq', 'u': '/refguide/datetime-handling-faq', 'd': '/refguide/', 'p': 'runtime', 'newDir': '/refguide/runtime/date-and-time-handling/'}
{'t': 'DB2', 'i': 'db2', 'u': '/refguide/db2', 'd': '/refguide/', 'p': 'runtime', 'mo': 40, 'newDir': '/refguide/runtime/data-storage/'}
{'t': 'Decision in Workflows', 'i': 'decision-in-workflows', 'u': '/refguide/decision-in-workflows', 'd': '/refguide/', 'p': 'modeling', 'mo': 20, 'newDir': '/refguide/modeling/application-logic/workflows/'}
{'t': 'Decision', 'i': 'decision', 'u': '/refguide/decision', 'd': '/refguide/', 'p': 'modeling', 'mo': 3, 'newDir': '/refguide/modeling/application-logic/microflows-and-nanoflows/decisions/'}
{'t': 'Decisions', 'i': 'decisions', 'u': '/refguide/decisions', 'd': '/refguide/', 'p': 'modeling', 'mo': 50, 'newDir': '/refguide/modeling/application-logic/microflows-and-nanoflows/decisions/', 'indexFlag': 'true'}
{'t': 'Demo Users', 'i': 'demo-users', 'u': '/refguide/demo-users', 'd': '/refguide/', 'p': 'modeling', 'mo': 30, 'newDir': '/refguide/modeling/menus/view-menu/project-explorer/security/project-security/'}
{'t': 'Deploy to the Cloud', 'i': 'deploy-to-the-cloud-dialog', 'u': '/refguide/deploy-to-the-cloud-dialog', 'd': '/refguide/', 'p': 'modeling', 'newDir': '/refguide/modeling/menus/app-menu/'}
{'t': 'Developer Tool Recommendations', 'c': 'General Info', 'i': 'developer-tools', 'u': '/refguide/developer-tools', 'd': '/refguide/', 'mo': 60, 'newDir': '/refguide/general/', 'p': 'general'}
{'t': 'Delete Object(s)', 'i': 'deleting-objects', 'u': '/refguide/deleting-objects', 'd': '/refguide/', 'p': 'modeling', 'mo': 50, 'newDir': '/refguide/modeling/application-logic/microflows-and-nanoflows/activities/object-activities/'}
{'t': 'Document Template', 'i': 'document-template', 'u': '/refguide/document-template', 'd': '/refguide/', 'p': 'modeling', 'newDir': '/refguide/modeling/resources/document-templates/'}
{'t': 'Document Templates', 'i': 'document-templates', 'u': '/refguide/document-templates', 'd': '/refguide/', 'p': 'modeling', 'mo': 90, 'newDir': '/refguide/modeling/resources/document-templates/', 'indexFlag': 'true'}
{'t': 'Domain Model', 'c': 'App Modeling', 'i': 'domain-model', 'u': '/refguide/domain-model', 'd': '/refguide/', 'mo': 30, 'newDir': '/refguide/modeling/domain-model/', 'indexFlag': 'true', 'p': 'modeling'}
{'t': 'Download File', 'i': 'download-file', 'u': '/refguide/download-file', 'd': '/refguide/', 'p': 'modeling', 'mo': 20, 'newDir': '/refguide/modeling/application-logic/microflows-and-nanoflows/activities/client-activities/'}
{'t': 'Download from Version Control Server', 'i': 'download-from-version-control-dialog', 'u': '/refguide/download-from-version-control-dialog', 'd': '/refguide/', 'p': 'modeling', 'mo': 60, 'newDir': '/refguide/modeling/menus/version-control-menu/'}
{'t': 'Drop-Down', 'i': 'drop-down', 'u': '/refguide/drop-down', 'd': '/refguide/', 'p': 'modeling', 'mo': 30, 'newDir': '/refguide/modeling/pages/input-widgets/'}
{'t': 'Dynamic Image (Document Template)', 'i': 'dynamic-image-document-template', 'u': '/refguide/dynamic-image-document-template', 'd': '/refguide/', 'p': 'modeling', 'newDir': '/refguide/modeling/resources/document-templates/'}
{'t': 'Dynamic Label (Document Template)', 'i': 'dynamic-label-document-template', 'u': '/refguide/dynamic-label-document-template', 'd': '/refguide/', 'p': 'modeling', 'newDir': '/refguide/modeling/resources/document-templates/'}
{'t': 'Edit Cloud Foundry Settings', 'i': 'edit-cloud-foundry-settings-dialog', 'u': '/refguide/edit-cloud-foundry-settings-dialog', 'd': '/refguide/', 'p': 'modeling', 'newDir': '/refguide/modeling/menus/run-menu/'}
{'t': 'Edit Menu', 'i': 'edit-menu', 'u': '/refguide/edit-menu', 'd': '/refguide/', 'p': 'modeling', 'mo': 10, 'newDir': '/refguide/modeling/menus/edit-menu/', 'indexFlag': 'true'}
{'t': 'End Event', 'i': 'end-event', 'u': '/refguide/end-event', 'd': '/refguide/', 'p': 'modeling', 'mo': 2, 'newDir': '/refguide/modeling/application-logic/microflows-and-nanoflows/events/'}
{'t': 'Enumerations in Expressions', 'i': 'enumerations-in-expressions', 'u': '/refguide/enumerations-in-expressions', 'd': '/refguide/', 'p': 'modeling', 'mo': 170, 'newDir': '/refguide/modeling/application-logic/expressions/'}
{'t': 'Enumerations', 'i': 'enumerations', 'u': '/refguide/enumerations', 'd': '/refguide/', 'p': 'modeling', 'mo': 40, 'newDir': '/refguide/modeling/resources/'}
{'t': 'Error Event', 'i': 'error-event', 'u': '/refguide/error-event', 'd': '/refguide/', 'p': 'modeling', 'mo': 3, 'newDir': '/refguide/modeling/application-logic/microflows-and-nanoflows/events/'}
{'t': 'Entities', 'i': 'entities', 'u': '/refguide/entities', 'd': '/refguide/', 'p': 'modeling', 'mo': 10, 'newDir': '/refguide/modeling/domain-model/entities/', 'indexFlag': 'true'}
{'t': 'Errors Pane', 'i': 'errors-pane', 'u': '/refguide/errors-pane', 'd': '/refguide/', 'p': 'modeling', 'mo': 30, 'newDir': '/refguide/modeling/menus/view-menu/errors-pane/', 'indexFlag': 'true'}
{'t': 'Event Handlers', 'i': 'event-handlers', 'u': '/refguide/event-handlers', 'd': '/refguide/', 'p': 'modeling', 'mo': 50, 'newDir': '/refguide/modeling/domain-model/entities/'}
{'t': 'Events', 'i': 'events', 'u': '/refguide/events', 'd': '/refguide/', 'p': 'modeling', 'mo': 90, 'newDir': '/refguide/modeling/application-logic/microflows-and-nanoflows/events/', 'indexFlag': 'true'}
{'t': 'Export Mappings', 'i': 'export-mappings', 'u': '/refguide/export-mappings', 'd': '/refguide/', 'p': 'modeling', 'newDir': '/refguide/modeling/integration/mapping-documents/'}
{'t': 'Export With Mapping', 'i': 'export-mapping-action', 'u': '/refguide/export-mapping-action', 'd': '/refguide/', 'p': 'modeling', 'mo': 40, 'newDir': '/refguide/modeling/application-logic/microflows-and-nanoflows/activities/integration-activities/'}
{'t': 'Expressions', 'i': 'expressions', 'u': '/refguide/expressions', 'd': '/refguide/', 'p': 'modeling', 'mo': 30, 'newDir': '/refguide/modeling/application-logic/expressions/', 'indexFlag': 'true'}
{'t': 'Export App Package', 'i': 'export-project-package-dialog', 'u': '/refguide/export-project-package-dialog', 'd': '/refguide/', 'p': 'modeling', 'mo': 30, 'newDir': '/refguide/modeling/menus/file-menu/'}
{'t': 'External Entities', 'i': 'external-entities', 'u': '/refguide/external-entities', 'd': '/refguide/', 'p': 'modeling', 'mo': 15, 'newDir': '/refguide/modeling/domain-model/'}
{'t': 'File Manager', 'i': 'file-manager', 'u': '/refguide/file-manager', 'd': '/refguide/', 'p': 'modeling', 'newDir': '/refguide/modeling/pages/image-and-file-widgets/'}
{'t': 'File Menu', 'i': 'file-menu', 'u': '/refguide/file-menu', 'd': '/refguide/', 'p': 'modeling', 'mo': 5, 'newDir': '/refguide/modeling/menus/file-menu/', 'indexFlag': 'true'}
{'t': 'External Object Activities', 'i': 'external-object-activities', 'u': '/refguide/external-object-activities', 'd': '/refguide/', 'p': 'modeling', 'mo': 100, 'newDir': '/refguide/modeling/application-logic/microflows-and-nanoflows/activities/external-object-activities/', 'indexFlag': 'true'}
{'t': 'Find, Find Advanced & Find Usages', 'i': 'find-and-find-advanced', 'u': '/refguide/find-and-find-advanced', 'd': '/refguide/', 'p': 'modeling', 'mo': 10, 'newDir': '/refguide/modeling/menus/edit-menu/'}
{'t': 'Footer (Document Template)', 'i': 'footer-document-template', 'u': '/refguide/footer-document-template', 'd': '/refguide/', 'p': 'modeling', 'newDir': '/refguide/modeling/resources/document-templates/'}
{'t': 'General Info', 'i': 'general', 'u': '/refguide/general', 'd': '/refguide/', 'newDir': '/refguide/general/', 'indexFlag': 'true'}
{'t': 'Generate Document', 'i': 'generate-document', 'u': '/refguide/generate-document', 'd': '/refguide/', 'p': 'modeling', 'mo': 80, 'newDir': '/refguide/modeling/application-logic/microflows-and-nanoflows/activities/'}
{'t': 'Generalization vs One-to-One Associations', 'i': 'generalization-and-association', 'u': '/refguide/generalization-and-association', 'd': '/refguide/', 'p': 'modeling', 'mo': 50, 'newDir': '/refguide/modeling/domain-model/'}
{'t': 'Generating a Published REST Resource', 'i': 'generate-rest-resource', 'u': '/refguide/generate-rest-resource', 'd': '/refguide/', 'p': 'modeling', 'mo': 20, 'newDir': '/refguide/modeling/integration/published-rest-services/'}
{'t': 'Getting the Make It Native App', 'i': 'getting-the-make-it-native-app', 'u': '/refguide/getting-the-make-it-native-app', 'd': '/refguide/', 'p': 'mobile', 'mo': 10, 'newDir': '/refguide/mobile/native-mobile/'}
{'t': 'GitHub-Flavored Markdown', 'i': 'gfm-syntax', 'u': '/refguide/gfm-syntax', 'd': '/refguide/', 'p': 'modeling', 'mo': 70, 'newDir': '/refguide/modeling/integration/published-rest-services/published-rest-service/'}
{'t': 'Grids', 'i': 'grids', 'u': '/refguide/grids', 'd': '/refguide/', 'p': 'modeling', 'mo': 20, 'newDir': '/refguide/modeling/pages/data-widgets/grids/', 'indexFlag': 'true'}
{'t': 'Group Box', 'i': 'group-box', 'u': '/refguide/group-box', 'd': '/refguide/', 'p': 'modeling', 'mo': 30, 'newDir': '/refguide/modeling/pages/structure-widgets/'}
{'t': 'Go to Option', 'i': 'go-to-option', 'u': '/refguide/go-to-option', 'd': '/refguide/', 'p': 'modeling', 'mo': 40, 'newDir': '/refguide/modeling/menus/edit-menu/'}
{'t': 'Header (Document Template)', 'i': 'header-document-template', 'u': '/refguide/header-document-template', 'd': '/refguide/', 'p': 'modeling', 'newDir': '/refguide/modeling/resources/document-templates/'}
{'t': 'Header', 'i': 'header', 'u': '/refguide/header', 'd': '/refguide/', 'p': 'modeling', 'mo': 20, 'newDir': '/refguide/modeling/pages/page-resources/layout/'}
{'t': 'History', 'i': 'history-dialog', 'u': '/refguide/history-dialog', 'd': '/refguide/', 'p': 'modeling', 'mo': 50, 'newDir': '/refguide/modeling/menus/version-control-menu/'}
{'t': 'Hybrid Mobile', 'c': 'Mobile', 'i': 'hybrid-mobile', 'u': '/refguide/hybrid-mobile', 'd': '/refguide/', 'mo': 3, 'newDir': '/refguide/mobile/', 'p': 'mobile'}
{'t': 'HttpRequest & HttpResponse System Entities', 'i': 'http-request-and-response-entities', 'u': '/refguide/http-request-and-response-entities', 'd': '/refguide/', 'p': 'modeling', 'mo': 45, 'newDir': '/refguide/modeling/integration/'}
{'t': 'If Expressions', 'i': 'if-expressions', 'u': '/refguide/if-expressions', 'd': '/refguide/', 'p': 'modeling', 'mo': 60, 'newDir': '/refguide/modeling/application-logic/expressions/'}
{'t': 'Images, Videos & Files', 'i': 'image-and-file-widgets', 'u': '/refguide/image-and-file-widgets', 'd': '/refguide/', 'p': 'modeling', 'mo': 35, 'newDir': '/refguide/modeling/pages/image-and-file-widgets/', 'indexFlag': 'true'}
{'t': 'Image Collection', 'i': 'image-collection', 'u': '/refguide/image-collection', 'd': '/refguide/', 'p': 'modeling', 'mo': 5, 'newDir': '/refguide/modeling/pages/page-resources/'}
{'t': 'Dynamic Image', 'i': 'image-viewer', 'u': '/refguide/image-viewer', 'd': '/refguide/', 'p': 'modeling', 'newDir': '/refguide/modeling/pages/image-and-file-widgets/'}
{'t': 'Static Image', 'i': 'image', 'u': '/refguide/image', 'd': '/refguide/', 'p': 'modeling', 'mo': 20, 'newDir': '/refguide/modeling/pages/image-and-file-widgets/'}
{'t': 'Image Uploader', 'i': 'image-uploader', 'u': '/refguide/image-uploader', 'd': '/refguide/', 'p': 'modeling', 'newDir': '/refguide/modeling/pages/image-and-file-widgets/'}
{'t': 'Images', 'c': 'App Modeling', 'i': 'images', 'u': '/refguide/images', 'd': '/refguide/', 'mo': 70, 'newDir': '/refguide/modeling/', 'p': 'modeling'}
{'t': 'Import with Mapping', 'i': 'import-mapping-action', 'u': '/refguide/import-mapping-action', 'd': '/refguide/', 'p': 'modeling', 'mo': 30, 'newDir': '/refguide/modeling/application-logic/microflows-and-nanoflows/activities/integration-activities/'}
{'t': 'Import Mappings', 'i': 'import-mappings', 'u': '/refguide/import-mappings', 'd': '/refguide/', 'p': 'modeling', 'newDir': '/refguide/modeling/integration/mapping-documents/'}
{'t': 'Studio Pro 9 Guide', 'i': 'index', 'u': '/refguide/', 'd': '/refguide/', 'm': True, 'newDir': '/refguide/', 'indexFlag': 'true'}
{'t': 'Import App Package', 'i': 'import-project-package-dialog', 'u': '/refguide/import-project-package-dialog', 'd': '/refguide/', 'p': 'modeling', 'mo': 40, 'newDir': '/refguide/modeling/menus/file-menu/'}
{'t': 'Indexes', 'i': 'indexes', 'u': '/refguide/indexes', 'd': '/refguide/', 'p': 'modeling', 'mo': 60, 'newDir': '/refguide/modeling/domain-model/entities/'}
{'t': 'Input Reference Set Selector', 'i': 'input-reference-set-selector', 'u': '/refguide/input-reference-set-selector', 'd': '/refguide/', 'p': 'modeling', 'mo': 90, 'newDir': '/refguide/modeling/pages/input-widgets/'}
{'t': 'Input Elements', 'i': 'input-widgets', 'u': '/refguide/input-widgets', 'd': '/refguide/', 'p': 'modeling', 'mo': 30, 'newDir': '/refguide/modeling/pages/input-widgets/', 'indexFlag': 'true'}
{'t': 'Integration', 'c': 'App Modeling', 'i': 'integration', 'u': '/refguide/integration', 'd': '/refguide/', 'mo': 110, 'newDir': '/refguide/modeling/integration/', 'indexFlag': 'true', 'p': 'modeling'}
{'t': 'Java Action Call', 'i': 'java-action-call', 'u': '/refguide/java-action-call', 'd': '/refguide/', 'p': 'modeling', 'mo': 10, 'newDir': '/refguide/modeling/application-logic/microflows-and-nanoflows/activities/action-call-activities/'}
{'t': 'Integration Activities', 'i': 'integration-activities', 'u': '/refguide/integration-activities', 'd': '/refguide/', 'p': 'modeling', 'mo': 60, 'newDir': '/refguide/modeling/application-logic/microflows-and-nanoflows/activities/integration-activities/', 'indexFlag': 'true'}
{'t': 'Java Actions', 'i': 'java-actions', 'u': '/refguide/java-actions', 'd': '/refguide/', 'p': 'modeling', 'mo': 10, 'newDir': '/refguide/modeling/resources/'}
{'t': 'Java Memory Usage', 'i': 'java-memory-usage', 'u': '/refguide/java-memory-usage', 'd': '/refguide/', 'p': 'runtime', 'mo': 2, 'newDir': '/refguide/runtime/runtime-java/'}
{'t': 'Java Programming', 'i': 'java-programming', 'u': '/refguide/java-programming', 'd': '/refguide/', 'newDir': '/refguide/java-programming/', 'indexFlag': 'true'}
{'t': 'JavaScript Actions', 'i': 'javascript-actions', 'u': '/refguide/javascript-actions', 'd': '/refguide/', 'p': 'modeling', 'mo': 20, 'newDir': '/refguide/modeling/resources/'}
{'t': 'JavaScript Action Call', 'i': 'javascript-action-call', 'u': '/refguide/javascript-action-call', 'd': '/refguide/', 'p': 'modeling', 'mo': 20, 'newDir': '/refguide/modeling/application-logic/microflows-and-nanoflows/activities/action-call-activities/'}
{'t': 'JSON Structures', 'i': 'json-structures', 'u': '/refguide/json-structures', 'd': '/refguide/', 'p': 'modeling', 'mo': 40, 'newDir': '/refguide/modeling/integration/'}
{'t': 'Jump', 'i': 'jump-activity', 'u': '/refguide/jump-activity', 'd': '/refguide/', 'p': 'modeling', 'mo': 35, 'newDir': '/refguide/modeling/application-logic/workflows/'}
{'t': 'Label', 'i': 'label', 'u': '/refguide/label', 'd': '/refguide/', 'p': 'modeling', 'mo': 30, 'newDir': '/refguide/modeling/pages/text-widgets/'}
{'t': 'Language Settings', 'i': 'language-settings', 'u': '/refguide/language-settings', 'd': '/refguide/', 'p': 'modeling', 'mo': 10, 'newDir': '/refguide/modeling/menus/translatable-texts/'}
{'t': 'Layout Grid', 'i': 'layout-grid', 'u': '/refguide/layout-grid', 'd': '/refguide/', 'p': 'modeling', 'mo': 10, 'newDir': '/refguide/modeling/pages/structure-widgets/'}
{'t': 'Language Operations', 'i': 'language-operations', 'u': '/refguide/language-operations', 'd': '/refguide/', 'p': 'modeling', 'mo': 40, 'newDir': '/refguide/modeling/menus/translatable-texts/'}
{'t': 'Layout', 'i': 'layout', 'u': '/refguide/layout', 'd': '/refguide/', 'p': 'modeling', 'mo': 10, 'newDir': '/refguide/modeling/pages/page-resources/layout/', 'indexFlag': 'true'}
{'t': 'Line Break (Document Template)', 'i': 'line-break-document-template', 'u': '/refguide/line-break-document-template', 'd': '/refguide/', 'p': 'modeling', 'newDir': '/refguide/modeling/resources/document-templates/'}
{'t': 'List Activities', 'i': 'list-activities', 'u': '/refguide/list-activities', 'd': '/refguide/', 'p': 'modeling', 'mo': 20, 'newDir': '/refguide/modeling/application-logic/microflows-and-nanoflows/activities/list-activities/', 'indexFlag': 'true'}
{'t': 'List View', 'i': 'list-view', 'u': '/refguide/list-view', 'd': '/refguide/', 'p': 'modeling', 'mo': 40, 'newDir': '/refguide/modeling/pages/data-widgets/'}
{'t': 'List Operation', 'i': 'list-operation', 'u': '/refguide/list-operation', 'd': '/refguide/', 'p': 'modeling', 'mo': 4, 'newDir': '/refguide/modeling/application-logic/microflows-and-nanoflows/activities/list-activities/'}
{'t': 'Listen to Widget Source', 'i': 'listen-to-grid-source', 'u': '/refguide/listen-to-grid-source', 'd': '/refguide/', 'p': 'modeling', 'mo': 70, 'newDir': '/refguide/modeling/pages/data-widgets/data-sources/'}
{'t': 'Log Message', 'i': 'log-message', 'u': '/refguide/log-message', 'd': '/refguide/', 'p': 'modeling', 'mo': 70, 'newDir': '/refguide/modeling/application-logic/microflows-and-nanoflows/activities/'}
{'t': 'Logging', 'c': 'Mendix Runtime', 'i': 'logging', 'u': '/refguide/logging', 'd': '/refguide/', 'newDir': '/refguide/runtime/', 'p': 'runtime'}
{'t': 'Login ID Text Box', 'i': 'login-id-text-box', 'u': '/refguide/login-id-text-box', 'd': '/refguide/', 'p': 'modeling', 'newDir': '/refguide/modeling/pages/authentication-widgets/'}
{'t': 'Login Behavior', 'c': 'Mendix Runtime', 'i': 'login-behavior', 'u': '/refguide/login-behavior', 'd': '/refguide/', 'newDir': '/refguide/runtime/', 'p': 'runtime'}
{'t': 'Loop', 'i': 'loop', 'u': '/refguide/loop', 'd': '/refguide/', 'p': 'modeling', 'mo': 80, 'newDir': '/refguide/modeling/application-logic/microflows-and-nanoflows/'}
{'t': 'Managing App Signing Keys', 'c': 'Mobile', 'i': 'managing-app-signing-keys', 'u': '/refguide/managing-app-signing-keys', 'd': '/refguide/', 'mo': 21, 'newDir': '/refguide/mobile/', 'p': 'mobile'}
{'t': 'Map Automatically', 'i': 'map-automatically', 'u': '/refguide/map-automatically', 'd': '/refguide/', 'p': 'modeling', 'newDir': '/refguide/modeling/integration/mapping-documents/'}
{'t': 'Mathematical Function Calls', 'i': 'mathematical-function-calls', 'u': '/refguide/mathematical-function-calls', 'd': '/refguide/', 'p': 'modeling', 'mo': 70, 'newDir': '/refguide/modeling/application-logic/expressions/'}
{'t': 'Mapping Documents', 'i': 'mapping-documents', 'u': '/refguide/mapping-documents', 'd': '/refguide/', 'p': 'modeling', 'mo': 35, 'newDir': '/refguide/modeling/integration/mapping-documents/', 'indexFlag': 'true'}
{'t': 'Mendix Client', 'c': 'Mendix Runtime', 'i': 'mendix-client', 'u': '/refguide/mendix-client', 'd': '/refguide/', 'mo': 20, 'newDir': '/refguide/runtime/', 'p': 'runtime'}
{'t': 'Menu Bar', 'i': 'menu-bar', 'u': '/refguide/menu-bar', 'd': '/refguide/', 'p': 'modeling', 'mo': 1, 'newDir': '/refguide/modeling/pages/menu-widgets/'}
{'t': 'Menus & Navigation', 'i': 'menu-widgets', 'u': '/refguide/menu-widgets', 'd': '/refguide/', 'p': 'modeling', 'mo': 45, 'newDir': '/refguide/modeling/pages/menu-widgets/', 'indexFlag': 'true'}
{'t': 'Menus', 'c': 'App Modeling', 'i': 'menus', 'u': '/refguide/menus', 'd': '/refguide/', 'mo': 12, 'newDir': '/refguide/modeling/menus/', 'indexFlag': 'true', 'p': 'modeling'}
{'t': 'Merge Dialog', 'i': 'merge-dialog', 'u': '/refguide/merge-dialog', 'd': '/refguide/', 'p': 'modeling', 'newDir': '/refguide/modeling/menus/version-control-menu/'}
{'t': 'Menu', 'i': 'menu', 'u': '/refguide/menu', 'd': '/refguide/', 'p': 'modeling', 'mo': 50, 'newDir': '/refguide/modeling/pages/page-resources/'}
{'t': 'Merge', 'i': 'merge', 'u': '/refguide/merge', 'd': '/refguide/', 'p': 'modeling', 'mo': 1, 'newDir': '/refguide/modeling/application-logic/microflows-and-nanoflows/decisions/'}
{'t': 'Message Definitions', 'i': 'message-definitions', 'u': '/refguide/message-definitions', 'd': '/refguide/', 'p': 'modeling', 'mo': 50, 'newDir': '/refguide/modeling/integration/'}
{'t': 'Metrics Activities', 'i': 'metrics-activities', 'u': '/refguide/metrics-activities', 'd': '/refguide/', 'p': 'modeling', 'newDir': '/refguide/modeling/application-logic/microflows-and-nanoflows/activities/metrics-activities/', 'indexFlag': 'true'}
{'t': 'Gauge', 'i': 'metrics-gauge', 'u': '/refguide/metrics-gauge', 'd': '/refguide/', 'p': 'modeling', 'mo': 20, 'newDir': '/refguide/modeling/application-logic/microflows-and-nanoflows/activities/metrics-activities/'}
{'t': 'Increment Counter', 'i': 'metrics-increment-counter', 'u': '/refguide/metrics-increment-counter', 'd': '/refguide/', 'p': 'modeling', 'mo': 30, 'newDir': '/refguide/modeling/application-logic/microflows-and-nanoflows/activities/metrics-activities/'}
{'t': 'Counter', 'i': 'metrics-counter', 'u': '/refguide/metrics-counter', 'd': '/refguide/', 'p': 'modeling', 'mo': 10, 'newDir': '/refguide/modeling/application-logic/microflows-and-nanoflows/activities/metrics-activities/'}
{'t': 'Metrics', 'c': 'Mendix Runtime', 'i': 'metrics', 'u': '/refguide/metrics', 'd': '/refguide/', 'newDir': '/refguide/runtime/', 'p': 'runtime'}
{'t': 'Microflow Call', 'i': 'microflow-call', 'u': '/refguide/microflow-call', 'd': '/refguide/', 'p': 'modeling', 'newDir': '/refguide/modeling/application-logic/microflows-and-nanoflows/activities/action-call-activities/'}
{'t': 'Common Properties', 'i': 'microflow-element-common-properties', 'u': '/refguide/microflow-element-common-properties', 'd': '/refguide/', 'p': 'modeling', 'mo': 110, 'newDir': '/refguide/modeling/application-logic/microflows-and-nanoflows/'}
{'t': 'Microflow Properties', 'i': 'microflow', 'u': '/refguide/microflow', 'd': '/refguide/', 'p': 'modeling', 'newDir': '/refguide/modeling/application-logic/microflows-and-nanoflows/microflows/'}
{'t': 'Microflow Source', 'i': 'microflow-source', 'u': '/refguide/microflow-source', 'd': '/refguide/', 'p': 'modeling', 'mo': 40, 'newDir': '/refguide/modeling/pages/data-widgets/data-sources/'}
{'t': 'Microflows & Nanoflows', 'i': 'microflows-and-nanoflows', 'u': '/refguide/microflows-and-nanoflows', 'd': '/refguide/', 'p': 'modeling', 'mo': 10, 'newDir': '/refguide/modeling/application-logic/microflows-and-nanoflows/', 'indexFlag': 'true'}
{'t': 'Microflows', 'i': 'microflows', 'u': '/refguide/microflows', 'd': '/refguide/', 'p': 'modeling', 'mo': 10, 'newDir': '/refguide/modeling/application-logic/microflows-and-nanoflows/microflows/', 'indexFlag': 'true'}
{'t': 'Mobile', 'i': 'mobile', 'u': '/refguide/mobile', 'd': '/refguide/', 'newDir': '/refguide/mobile/', 'indexFlag': 'true'}
{'t': 'App Modeling', 'i': 'modeling', 'u': '/refguide/modeling', 'd': '/refguide/', 'newDir': '/refguide/modeling/', 'indexFlag': 'true'}
{'t': 'Module Security', 'i': 'module-security', 'u': '/refguide/module-security', 'd': '/refguide/', 'p': 'modeling', 'mo': 20, 'newDir': '/refguide/modeling/menus/view-menu/project-explorer/security/'}
{'t': 'Modules', 'i': 'modules', 'u': '/refguide/modules', 'd': '/refguide/', 'p': 'modeling', 'mo': 20, 'newDir': '/refguide/modeling/menus/view-menu/project-explorer/modules/', 'indexFlag': 'true'}
{'t': 'Monitoring Client State', 'c': 'Mendix Runtime', 'i': 'monitoring-client-state', 'u': '/refguide/monitoring-client-state', 'd': '/refguide/', 'newDir': '/refguide/runtime/', 'p': 'runtime'}
{'t': 'Moving from Mendix Studio Pro 8 to 9', 'c': 'General Info', 'i': 'moving-from-8-to-9', 'u': '/refguide/moving-from-8-to-9', 'd': '/refguide/', 'mo': 20, 'newDir': '/refguide/general/moving-from-8-to-9/', 'indexFlag': 'true', 'p': 'general'}
{'t': 'Migrate From Atlas 2 To Atlas 3', 'i': 'moving-from-atlas-2-to-3', 'u': '/refguide/moving-from-atlas-2-to-3', 'd': '/refguide/', 'p': 'general', 'mo': 6, 'newDir': '/refguide/general/moving-from-8-to-9/moving-from-atlas-2-to-3/', 'indexFlag': 'true'}
{'t': 'MxAssist Logic Bot', 'i': 'mx-assist-logic-bot', 'u': '/refguide/mx-assist-logic-bot', 'd': '/refguide/', 'p': 'modeling', 'newDir': '/refguide/modeling/application-logic/microflows-and-nanoflows/microflows/'}
{'t': 'Monitoring Mendix Runtime', 'c': 'Mendix Runtime', 'i': 'monitoring-mendix-runtime', 'u': '/refguide/monitoring-mendix-runtime', 'd': '/refguide/', 'newDir': '/refguide/runtime/', 'p': 'runtime'}
{'t': 'MxAssist Performance Bot', 'i': 'mx-assist-performance-bot', 'u': '/refguide/mx-assist-performance-bot', 'd': '/refguide/', 'p': 'modeling', 'mo': 50, 'newDir': '/refguide/modeling/menus/view-menu/mx-assist-performance-bot/', 'indexFlag': 'true'}
{'t': 'Mendix Assist', 'i': 'mx-assist-studio-pro', 'u': '/refguide/mx-assist-studio-pro', 'd': '/refguide/', 'p': 'modeling', 'newDir': '/refguide/modeling/studio-pro-overview/'}
{'t': 'mx Command-Line Tool', 'c': 'General Info', 'i': 'mx-command-line-tool', 'u': '/refguide/mx-command-line-tool', 'd': '/refguide/', 'mo': 50, 'newDir': '/refguide/general/', 'p': 'general'}
{'t': 'MxBuild', 'c': 'General Info', 'i': 'mxbuild', 'u': '/refguide/mxbuild', 'd': '/refguide/', 'mo': 50, 'newDir': '/refguide/general/', 'p': 'general'}
{'t': 'MySQL/MariaDB', 'i': 'mysql', 'u': '/refguide/mysql', 'd': '/refguide/', 'p': 'runtime', 'mo': 50, 'newDir': '/refguide/runtime/data-storage/'}
{'t': 'Call Nanoflow', 'i': 'nanoflow-call', 'u': '/refguide/nanoflow-call', 'd': '/refguide/', 'p': 'modeling', 'mo': 2, 'newDir': '/refguide/modeling/application-logic/microflows-and-nanoflows/activities/client-activities/'}
{'t': 'Nanoflow Source', 'i': 'nanoflow-source', 'u': '/refguide/nanoflow-source', 'd': '/refguide/', 'p': 'modeling', 'mo': 50, 'newDir': '/refguide/modeling/pages/data-widgets/data-sources/'}
{'t': 'Nanoflows', 'i': 'nanoflows', 'u': '/refguide/nanoflows', 'd': '/refguide/', 'p': 'modeling', 'mo': 20, 'newDir': '/refguide/modeling/application-logic/microflows-and-nanoflows/nanoflows/', 'indexFlag': 'true'}
{'t': 'Native Mobile', 'c': 'Mobile', 'i': 'native-mobile', 'u': '/refguide/native-mobile', 'd': '/refguide/', 'mo': 1, 'newDir': '/refguide/mobile/native-mobile/', 'indexFlag': 'true', 'p': 'mobile'}
{'t': 'Native Navigation', 'i': 'native-navigation', 'u': '/refguide/native-navigation', 'd': '/refguide/', 'p': 'mobile', 'mo': 11, 'newDir': '/refguide/mobile/native-mobile/'}
{'t': 'Nanoflow Properties', 'i': 'nanoflow', 'u': '/refguide/nanoflow', 'd': '/refguide/', 'p': 'modeling', 'newDir': '/refguide/modeling/application-logic/microflows-and-nanoflows/nanoflows/'}
{'t': 'Native Template', 'i': 'native-template', 'u': '/refguide/native-template', 'd': '/refguide/', 'p': 'mobile', 'mo': 12, 'newDir': '/refguide/mobile/native-mobile/'}
{'t': 'Native Mobile Styling', 'i': 'native-styling-refguide', 'u': '/refguide/native-styling-refguide', 'd': '/refguide/', 'p': 'mobile', 'mo': 20, 'newDir': '/refguide/mobile/native-mobile/'}
{'t': 'Working with Vector Graphics', 'i': 'native-svg', 'u': '/refguide/native-svg', 'd': '/refguide/', 'p': 'mobile', 'mo': 80, 'newDir': '/refguide/mobile/native-mobile/'}
{'t': 'Navigation List', 'i': 'navigation-list', 'u': '/refguide/navigation-list', 'd': '/refguide/', 'p': 'modeling', 'mo': 70, 'newDir': '/refguide/modeling/pages/structure-widgets/'}
{'t': 'Navigation Tree', 'i': 'navigation-tree', 'u': '/refguide/navigation-tree', 'd': '/refguide/', 'p': 'modeling', 'mo': 3, 'newDir': '/refguide/modeling/pages/menu-widgets/'}
{'t': 'Navigation', 'i': 'navigation', 'u': '/refguide/navigation', 'd': '/refguide/', 'p': 'modeling', 'mo': 20, 'newDir': '/refguide/modeling/menus/view-menu/project-explorer/project/'}
{'t': 'New Merge Algorithm with Fine-Grained Conflict Resolution', 'c': 'Version Control', 'i': 'new-merge-algorithm', 'u': '/refguide/new-merge-algorithm', 'd': '/refguide/', 'mo': 30, 'newDir': '/refguide/version-control/', 'p': 'version-control'}
{'t': 'Numeric Formatting', 'i': 'numeric-formatting', 'u': '/refguide/numeric-formatting', 'd': '/refguide/', 'p': 'modeling', 'newDir': '/refguide/modeling/integration/consumed-web-services/'}
{'t': 'Object Activities', 'i': 'object-activities', 'u': '/refguide/object-activities', 'd': '/refguide/', 'p': 'modeling', 'mo': 10, 'newDir': '/refguide/modeling/application-logic/microflows-and-nanoflows/activities/object-activities/', 'indexFlag': 'true'}
{'t': 'New App', 'i': 'new-project', 'u': '/refguide/new-project', 'd': '/refguide/', 'p': 'modeling', 'mo': 10, 'newDir': '/refguide/modeling/menus/file-menu/'}
{'t': 'Objects & Caching', 'c': 'Mendix Runtime', 'i': 'objects-and-caching', 'u': '/refguide/objects-and-caching', 'd': '/refguide/', 'newDir': '/refguide/runtime/', 'p': 'runtime'}
{'t': 'Object Type Decision', 'i': 'object-type-decision', 'u': '/refguide/object-type-decision', 'd': '/refguide/', 'p': 'modeling', 'mo': 2, 'newDir': '/refguide/modeling/application-logic/microflows-and-nanoflows/decisions/'}
{'t': 'OData Query Options', 'i': 'odata-query-options', 'u': '/refguide/odata-query-options', 'd': '/refguide/', 'p': 'modeling', 'newDir': '/refguide/modeling/integration/published-odata-services/'}
{'t': 'OData Representation', 'i': 'odata-representation', 'u': '/refguide/odata-representation', 'd': '/refguide/', 'p': 'modeling', 'newDir': '/refguide/modeling/integration/published-odata-services/'}
{'t': 'Offline-First', 'c': 'Mobile', 'i': 'offline-first', 'u': '/refguide/offline-first', 'd': '/refguide/', 'mo': 30, 'newDir': '/refguide/mobile/', 'p': 'mobile'}
{'t': 'OpenAPI 2.0 Documentation', 'i': 'open-api', 'u': '/refguide/open-api', 'd': '/refguide/', 'p': 'modeling', 'mo': 30, 'newDir': '/refguide/modeling/integration/published-rest-services/published-rest-technical-details/'}
{'t': 'On Click Event & Events Section', 'i': 'on-click-event', 'u': '/refguide/on-click-event', 'd': '/refguide/', 'p': 'modeling', 'mo': 130, 'newDir': '/refguide/modeling/pages/'}
{'t': 'Operations', 'i': 'operations', 'u': '/refguide/operations', 'd': '/refguide/', 'p': 'modeling', 'newDir': '/refguide/modeling/integration/published-web-services/'}
{'t': 'Open App', 'i': 'open-app-dialog', 'u': '/refguide/open-app-dialog', 'd': '/refguide/', 'p': 'modeling', 'mo': 20, 'newDir': '/refguide/modeling/menus/file-menu/'}
{'t': 'OQL Aggregation', 'i': 'oql-aggregation', 'u': '/refguide/oql-aggregation', 'd': '/refguide/', 'p': 'modeling', 'newDir': '/refguide/modeling/resources/data-sets/oql/oql-expressions/'}
{'t': 'OQL Case Expression', 'i': 'oql-case-expression', 'u': '/refguide/oql-case-expression', 'd': '/refguide/', 'p': 'modeling', 'newDir': '/refguide/modeling/resources/data-sets/oql/oql-expressions/oql-operators/'}
{'t': 'OQL CAST', 'i': 'oql-cast', 'u': '/refguide/oql-cast', 'd': '/refguide/', 'p': 'modeling', 'newDir': '/refguide/modeling/resources/data-sets/oql/oql-expressions/oql-functions/'}
{'t': 'OQL DATEDIFF', 'i': 'oql-datediff', 'u': '/refguide/oql-datediff', 'd': '/refguide/', 'p': 'modeling', 'newDir': '/refguide/modeling/resources/data-sets/oql/oql-expressions/oql-functions/'}
{'t': 'OQL DATEPART', 'i': 'oql-datepart', 'u': '/refguide/oql-datepart', 'd': '/refguide/', 'p': 'modeling', 'newDir': '/refguide/modeling/resources/data-sets/oql/oql-expressions/oql-functions/'}
{'t': 'OQL COALESCE', 'i': 'oql-coalesce', 'u': '/refguide/oql-coalesce', 'd': '/refguide/', 'p': 'modeling', 'newDir': '/refguide/modeling/resources/data-sets/oql/oql-expressions/oql-functions/'}
{'t': 'OQL Expressions', 'i': 'oql-expressions', 'u': '/refguide/oql-expressions', 'd': '/refguide/', 'p': 'modeling', 'newDir': '/refguide/modeling/resources/data-sets/oql/oql-expressions/', 'indexFlag': 'true'}
{'t': 'OQL From Clause', 'i': 'oql-from-clause', 'u': '/refguide/oql-from-clause', 'd': '/refguide/', 'p': 'modeling', 'newDir': '/refguide/modeling/resources/data-sets/oql/'}
{'t': 'OQL Functions', 'i': 'oql-functions', 'u': '/refguide/oql-functions', 'd': '/refguide/', 'p': 'modeling', 'newDir': '/refguide/modeling/resources/data-sets/oql/oql-expressions/oql-functions/', 'indexFlag': 'true'}
{'t': 'OQL Group by Clause', 'i': 'oql-group-by-clause', 'u': '/refguide/oql-group-by-clause', 'd': '/refguide/', 'p': 'modeling', 'newDir': '/refguide/modeling/resources/data-sets/oql/'}
{'t': 'OQL LENGTH', 'i': 'oql-length', 'u': '/refguide/oql-length', 'd': '/refguide/', 'p': 'modeling', 'newDir': '/refguide/modeling/resources/data-sets/oql/oql-expressions/oql-functions/'}
{'t': 'OQL Limit Clause', 'i': 'oql-limit-clause', 'u': '/refguide/oql-limit-clause', 'd': '/refguide/', 'p': 'modeling', 'newDir': '/refguide/modeling/resources/data-sets/oql/'}
{'t': 'OQL Operators', 'i': 'oql-operators', 'u': '/refguide/oql-operators', 'd': '/refguide/', 'p': 'modeling', 'newDir': '/refguide/modeling/resources/data-sets/oql/oql-expressions/oql-operators/', 'indexFlag': 'true'}
{'t': 'OQL Parameters', 'i': 'oql-parameters', 'u': '/refguide/oql-parameters', 'd': '/refguide/', 'p': 'modeling', 'newDir': '/refguide/modeling/resources/data-sets/oql/oql-expressions/'}
{'t': 'OQL RANGEBEGIN', 'i': 'oql-rangebegin', 'u': '/refguide/oql-rangebegin', 'd': '/refguide/', 'p': 'modeling', 'newDir': '/refguide/modeling/resources/data-sets/oql/oql-expressions/oql-functions/'}
{'t': 'OQL Order by Clause', 'i': 'oql-order-by-clause', 'u': '/refguide/oql-order-by-clause', 'd': '/refguide/', 'p': 'modeling', 'newDir': '/refguide/modeling/resources/data-sets/oql/'}
{'t': 'OQL RANGEEND', 'i': 'oql-rangeend', 'u': '/refguide/oql-rangeend', 'd': '/refguide/', 'p': 'modeling', 'newDir': '/refguide/modeling/resources/data-sets/oql/oql-expressions/oql-functions/'}
{'t': 'OQL ROUND', 'i': 'oql-round', 'u': '/refguide/oql-round', 'd': '/refguide/', 'p': 'modeling', 'newDir': '/refguide/modeling/resources/data-sets/oql/oql-expressions/oql-functions/'}
{'t': 'OQL Select Clause', 'i': 'oql-select-clause', 'u': '/refguide/oql-select-clause', 'd': '/refguide/', 'p': 'modeling', 'newDir': '/refguide/modeling/resources/data-sets/oql/'}
{'t': 'OQL', 'i': 'oql', 'u': '/refguide/oql', 'd': '/refguide/', 'p': 'modeling', 'newDir': '/refguide/modeling/resources/data-sets/oql/', 'indexFlag': 'true'}
{'t': 'OQL Where Clause', 'i': 'oql-where-clause', 'u': '/refguide/oql-where-clause', 'd': '/refguide/', 'p': 'modeling', 'newDir': '/refguide/modeling/resources/data-sets/oql/'}
{'t': 'Oracle', 'i': 'oracle', 'u': '/refguide/oracle', 'd': '/refguide/', 'p': 'runtime', 'mo': 60, 'newDir': '/refguide/runtime/data-storage/'}
{'t': 'Order By Behavior', 'i': 'ordering-behavior', 'u': '/refguide/ordering-behavior', 'd': '/refguide/', 'p': 'runtime', 'mo': 20, 'newDir': '/refguide/runtime/data-storage/'}
{'t': 'Page Break (Document Template)', 'i': 'page-break-document-template', 'u': '/refguide/page-break-document-template', 'd': '/refguide/', 'p': 'modeling', 'newDir': '/refguide/modeling/resources/document-templates/'}
{'t': 'Page Resources', 'i': 'page-resources', 'u': '/refguide/page-resources', 'd': '/refguide/', 'p': 'modeling', 'mo': 12, 'newDir': '/refguide/modeling/pages/page-resources/', 'indexFlag': 'true'}
{'t': 'Page Template', 'i': 'page-templates', 'u': '/refguide/page-templates', 'd': '/refguide/', 'p': 'modeling', 'mo': 20, 'newDir': '/refguide/modeling/pages/page-resources/'}
{'t': 'Page Properties', 'i': 'page-properties', 'u': '/refguide/page-properties', 'd': '/refguide/', 'p': 'modeling', 'mo': 10, 'newDir': '/refguide/modeling/pages/page/'}
{'t': 'Page Title', 'i': 'page-title', 'u': '/refguide/page-title', 'd': '/refguide/', 'p': 'modeling', 'mo': 50, 'newDir': '/refguide/modeling/pages/text-widgets/'}
{'t': 'Page', 'i': 'page', 'u': '/refguide/page', 'd': '/refguide/', 'p': 'modeling', 'mo': 10, 'newDir': '/refguide/modeling/pages/page/', 'indexFlag': 'true'}
{'t': 'Pages', 'c': 'App Modeling', 'i': 'pages', 'u': '/refguide/pages', 'd': '/refguide/', 'mo': 30, 'newDir': '/refguide/modeling/pages/', 'indexFlag': 'true', 'p': 'modeling'}
{'t': 'Parameter', 'i': 'parameter', 'u': '/refguide/parameter', 'd': '/refguide/', 'p': 'modeling', 'mo': 70, 'newDir': '/refguide/modeling/application-logic/microflows-and-nanoflows/'}
{'t': 'Parallel Split', 'i': 'parallel-split', 'u': '/refguide/parallel-split', 'd': '/refguide/', 'p': 'modeling', 'mo': 30, 'newDir': '/refguide/modeling/application-logic/workflows/'}
{'t': 'Parse & Format Date Function Calls', 'i': 'parse-and-format-date-function-calls', 'u': '/refguide/parse-and-format-date-function-calls', 'd': '/refguide/', 'p': 'modeling', 'mo': 160, 'newDir': '/refguide/modeling/application-logic/expressions/'}
{'t': 'Parse & Format Decimal Function Calls', 'i': 'parse-and-format-decimal-function-calls', 'u': '/refguide/parse-and-format-decimal-function-calls', 'd': '/refguide/', 'p': 'modeling', 'mo': 150, 'newDir': '/refguide/modeling/application-logic/expressions/'}
{'t': 'Parse Integer', 'i': 'parse-integer', 'u': '/refguide/parse-integer', 'd': '/refguide/', 'p': 'modeling', 'mo': 140, 'newDir': '/refguide/modeling/application-logic/expressions/'}
{'t': 'Password Text Box', 'i': 'password-text-box', 'u': '/refguide/password-text-box', 'd': '/refguide/', 'p': 'modeling', 'newDir': '/refguide/modeling/pages/authentication-widgets/'}
{'t': 'Performance Best Practices', 'i': 'performance-best-practices', 'u': '/refguide/performance-best-practices', 'd': '/refguide/', 'p': 'modeling', 'newDir': '/refguide/modeling/menus/view-menu/mx-assist-performance-bot/'}
{'t': 'Password Policy', 'i': 'password-policy', 'u': '/refguide/password-policy', 'd': '/refguide/', 'p': 'modeling', 'mo': 50, 'newDir': '/refguide/modeling/menus/view-menu/project-explorer/security/project-security/'}
{'t': 'Persistability', 'i': 'persistability', 'u': '/refguide/persistability', 'd': '/refguide/', 'p': 'modeling', 'mo': 20, 'newDir': '/refguide/modeling/domain-model/entities/'}
{'t': 'Placeholder', 'i': 'placeholder', 'u': '/refguide/placeholder', 'd': '/refguide/', 'p': 'modeling', 'mo': 10, 'newDir': '/refguide/modeling/pages/page-resources/layout/'}
{'t': 'Preferences', 'i': 'preferences-dialog', 'u': '/refguide/preferences-dialog', 'd': '/refguide/', 'p': 'modeling', 'mo': 50, 'newDir': '/refguide/modeling/menus/edit-menu/'}
{'t': 'Progressive Web Apps', 'c': 'Mobile', 'i': 'progressive-web-app', 'u': '/refguide/progressive-web-app', 'd': '/refguide/', 'mo': 2, 'newDir': '/refguide/mobile/', 'p': 'mobile'}
{'t': 'App Explorer', 'i': 'project-explorer', 'u': '/refguide/project-explorer', 'd': '/refguide/', 'p': 'modeling', 'mo': 40, 'newDir': '/refguide/modeling/menus/view-menu/project-explorer/', 'indexFlag': 'true'}
{'t': 'App Security', 'i': 'project-security', 'u': '/refguide/project-security', 'd': '/refguide/', 'p': 'modeling', 'mo': 10, 'newDir': '/refguide/modeling/menus/view-menu/project-explorer/security/project-security/', 'indexFlag': 'true'}
{'t': 'App Settings', 'i': 'project-settings', 'u': '/refguide/project-settings', 'd': '/refguide/', 'p': 'modeling', 'mo': 10, 'newDir': '/refguide/modeling/menus/view-menu/project-explorer/project/project-settings/', 'indexFlag': 'true'}
{'t': 'Publishing a Microflow as a REST Operation', 'i': 'publish-microflow-as-rest-operation', 'u': '/refguide/publish-microflow-as-rest-operation', 'd': '/refguide/', 'p': 'modeling', 'mo': 30, 'newDir': '/refguide/modeling/integration/published-rest-services/'}
{'t': 'Published OData Resource', 'i': 'published-odata-resource', 'u': '/refguide/published-odata-resource', 'd': '/refguide/', 'p': 'modeling', 'newDir': '/refguide/modeling/integration/published-odata-services/'}
{'t': 'App', 'i': 'project', 'u': '/refguide/project', 'd': '/refguide/', 'p': 'modeling', 'mo': 10, 'newDir': '/refguide/modeling/menus/view-menu/project-explorer/project/', 'indexFlag': 'true'}
{'t': 'Published OData Services', 'i': 'published-odata-services', 'u': '/refguide/published-odata-services', 'd': '/refguide/', 'p': 'modeling', 'mo': 10, 'newDir': '/refguide/modeling/integration/published-odata-services/', 'indexFlag': 'true'}
{'t': 'Custom Authentication Microflow Parameters', 'i': 'published-rest-authentication-parameter', 'u': '/refguide/published-rest-authentication-parameter', 'd': '/refguide/', 'p': 'modeling', 'mo': 40, 'newDir': '/refguide/modeling/integration/published-rest-services/published-rest-technical-details/'}
{'t': 'Operation Parameters for Published REST', 'i': 'published-rest-operation-parameter', 'u': '/refguide/published-rest-operation-parameter', 'd': '/refguide/', 'p': 'modeling', 'mo': 20, 'newDir': '/refguide/modeling/integration/published-rest-services/published-rest-service/'}
{'t': 'Published REST Path Parameters', 'i': 'published-rest-path-parameters', 'u': '/refguide/published-rest-path-parameters', 'd': '/refguide/', 'p': 'modeling', 'mo': 30, 'newDir': '/refguide/modeling/integration/published-rest-services/published-rest-service/'}
{'t': 'Published REST Operation', 'i': 'published-rest-operation', 'u': '/refguide/published-rest-operation', 'd': '/refguide/', 'p': 'modeling', 'mo': 10, 'newDir': '/refguide/modeling/integration/published-rest-services/published-rest-service/'}
{'t': 'Published REST Query Parameters', 'i': 'published-rest-query-parameters', 'u': '/refguide/published-rest-query-parameters', 'd': '/refguide/', 'p': 'modeling', 'mo': 40, 'newDir': '/refguide/modeling/integration/published-rest-services/published-rest-service/'}
{'t': 'Published REST Resource', 'i': 'published-rest-resource', 'u': '/refguide/published-rest-resource', 'd': '/refguide/', 'p': 'modeling', 'mo': 50, 'newDir': '/refguide/modeling/integration/published-rest-services/published-rest-service/'}
{'t': 'Published REST Request Routing', 'i': 'published-rest-routing', 'u': '/refguide/published-rest-routing', 'd': '/refguide/', 'p': 'modeling', 'mo': 10, 'newDir': '/refguide/modeling/integration/published-rest-services/published-rest-technical-details/'}
{'t': 'Published REST Service', 'i': 'published-rest-service', 'u': '/refguide/published-rest-service', 'd': '/refguide/', 'p': 'modeling', 'mo': 10, 'newDir': '/refguide/modeling/integration/published-rest-services/published-rest-service/', 'indexFlag': 'true'}
{'t': 'Published REST Services', 'i': 'published-rest-services', 'u': '/refguide/published-rest-services', 'd': '/refguide/', 'p': 'modeling', 'mo': 20, 'newDir': '/refguide/modeling/integration/published-rest-services/', 'indexFlag': 'true'}
{'t': 'JSON Schema for Published REST Operation', 'i': 'published-rest-service-json-schema', 'u': '/refguide/published-rest-service-json-schema', 'd': '/refguide/', 'p': 'modeling', 'mo': 20, 'newDir': '/refguide/modeling/integration/published-rest-services/published-rest-technical-details/'}
{'t': 'Technical Details of Published REST', 'i': 'published-rest-technical-details', 'u': '/refguide/published-rest-technical-details', 'd': '/refguide/', 'p': 'modeling', 'mo': 40, 'newDir': '/refguide/modeling/integration/published-rest-services/published-rest-technical-details/', 'indexFlag': 'true'}
{'t': 'Published Web Service', 'i': 'published-web-service', 'u': '/refguide/published-web-service', 'd': '/refguide/', 'p': 'modeling', 'newDir': '/refguide/modeling/integration/published-web-services/'}
{'t': 'Published Web Services', 'i': 'published-web-services', 'u': '/refguide/published-web-services', 'd': '/refguide/', 'p': 'modeling', 'mo': 30, 'newDir': '/refguide/modeling/integration/published-web-services/', 'indexFlag': 'true'}
{'t': 'Radio Buttons', 'i': 'radio-buttons', 'u': '/refguide/radio-buttons', 'd': '/refguide/', 'p': 'modeling', 'mo': 50, 'newDir': '/refguide/modeling/pages/input-widgets/'}
{'t': 'Querying Over Self-References', 'i': 'query-over', 'u': '/refguide/query-over', 'd': '/refguide/', 'p': 'modeling', 'mo': 20, 'newDir': '/refguide/modeling/domain-model/associations/'}
{'t': 'Reference Set Selector', 'i': 'reference-set-selector', 'u': '/refguide/reference-set-selector', 'd': '/refguide/', 'p': 'modeling', 'mo': 80, 'newDir': '/refguide/modeling/pages/input-widgets/'}
{'t': 'Reference Selector', 'i': 'reference-selector', 'u': '/refguide/reference-selector', 'd': '/refguide/', 'p': 'modeling', 'mo': 70, 'newDir': '/refguide/modeling/pages/input-widgets/'}
{'t': 'Regular Expressions', 'i': 'regular-expressions', 'u': '/refguide/regular-expressions', 'd': '/refguide/', 'p': 'modeling', 'mo': 70, 'newDir': '/refguide/modeling/resources/'}
{'t': 'Relational Expressions', 'i': 'relational-expressions', 'u': '/refguide/relational-expressions', 'd': '/refguide/', 'p': 'modeling', 'mo': 30, 'newDir': '/refguide/modeling/application-logic/expressions/'}
{'t': 'Generate Report Button', 'i': 'report-button', 'u': '/refguide/report-button', 'd': '/refguide/', 'p': 'modeling', 'mo': 40, 'newDir': '/refguide/modeling/pages/report-widgets/'}
{'t': 'Report Date Parameter', 'i': 'report-date-parameter', 'u': '/refguide/report-date-parameter', 'd': '/refguide/', 'p': 'modeling', 'mo': 30, 'newDir': '/refguide/modeling/pages/report-widgets/report-date-parameter/', 'indexFlag': 'true'}
{'t': 'Report Grid', 'i': 'report-grid', 'u': '/refguide/report-grid', 'd': '/refguide/', 'p': 'modeling', 'mo': 10, 'newDir': '/refguide/modeling/pages/report-widgets/'}
{'t': 'Reports', 'i': 'report-widgets', 'u': '/refguide/report-widgets', 'd': '/refguide/', 'p': 'modeling', 'mo': 50, 'newDir': '/refguide/modeling/pages/report-widgets/', 'indexFlag': 'true'}
{'t': 'Resources', 'c': 'App Modeling', 'i': 'resources', 'u': '/refguide/resources', 'd': '/refguide/', 'mo': 50, 'newDir': '/refguide/modeling/resources/', 'indexFlag': 'true', 'p': 'modeling'}
{'t': 'Retrieve Workflow Context', 'i': 'retrieve-workflow-context', 'u': '/refguide/retrieve-workflow-context', 'd': '/refguide/', 'p': 'modeling', 'mo': 40, 'newDir': '/refguide/modeling/application-logic/microflows-and-nanoflows/activities/workflow-activities/'}
{'t': 'Report Parameter', 'i': 'report-parameter', 'u': '/refguide/report-parameter', 'd': '/refguide/', 'p': 'modeling', 'mo': 20, 'newDir': '/refguide/modeling/pages/report-widgets/'}
{'t': 'Retrieve', 'i': 'retrieve', 'u': '/refguide/retrieve', 'd': '/refguide/', 'p': 'modeling', 'mo': 60, 'newDir': '/refguide/modeling/application-logic/microflows-and-nanoflows/activities/object-activities/'}
{'t': 'Row (Document Template)', 'i': 'row-document-template', 'u': '/refguide/row-document-template', 'd': '/refguide/', 'p': 'modeling', 'newDir': '/refguide/modeling/resources/document-templates/table-document-template/row-document-template/', 'indexFlag': 'true'}
{'t': 'Rollback Object', 'i': 'rollback-object', 'u': '/refguide/rollback-object', 'd': '/refguide/', 'p': 'modeling', 'mo': 70, 'newDir': '/refguide/modeling/application-logic/microflows-and-nanoflows/activities/object-activities/'}
{'t': 'Rules', 'i': 'rules', 'u': '/refguide/rules', 'd': '/refguide/', 'p': 'modeling', 'mo': 30, 'newDir': '/refguide/modeling/resources/'}
{'t': 'Run Menu', 'i': 'run-menu', 'u': '/refguide/run-menu', 'd': '/refguide/', 'p': 'modeling', 'mo': 35, 'newDir': '/refguide/modeling/menus/run-menu/', 'indexFlag': 'true'}
{'t': 'Runtime Deployment', 'c': 'Mendix Runtime', 'i': 'runtime-deployment', 'u': '/refguide/runtime-deployment', 'd': '/refguide/', 'mo': 30, 'newDir': '/refguide/runtime/', 'p': 'runtime'}
{'t': 'Common Runtime & Java Errors', 'i': 'runtime-java-errors', 'u': '/refguide/runtime-java-errors', 'd': '/refguide/', 'p': 'runtime', 'mo': 3, 'newDir': '/refguide/runtime/runtime-java/'}
{'t': 'Runtime Server', 'c': 'Mendix Runtime', 'i': 'runtime-server', 'u': '/refguide/runtime-server', 'd': '/refguide/', 'mo': 10, 'newDir': '/refguide/runtime/', 'p': 'runtime'}
{'t': 'Mendix Runtime & Java', 'c': 'Mendix Runtime', 'i': 'runtime-java', 'u': '/refguide/runtime-java', 'd': '/refguide/', 'newDir': '/refguide/runtime/runtime-java/', 'indexFlag': 'true', 'p': 'runtime'}
{'t': 'Mendix Runtime', 'i': 'runtime', 'u': '/refguide/runtime', 'd': '/refguide/', 'newDir': '/refguide/runtime/', 'indexFlag': 'true'}
{'t': 'SAP HANA', 'i': 'saphana', 'u': '/refguide/saphana', 'd': '/refguide/', 'p': 'runtime', 'mo': 70, 'newDir': '/refguide/runtime/data-storage/'}
{'t': 'Scheduled Events', 'i': 'scheduled-events', 'u': '/refguide/scheduled-events', 'd': '/refguide/', 'p': 'modeling', 'mo': 80, 'newDir': '/refguide/modeling/resources/'}
{'t': 'Search Bar', 'i': 'search-bar', 'u': '/refguide/search-bar', 'd': '/refguide/', 'p': 'modeling', 'mo': 40, 'newDir': '/refguide/modeling/pages/data-widgets/grids/'}
{'t': 'Security', 'i': 'security', 'u': '/refguide/security', 'd': '/refguide/', 'p': 'modeling', 'newDir': '/refguide/modeling/menus/view-menu/project-explorer/security/', 'indexFlag': 'true'}
{'t': 'Scroll Container', 'i': 'scroll-container', 'u': '/refguide/scroll-container', 'd': '/refguide/', 'p': 'modeling', 'mo': 50, 'newDir': '/refguide/modeling/pages/structure-widgets/'}
{'t': 'Select Elements', 'i': 'select--elements', 'u': '/refguide/select--elements', 'd': '/refguide/', 'p': 'modeling', 'newDir': '/refguide/modeling/integration/mapping-documents/'}
{'t': 'Send External Object', 'i': 'send-external-object', 'u': '/refguide/send-external-object', 'd': '/refguide/', 'p': 'modeling', 'newDir': '/refguide/modeling/application-logic/microflows-and-nanoflows/activities/external-object-activities/'}
{'t': 'Sequence Flow', 'i': 'sequence-flow', 'u': '/refguide/sequence-flow', 'd': '/refguide/', 'p': 'modeling', 'mo': 30, 'newDir': '/refguide/modeling/application-logic/microflows-and-nanoflows/'}
{'t': 'Show Message', 'i': 'show-message', 'u': '/refguide/show-message', 'd': '/refguide/', 'p': 'modeling', 'mo': 4, 'newDir': '/refguide/modeling/application-logic/microflows-and-nanoflows/activities/client-activities/'}
{'t': 'Show Home Page', 'i': 'show-home-page', 'u': '/refguide/show-home-page', 'd': '/refguide/', 'p': 'modeling', 'mo': 30, 'newDir': '/refguide/modeling/application-logic/microflows-and-nanoflows/activities/client-activities/'}
{'t': 'Show Page', 'i': 'show-page', 'u': '/refguide/show-page', 'd': '/refguide/', 'p': 'modeling', 'mo': 50, 'newDir': '/refguide/modeling/application-logic/microflows-and-nanoflows/activities/client-activities/'}
{'t': 'Show User Task Page', 'i': 'show-task-page', 'u': '/refguide/show-task-page', 'd': '/refguide/', 'p': 'modeling', 'mo': 50, 'newDir': '/refguide/modeling/application-logic/microflows-and-nanoflows/activities/workflow-activities/'}
{'t': 'Show Workflow Admin Page', 'i': 'show-workflow-page', 'u': '/refguide/show-workflow-page', 'd': '/refguide/', 'p': 'modeling', 'mo': 60, 'newDir': '/refguide/modeling/application-logic/microflows-and-nanoflows/activities/workflow-activities/'}
{'t': 'Sign-In Button', 'i': 'sign-in-button', 'u': '/refguide/sign-in-button', 'd': '/refguide/', 'p': 'modeling', 'newDir': '/refguide/modeling/pages/authentication-widgets/'}
{'t': 'Simple Menu Bar', 'i': 'simple-menu-bar', 'u': '/refguide/simple-menu-bar', 'd': '/refguide/', 'p': 'modeling', 'mo': 2, 'newDir': '/refguide/modeling/pages/menu-widgets/'}
{'t': 'Sidebar Toggle', 'i': 'sidebar-toggle-button', 'u': '/refguide/sidebar-toggle-button', 'd': '/refguide/', 'p': 'modeling', 'mo': 30, 'newDir': '/refguide/modeling/pages/page-resources/layout/'}
{'t': 'Snippet Call', 'i': 'snippet-call', 'u': '/refguide/snippet-call', 'd': '/refguide/', 'p': 'modeling', 'mo': 40, 'newDir': '/refguide/modeling/pages/structure-widgets/'}
{'t': 'Snippet', 'i': 'snippet', 'u': '/refguide/snippet', 'd': '/refguide/', 'p': 'modeling', 'mo': 30, 'newDir': '/refguide/modeling/pages/page-resources/'}
{'t': 'Sort Bar', 'i': 'sort-bar', 'u': '/refguide/sort-bar', 'd': '/refguide/', 'p': 'modeling', 'mo': 50, 'newDir': '/refguide/modeling/pages/data-widgets/grids/'}
{'t': 'Start Event', 'i': 'start-event', 'u': '/refguide/start-event', 'd': '/refguide/', 'p': 'modeling', 'mo': 1, 'newDir': '/refguide/modeling/application-logic/microflows-and-nanoflows/events/'}
{'t': 'Special Checks', 'i': 'special-checks', 'u': '/refguide/special-checks', 'd': '/refguide/', 'p': 'modeling', 'mo': 40, 'newDir': '/refguide/modeling/application-logic/expressions/'}
{'t': 'Static Image (Document Template)', 'i': 'static-image-document-template', 'u': '/refguide/static-image-document-template', 'd': '/refguide/', 'p': 'modeling', 'newDir': '/refguide/modeling/resources/document-templates/'}
{'t': 'Static Label (Document Template)', 'i': 'static-label-document-template', 'u': '/refguide/static-label-document-template', 'd': '/refguide/', 'p': 'modeling', 'newDir': '/refguide/modeling/resources/document-templates/'}
{'t': 'Stories Pane', 'i': 'stories-pane', 'u': '/refguide/stories-pane', 'd': '/refguide/', 'p': 'modeling', 'mo': 60, 'newDir': '/refguide/modeling/menus/view-menu/'}
{'t': 'Structure', 'i': 'structure-widgets', 'u': '/refguide/structure-widgets', 'd': '/refguide/', 'p': 'modeling', 'mo': 25, 'newDir': '/refguide/modeling/pages/structure-widgets/', 'indexFlag': 'true'}
{'t': 'Studio Pro Overview', 'c': 'App Modeling', 'i': 'studio-pro-overview', 'u': '/refguide/studio-pro-overview', 'd': '/refguide/', 'mo': 10, 'newDir': '/refguide/modeling/studio-pro-overview/', 'indexFlag': 'true', 'p': 'modeling'}
{'t': 'String Function Calls', 'i': 'string-function-calls', 'u': '/refguide/string-function-calls', 'd': '/refguide/', 'p': 'modeling', 'mo': 80, 'newDir': '/refguide/modeling/application-logic/expressions/'}
{'t': 'Model Changes When Security Is Enabled in Studio', 'i': 'studio-security-enabled', 'u': '/refguide/studio-security-enabled', 'd': '/refguide/', 'p': 'modeling', 'newDir': '/refguide/modeling/menus/view-menu/project-explorer/security/'}
{'t': 'Style', 'i': 'style', 'u': '/refguide/style', 'd': '/refguide/', 'p': 'modeling', 'newDir': '/refguide/modeling/resources/document-templates/'}
{'t': 'Suppression Rules', 'i': 'suppression-rules', 'u': '/refguide/suppression-rules', 'd': '/refguide/', 'p': 'modeling', 'mo': 10, 'newDir': '/refguide/modeling/menus/view-menu/errors-pane/'}
{'t': 'Synchronize', 'i': 'synchronize', 'u': '/refguide/synchronize', 'd': '/refguide/', 'p': 'modeling', 'mo': 70, 'newDir': '/refguide/modeling/application-logic/microflows-and-nanoflows/activities/client-activities/'}
{'t': 'Synchronize to Device', 'i': 'synchronize-to-device', 'u': '/refguide/synchronize-to-device', 'd': '/refguide/', 'p': 'modeling', 'mo': 60, 'newDir': '/refguide/modeling/application-logic/microflows-and-nanoflows/activities/client-activities/'}
{'t': 'System Requirements', 'c': 'General Info', 'i': 'system-requirements', 'u': '/refguide/system-requirements', 'd': '/refguide/', 'mo': 10, 'newDir': '/refguide/general/', 'p': 'general'}
{'t': 'System Texts', 'i': 'system-texts', 'u': '/refguide/system-texts', 'd': '/refguide/', 'p': 'modeling', 'newDir': '/refguide/modeling/menus/view-menu/project-explorer/project/'}
{'t': 'Tab Container', 'i': 'tab-container', 'u': '/refguide/tab-container', 'd': '/refguide/', 'p': 'modeling', 'mo': 40, 'newDir': '/refguide/modeling/pages/structure-widgets/'}
{'t': 'Table', 'i': 'table', 'u': '/refguide/table', 'd': '/refguide/', 'p': 'modeling', 'mo': 60, 'newDir': '/refguide/modeling/pages/structure-widgets/'}
{'t': 'Template Grid (Document Template)', 'i': 'template-grid-document-template', 'u': '/refguide/template-grid-document-template', 'd': '/refguide/', 'p': 'modeling', 'newDir': '/refguide/modeling/resources/document-templates/'}
{'t': 'Task Queue', 'i': 'task-queue', 'u': '/refguide/task-queue', 'd': '/refguide/', 'p': 'modeling', 'mo': 85, 'newDir': '/refguide/modeling/resources/'}
{'t': 'Table (Document Template)', 'i': 'table-document-template', 'u': '/refguide/table-document-template', 'd': '/refguide/', 'p': 'modeling', 'newDir': '/refguide/modeling/resources/document-templates/table-document-template/', 'indexFlag': 'true'}
{'t': 'Template Grid', 'i': 'template-grid', 'u': '/refguide/template-grid', 'd': '/refguide/', 'p': 'modeling', 'mo': 20, 'newDir': '/refguide/modeling/pages/data-widgets/grids/'}
{'t': 'Text Area', 'i': 'text-area', 'u': '/refguide/text-area', 'd': '/refguide/', 'p': 'modeling', 'mo': 20, 'newDir': '/refguide/modeling/pages/input-widgets/'}
{'t': 'Text Box', 'i': 'text-box', 'u': '/refguide/text-box', 'd': '/refguide/', 'p': 'modeling', 'mo': 10, 'newDir': '/refguide/modeling/pages/input-widgets/'}
{'t': 'Text', 'i': 'text', 'u': '/refguide/text', 'd': '/refguide/', 'p': 'modeling', 'mo': 10, 'newDir': '/refguide/modeling/pages/text-widgets/'}
{'t': 'Text', 'i': 'text-widgets', 'u': '/refguide/text-widgets', 'd': '/refguide/', 'p': 'modeling', 'mo': 20, 'newDir': '/refguide/modeling/pages/text-widgets/', 'indexFlag': 'true'}
{'t': 'Third-Party Licenses', 'c': 'General Info', 'i': 'third-party-licenses', 'u': '/refguide/third-party-licenses', 'd': '/refguide/', 'mo': 70, 'newDir': '/refguide/general/', 'p': 'general'}
{'t': 'Title (Document Template)', 'i': 'title-document-template', 'u': '/refguide/title-document-template', 'd': '/refguide/', 'p': 'modeling', 'newDir': '/refguide/modeling/resources/document-templates/'}
{'t': 'To String', 'i': 'to-string', 'u': '/refguide/to-string', 'd': '/refguide/', 'p': 'modeling', 'mo': 130, 'newDir': '/refguide/modeling/application-logic/expressions/'}
{'t': 'Language Menu', 'i': 'translatable-texts', 'u': '/refguide/translatable-texts', 'd': '/refguide/', 'p': 'modeling', 'mo': 50, 'newDir': '/refguide/modeling/menus/translatable-texts/', 'indexFlag': 'true'}
{'t': 'Non-Persistable Objects & Garbage Collecting', 'i': 'transient-objects-garbage-collecting', 'u': '/refguide/transient-objects-garbage-collecting', 'd': '/refguide/', 'p': 'runtime', 'mo': 1, 'newDir': '/refguide/runtime/runtime-java/'}
{'t': 'Advanced Custom Settings in Mendix Runtime', 'i': 'tricky-custom-runtime-settings', 'u': '/refguide/tricky-custom-runtime-settings', 'd': '/refguide/', 'p': 'runtime', 'newDir': '/refguide/runtime/custom-settings/'}
{'t': 'Trim to Date', 'i': 'trim-to-date', 'u': '/refguide/trim-to-date', 'd': '/refguide/', 'p': 'modeling', 'mo': 120, 'newDir': '/refguide/modeling/application-logic/expressions/'}
{'t': 'Troubleshooting', 'c': 'Java Programming', 'i': 'troubleshooting', 'u': '/refguide/troubleshooting', 'd': '/refguide/', 'newDir': '/refguide/java-programming/', 'p': 'java-programming'}
{'t': 'Unary Expressions', 'i': 'unary-expressions', 'u': '/refguide/unary-expressions', 'd': '/refguide/', 'p': 'modeling', 'mo': 10, 'newDir': '/refguide/modeling/application-logic/expressions/'}
{'t': 'UI Resources Package', 'i': 'ui-resources-package', 'u': '/refguide/ui-resources-package', 'd': '/refguide/', 'p': 'modeling', 'newDir': '/refguide/modeling/menus/view-menu/project-explorer/modules/'}
{'t': 'Upload to Version Control Server', 'i': 'upload-to-version-control-dialog', 'u': '/refguide/upload-to-version-control-dialog', 'd': '/refguide/', 'p': 'modeling', 'mo': 70, 'newDir': '/refguide/modeling/menus/version-control-menu/'}
{'t': 'User Roles', 'i': 'user-roles', 'u': '/refguide/user-roles', 'd': '/refguide/', 'p': 'modeling', 'mo': 10, 'newDir': '/refguide/modeling/menus/view-menu/project-explorer/security/project-security/'}
{'t': 'User Task', 'i': 'user-task', 'u': '/refguide/user-task', 'd': '/refguide/', 'p': 'modeling', 'mo': 15, 'newDir': '/refguide/modeling/application-logic/workflows/'}
{'t': 'Using a Proxy to Call a Web Service', 'i': 'using-a-proxy-to-call-a-webservice', 'u': '/refguide/using-a-proxy-to-call-a-webservice', 'd': '/refguide/', 'p': 'modeling', 'newDir': '/refguide/modeling/integration/consumed-web-services/'}
{'t': 'Using Eclipse', 'c': 'Java Programming', 'i': 'using-eclipse', 'u': '/refguide/using-eclipse', 'd': '/refguide/', 'newDir': '/refguide/java-programming/', 'p': 'java-programming'}
{'t': 'Using a Proxy to Call a REST Service', 'i': 'using-a-proxy-to-call-a-rest-service', 'u': '/refguide/using-a-proxy-to-call-a-rest-service', 'd': '/refguide/', 'p': 'modeling', 'newDir': '/refguide/modeling/integration/consumed-rest-services/'}
{'t': 'Using Version Control in Studio Pro', 'c': 'Version Control', 'i': 'using-version-control-in-studio-pro', 'u': '/refguide/using-version-control-in-studio-pro', 'd': '/refguide/', 'mo': 10, 'newDir': '/refguide/version-control/', 'p': 'version-control'}
{'t': 'Validation Feedback', 'i': 'validation-feedback', 'u': '/refguide/validation-feedback', 'd': '/refguide/', 'p': 'modeling', 'mo': 70, 'newDir': '/refguide/modeling/application-logic/microflows-and-nanoflows/activities/client-activities/'}
{'t': 'Validation Message', 'i': 'validation-message', 'u': '/refguide/validation-message', 'd': '/refguide/', 'p': 'modeling', 'newDir': '/refguide/modeling/pages/authentication-widgets/'}
{'t': 'Variable Activities', 'i': 'variable-activities', 'u': '/refguide/variable-activities', 'd': '/refguide/', 'p': 'modeling', 'mo': 40, 'newDir': '/refguide/modeling/application-logic/microflows-and-nanoflows/activities/variable-activities/', 'indexFlag': 'true'}
{'t': 'Version Control Menu', 'i': 'version-control-menu', 'u': '/refguide/version-control-menu', 'd': '/refguide/', 'p': 'modeling', 'mo': 40, 'newDir': '/refguide/modeling/menus/version-control-menu/', 'indexFlag': 'true'}
{'t': 'Validation Rules', 'i': 'validation-rules', 'u': '/refguide/validation-rules', 'd': '/refguide/', 'p': 'modeling', 'mo': 40, 'newDir': '/refguide/modeling/domain-model/entities/'}
{'t': 'Version Control', 'i': 'version-control', 'u': '/refguide/version-control', 'd': '/refguide/', 'newDir': '/refguide/version-control/', 'indexFlag': 'true'}
{'t': 'View Menu', 'i': 'view-menu', 'u': '/refguide/view-menu', 'd': '/refguide/', 'p': 'modeling', 'mo': 20, 'newDir': '/refguide/modeling/menus/view-menu/', 'indexFlag': 'true'}
{'t': 'WebSockets', 'c': 'Mendix Runtime', 'i': 'websockets-in-runtime', 'u': '/refguide/websockets-in-runtime', 'd': '/refguide/', 'newDir': '/refguide/runtime/', 'p': 'runtime'}
{'t': 'Migrate Workflow Apps', 'c': 'General Info', 'i': 'workflow-beta-migration', 'u': '/refguide/workflow-beta-migration', 'd': '/refguide/', 'mo': 25, 'newDir': '/refguide/general/', 'p': 'general'}
{'t': 'Workflow Activities', 'i': 'workflow-activities', 'u': '/refguide/workflow-activities', 'd': '/refguide/', 'p': 'modeling', 'mo': 90, 'newDir': '/refguide/modeling/application-logic/microflows-and-nanoflows/activities/workflow-activities/', 'indexFlag': 'true'}
{'t': 'Workflow Call', 'i': 'workflow-call', 'u': '/refguide/workflow-call', 'd': '/refguide/', 'p': 'modeling', 'mo': 10, 'newDir': '/refguide/modeling/application-logic/microflows-and-nanoflows/activities/workflow-activities/'}
{'t': 'Updating Your Workflow Definition', 'i': 'workflow-definition-update', 'u': '/refguide/workflow-definition-update', 'd': '/refguide/', 'p': 'modeling', 'mo': 60, 'newDir': '/refguide/modeling/application-logic/workflows/'}
{'t': 'Workflow Parameters', 'i': 'workflow-parameters', 'u': '/refguide/workflow-parameters', 'd': '/refguide/', 'p': 'modeling', 'mo': 5, 'newDir': '/refguide/modeling/application-logic/workflows/'}
{'t': 'Adding a Workflow to an Existing App: Setting Up the Basics', 'i': 'workflow-setting-up-app', 'u': '/refguide/workflow-setting-up-app', 'd': '/refguide/', 'p': 'modeling', 'mo': 55, 'newDir': '/refguide/modeling/application-logic/workflows/'}
{'t': 'Workflow Properties', 'i': 'workflow-properties', 'u': '/refguide/workflow-properties', 'd': '/refguide/', 'p': 'modeling', 'mo': 10, 'newDir': '/refguide/modeling/application-logic/workflows/'}
{'t': 'XML Inheritance & Choice', 'i': 'xml-inheritance-and-choice', 'u': '/refguide/xml-inheritance-and-choice', 'd': '/refguide/', 'p': 'modeling', 'newDir': '/refguide/modeling/integration/mapping-documents/'}
{'t': 'Workflows', 'i': 'workflows', 'u': '/refguide/workflows', 'd': '/refguide/', 'p': 'modeling', 'mo': 20, 'newDir': '/refguide/modeling/application-logic/workflows/', 'indexFlag': 'true'}
{'t': 'XML Schema Support', 'i': 'xml-schema-support', 'u': '/refguide/xml-schema-support', 'd': '/refguide/', 'p': 'modeling', 'newDir': '/refguide/modeling/integration/xml-schemas/'}
{'t': 'XPath Avg', 'i': 'xpath-avg', 'u': '/refguide/xpath-avg', 'd': '/refguide/', 'p': 'modeling', 'newDir': '/refguide/modeling/xpath/xpath-query-functions/'}
{'t': 'XPath Constraint Functions', 'i': 'xpath-constraint-functions', 'u': '/refguide/xpath-constraint-functions', 'd': '/refguide/', 'p': 'modeling', 'newDir': '/refguide/modeling/xpath/xpath-constraints/xpath-constraint-functions/', 'indexFlag': 'true'}
{'t': 'XML Schemas', 'i': 'xml-schemas', 'u': '/refguide/xml-schemas', 'd': '/refguide/', 'p': 'modeling', 'mo': 55, 'newDir': '/refguide/modeling/integration/xml-schemas/', 'indexFlag': 'true'}
{'t': 'XPath Constraints', 'i': 'xpath-constraints', 'u': '/refguide/xpath-constraints', 'd': '/refguide/', 'p': 'modeling', 'newDir': '/refguide/modeling/xpath/xpath-constraints/', 'indexFlag': 'true'}
{'t': 'XPath Contains', 'i': 'xpath-contains', 'u': '/refguide/xpath-contains', 'd': '/refguide/', 'p': 'modeling', 'newDir': '/refguide/modeling/xpath/xpath-constraints/xpath-constraint-functions/'}
{'t': 'XPath Count', 'i': 'xpath-count', 'u': '/refguide/xpath-count', 'd': '/refguide/', 'p': 'modeling', 'newDir': '/refguide/modeling/xpath/xpath-query-functions/'}
{'t': 'XPath Day-of-Year-from-DateTime', 'i': 'xpath-day-of-year-from-datetime', 'u': '/refguide/xpath-day-of-year-from-datetime', 'd': '/refguide/', 'p': 'modeling', 'newDir': '/refguide/modeling/xpath/xpath-constraints/xpath-constraint-functions/'}
{'t': 'XPath Day-from-DateTime', 'i': 'xpath-day-from-datetime', 'u': '/refguide/xpath-day-from-datetime', 'd': '/refguide/', 'p': 'modeling', 'newDir': '/refguide/modeling/xpath/xpath-constraints/xpath-constraint-functions/'}
{'t': 'XPath Ends-With', 'i': 'xpath-ends-with', 'u': '/refguide/xpath-ends-with', 'd': '/refguide/', 'p': 'modeling', 'newDir': '/refguide/modeling/xpath/xpath-constraints/xpath-constraint-functions/'}
{'t': 'XPath Expressions', 'i': 'xpath-expressions', 'u': '/refguide/xpath-expressions', 'd': '/refguide/', 'p': 'modeling', 'newDir': '/refguide/modeling/xpath/xpath-constraints/'}
{'t': 'XPath False', 'i': 'xpath-false', 'u': '/refguide/xpath-false', 'd': '/refguide/', 'p': 'modeling', 'newDir': '/refguide/modeling/xpath/xpath-constraints/xpath-constraint-functions/'}
{'t': 'XPath Keywords & System Variables', 'i': 'xpath-keywords-and-system-variables', 'u': '/refguide/xpath-keywords-and-system-variables', 'd': '/refguide/', 'p': 'modeling', 'newDir': '/refguide/modeling/xpath/xpath-constraints/'}
{'t': 'XPath Length', 'i': 'xpath-length', 'u': '/refguide/xpath-length', 'd': '/refguide/', 'p': 'modeling', 'newDir': '/refguide/modeling/xpath/xpath-constraints/xpath-constraint-functions/'}
{'t': 'XPath Hours-from-DateTime', 'i': 'xpath-hours-from-datetime', 'u': '/refguide/xpath-hours-from-datetime', 'd': '/refguide/', 'p': 'modeling', 'newDir': '/refguide/modeling/xpath/xpath-constraints/xpath-constraint-functions/'}
{'t': 'XPath Max', 'i': 'xpath-max', 'u': '/refguide/xpath-max', 'd': '/refguide/', 'p': 'modeling', 'newDir': '/refguide/modeling/xpath/xpath-query-functions/'}
{'t': 'XPath Min', 'i': 'xpath-min', 'u': '/refguide/xpath-min', 'd': '/refguide/', 'p': 'modeling', 'newDir': '/refguide/modeling/xpath/xpath-query-functions/'}
{'t': 'XPath Minutes-from-DateTime', 'i': 'xpath-minutes-from-datetime', 'u': '/refguide/xpath-minutes-from-datetime', 'd': '/refguide/', 'p': 'modeling', 'newDir': '/refguide/modeling/xpath/xpath-constraints/xpath-constraint-functions/'}
{'t': 'XPath Not', 'i': 'xpath-not', 'u': '/refguide/xpath-not', 'd': '/refguide/', 'p': 'modeling', 'newDir': '/refguide/modeling/xpath/xpath-constraints/xpath-constraint-functions/'}
{'t': 'XPath Month-From-DateTime', 'i': 'xpath-month-from-datetime', 'u': '/refguide/xpath-month-from-datetime', 'd': '/refguide/', 'p': 'modeling', 'newDir': '/refguide/modeling/xpath/xpath-constraints/xpath-constraint-functions/'}
{'t': 'XPath Operators', 'i': 'xpath-operators', 'u': '/refguide/xpath-operators', 'd': '/refguide/', 'p': 'modeling', 'newDir': '/refguide/modeling/xpath/xpath-constraints/'}
{'t': 'XPath Quarter-from-DateTime', 'i': 'xpath-quarter-from-datetime', 'u': '/refguide/xpath-quarter-from-datetime', 'd': '/refguide/', 'p': 'modeling', 'newDir': '/refguide/modeling/xpath/xpath-constraints/xpath-constraint-functions/'}
{'t': 'XPath Query Functions', 'i': 'xpath-query-functions', 'u': '/refguide/xpath-query-functions', 'd': '/refguide/', 'p': 'modeling', 'newDir': '/refguide/modeling/xpath/xpath-query-functions/', 'indexFlag': 'true'}
{'t': 'XPath Source', 'i': 'xpath-source', 'u': '/refguide/xpath-source', 'd': '/refguide/', 'p': 'modeling', 'mo': 20, 'newDir': '/refguide/modeling/pages/data-widgets/data-sources/'}
{'t': 'XPath Starts-With', 'i': 'xpath-starts-with', 'u': '/refguide/xpath-starts-with', 'd': '/refguide/', 'p': 'modeling', 'newDir': '/refguide/modeling/xpath/xpath-constraints/xpath-constraint-functions/'}
{'t': 'XPath Seconds-from-DateTime', 'i': 'xpath-seconds-from-datetime', 'u': '/refguide/xpath-seconds-from-datetime', 'd': '/refguide/', 'p': 'modeling', 'newDir': '/refguide/modeling/xpath/xpath-constraints/xpath-constraint-functions/'}
{'t': 'XPath String-Length', 'i': 'xpath-string-length', 'u': '/refguide/xpath-string-length', 'd': '/refguide/', 'p': 'modeling', 'newDir': '/refguide/modeling/xpath/xpath-constraints/xpath-constraint-functions/'}
{'t': 'XPath Sum', 'i': 'xpath-sum', 'u': '/refguide/xpath-sum', 'd': '/refguide/', 'p': 'modeling', 'newDir': '/refguide/modeling/xpath/xpath-query-functions/'}
{'t': 'XPath Tokens', 'i': 'xpath-tokens', 'u': '/refguide/xpath-tokens', 'd': '/refguide/', 'p': 'modeling', 'newDir': '/refguide/modeling/xpath/'}
{'t': 'XPath Week-from-DateTime', 'i': 'xpath-week-from-datetime', 'u': '/refguide/xpath-week-from-datetime', 'd': '/refguide/', 'p': 'modeling', 'newDir': '/refguide/modeling/xpath/xpath-constraints/xpath-constraint-functions/'}
{'t': 'XPath True', 'i': 'xpath-true', 'u': '/refguide/xpath-true', 'd': '/refguide/', 'p': 'modeling', 'newDir': '/refguide/modeling/xpath/xpath-constraints/xpath-constraint-functions/'}
{'t': 'XPath Weekday-from-DateTime', 'i': 'xpath-weekday-from-datetime', 'u': '/refguide/xpath-weekday-from-datetime', 'd': '/refguide/', 'p': 'modeling', 'newDir': '/refguide/modeling/xpath/xpath-constraints/xpath-constraint-functions/'}
{'t': 'XPath Year-from-DateTime', 'i': 'xpath-year-from-datetime', 'u': '/refguide/xpath-year-from-datetime', 'd': '/refguide/', 'p': 'modeling', 'newDir': '/refguide/modeling/xpath/xpath-constraints/xpath-constraint-functions/'}
{'t': 'XPath', 'c': 'App Modeling', 'i': 'xpath', 'u': '/refguide/xpath', 'd': '/refguide/', 'mo': 90, 'newDir': '/refguide/modeling/xpath/', 'indexFlag': 'true', 'p': 'modeling'}
