{'t': 'Access Rules', 'i': 'access-rules', 'u': '/refguide8/access-rules', 'd': '/refguide8/', 'p': 'modeling', 'mo': 70, 'newDir': '/refguide8/modeling/domain-model/entities/'}
{'t': 'Action Call Activities', 'i': 'action-call-activities', 'u': '/refguide8/action-call-activities', 'd': '/refguide8/', 'p': 'modeling', 'mo': 30, 'newDir': '/refguide8/modeling/application-logic/activities/action-call-activities/', 'indexFlag': 'true'}
{'t': 'Actions', 'i': 'actions', 'u': '/refguide8/actions', 'd': '/refguide8/', 'p': 'modeling', 'newDir': '/refguide8/modeling/integration/published-app-services/'}
{'t': 'Activities', 'i': 'activities', 'u': '/refguide8/activities', 'd': '/refguide8/', 'p': 'modeling', 'mo': 40, 'newDir': '/refguide8/modeling/application-logic/activities/', 'indexFlag': 'true'}
{'t': 'Add Date Function Calls', 'i': 'add-date-function-calls', 'u': '/refguide8/add-date-function-calls', 'd': '/refguide8/', 'p': 'modeling', 'mo': 110, 'newDir': '/refguide8/modeling/application-logic/expressions/'}
{'t': 'Administrator', 'i': 'administrator', 'u': '/refguide8/administrator', 'd': '/refguide8/', 'p': 'modeling', 'mo': 20, 'newDir': '/refguide8/modeling/menus/view-menu/project-explorer/security/project-security/'}
{'t': 'Aggregate List', 'i': 'aggregate-list', 'u': '/refguide8/aggregate-list', 'd': '/refguide8/', 'p': 'modeling', 'mo': 1, 'newDir': '/refguide8/modeling/application-logic/activities/list-activities/'}
{'t': 'Annotation', 'i': 'annotation', 'u': '/refguide8/annotation', 'd': '/refguide8/', 'p': 'modeling', 'mo': 60, 'newDir': '/refguide8/modeling/application-logic/'}
{'t': 'Annotations', 'i': 'annotations', 'u': '/refguide8/annotations', 'd': '/refguide8/', 'p': 'modeling', 'mo': 30, 'newDir': '/refguide8/modeling/domain-model/'}
{'t': 'Application Logic', 'c': 'App Modeling', 'i': 'application-logic', 'u': '/refguide8/application-logic', 'd': '/refguide8/', 'mo': 40, 'newDir': '/refguide8/modeling/application-logic/', 'indexFlag': 'true', 'p': 'modeling'}
{'t': 'Anonymous Users', 'i': 'anonymous-users', 'u': '/refguide8/anonymous-users', 'd': '/refguide8/', 'p': 'modeling', 'mo': 40, 'newDir': '/refguide8/modeling/menus/view-menu/project-explorer/security/project-security/'}
{'t': 'Association Tab Properties', 'i': 'association-member-properties', 'u': '/refguide8/association-member-properties', 'd': '/refguide8/', 'p': 'modeling', 'mo': 15, 'newDir': '/refguide8/modeling/domain-model/associations/'}
{'t': 'Arithmetic Expressions', 'i': 'arithmetic-expressions', 'u': '/refguide8/arithmetic-expressions', 'd': '/refguide8/', 'p': 'modeling', 'mo': 20, 'newDir': '/refguide8/modeling/application-logic/expressions/'}
{'t': 'Association Properties', 'i': 'association-properties', 'u': '/refguide8/association-properties', 'd': '/refguide8/', 'p': 'modeling', 'mo': 10, 'newDir': '/refguide8/modeling/domain-model/associations/'}
{'t': 'Associations', 'i': 'associations', 'u': '/refguide8/associations', 'd': '/refguide8/', 'p': 'modeling', 'mo': 20, 'newDir': '/refguide8/modeling/domain-model/associations/', 'indexFlag': 'true'}
{'t': 'Association Source', 'i': 'association-source', 'u': '/refguide8/association-source', 'd': '/refguide8/', 'p': 'modeling', 'mo': 60, 'newDir': '/refguide8/modeling/pages/data-widgets/data-sources/'}
{'t': 'Attribute Type Migration', 'i': 'attributes-type-migration', 'u': '/refguide8/attributes-type-migration', 'd': '/refguide8/', 'p': 'runtime', 'mo': 10, 'newDir': '/refguide8/runtime/data-storage/'}
{'t': 'Attributes', 'i': 'attributes', 'u': '/refguide8/attributes', 'd': '/refguide8/', 'p': 'modeling', 'mo': 30, 'newDir': '/refguide8/modeling/domain-model/entities/'}
{'t': 'Authentication Widgets', 'i': 'authentication-widgets', 'u': '/refguide8/authentication-widgets', 'd': '/refguide8/', 'p': 'modeling', 'mo': 55, 'newDir': '/refguide8/modeling/pages/authentication-widgets/', 'indexFlag': 'true'}
{'t': 'Batch Replace', 'i': 'batch-replace', 'u': '/refguide8/batch-replace', 'd': '/refguide8/', 'p': 'modeling', 'mo': 20, 'newDir': '/refguide8/modeling/menus/translatable-texts/'}
{'t': 'Batch Translate', 'i': 'batch-translate', 'u': '/refguide8/batch-translate', 'd': '/refguide8/', 'p': 'modeling', 'mo': 30, 'newDir': '/refguide8/modeling/menus/translatable-texts/'}
{'t': 'Between Date Function Calls', 'i': 'between-date-function-calls', 'u': '/refguide8/between-date-function-calls', 'd': '/refguide8/', 'p': 'modeling', 'mo': 100, 'newDir': '/refguide8/modeling/application-logic/expressions/'}
{'t': 'Boolean Expressions', 'i': 'boolean-expressions', 'u': '/refguide8/boolean-expressions', 'd': '/refguide8/', 'p': 'modeling', 'mo': 50, 'newDir': '/refguide8/modeling/application-logic/expressions/'}
{'t': 'Break Event', 'i': 'break-event', 'u': '/refguide8/break-event', 'd': '/refguide8/', 'p': 'modeling', 'mo': 5, 'newDir': '/refguide8/modeling/application-logic/events/'}
{'t': 'Building Block', 'i': 'building-block', 'u': '/refguide8/building-block', 'd': '/refguide8/', 'p': 'modeling', 'mo': 40, 'newDir': '/refguide8/modeling/pages/page-resources/'}
{'t': 'Button Properties', 'i': 'button-properties', 'u': '/refguide8/button-properties', 'd': '/refguide8/', 'p': 'modeling', 'newDir': '/refguide8/modeling/pages/button-widgets/'}
{'t': 'Branch Line Manager', 'i': 'branch-line-manager-dialog', 'u': '/refguide8/branch-line-manager-dialog', 'd': '/refguide8/', 'p': 'modeling', 'mo': 80, 'newDir': '/refguide8/modeling/menus/version-control-menu/branch-line-manager-dialog/', 'indexFlag': 'true'}
{'t': 'Button Widgets', 'i': 'button-widgets', 'u': '/refguide8/button-widgets', 'd': '/refguide8/', 'p': 'modeling', 'mo': 40, 'newDir': '/refguide8/modeling/pages/button-widgets/', 'indexFlag': 'true'}
{'t': 'Call REST Service', 'i': 'call-rest-action', 'u': '/refguide8/call-rest-action', 'd': '/refguide8/', 'p': 'modeling', 'mo': 10, 'newDir': '/refguide8/modeling/application-logic/activities/integration-activities/'}
{'t': 'Call Web Service', 'i': 'call-web-service-action', 'u': '/refguide8/call-web-service-action', 'd': '/refguide8/', 'p': 'modeling', 'mo': 20, 'newDir': '/refguide8/modeling/application-logic/activities/integration-activities/'}
{'t': 'Case-Sensitive Database Behavior', 'i': 'case-sensitive-database-behavior', 'u': '/refguide8/case-sensitive-database-behavior', 'd': '/refguide8/', 'p': 'runtime', 'mo': 20, 'newDir': '/refguide8/runtime/data-storage/'}
{'t': 'Cast Object', 'i': 'cast-object', 'u': '/refguide8/cast-object', 'd': '/refguide8/', 'p': 'modeling', 'mo': 10, 'newDir': '/refguide8/modeling/application-logic/activities/object-activities/'}
{'t': 'Cell (Document Template)', 'i': 'cell-document-template', 'u': '/refguide8/cell-document-template', 'd': '/refguide8/', 'p': 'modeling', 'newDir': '/refguide8/modeling/resources/document-templates/table-document-template/row-document-template/'}
{'t': 'Change List', 'i': 'change-list', 'u': '/refguide8/change-list', 'd': '/refguide8/', 'p': 'modeling', 'mo': 2, 'newDir': '/refguide8/modeling/application-logic/activities/list-activities/'}
{'t': 'Change Variable', 'i': 'change-variable', 'u': '/refguide8/change-variable', 'd': '/refguide8/', 'p': 'modeling', 'newDir': '/refguide8/modeling/application-logic/activities/variable-activities/'}
{'t': 'Changes Pane', 'i': 'changes-pane', 'u': '/refguide8/changes-pane', 'd': '/refguide8/', 'p': 'modeling', 'mo': 10, 'newDir': '/refguide8/modeling/menus/view-menu/'}
{'t': 'Change Object', 'i': 'change-object', 'u': '/refguide8/change-object', 'd': '/refguide8/', 'p': 'modeling', 'mo': 20, 'newDir': '/refguide8/modeling/application-logic/activities/object-activities/'}
{'t': 'Chart Widgets', 'i': 'chart-widgets', 'u': '/refguide8/chart-widgets', 'd': '/refguide8/', 'p': 'modeling', 'mo': 70, 'newDir': '/refguide8/modeling/pages/chart-widgets/', 'indexFlag': 'true'}
{'t': 'Chart Advanced Cheat Sheet', 'i': 'charts-advanced-cheat-sheet', 'u': '/refguide8/charts-advanced-cheat-sheet', 'd': '/refguide8/', 'p': 'modeling', 'mo': 20, 'newDir': '/refguide8/modeling/pages/chart-widgets/'}
{'t': 'Any Chart Building Blocks', 'i': 'charts-any-building-blocks', 'u': '/refguide8/charts-any-building-blocks', 'd': '/refguide8/', 'p': 'modeling', 'mo': 40, 'newDir': '/refguide8/modeling/pages/chart-widgets/'}
{'t': 'Any Chart Cheat Sheet', 'i': 'charts-any-cheat-sheet', 'u': '/refguide8/charts-any-cheat-sheet', 'd': '/refguide8/', 'p': 'modeling', 'mo': 50, 'newDir': '/refguide8/modeling/pages/chart-widgets/'}
{'t': 'Any Chart Widgets', 'i': 'charts-any-configuration', 'u': '/refguide8/charts-any-configuration', 'd': '/refguide8/', 'p': 'modeling', 'mo': 30, 'newDir': '/refguide8/modeling/pages/chart-widgets/'}
{'t': 'Chart Configuration', 'i': 'charts-configuration', 'u': '/refguide8/charts-configuration', 'd': '/refguide8/', 'p': 'modeling', 'mo': 10, 'newDir': '/refguide8/modeling/pages/chart-widgets/'}
{'t': 'Check Box', 'i': 'check-box', 'u': '/refguide8/check-box', 'd': '/refguide8/', 'p': 'modeling', 'mo': 40, 'newDir': '/refguide8/modeling/pages/input-widgets/'}
{'t': 'Close Page', 'i': 'close-page', 'u': '/refguide8/close-page', 'd': '/refguide8/', 'p': 'modeling', 'mo': 10, 'newDir': '/refguide8/modeling/application-logic/activities/client-activities/'}
{'t': 'Clustered Mendix Runtime', 'c': 'Mendix Runtime', 'i': 'clustered-mendix-runtime', 'u': '/refguide8/clustered-mendix-runtime', 'd': '/refguide8/', 'newDir': '/refguide8/runtime/', 'p': 'runtime'}
{'t': 'Troubleshooting Collaborative Development', 'i': 'collaborative-development-troubleshooting', 'u': '/refguide8/collaborative-development-troubleshooting', 'd': '/refguide8/', 'p': 'version-control', 'newDir': '/refguide8/version-control/collaborative-development/'}
{'t': 'Client Activities', 'i': 'client-activities', 'u': '/refguide8/client-activities', 'd': '/refguide8/', 'p': 'modeling', 'mo': 50, 'newDir': '/refguide8/modeling/application-logic/activities/client-activities/', 'indexFlag': 'true'}
{'t': 'Columns (Document Template)', 'i': 'columns-document-template', 'u': '/refguide8/columns-document-template', 'd': '/refguide8/', 'p': 'modeling', 'newDir': '/refguide8/modeling/resources/document-templates/data-grid-document-template/'}
{'t': 'Collaborative Development', 'c': 'Version Control', 'i': 'collaborative-development', 'u': '/refguide8/collaborative-development', 'd': '/refguide8/', 'newDir': '/refguide8/version-control/collaborative-development/', 'indexFlag': 'true', 'p': 'version-control'}
{'t': 'Grid Columns', 'i': 'columns', 'u': '/refguide8/columns', 'd': '/refguide8/', 'p': 'modeling', 'newDir': '/refguide8/modeling/pages/data-widgets/grids/data-grid/'}
{'t': 'Commit', 'i': 'commit-dialog', 'u': '/refguide8/commit-dialog', 'd': '/refguide8/', 'p': 'modeling', 'mo': 20, 'newDir': '/refguide8/modeling/menus/version-control-menu/'}
{'t': 'Commit Object(s)', 'i': 'committing-objects', 'u': '/refguide8/committing-objects', 'd': '/refguide8/', 'p': 'modeling', 'mo': 30, 'newDir': '/refguide8/modeling/application-logic/activities/object-activities/'}
{'t': 'Common Widgets', 'i': 'common-widgets', 'u': '/refguide8/common-widgets', 'd': '/refguide8/', 'p': 'modeling', 'mo': 20, 'newDir': '/refguide8/modeling/pages/common-widgets/', 'indexFlag': 'true'}
{'t': 'Properties Common in the Page Editor', 'i': 'common-widget-properties', 'u': '/refguide8/common-widget-properties', 'd': '/refguide8/', 'p': 'modeling', 'mo': 120, 'newDir': '/refguide8/modeling/pages/'}
{'t': 'Configurations', 'i': 'configuration', 'u': '/refguide8/configuration', 'd': '/refguide8/', 'p': 'modeling', 'newDir': '/refguide8/modeling/menus/view-menu/project-explorer/project/project-settings/'}
{'t': 'Configuring Hybrid Mobile Apps To Run Offline', 'i': 'configuring-hybrid-mobile-apps-to-run-offline', 'u': '/refguide8/configuring-hybrid-mobile-apps-to-run-offline', 'd': '/refguide8/', 'p': 'mobile', 'newDir': '/refguide8/mobile/hybrid-mobile/'}
{'t': 'Communication Patterns in the Mendix Runtime', 'c': 'Mendix Runtime', 'i': 'communication-patterns', 'u': '/refguide8/communication-patterns', 'd': '/refguide8/', 'newDir': '/refguide8/runtime/', 'p': 'runtime'}
{'t': 'Navigation Consistency Errors', 'i': 'consistency-errors-navigation', 'u': '/refguide8/consistency-errors-navigation', 'd': '/refguide8/', 'p': 'modeling', 'newDir': '/refguide8/modeling/menus/view-menu/errors-pane/consistency-errors/'}
{'t': 'Page Editor Consistency Errors', 'i': 'consistency-errors-pages', 'u': '/refguide8/consistency-errors-pages', 'd': '/refguide8/', 'p': 'modeling', 'newDir': '/refguide8/modeling/menus/view-menu/errors-pane/consistency-errors/'}
{'t': 'Consistency Errors', 'i': 'consistency-errors', 'u': '/refguide8/consistency-errors', 'd': '/refguide8/', 'p': 'modeling', 'mo': 10, 'newDir': '/refguide8/modeling/menus/view-menu/errors-pane/consistency-errors/', 'indexFlag': 'true'}
{'t': 'Constants', 'i': 'constants', 'u': '/refguide8/constants', 'd': '/refguide8/', 'p': 'modeling', 'mo': 60, 'newDir': '/refguide8/modeling/resources/'}
{'t': 'Consumed OData Service Requirements', 'i': 'consumed-odata-service-requirements', 'u': '/refguide8/consumed-odata-service-requirements', 'd': '/refguide8/', 'p': 'modeling', 'mo': 20, 'newDir': '/refguide8/modeling/integration/consumed-odata-services/'}
{'t': 'Consumed App Services', 'i': 'consumed-app-services', 'u': '/refguide8/consumed-app-services', 'd': '/refguide8/', 'p': 'modeling', 'newDir': '/refguide8/modeling/integration/consumed-app-services/', 'indexFlag': 'true'}
{'t': 'Consumed OData Service', 'i': 'consumed-odata-service', 'u': '/refguide8/consumed-odata-service', 'd': '/refguide8/', 'p': 'modeling', 'mo': 10, 'newDir': '/refguide8/modeling/integration/consumed-odata-services/'}
{'t': 'Consumed REST Services', 'i': 'consumed-rest-services', 'u': '/refguide8/consumed-rest-services', 'd': '/refguide8/', 'p': 'modeling', 'newDir': '/refguide8/modeling/integration/consumed-rest-services/', 'indexFlag': 'true'}
{'t': 'Consumed OData Services', 'i': 'consumed-odata-services', 'u': '/refguide8/consumed-odata-services', 'd': '/refguide8/', 'p': 'modeling', 'newDir': '/refguide8/modeling/integration/consumed-odata-services/', 'indexFlag': 'true'}
{'t': 'Consumed Web Services', 'i': 'consumed-web-services', 'u': '/refguide8/consumed-web-services', 'd': '/refguide8/', 'p': 'modeling', 'newDir': '/refguide8/modeling/integration/consumed-web-services/', 'indexFlag': 'true'}
{'t': 'Container Widgets', 'i': 'container-widgets', 'u': '/refguide8/container-widgets', 'd': '/refguide8/', 'p': 'modeling', 'mo': 25, 'newDir': '/refguide8/modeling/pages/container-widgets/', 'indexFlag': 'true'}
{'t': 'Consumed Web Service', 'i': 'consumed-web-service', 'u': '/refguide8/consumed-web-service', 'd': '/refguide8/', 'p': 'modeling', 'newDir': '/refguide8/modeling/integration/consumed-web-services/'}
{'t': 'Container', 'i': 'container', 'u': '/refguide8/container', 'd': '/refguide8/', 'p': 'modeling', 'mo': 20, 'newDir': '/refguide8/modeling/pages/container-widgets/'}
{'t': 'Context Source', 'i': 'context-source', 'u': '/refguide8/context-source', 'd': '/refguide8/', 'p': 'modeling', 'mo': 30, 'newDir': '/refguide8/modeling/pages/data-widgets/data-sources/'}
{'t': 'Continue Event', 'i': 'continue-event', 'u': '/refguide8/continue-event', 'd': '/refguide8/', 'p': 'modeling', 'mo': 4, 'newDir': '/refguide8/modeling/application-logic/events/'}
{'t': 'CORS Settings for Published REST Services', 'i': 'cors-settings', 'u': '/refguide8/cors-settings', 'd': '/refguide8/', 'p': 'modeling', 'mo': 60, 'newDir': '/refguide8/modeling/integration/published-rest-services/published-rest-service/'}
{'t': 'Create Branch Line', 'i': 'create-branch-line-dialog', 'u': '/refguide8/create-branch-line-dialog', 'd': '/refguide8/', 'p': 'modeling', 'mo': 90, 'newDir': '/refguide8/modeling/menus/version-control-menu/branch-line-manager-dialog/'}
{'t': 'Control Bar', 'i': 'control-bar', 'u': '/refguide8/control-bar', 'd': '/refguide8/', 'p': 'modeling', 'mo': 30, 'newDir': '/refguide8/modeling/pages/data-widgets/grids/'}
{'t': 'Create Deployment Package', 'i': 'create-deployment-package-dialog', 'u': '/refguide8/create-deployment-package-dialog', 'd': '/refguide8/', 'p': 'modeling', 'newDir': '/refguide8/modeling/menus/project-menu/'}
{'t': 'Create List', 'i': 'create-list', 'u': '/refguide8/create-list', 'd': '/refguide8/', 'p': 'modeling', 'mo': 3, 'newDir': '/refguide8/modeling/application-logic/activities/list-activities/'}
{'t': 'Create Object', 'i': 'create-object', 'u': '/refguide8/create-object', 'd': '/refguide8/', 'p': 'modeling', 'mo': 40, 'newDir': '/refguide8/modeling/application-logic/activities/object-activities/'}
{'t': 'Creating Your Own Documents', 'i': 'creating-your-own-documents', 'u': '/refguide8/creating-your-own-documents', 'd': '/refguide8/', 'p': 'modeling', 'newDir': '/refguide8/modeling/resources/document-templates/'}
{'t': 'Create Variable', 'i': 'create-variable', 'u': '/refguide8/create-variable', 'd': '/refguide8/', 'p': 'modeling', 'newDir': '/refguide8/modeling/application-logic/activities/variable-activities/'}
{'t': 'Runtime Customization', 'c': 'Mendix Runtime', 'i': 'custom-settings', 'u': '/refguide8/custom-settings', 'd': '/refguide8/', 'newDir': '/refguide8/runtime/custom-settings/', 'indexFlag': 'true', 'p': 'runtime'}
{'t': 'Customizing Hybrid Mobile Apps', 'i': 'customizing-hybrid-mobile-apps', 'u': '/refguide8/customizing-hybrid-mobile-apps', 'd': '/refguide8/', 'p': 'mobile', 'newDir': '/refguide8/mobile/hybrid-mobile/'}
{'t': 'Data Grid (Document Template)', 'i': 'data-grid-document-template', 'u': '/refguide8/data-grid-document-template', 'd': '/refguide8/', 'p': 'modeling', 'newDir': '/refguide8/modeling/resources/document-templates/data-grid-document-template/', 'indexFlag': 'true'}
{'t': 'Data Hub Pane', 'i': 'data-hub-pane', 'u': '/refguide8/data-hub-pane', 'd': '/refguide8/', 'p': 'modeling', 'mo': 15, 'newDir': '/refguide8/modeling/menus/view-menu/'}
{'t': 'Datasets', 'i': 'data-sets', 'u': '/refguide8/data-sets', 'd': '/refguide8/', 'p': 'modeling', 'mo': 50, 'newDir': '/refguide8/modeling/resources/data-sets/', 'indexFlag': 'true'}
{'t': 'Data Grid', 'i': 'data-grid', 'u': '/refguide8/data-grid', 'd': '/refguide8/', 'p': 'modeling', 'mo': 10, 'newDir': '/refguide8/modeling/pages/data-widgets/grids/data-grid/', 'indexFlag': 'true'}
{'t': 'Data Sources', 'i': 'data-sources', 'u': '/refguide8/data-sources', 'd': '/refguide8/', 'p': 'modeling', 'newDir': '/refguide8/modeling/pages/data-widgets/data-sources/', 'indexFlag': 'true'}
{'t': 'Data Storage', 'c': 'Mendix Runtime', 'i': 'data-storage', 'u': '/refguide8/data-storage', 'd': '/refguide8/', 'newDir': '/refguide8/runtime/data-storage/', 'indexFlag': 'true', 'p': 'runtime'}
{'t': 'Data Types', 'c': 'App Modeling', 'i': 'data-types', 'u': '/refguide8/data-types', 'd': '/refguide8/', 'mo': 60, 'newDir': '/refguide8/modeling/', 'p': 'modeling'}
{'t': 'Data View', 'i': 'data-view', 'u': '/refguide8/data-view', 'd': '/refguide8/', 'p': 'modeling', 'mo': 10, 'newDir': '/refguide8/modeling/pages/data-widgets/'}
{'t': 'Data Widgets', 'i': 'data-widgets', 'u': '/refguide8/data-widgets', 'd': '/refguide8/', 'p': 'modeling', 'mo': 15, 'newDir': '/refguide8/modeling/pages/data-widgets/', 'indexFlag': 'true'}
{'t': 'Data View (Document Template)', 'i': 'data-view-document-template', 'u': '/refguide8/data-view-document-template', 'd': '/refguide8/', 'p': 'modeling', 'newDir': '/refguide8/modeling/resources/document-templates/'}
{'t': 'Database Source', 'i': 'database-source', 'u': '/refguide8/database-source', 'd': '/refguide8/', 'p': 'modeling', 'mo': 10, 'newDir': '/refguide8/modeling/pages/data-widgets/data-sources/'}
{'t': 'Date & Time Handling', 'c': 'Mendix Runtime', 'i': 'date-and-time-handling', 'u': '/refguide8/date-and-time-handling', 'd': '/refguide8/', 'newDir': '/refguide8/runtime/date-and-time-handling/', 'indexFlag': 'true', 'p': 'runtime'}
{'t': 'Date Creation', 'i': 'date-creation', 'u': '/refguide8/date-creation', 'd': '/refguide8/', 'p': 'modeling', 'mo': 90, 'newDir': '/refguide8/modeling/application-logic/expressions/'}
{'t': 'Date Range Field', 'i': 'date-range-field', 'u': '/refguide8/date-range-field', 'd': '/refguide8/', 'p': 'modeling', 'newDir': '/refguide8/modeling/pages/report-widgets/report-date-parameter/'}
{'t': 'Date Picker', 'i': 'date-picker', 'u': '/refguide8/date-picker', 'd': '/refguide8/', 'p': 'modeling', 'mo': 60, 'newDir': '/refguide8/modeling/pages/input-widgets/'}
{'t': 'DateTime Handling FAQ', 'i': 'datetime-handling-faq', 'u': '/refguide8/datetime-handling-faq', 'd': '/refguide8/', 'p': 'runtime', 'newDir': '/refguide8/runtime/date-and-time-handling/'}
{'t': 'DB2', 'i': 'db2', 'u': '/refguide8/db2', 'd': '/refguide8/', 'p': 'runtime', 'mo': 40, 'newDir': '/refguide8/runtime/data-storage/'}
{'t': 'Decision', 'i': 'decision', 'u': '/refguide8/decision', 'd': '/refguide8/', 'p': 'modeling', 'mo': 3, 'newDir': '/refguide8/modeling/application-logic/decisions/'}
{'t': 'Decisions', 'i': 'decisions', 'u': '/refguide8/decisions', 'd': '/refguide8/', 'p': 'modeling', 'mo': 50, 'newDir': '/refguide8/modeling/application-logic/decisions/', 'indexFlag': 'true'}
{'t': 'Delete Object(s)', 'i': 'deleting-objects', 'u': '/refguide8/deleting-objects', 'd': '/refguide8/', 'p': 'modeling', 'mo': 50, 'newDir': '/refguide8/modeling/application-logic/activities/object-activities/'}
{'t': 'Demo Users', 'i': 'demo-users', 'u': '/refguide8/demo-users', 'd': '/refguide8/', 'p': 'modeling', 'mo': 30, 'newDir': '/refguide8/modeling/menus/view-menu/project-explorer/security/project-security/'}
{'t': 'Deploy to the Cloud', 'i': 'deploy-to-the-cloud-dialog', 'u': '/refguide8/deploy-to-the-cloud-dialog', 'd': '/refguide8/', 'p': 'modeling', 'newDir': '/refguide8/modeling/menus/project-menu/'}
{'t': 'Developing Hybrid Mobile Apps', 'i': 'developing-hybrid-mobile-apps', 'u': '/refguide8/developing-hybrid-mobile-apps', 'd': '/refguide8/', 'p': 'mobile', 'newDir': '/refguide8/mobile/hybrid-mobile/developing-hybrid-mobile-apps/', 'indexFlag': 'true'}
{'t': 'Document Templates', 'i': 'document-templates', 'u': '/refguide8/document-templates', 'd': '/refguide8/', 'p': 'modeling', 'mo': 90, 'newDir': '/refguide8/modeling/resources/document-templates/', 'indexFlag': 'true'}
{'t': 'Document Template', 'i': 'document-template', 'u': '/refguide8/document-template', 'd': '/refguide8/', 'p': 'modeling', 'newDir': '/refguide8/modeling/resources/document-templates/'}
{'t': 'Developer Tool Recommendations', 'c': 'General Info', 'i': 'developer-tools', 'u': '/refguide8/developer-tools', 'd': '/refguide8/', 'mo': 60, 'newDir': '/refguide8/general/', 'p': 'general'}
{'t': 'Domain Model', 'c': 'App Modeling', 'i': 'domain-model', 'u': '/refguide8/domain-model', 'd': '/refguide8/', 'mo': 30, 'newDir': '/refguide8/modeling/domain-model/', 'indexFlag': 'true', 'p': 'modeling'}
{'t': 'Download File', 'i': 'download-file', 'u': '/refguide8/download-file', 'd': '/refguide8/', 'p': 'modeling', 'mo': 20, 'newDir': '/refguide8/modeling/application-logic/activities/client-activities/'}
{'t': 'Download from Version Control Server', 'i': 'download-from-version-control-dialog', 'u': '/refguide8/download-from-version-control-dialog', 'd': '/refguide8/', 'p': 'modeling', 'mo': 60, 'newDir': '/refguide8/modeling/menus/version-control-menu/'}
{'t': 'Drop-Down', 'i': 'drop-down', 'u': '/refguide8/drop-down', 'd': '/refguide8/', 'p': 'modeling', 'mo': 30, 'newDir': '/refguide8/modeling/pages/input-widgets/'}
{'t': 'Dynamic Image (Document Template)', 'i': 'dynamic-image-document-template', 'u': '/refguide8/dynamic-image-document-template', 'd': '/refguide8/', 'p': 'modeling', 'newDir': '/refguide8/modeling/resources/document-templates/'}
{'t': 'Dynamic Label (Document Template)', 'i': 'dynamic-label-document-template', 'u': '/refguide8/dynamic-label-document-template', 'd': '/refguide8/', 'p': 'modeling', 'newDir': '/refguide8/modeling/resources/document-templates/'}
{'t': 'Edit Cloud Foundry Settings', 'i': 'edit-cloud-foundry-settings-dialog', 'u': '/refguide8/edit-cloud-foundry-settings-dialog', 'd': '/refguide8/', 'p': 'modeling', 'newDir': '/refguide8/modeling/menus/run-menu/'}
{'t': 'End Event', 'i': 'end-event', 'u': '/refguide8/end-event', 'd': '/refguide8/', 'p': 'modeling', 'mo': 2, 'newDir': '/refguide8/modeling/application-logic/events/'}
{'t': 'Entities', 'i': 'entities', 'u': '/refguide8/entities', 'd': '/refguide8/', 'p': 'modeling', 'mo': 10, 'newDir': '/refguide8/modeling/domain-model/entities/', 'indexFlag': 'true'}
{'t': 'Edit Menu', 'i': 'edit-menu', 'u': '/refguide8/edit-menu', 'd': '/refguide8/', 'p': 'modeling', 'mo': 10, 'newDir': '/refguide8/modeling/menus/edit-menu/', 'indexFlag': 'true'}
{'t': 'Enumerations in Expressions', 'i': 'enumerations-in-expressions', 'u': '/refguide8/enumerations-in-expressions', 'd': '/refguide8/', 'p': 'modeling', 'mo': 170, 'newDir': '/refguide8/modeling/application-logic/expressions/'}
{'t': 'Enumerations', 'i': 'enumerations', 'u': '/refguide8/enumerations', 'd': '/refguide8/', 'p': 'modeling', 'mo': 40, 'newDir': '/refguide8/modeling/resources/'}
{'t': 'Error Event', 'i': 'error-event', 'u': '/refguide8/error-event', 'd': '/refguide8/', 'p': 'modeling', 'mo': 3, 'newDir': '/refguide8/modeling/application-logic/events/'}
{'t': 'Event Handlers', 'i': 'event-handlers', 'u': '/refguide8/event-handlers', 'd': '/refguide8/', 'p': 'modeling', 'mo': 50, 'newDir': '/refguide8/modeling/domain-model/entities/'}
{'t': 'Errors Pane', 'i': 'errors-pane', 'u': '/refguide8/errors-pane', 'd': '/refguide8/', 'p': 'modeling', 'mo': 30, 'newDir': '/refguide8/modeling/menus/view-menu/errors-pane/', 'indexFlag': 'true'}
{'t': 'Events', 'i': 'events', 'u': '/refguide8/events', 'd': '/refguide8/', 'p': 'modeling', 'mo': 90, 'newDir': '/refguide8/modeling/application-logic/events/', 'indexFlag': 'true'}
{'t': 'Export With Mapping', 'i': 'export-mapping-action', 'u': '/refguide8/export-mapping-action', 'd': '/refguide8/', 'p': 'modeling', 'mo': 40, 'newDir': '/refguide8/modeling/application-logic/activities/integration-activities/'}
{'t': 'Export Mappings', 'i': 'export-mappings', 'u': '/refguide8/export-mappings', 'd': '/refguide8/', 'p': 'modeling', 'newDir': '/refguide8/modeling/integration/mapping-documents/'}
{'t': 'Expressions', 'i': 'expressions', 'u': '/refguide8/expressions', 'd': '/refguide8/', 'p': 'modeling', 'mo': 100, 'newDir': '/refguide8/modeling/application-logic/expressions/', 'indexFlag': 'true'}
{'t': 'Export Project Package', 'i': 'export-project-package-dialog', 'u': '/refguide8/export-project-package-dialog', 'd': '/refguide8/', 'p': 'modeling', 'mo': 30, 'newDir': '/refguide8/modeling/menus/file-menu/'}
{'t': 'External Entities', 'i': 'external-entities', 'u': '/refguide8/external-entities', 'd': '/refguide8/', 'p': 'modeling', 'mo': 15, 'newDir': '/refguide8/modeling/domain-model/'}
{'t': 'File Manager', 'i': 'file-manager', 'u': '/refguide8/file-manager', 'd': '/refguide8/', 'p': 'modeling', 'newDir': '/refguide8/modeling/pages/file-widgets/'}
{'t': 'File Menu', 'i': 'file-menu', 'u': '/refguide8/file-menu', 'd': '/refguide8/', 'p': 'modeling', 'mo': 5, 'newDir': '/refguide8/modeling/menus/file-menu/', 'indexFlag': 'true'}
{'t': 'Footer (Document Template)', 'i': 'footer-document-template', 'u': '/refguide8/footer-document-template', 'd': '/refguide8/', 'p': 'modeling', 'newDir': '/refguide8/modeling/resources/document-templates/'}
{'t': 'Find, Find Advanced, and Find Usages', 'i': 'find-and-find-advanced', 'u': '/refguide8/find-and-find-advanced', 'd': '/refguide8/', 'p': 'modeling', 'mo': 10, 'newDir': '/refguide8/modeling/menus/edit-menu/'}
{'t': 'File Widgets', 'i': 'file-widgets', 'u': '/refguide8/file-widgets', 'd': '/refguide8/', 'p': 'modeling', 'mo': 35, 'newDir': '/refguide8/modeling/pages/file-widgets/', 'indexFlag': 'true'}
{'t': 'General Info', 'i': 'general', 'u': '/refguide8/general', 'd': '/refguide8/', 'newDir': '/refguide8/general/', 'indexFlag': 'true'}
{'t': 'Generate Document', 'i': 'generate-document', 'u': '/refguide8/generate-document', 'd': '/refguide8/', 'p': 'modeling', 'mo': 80, 'newDir': '/refguide8/modeling/application-logic/activities/'}
{'t': 'Generalization vs One-to-One Associations', 'i': 'generalization-and-association', 'u': '/refguide8/generalization-and-association', 'd': '/refguide8/', 'p': 'modeling', 'mo': 50, 'newDir': '/refguide8/modeling/domain-model/'}
{'t': 'Getting the Make It Native App', 'i': 'getting-the-make-it-native-app', 'u': '/refguide8/getting-the-make-it-native-app', 'd': '/refguide8/', 'p': 'mobile', 'mo': 10, 'newDir': '/refguide8/mobile/native-mobile/'}
{'t': 'Generate a Published REST Resource', 'i': 'generate-rest-resource', 'u': '/refguide8/generate-rest-resource', 'd': '/refguide8/', 'p': 'modeling', 'mo': 20, 'newDir': '/refguide8/modeling/integration/published-rest-services/'}
{'t': 'Getting the Mendix Mobile App', 'i': 'getting-the-mendix-app', 'u': '/refguide8/getting-the-mendix-app', 'd': '/refguide8/', 'p': 'mobile', 'newDir': '/refguide8/mobile/hybrid-mobile/developing-hybrid-mobile-apps/'}
{'t': 'GitHub-Flavored Markdown', 'i': 'gfm-syntax', 'u': '/refguide8/gfm-syntax', 'd': '/refguide8/', 'p': 'modeling', 'mo': 70, 'newDir': '/refguide8/modeling/integration/published-rest-services/published-rest-service/'}
{'t': 'Go to Option', 'i': 'go-to-option', 'u': '/refguide8/go-to-option', 'd': '/refguide8/', 'p': 'modeling', 'mo': 40, 'newDir': '/refguide8/modeling/menus/edit-menu/'}
{'t': 'Group Box', 'i': 'group-box', 'u': '/refguide8/group-box', 'd': '/refguide8/', 'p': 'modeling', 'mo': 30, 'newDir': '/refguide8/modeling/pages/container-widgets/'}
{'t': 'Grids', 'i': 'grids', 'u': '/refguide8/grids', 'd': '/refguide8/', 'p': 'modeling', 'mo': 20, 'newDir': '/refguide8/modeling/pages/data-widgets/grids/', 'indexFlag': 'true'}
{'t': 'Header', 'i': 'header', 'u': '/refguide8/header', 'd': '/refguide8/', 'p': 'modeling', 'mo': 20, 'newDir': '/refguide8/modeling/pages/page-resources/layout/'}
{'t': 'Header (Document Template)', 'i': 'header-document-template', 'u': '/refguide8/header-document-template', 'd': '/refguide8/', 'p': 'modeling', 'newDir': '/refguide8/modeling/resources/document-templates/'}
{'t': 'History', 'i': 'history-dialog', 'u': '/refguide8/history-dialog', 'd': '/refguide8/', 'p': 'modeling', 'mo': 50, 'newDir': '/refguide8/modeling/menus/version-control-menu/'}
{'t': 'HttpRequest & HttpResponse System Entities', 'i': 'http-request-and-response-entities', 'u': '/refguide8/http-request-and-response-entities', 'd': '/refguide8/', 'p': 'modeling', 'newDir': '/refguide8/modeling/integration/'}
{'t': 'Hybrid Mobile', 'c': 'Mobile', 'i': 'hybrid-mobile', 'u': '/refguide8/hybrid-mobile', 'd': '/refguide8/', 'mo': 2, 'newDir': '/refguide8/mobile/hybrid-mobile/', 'indexFlag': 'true', 'p': 'mobile'}
{'t': 'Image Collection', 'i': 'image-collection', 'u': '/refguide8/image-collection', 'd': '/refguide8/', 'p': 'modeling', 'mo': 5, 'newDir': '/refguide8/modeling/pages/page-resources/'}
{'t': 'If Expressions', 'i': 'if-expressions', 'u': '/refguide8/if-expressions', 'd': '/refguide8/', 'p': 'modeling', 'mo': 60, 'newDir': '/refguide8/modeling/application-logic/expressions/'}
{'t': 'Image', 'i': 'image', 'u': '/refguide8/image', 'd': '/refguide8/', 'p': 'modeling', 'mo': 20, 'newDir': '/refguide8/modeling/pages/common-widgets/'}
{'t': 'Image Viewer', 'i': 'image-viewer', 'u': '/refguide8/image-viewer', 'd': '/refguide8/', 'p': 'modeling', 'newDir': '/refguide8/modeling/pages/file-widgets/'}
{'t': 'Image Uploader', 'i': 'image-uploader', 'u': '/refguide8/image-uploader', 'd': '/refguide8/', 'p': 'modeling', 'newDir': '/refguide8/modeling/pages/file-widgets/'}
{'t': 'Images', 'c': 'App Modeling', 'i': 'images', 'u': '/refguide8/images', 'd': '/refguide8/', 'mo': 70, 'newDir': '/refguide8/modeling/', 'p': 'modeling'}
{'t': 'Import with Mapping', 'i': 'import-mapping-action', 'u': '/refguide8/import-mapping-action', 'd': '/refguide8/', 'p': 'modeling', 'mo': 30, 'newDir': '/refguide8/modeling/application-logic/activities/integration-activities/'}
{'t': 'Import Mappings', 'i': 'import-mappings', 'u': '/refguide8/import-mappings', 'd': '/refguide8/', 'p': 'modeling', 'newDir': '/refguide8/modeling/integration/mapping-documents/'}
{'t': 'Studio Pro 8 Guide', 'i': 'index', 'u': '/refguide8/', 'd': '/refguide8/', 'm': True, 'newDir': '/refguide8/', 'indexFlag': 'true'}
{'t': 'Import Project Package', 'i': 'import-project-package-dialog', 'u': '/refguide8/import-project-package-dialog', 'd': '/refguide8/', 'p': 'modeling', 'mo': 40, 'newDir': '/refguide8/modeling/menus/file-menu/'}
{'t': 'Indexes', 'i': 'indexes', 'u': '/refguide8/indexes', 'd': '/refguide8/', 'p': 'modeling', 'mo': 60, 'newDir': '/refguide8/modeling/domain-model/entities/'}
{'t': 'Input Reference Set Selector', 'i': 'input-reference-set-selector', 'u': '/refguide8/input-reference-set-selector', 'd': '/refguide8/', 'p': 'modeling', 'mo': 90, 'newDir': '/refguide8/modeling/pages/input-widgets/'}
{'t': 'Input Widgets', 'i': 'input-widgets', 'u': '/refguide8/input-widgets', 'd': '/refguide8/', 'p': 'modeling', 'mo': 30, 'newDir': '/refguide8/modeling/pages/input-widgets/', 'indexFlag': 'true'}
{'t': 'Integration', 'c': 'App Modeling', 'i': 'integration', 'u': '/refguide8/integration', 'd': '/refguide8/', 'mo': 110, 'newDir': '/refguide8/modeling/integration/', 'indexFlag': 'true', 'p': 'modeling'}
{'t': 'Integration Activities', 'i': 'integration-activities', 'u': '/refguide8/integration-activities', 'd': '/refguide8/', 'p': 'modeling', 'mo': 60, 'newDir': '/refguide8/modeling/application-logic/activities/integration-activities/', 'indexFlag': 'true'}
{'t': 'Java Action Call', 'i': 'java-action-call', 'u': '/refguide8/java-action-call', 'd': '/refguide8/', 'p': 'modeling', 'mo': 10, 'newDir': '/refguide8/modeling/application-logic/activities/action-call-activities/'}
{'t': 'Java Actions', 'i': 'java-actions', 'u': '/refguide8/java-actions', 'd': '/refguide8/', 'p': 'modeling', 'mo': 10, 'newDir': '/refguide8/modeling/resources/'}
{'t': 'Java Memory Usage', 'i': 'java-memory-usage', 'u': '/refguide8/java-memory-usage', 'd': '/refguide8/', 'p': 'runtime', 'mo': 2, 'newDir': '/refguide8/runtime/runtime-java/'}
{'t': 'JavaScript Action Call', 'i': 'javascript-action-call', 'u': '/refguide8/javascript-action-call', 'd': '/refguide8/', 'p': 'modeling', 'mo': 20, 'newDir': '/refguide8/modeling/application-logic/activities/action-call-activities/'}
{'t': 'Java Programming', 'i': 'java-programming', 'u': '/refguide8/java-programming', 'd': '/refguide8/', 'newDir': '/refguide8/java-programming/', 'indexFlag': 'true'}
{'t': 'JavaScript Actions', 'i': 'javascript-actions', 'u': '/refguide8/javascript-actions', 'd': '/refguide8/', 'p': 'modeling', 'mo': 20, 'newDir': '/refguide8/modeling/resources/'}
{'t': 'Label', 'i': 'label', 'u': '/refguide8/label', 'd': '/refguide8/', 'p': 'modeling', 'mo': 30, 'newDir': '/refguide8/modeling/pages/common-widgets/'}
{'t': 'JSON Structures', 'i': 'json-structures', 'u': '/refguide8/json-structures', 'd': '/refguide8/', 'p': 'modeling', 'newDir': '/refguide8/modeling/integration/'}
{'t': 'Language Operations', 'i': 'language-operations', 'u': '/refguide8/language-operations', 'd': '/refguide8/', 'p': 'modeling', 'mo': 40, 'newDir': '/refguide8/modeling/menus/translatable-texts/'}
{'t': 'Language Settings', 'i': 'language-settings', 'u': '/refguide8/language-settings', 'd': '/refguide8/', 'p': 'modeling', 'mo': 10, 'newDir': '/refguide8/modeling/menus/translatable-texts/'}
{'t': 'Layout Grid', 'i': 'layout-grid', 'u': '/refguide8/layout-grid', 'd': '/refguide8/', 'p': 'modeling', 'mo': 10, 'newDir': '/refguide8/modeling/pages/container-widgets/'}
{'t': 'Layout', 'i': 'layout', 'u': '/refguide8/layout', 'd': '/refguide8/', 'p': 'modeling', 'mo': 10, 'newDir': '/refguide8/modeling/pages/page-resources/layout/', 'indexFlag': 'true'}
{'t': 'List Activities', 'i': 'list-activities', 'u': '/refguide8/list-activities', 'd': '/refguide8/', 'p': 'modeling', 'mo': 20, 'newDir': '/refguide8/modeling/application-logic/activities/list-activities/', 'indexFlag': 'true'}
{'t': 'Line Break (Document Template)', 'i': 'line-break-document-template', 'u': '/refguide8/line-break-document-template', 'd': '/refguide8/', 'p': 'modeling', 'newDir': '/refguide8/modeling/resources/document-templates/'}
{'t': 'List Operation', 'i': 'list-operation', 'u': '/refguide8/list-operation', 'd': '/refguide8/', 'p': 'modeling', 'mo': 4, 'newDir': '/refguide8/modeling/application-logic/activities/list-activities/'}
{'t': 'Listen to Widget Source', 'i': 'listen-to-grid-source', 'u': '/refguide8/listen-to-grid-source', 'd': '/refguide8/', 'p': 'modeling', 'mo': 70, 'newDir': '/refguide8/modeling/pages/data-widgets/data-sources/'}
{'t': 'Logging', 'c': 'Mendix Runtime', 'i': 'logging', 'u': '/refguide8/logging', 'd': '/refguide8/', 'newDir': '/refguide8/runtime/', 'p': 'runtime'}
{'t': 'List View', 'i': 'list-view', 'u': '/refguide8/list-view', 'd': '/refguide8/', 'p': 'modeling', 'mo': 40, 'newDir': '/refguide8/modeling/pages/data-widgets/'}
{'t': 'Log Message', 'i': 'log-message', 'u': '/refguide8/log-message', 'd': '/refguide8/', 'p': 'modeling', 'mo': 70, 'newDir': '/refguide8/modeling/application-logic/activities/'}
{'t': 'Login Behavior', 'c': 'Mendix Runtime', 'i': 'login-behavior', 'u': '/refguide8/login-behavior', 'd': '/refguide8/', 'newDir': '/refguide8/runtime/', 'p': 'runtime'}
{'t': 'Login ID Text Box', 'i': 'login-id-text-box', 'u': '/refguide8/login-id-text-box', 'd': '/refguide8/', 'p': 'modeling', 'newDir': '/refguide8/modeling/pages/authentication-widgets/'}
{'t': 'Loop', 'i': 'loop', 'u': '/refguide8/loop', 'd': '/refguide8/', 'p': 'modeling', 'mo': 80, 'newDir': '/refguide8/modeling/application-logic/'}
{'t': 'Managing App Signing Keys', 'c': 'Mobile', 'i': 'managing-app-signing-keys', 'u': '/refguide8/managing-app-signing-keys', 'd': '/refguide8/', 'mo': 21, 'newDir': '/refguide8/mobile/', 'p': 'mobile'}
{'t': 'Map Automatically', 'i': 'map-automatically', 'u': '/refguide8/map-automatically', 'd': '/refguide8/', 'p': 'modeling', 'newDir': '/refguide8/modeling/integration/mapping-documents/'}
{'t': 'Mapping Documents', 'i': 'mapping-documents', 'u': '/refguide8/mapping-documents', 'd': '/refguide8/', 'p': 'modeling', 'newDir': '/refguide8/modeling/integration/mapping-documents/', 'indexFlag': 'true'}
{'t': 'Mathematical Function Calls', 'i': 'mathematical-function-calls', 'u': '/refguide8/mathematical-function-calls', 'd': '/refguide8/', 'p': 'modeling', 'mo': 70, 'newDir': '/refguide8/modeling/application-logic/expressions/'}
{'t': 'Menu Bar', 'i': 'menu-bar', 'u': '/refguide8/menu-bar', 'd': '/refguide8/', 'p': 'modeling', 'mo': 1, 'newDir': '/refguide8/modeling/pages/menu-widgets/'}
{'t': 'Mendix Client', 'c': 'Mendix Runtime', 'i': 'mendix-client', 'u': '/refguide8/mendix-client', 'd': '/refguide8/', 'mo': 20, 'newDir': '/refguide8/runtime/', 'p': 'runtime'}
{'t': 'Menu Widgets', 'i': 'menu-widgets', 'u': '/refguide8/menu-widgets', 'd': '/refguide8/', 'p': 'modeling', 'mo': 45, 'newDir': '/refguide8/modeling/pages/menu-widgets/', 'indexFlag': 'true'}
{'t': 'Menus', 'c': 'App Modeling', 'i': 'menus', 'u': '/refguide8/menus', 'd': '/refguide8/', 'mo': 12, 'newDir': '/refguide8/modeling/menus/', 'indexFlag': 'true', 'p': 'modeling'}
{'t': 'Menu', 'i': 'menu', 'u': '/refguide8/menu', 'd': '/refguide8/', 'p': 'modeling', 'mo': 50, 'newDir': '/refguide8/modeling/pages/page-resources/'}
{'t': 'Merge Dialog', 'i': 'merge-dialog', 'u': '/refguide8/merge-dialog', 'd': '/refguide8/', 'p': 'modeling', 'newDir': '/refguide8/modeling/menus/version-control-menu/'}
{'t': 'Merge', 'i': 'merge', 'u': '/refguide8/merge', 'd': '/refguide8/', 'p': 'modeling', 'mo': 1, 'newDir': '/refguide8/modeling/application-logic/decisions/'}
{'t': 'Message Definitions', 'i': 'message-definitions', 'u': '/refguide8/message-definitions', 'd': '/refguide8/', 'p': 'modeling', 'newDir': '/refguide8/modeling/integration/'}
{'t': 'Microflow Call', 'i': 'microflow-call', 'u': '/refguide8/microflow-call', 'd': '/refguide8/', 'p': 'modeling', 'newDir': '/refguide8/modeling/application-logic/activities/action-call-activities/'}
{'t': 'Microflow Source', 'i': 'microflow-source', 'u': '/refguide8/microflow-source', 'd': '/refguide8/', 'p': 'modeling', 'mo': 40, 'newDir': '/refguide8/modeling/pages/data-widgets/data-sources/'}
{'t': 'Microflow Properties', 'i': 'microflow', 'u': '/refguide8/microflow', 'd': '/refguide8/', 'p': 'modeling', 'newDir': '/refguide8/modeling/application-logic/microflows/'}
{'t': 'Common Properties', 'i': 'microflow-element-common-properties', 'u': '/refguide8/microflow-element-common-properties', 'd': '/refguide8/', 'p': 'modeling', 'mo': 110, 'newDir': '/refguide8/modeling/application-logic/'}
{'t': 'Microflows', 'i': 'microflows', 'u': '/refguide8/microflows', 'd': '/refguide8/', 'p': 'modeling', 'mo': 10, 'newDir': '/refguide8/modeling/application-logic/microflows/', 'indexFlag': 'true'}
{'t': 'Troubleshooting Atlas UI Changes', 'i': 'migration-atlas', 'u': '/refguide8/migration-atlas', 'd': '/refguide8/', 'p': 'general', 'mo': 20, 'newDir': '/refguide8/general/moving-from-7-to-8/'}
{'t': 'Troubleshooting DOM Changes', 'i': 'migration-dom-issues', 'u': '/refguide8/migration-dom-issues', 'd': '/refguide8/', 'p': 'general', 'mo': 10, 'newDir': '/refguide8/general/moving-from-7-to-8/'}
{'t': 'App Modeling', 'i': 'modeling', 'u': '/refguide8/modeling', 'd': '/refguide8/', 'newDir': '/refguide8/modeling/', 'indexFlag': 'true'}
{'t': 'Mobile', 'i': 'mobile', 'u': '/refguide8/mobile', 'd': '/refguide8/', 'newDir': '/refguide8/mobile/', 'indexFlag': 'true'}
{'t': 'Module Security', 'i': 'module-security', 'u': '/refguide8/module-security', 'd': '/refguide8/', 'p': 'modeling', 'mo': 20, 'newDir': '/refguide8/modeling/menus/view-menu/project-explorer/security/'}
{'t': 'Modules', 'i': 'modules', 'u': '/refguide8/modules', 'd': '/refguide8/', 'p': 'modeling', 'mo': 20, 'newDir': '/refguide8/modeling/menus/view-menu/project-explorer/modules/', 'indexFlag': 'true'}
{'t': 'Monitoring Client State', 'c': 'Mendix Runtime', 'i': 'monitoring-client-state', 'u': '/refguide8/monitoring-client-state', 'd': '/refguide8/', 'newDir': '/refguide8/runtime/', 'p': 'runtime'}
{'t': 'Moving from Desktop Modeler Version 7 to Studio Pro 8', 'c': 'General Info', 'i': 'moving-from-7-to-8', 'u': '/refguide8/moving-from-7-to-8', 'd': '/refguide8/', 'mo': 20, 'newDir': '/refguide8/general/moving-from-7-to-8/', 'indexFlag': 'true', 'p': 'general'}
{'t': 'MxAssist Logic Bot', 'i': 'mx-assist-studio-pro', 'u': '/refguide8/mx-assist-studio-pro', 'd': '/refguide8/', 'p': 'modeling', 'newDir': '/refguide8/modeling/application-logic/microflows/'}
{'t': 'Monitoring Mendix Runtime', 'c': 'Mendix Runtime', 'i': 'monitoring-mendix-runtime', 'u': '/refguide8/monitoring-mendix-runtime', 'd': '/refguide8/', 'newDir': '/refguide8/runtime/', 'p': 'runtime'}
{'t': 'mx Command-Line Tool', 'c': 'General Info', 'i': 'mx-command-line-tool', 'u': '/refguide8/mx-command-line-tool', 'd': '/refguide8/', 'mo': 50, 'newDir': '/refguide8/general/', 'p': 'general'}
{'t': 'MxBuild', 'c': 'General Info', 'i': 'mxbuild', 'u': '/refguide8/mxbuild', 'd': '/refguide8/', 'mo': 50, 'newDir': '/refguide8/general/', 'p': 'general'}
{'t': 'MySQL/MariaDB', 'i': 'mysql', 'u': '/refguide8/mysql', 'd': '/refguide8/', 'p': 'runtime', 'mo': 50, 'newDir': '/refguide8/runtime/data-storage/'}
{'t': 'Call Nanoflow', 'i': 'nanoflow-call', 'u': '/refguide8/nanoflow-call', 'd': '/refguide8/', 'p': 'modeling', 'mo': 2, 'newDir': '/refguide8/modeling/application-logic/activities/client-activities/'}
{'t': 'Nanoflow Source', 'i': 'nanoflow-source', 'u': '/refguide8/nanoflow-source', 'd': '/refguide8/', 'p': 'modeling', 'mo': 50, 'newDir': '/refguide8/modeling/pages/data-widgets/data-sources/'}
{'t': 'Nanoflow Properties', 'i': 'nanoflow', 'u': '/refguide8/nanoflow', 'd': '/refguide8/', 'p': 'modeling', 'newDir': '/refguide8/modeling/application-logic/nanoflows/'}
{'t': 'Nanoflows', 'i': 'nanoflows', 'u': '/refguide8/nanoflows', 'd': '/refguide8/', 'p': 'modeling', 'mo': 20, 'newDir': '/refguide8/modeling/application-logic/nanoflows/', 'indexFlag': 'true'}
{'t': 'Native Mobile', 'c': 'Mobile', 'i': 'native-mobile', 'u': '/refguide8/native-mobile', 'd': '/refguide8/', 'mo': 1, 'newDir': '/refguide8/mobile/native-mobile/', 'indexFlag': 'true', 'p': 'mobile'}
{'t': 'Native Navigation', 'i': 'native-navigation', 'u': '/refguide8/native-navigation', 'd': '/refguide8/', 'p': 'mobile', 'mo': 11, 'newDir': '/refguide8/mobile/native-mobile/'}
{'t': 'Native Mobile Styling', 'i': 'native-styling-refguide', 'u': '/refguide8/native-styling-refguide', 'd': '/refguide8/', 'p': 'mobile', 'mo': 20, 'newDir': '/refguide8/mobile/native-mobile/'}
{'t': 'Native Builder (CLI)', 'i': 'native-builder', 'u': '/refguide8/native-builder', 'd': '/refguide8/', 'p': 'mobile', 'mo': 70, 'newDir': '/refguide8/mobile/native-mobile/'}
{'t': 'Working with Vector Graphics', 'i': 'native-svg', 'u': '/refguide8/native-svg', 'd': '/refguide8/', 'p': 'mobile', 'mo': 80, 'newDir': '/refguide8/mobile/native-mobile/'}
{'t': 'Navigation List', 'i': 'navigation-list', 'u': '/refguide8/navigation-list', 'd': '/refguide8/', 'p': 'modeling', 'mo': 70, 'newDir': '/refguide8/modeling/pages/container-widgets/'}
{'t': 'Navigation Tree', 'i': 'navigation-tree', 'u': '/refguide8/navigation-tree', 'd': '/refguide8/', 'p': 'modeling', 'mo': 3, 'newDir': '/refguide8/modeling/pages/menu-widgets/'}
{'t': 'Navigation', 'i': 'navigation', 'u': '/refguide8/navigation', 'd': '/refguide8/', 'p': 'modeling', 'mo': 20, 'newDir': '/refguide8/modeling/menus/view-menu/project-explorer/project/'}
{'t': 'New Project', 'i': 'new-project', 'u': '/refguide8/new-project', 'd': '/refguide8/', 'p': 'modeling', 'mo': 10, 'newDir': '/refguide8/modeling/menus/file-menu/'}
{'t': 'Numeric Formatting', 'i': 'numeric-formatting', 'u': '/refguide8/numeric-formatting', 'd': '/refguide8/', 'p': 'modeling', 'newDir': '/refguide8/modeling/integration/consumed-web-services/'}
{'t': 'Object Activities', 'i': 'object-activities', 'u': '/refguide8/object-activities', 'd': '/refguide8/', 'p': 'modeling', 'mo': 10, 'newDir': '/refguide8/modeling/application-logic/activities/object-activities/', 'indexFlag': 'true'}
{'t': 'Object Type Decision', 'i': 'object-type-decision', 'u': '/refguide8/object-type-decision', 'd': '/refguide8/', 'p': 'modeling', 'mo': 2, 'newDir': '/refguide8/modeling/application-logic/decisions/'}
{'t': 'OData Query Options', 'i': 'odata-query-options', 'u': '/refguide8/odata-query-options', 'd': '/refguide8/', 'p': 'modeling', 'newDir': '/refguide8/modeling/integration/published-odata-services/'}
{'t': 'Objects & Caching', 'c': 'Mendix Runtime', 'i': 'objects-and-caching', 'u': '/refguide8/objects-and-caching', 'd': '/refguide8/', 'newDir': '/refguide8/runtime/', 'p': 'runtime'}
{'t': 'OData Representation', 'i': 'odata-representation', 'u': '/refguide8/odata-representation', 'd': '/refguide8/', 'p': 'modeling', 'newDir': '/refguide8/modeling/integration/published-odata-services/'}
{'t': 'On Click Event & Events Section', 'i': 'on-click-event', 'u': '/refguide8/on-click-event', 'd': '/refguide8/', 'p': 'modeling', 'mo': 130, 'newDir': '/refguide8/modeling/pages/'}
{'t': 'Offline-First', 'c': 'Mobile', 'i': 'offline-first', 'u': '/refguide8/offline-first', 'd': '/refguide8/', 'mo': 30, 'newDir': '/refguide8/mobile/', 'p': 'mobile'}
{'t': 'OpenAPI 2.0 Documentation', 'i': 'open-api', 'u': '/refguide8/open-api', 'd': '/refguide8/', 'p': 'modeling', 'mo': 30, 'newDir': '/refguide8/modeling/integration/published-rest-services/published-rest-technical-details/'}
{'t': 'Open Project', 'i': 'open-app-dialog', 'u': '/refguide8/open-app-dialog', 'd': '/refguide8/', 'p': 'modeling', 'mo': 20, 'newDir': '/refguide8/modeling/menus/file-menu/'}
{'t': 'Operations', 'i': 'operations', 'u': '/refguide8/operations', 'd': '/refguide8/', 'p': 'modeling', 'newDir': '/refguide8/modeling/integration/published-web-services/'}
{'t': 'OQL Case Expression', 'i': 'oql-case-expression', 'u': '/refguide8/oql-case-expression', 'd': '/refguide8/', 'p': 'modeling', 'newDir': '/refguide8/modeling/resources/data-sets/oql/oql-expressions/oql-operators/'}
{'t': 'OQL Aggregation', 'i': 'oql-aggregation', 'u': '/refguide8/oql-aggregation', 'd': '/refguide8/', 'p': 'modeling', 'newDir': '/refguide8/modeling/resources/data-sets/oql/oql-expressions/'}
{'t': 'OQL CAST', 'i': 'oql-cast', 'u': '/refguide8/oql-cast', 'd': '/refguide8/', 'p': 'modeling', 'newDir': '/refguide8/modeling/resources/data-sets/oql/oql-expressions/oql-functions/'}
{'t': 'OQL COALESCE', 'i': 'oql-coalesce', 'u': '/refguide8/oql-coalesce', 'd': '/refguide8/', 'p': 'modeling', 'newDir': '/refguide8/modeling/resources/data-sets/oql/oql-expressions/oql-functions/'}
{'t': 'OQL DATEDIFF', 'i': 'oql-datediff', 'u': '/refguide8/oql-datediff', 'd': '/refguide8/', 'p': 'modeling', 'newDir': '/refguide8/modeling/resources/data-sets/oql/oql-expressions/oql-functions/'}
{'t': 'OQL DATEPART', 'i': 'oql-datepart', 'u': '/refguide8/oql-datepart', 'd': '/refguide8/', 'p': 'modeling', 'newDir': '/refguide8/modeling/resources/data-sets/oql/oql-expressions/oql-functions/'}
{'t': 'OQL Expressions', 'i': 'oql-expressions', 'u': '/refguide8/oql-expressions', 'd': '/refguide8/', 'p': 'modeling', 'newDir': '/refguide8/modeling/resources/data-sets/oql/oql-expressions/', 'indexFlag': 'true'}
{'t': 'OQL From Clause', 'i': 'oql-from-clause', 'u': '/refguide8/oql-from-clause', 'd': '/refguide8/', 'p': 'modeling', 'newDir': '/refguide8/modeling/resources/data-sets/oql/'}
{'t': 'OQL Functions', 'i': 'oql-functions', 'u': '/refguide8/oql-functions', 'd': '/refguide8/', 'p': 'modeling', 'newDir': '/refguide8/modeling/resources/data-sets/oql/oql-expressions/oql-functions/', 'indexFlag': 'true'}
{'t': 'OQL Limit Clause', 'i': 'oql-limit-clause', 'u': '/refguide8/oql-limit-clause', 'd': '/refguide8/', 'p': 'modeling', 'newDir': '/refguide8/modeling/resources/data-sets/oql/'}
{'t': 'OQL LENGTH', 'i': 'oql-length', 'u': '/refguide8/oql-length', 'd': '/refguide8/', 'p': 'modeling', 'newDir': '/refguide8/modeling/resources/data-sets/oql/oql-expressions/oql-functions/'}
{'t': 'OQL Group by Clause', 'i': 'oql-group-by-clause', 'u': '/refguide8/oql-group-by-clause', 'd': '/refguide8/', 'p': 'modeling', 'newDir': '/refguide8/modeling/resources/data-sets/oql/'}
{'t': 'OQL Operators', 'i': 'oql-operators', 'u': '/refguide8/oql-operators', 'd': '/refguide8/', 'p': 'modeling', 'newDir': '/refguide8/modeling/resources/data-sets/oql/oql-expressions/oql-operators/', 'indexFlag': 'true'}
{'t': 'OQL Order by Clause', 'i': 'oql-order-by-clause', 'u': '/refguide8/oql-order-by-clause', 'd': '/refguide8/', 'p': 'modeling', 'newDir': '/refguide8/modeling/resources/data-sets/oql/'}
{'t': 'OQL Parameters', 'i': 'oql-parameters', 'u': '/refguide8/oql-parameters', 'd': '/refguide8/', 'p': 'modeling', 'newDir': '/refguide8/modeling/resources/data-sets/oql/oql-expressions/'}
{'t': 'OQL RANGEEND', 'i': 'oql-rangeend', 'u': '/refguide8/oql-rangeend', 'd': '/refguide8/', 'p': 'modeling', 'newDir': '/refguide8/modeling/resources/data-sets/oql/oql-expressions/oql-functions/'}
{'t': 'OQL RANGEBEGIN', 'i': 'oql-rangebegin', 'u': '/refguide8/oql-rangebegin', 'd': '/refguide8/', 'p': 'modeling', 'newDir': '/refguide8/modeling/resources/data-sets/oql/oql-expressions/oql-functions/'}
{'t': 'OQL ROUND', 'i': 'oql-round', 'u': '/refguide8/oql-round', 'd': '/refguide8/', 'p': 'modeling', 'newDir': '/refguide8/modeling/resources/data-sets/oql/oql-expressions/oql-functions/'}
{'t': 'OQL Select Clause', 'i': 'oql-select-clause', 'u': '/refguide8/oql-select-clause', 'd': '/refguide8/', 'p': 'modeling', 'newDir': '/refguide8/modeling/resources/data-sets/oql/'}
{'t': 'OQL Where Clause', 'i': 'oql-where-clause', 'u': '/refguide8/oql-where-clause', 'd': '/refguide8/', 'p': 'modeling', 'newDir': '/refguide8/modeling/resources/data-sets/oql/'}
{'t': 'Oracle', 'i': 'oracle', 'u': '/refguide8/oracle', 'd': '/refguide8/', 'p': 'runtime', 'mo': 60, 'newDir': '/refguide8/runtime/data-storage/'}
{'t': 'OQL', 'i': 'oql', 'u': '/refguide8/oql', 'd': '/refguide8/', 'p': 'modeling', 'newDir': '/refguide8/modeling/resources/data-sets/oql/', 'indexFlag': 'true'}
{'t': 'Order By Behavior', 'i': 'ordering-behavior', 'u': '/refguide8/ordering-behavior', 'd': '/refguide8/', 'p': 'runtime', 'mo': 20, 'newDir': '/refguide8/runtime/data-storage/'}
{'t': 'Packaging Hybrid Mobile Apps', 'i': 'packaging-hybrid-mobile-apps', 'u': '/refguide8/packaging-hybrid-mobile-apps', 'd': '/refguide8/', 'p': 'mobile', 'newDir': '/refguide8/mobile/hybrid-mobile/'}
{'t': 'Page Break (Document Template)', 'i': 'page-break-document-template', 'u': '/refguide8/page-break-document-template', 'd': '/refguide8/', 'p': 'modeling', 'newDir': '/refguide8/modeling/resources/document-templates/'}
{'t': 'Page Resources', 'i': 'page-resources', 'u': '/refguide8/page-resources', 'd': '/refguide8/', 'p': 'modeling', 'mo': 12, 'newDir': '/refguide8/modeling/pages/page-resources/', 'indexFlag': 'true'}
{'t': 'Page Properties', 'i': 'page-properties', 'u': '/refguide8/page-properties', 'd': '/refguide8/', 'p': 'modeling', 'mo': 10, 'newDir': '/refguide8/modeling/pages/page/'}
{'t': 'Page Title', 'i': 'page-title', 'u': '/refguide8/page-title', 'd': '/refguide8/', 'p': 'modeling', 'mo': 50, 'newDir': '/refguide8/modeling/pages/common-widgets/'}
{'t': 'Page', 'i': 'page', 'u': '/refguide8/page', 'd': '/refguide8/', 'p': 'modeling', 'mo': 10, 'newDir': '/refguide8/modeling/pages/page/', 'indexFlag': 'true'}
{'t': 'Page Template', 'i': 'page-templates', 'u': '/refguide8/page-templates', 'd': '/refguide8/', 'p': 'modeling', 'mo': 20, 'newDir': '/refguide8/modeling/pages/page-resources/'}
{'t': 'Pages', 'c': 'App Modeling', 'i': 'pages', 'u': '/refguide8/pages', 'd': '/refguide8/', 'mo': 30, 'newDir': '/refguide8/modeling/pages/', 'indexFlag': 'true', 'p': 'modeling'}
{'t': 'Parameter', 'i': 'parameter', 'u': '/refguide8/parameter', 'd': '/refguide8/', 'p': 'modeling', 'mo': 70, 'newDir': '/refguide8/modeling/application-logic/'}
{'t': 'Parse & Format Date Function Calls', 'i': 'parse-and-format-date-function-calls', 'u': '/refguide8/parse-and-format-date-function-calls', 'd': '/refguide8/', 'p': 'modeling', 'mo': 160, 'newDir': '/refguide8/modeling/application-logic/expressions/'}
{'t': 'Parse Integer', 'i': 'parse-integer', 'u': '/refguide8/parse-integer', 'd': '/refguide8/', 'p': 'modeling', 'mo': 140, 'newDir': '/refguide8/modeling/application-logic/expressions/'}
{'t': 'Parse & Format Decimal Function Calls', 'i': 'parse-and-format-decimal-function-calls', 'u': '/refguide8/parse-and-format-decimal-function-calls', 'd': '/refguide8/', 'p': 'modeling', 'mo': 150, 'newDir': '/refguide8/modeling/application-logic/expressions/'}
{'t': 'Password Policy', 'i': 'password-policy', 'u': '/refguide8/password-policy', 'd': '/refguide8/', 'p': 'modeling', 'mo': 50, 'newDir': '/refguide8/modeling/menus/view-menu/project-explorer/security/project-security/'}
{'t': 'Password Text Box', 'i': 'password-text-box', 'u': '/refguide8/password-text-box', 'd': '/refguide8/', 'p': 'modeling', 'newDir': '/refguide8/modeling/pages/authentication-widgets/'}
{'t': 'Placeholder', 'i': 'placeholder', 'u': '/refguide8/placeholder', 'd': '/refguide8/', 'p': 'modeling', 'mo': 10, 'newDir': '/refguide8/modeling/pages/page-resources/layout/'}
{'t': 'Preferences', 'i': 'preferences-dialog', 'u': '/refguide8/preferences-dialog', 'd': '/refguide8/', 'p': 'modeling', 'mo': 50, 'newDir': '/refguide8/modeling/menus/edit-menu/'}
{'t': 'Persistability', 'i': 'persistability', 'u': '/refguide8/persistability', 'd': '/refguide8/', 'p': 'modeling', 'mo': 20, 'newDir': '/refguide8/modeling/domain-model/entities/'}
{'t': 'Project Explorer', 'i': 'project-explorer', 'u': '/refguide8/project-explorer', 'd': '/refguide8/', 'p': 'modeling', 'mo': 40, 'newDir': '/refguide8/modeling/menus/view-menu/project-explorer/', 'indexFlag': 'true'}
{'t': 'Project Security', 'i': 'project-security', 'u': '/refguide8/project-security', 'd': '/refguide8/', 'p': 'modeling', 'mo': 10, 'newDir': '/refguide8/modeling/menus/view-menu/project-explorer/security/project-security/', 'indexFlag': 'true'}
{'t': 'Project Settings', 'i': 'project-settings', 'u': '/refguide8/project-settings', 'd': '/refguide8/', 'p': 'modeling', 'mo': 10, 'newDir': '/refguide8/modeling/menus/view-menu/project-explorer/project/project-settings/', 'indexFlag': 'true'}
{'t': 'Project Menu', 'i': 'project-menu', 'u': '/refguide8/project-menu', 'd': '/refguide8/', 'p': 'modeling', 'mo': 30, 'newDir': '/refguide8/modeling/menus/project-menu/', 'indexFlag': 'true'}
{'t': 'Project', 'i': 'project', 'u': '/refguide8/project', 'd': '/refguide8/', 'p': 'modeling', 'mo': 10, 'newDir': '/refguide8/modeling/menus/view-menu/project-explorer/project/', 'indexFlag': 'true'}
{'t': 'Publish a Microflow as a REST Operation', 'i': 'publish-microflow-as-rest-operation', 'u': '/refguide8/publish-microflow-as-rest-operation', 'd': '/refguide8/', 'p': 'modeling', 'mo': 30, 'newDir': '/refguide8/modeling/integration/published-rest-services/'}
{'t': 'Published OData Resource', 'i': 'published-odata-resource', 'u': '/refguide8/published-odata-resource', 'd': '/refguide8/', 'p': 'modeling', 'newDir': '/refguide8/modeling/integration/published-odata-services/'}
{'t': 'Published App Services', 'i': 'published-app-services', 'u': '/refguide8/published-app-services', 'd': '/refguide8/', 'p': 'modeling', 'newDir': '/refguide8/modeling/integration/published-app-services/', 'indexFlag': 'true'}
{'t': 'Published App Service', 'i': 'published-app-service', 'u': '/refguide8/published-app-service', 'd': '/refguide8/', 'p': 'modeling', 'newDir': '/refguide8/modeling/integration/published-app-services/'}
{'t': 'Published OData Services', 'i': 'published-odata-services', 'u': '/refguide8/published-odata-services', 'd': '/refguide8/', 'p': 'modeling', 'newDir': '/refguide8/modeling/integration/published-odata-services/', 'indexFlag': 'true'}
{'t': 'Custom Authentication Microflow Parameters', 'i': 'published-rest-authentication-parameter', 'u': '/refguide8/published-rest-authentication-parameter', 'd': '/refguide8/', 'p': 'modeling', 'mo': 40, 'newDir': '/refguide8/modeling/integration/published-rest-services/published-rest-technical-details/'}
{'t': 'Operation Parameters for Published REST', 'i': 'published-rest-operation-parameter', 'u': '/refguide8/published-rest-operation-parameter', 'd': '/refguide8/', 'p': 'modeling', 'mo': 20, 'newDir': '/refguide8/modeling/integration/published-rest-services/published-rest-service/'}
{'t': 'Published REST Path Parameters', 'i': 'published-rest-path-parameters', 'u': '/refguide8/published-rest-path-parameters', 'd': '/refguide8/', 'p': 'modeling', 'mo': 30, 'newDir': '/refguide8/modeling/integration/published-rest-services/published-rest-service/'}
{'t': 'Published REST Operation', 'i': 'published-rest-operation', 'u': '/refguide8/published-rest-operation', 'd': '/refguide8/', 'p': 'modeling', 'mo': 10, 'newDir': '/refguide8/modeling/integration/published-rest-services/published-rest-service/'}
{'t': 'Published REST Query Parameters', 'i': 'published-rest-query-parameters', 'u': '/refguide8/published-rest-query-parameters', 'd': '/refguide8/', 'p': 'modeling', 'mo': 40, 'newDir': '/refguide8/modeling/integration/published-rest-services/published-rest-service/'}
{'t': 'Published REST Resource', 'i': 'published-rest-resource', 'u': '/refguide8/published-rest-resource', 'd': '/refguide8/', 'p': 'modeling', 'mo': 50, 'newDir': '/refguide8/modeling/integration/published-rest-services/published-rest-service/'}
{'t': 'Published REST Request Routing', 'i': 'published-rest-routing', 'u': '/refguide8/published-rest-routing', 'd': '/refguide8/', 'p': 'modeling', 'mo': 10, 'newDir': '/refguide8/modeling/integration/published-rest-services/published-rest-technical-details/'}
{'t': 'Published REST Service', 'i': 'published-rest-service', 'u': '/refguide8/published-rest-service', 'd': '/refguide8/', 'p': 'modeling', 'mo': 10, 'newDir': '/refguide8/modeling/integration/published-rest-services/published-rest-service/', 'indexFlag': 'true'}
{'t': 'Published REST Services', 'i': 'published-rest-services', 'u': '/refguide8/published-rest-services', 'd': '/refguide8/', 'p': 'modeling', 'newDir': '/refguide8/modeling/integration/published-rest-services/', 'indexFlag': 'true'}
{'t': 'JSON Schema for Published REST Operation', 'i': 'published-rest-service-json-schema', 'u': '/refguide8/published-rest-service-json-schema', 'd': '/refguide8/', 'p': 'modeling', 'mo': 20, 'newDir': '/refguide8/modeling/integration/published-rest-services/published-rest-technical-details/'}
{'t': 'Technical Details of Published REST', 'i': 'published-rest-technical-details', 'u': '/refguide8/published-rest-technical-details', 'd': '/refguide8/', 'p': 'modeling', 'mo': 40, 'newDir': '/refguide8/modeling/integration/published-rest-services/published-rest-technical-details/', 'indexFlag': 'true'}
{'t': 'Published Web Service', 'i': 'published-web-service', 'u': '/refguide8/published-web-service', 'd': '/refguide8/', 'p': 'modeling', 'newDir': '/refguide8/modeling/integration/published-web-services/'}
{'t': 'Published Web Services', 'i': 'published-web-services', 'u': '/refguide8/published-web-services', 'd': '/refguide8/', 'p': 'modeling', 'newDir': '/refguide8/modeling/integration/published-web-services/', 'indexFlag': 'true'}
{'t': 'Radio Buttons', 'i': 'radio-buttons', 'u': '/refguide8/radio-buttons', 'd': '/refguide8/', 'p': 'modeling', 'mo': 50, 'newDir': '/refguide8/modeling/pages/input-widgets/'}
{'t': 'Querying Over Self-References', 'i': 'query-over', 'u': '/refguide8/query-over', 'd': '/refguide8/', 'p': 'modeling', 'mo': 20, 'newDir': '/refguide8/modeling/domain-model/associations/'}
{'t': 'Reference Selector', 'i': 'reference-selector', 'u': '/refguide8/reference-selector', 'd': '/refguide8/', 'p': 'modeling', 'mo': 70, 'newDir': '/refguide8/modeling/pages/input-widgets/'}
{'t': 'Reference Set Selector', 'i': 'reference-set-selector', 'u': '/refguide8/reference-set-selector', 'd': '/refguide8/', 'p': 'modeling', 'mo': 80, 'newDir': '/refguide8/modeling/pages/input-widgets/'}
{'t': 'Regular Expressions', 'i': 'regular-expressions', 'u': '/refguide8/regular-expressions', 'd': '/refguide8/', 'p': 'modeling', 'mo': 70, 'newDir': '/refguide8/modeling/resources/'}
{'t': 'Generate Report Button', 'i': 'report-button', 'u': '/refguide8/report-button', 'd': '/refguide8/', 'p': 'modeling', 'mo': 40, 'newDir': '/refguide8/modeling/pages/report-widgets/'}
{'t': 'Relational Expressions', 'i': 'relational-expressions', 'u': '/refguide8/relational-expressions', 'd': '/refguide8/', 'p': 'modeling', 'mo': 30, 'newDir': '/refguide8/modeling/application-logic/expressions/'}
{'t': 'Report Date Parameter', 'i': 'report-date-parameter', 'u': '/refguide8/report-date-parameter', 'd': '/refguide8/', 'p': 'modeling', 'mo': 30, 'newDir': '/refguide8/modeling/pages/report-widgets/report-date-parameter/', 'indexFlag': 'true'}
{'t': 'Report Grid', 'i': 'report-grid', 'u': '/refguide8/report-grid', 'd': '/refguide8/', 'p': 'modeling', 'mo': 10, 'newDir': '/refguide8/modeling/pages/report-widgets/'}
{'t': 'Report Parameter', 'i': 'report-parameter', 'u': '/refguide8/report-parameter', 'd': '/refguide8/', 'p': 'modeling', 'mo': 20, 'newDir': '/refguide8/modeling/pages/report-widgets/'}
{'t': 'Resources', 'c': 'App Modeling', 'i': 'resources', 'u': '/refguide8/resources', 'd': '/refguide8/', 'mo': 50, 'newDir': '/refguide8/modeling/resources/', 'indexFlag': 'true', 'p': 'modeling'}
{'t': 'Report Widgets', 'i': 'report-widgets', 'u': '/refguide8/report-widgets', 'd': '/refguide8/', 'p': 'modeling', 'mo': 50, 'newDir': '/refguide8/modeling/pages/report-widgets/', 'indexFlag': 'true'}
{'t': 'Retrieve', 'i': 'retrieve', 'u': '/refguide8/retrieve', 'd': '/refguide8/', 'p': 'modeling', 'mo': 60, 'newDir': '/refguide8/modeling/application-logic/activities/object-activities/'}
{'t': 'Rollback Object', 'i': 'rollback-object', 'u': '/refguide8/rollback-object', 'd': '/refguide8/', 'p': 'modeling', 'mo': 70, 'newDir': '/refguide8/modeling/application-logic/activities/object-activities/'}
{'t': 'Row (Document Template)', 'i': 'row-document-template', 'u': '/refguide8/row-document-template', 'd': '/refguide8/', 'p': 'modeling', 'newDir': '/refguide8/modeling/resources/document-templates/table-document-template/row-document-template/', 'indexFlag': 'true'}
{'t': 'Run Menu', 'i': 'run-menu', 'u': '/refguide8/run-menu', 'd': '/refguide8/', 'p': 'modeling', 'mo': 35, 'newDir': '/refguide8/modeling/menus/run-menu/', 'indexFlag': 'true'}
{'t': 'Runtime Deployment', 'c': 'Mendix Runtime', 'i': 'runtime-deployment', 'u': '/refguide8/runtime-deployment', 'd': '/refguide8/', 'mo': 30, 'newDir': '/refguide8/runtime/', 'p': 'runtime'}
{'t': 'Rules', 'i': 'rules', 'u': '/refguide8/rules', 'd': '/refguide8/', 'p': 'modeling', 'mo': 30, 'newDir': '/refguide8/modeling/resources/'}
{'t': 'Common Runtime & Java Errors', 'i': 'runtime-java-errors', 'u': '/refguide8/runtime-java-errors', 'd': '/refguide8/', 'p': 'runtime', 'mo': 3, 'newDir': '/refguide8/runtime/runtime-java/'}
{'t': 'Mendix Runtime & Java', 'c': 'Mendix Runtime', 'i': 'runtime-java', 'u': '/refguide8/runtime-java', 'd': '/refguide8/', 'newDir': '/refguide8/runtime/runtime-java/', 'indexFlag': 'true', 'p': 'runtime'}
{'t': 'Runtime Server', 'c': 'Mendix Runtime', 'i': 'runtime-server', 'u': '/refguide8/runtime-server', 'd': '/refguide8/', 'mo': 10, 'newDir': '/refguide8/runtime/', 'p': 'runtime'}
{'t': 'Mendix Runtime', 'i': 'runtime', 'u': '/refguide8/runtime', 'd': '/refguide8/', 'newDir': '/refguide8/runtime/', 'indexFlag': 'true'}
{'t': 'SAP HANA', 'i': 'saphana', 'u': '/refguide8/saphana', 'd': '/refguide8/', 'p': 'runtime', 'mo': 70, 'newDir': '/refguide8/runtime/data-storage/'}
{'t': 'Scheduled Events', 'i': 'scheduled-events', 'u': '/refguide8/scheduled-events', 'd': '/refguide8/', 'p': 'modeling', 'mo': 80, 'newDir': '/refguide8/modeling/resources/'}
{'t': 'Scroll Container', 'i': 'scroll-container', 'u': '/refguide8/scroll-container', 'd': '/refguide8/', 'p': 'modeling', 'mo': 50, 'newDir': '/refguide8/modeling/pages/container-widgets/'}
{'t': 'Security', 'i': 'security', 'u': '/refguide8/security', 'd': '/refguide8/', 'p': 'modeling', 'newDir': '/refguide8/modeling/menus/view-menu/project-explorer/security/', 'indexFlag': 'true'}
{'t': 'Select Elements', 'i': 'select--elements', 'u': '/refguide8/select--elements', 'd': '/refguide8/', 'p': 'modeling', 'newDir': '/refguide8/modeling/integration/mapping-documents/'}
{'t': 'Search Bar', 'i': 'search-bar', 'u': '/refguide8/search-bar', 'd': '/refguide8/', 'p': 'modeling', 'mo': 40, 'newDir': '/refguide8/modeling/pages/data-widgets/grids/'}
{'t': 'Select App Service', 'i': 'select-app-service', 'u': '/refguide8/select-app-service', 'd': '/refguide8/', 'p': 'modeling', 'newDir': '/refguide8/modeling/integration/consumed-app-services/'}
{'t': 'Sequence Flow', 'i': 'sequence-flow', 'u': '/refguide8/sequence-flow', 'd': '/refguide8/', 'p': 'modeling', 'mo': 30, 'newDir': '/refguide8/modeling/application-logic/'}
{'t': 'Settings', 'i': 'settings', 'u': '/refguide8/settings', 'd': '/refguide8/', 'p': 'modeling', 'newDir': '/refguide8/modeling/integration/consumed-app-services/'}
{'t': 'Show Message', 'i': 'show-message', 'u': '/refguide8/show-message', 'd': '/refguide8/', 'p': 'modeling', 'mo': 4, 'newDir': '/refguide8/modeling/application-logic/activities/client-activities/'}
{'t': 'Show Home Page', 'i': 'show-home-page', 'u': '/refguide8/show-home-page', 'd': '/refguide8/', 'p': 'modeling', 'mo': 30, 'newDir': '/refguide8/modeling/application-logic/activities/client-activities/'}
{'t': 'Show Page', 'i': 'show-page', 'u': '/refguide8/show-page', 'd': '/refguide8/', 'p': 'modeling', 'mo': 50, 'newDir': '/refguide8/modeling/application-logic/activities/client-activities/'}
{'t': 'Sign-In Button', 'i': 'sign-in-button', 'u': '/refguide8/sign-in-button', 'd': '/refguide8/', 'p': 'modeling', 'newDir': '/refguide8/modeling/pages/authentication-widgets/'}
{'t': 'Sidebar Toggle', 'i': 'sidebar-toggle-button', 'u': '/refguide8/sidebar-toggle-button', 'd': '/refguide8/', 'p': 'modeling', 'mo': 30, 'newDir': '/refguide8/modeling/pages/page-resources/layout/'}
{'t': 'Simple Menu Bar', 'i': 'simple-menu-bar', 'u': '/refguide8/simple-menu-bar', 'd': '/refguide8/', 'p': 'modeling', 'mo': 2, 'newDir': '/refguide8/modeling/pages/menu-widgets/'}
{'t': 'Snippet Call', 'i': 'snippet-call', 'u': '/refguide8/snippet-call', 'd': '/refguide8/', 'p': 'modeling', 'mo': 40, 'newDir': '/refguide8/modeling/pages/common-widgets/'}
{'t': 'Snippet', 'i': 'snippet', 'u': '/refguide8/snippet', 'd': '/refguide8/', 'p': 'modeling', 'mo': 30, 'newDir': '/refguide8/modeling/pages/page-resources/'}
{'t': 'Sort Bar', 'i': 'sort-bar', 'u': '/refguide8/sort-bar', 'd': '/refguide8/', 'p': 'modeling', 'mo': 50, 'newDir': '/refguide8/modeling/pages/data-widgets/grids/'}
{'t': 'Special Checks', 'i': 'special-checks', 'u': '/refguide8/special-checks', 'd': '/refguide8/', 'p': 'modeling', 'mo': 40, 'newDir': '/refguide8/modeling/application-logic/expressions/'}
{'t': 'Start Event', 'i': 'start-event', 'u': '/refguide8/start-event', 'd': '/refguide8/', 'p': 'modeling', 'mo': 1, 'newDir': '/refguide8/modeling/application-logic/events/'}
{'t': 'Static Image (Document Template)', 'i': 'static-image-document-template', 'u': '/refguide8/static-image-document-template', 'd': '/refguide8/', 'p': 'modeling', 'newDir': '/refguide8/modeling/resources/document-templates/'}
{'t': 'Static Label (Document Template)', 'i': 'static-label-document-template', 'u': '/refguide8/static-label-document-template', 'd': '/refguide8/', 'p': 'modeling', 'newDir': '/refguide8/modeling/resources/document-templates/'}
{'t': 'Studio Pro Overview', 'c': 'App Modeling', 'i': 'studio-pro-overview', 'u': '/refguide8/studio-pro-overview', 'd': '/refguide8/', 'mo': 10, 'newDir': '/refguide8/modeling/', 'p': 'modeling'}
{'t': 'Model Changes When Security Is Enabled in Studio', 'i': 'studio-security-enabled', 'u': '/refguide8/studio-security-enabled', 'd': '/refguide8/', 'p': 'modeling', 'newDir': '/refguide8/modeling/menus/view-menu/project-explorer/security/'}
{'t': 'Stories Pane', 'i': 'stories-pane', 'u': '/refguide8/stories-pane', 'd': '/refguide8/', 'p': 'modeling', 'mo': 50, 'newDir': '/refguide8/modeling/menus/view-menu/'}
{'t': 'String Function Calls', 'i': 'string-function-calls', 'u': '/refguide8/string-function-calls', 'd': '/refguide8/', 'p': 'modeling', 'mo': 80, 'newDir': '/refguide8/modeling/application-logic/expressions/'}
{'t': 'Style', 'i': 'style', 'u': '/refguide8/style', 'd': '/refguide8/', 'p': 'modeling', 'newDir': '/refguide8/modeling/resources/document-templates/'}
{'t': 'Suppression Rules', 'i': 'suppression-rules', 'u': '/refguide8/suppression-rules', 'd': '/refguide8/', 'p': 'modeling', 'mo': 10, 'newDir': '/refguide8/modeling/menus/view-menu/errors-pane/'}
{'t': 'Synchronize to Device', 'i': 'synchronize-to-device', 'u': '/refguide8/synchronize-to-device', 'd': '/refguide8/', 'p': 'modeling', 'mo': 60, 'newDir': '/refguide8/modeling/application-logic/activities/client-activities/'}
{'t': 'Synchronize', 'i': 'synchronize', 'u': '/refguide8/synchronize', 'd': '/refguide8/', 'p': 'modeling', 'mo': 70, 'newDir': '/refguide8/modeling/application-logic/activities/client-activities/'}
{'t': 'System Requirements', 'c': 'General Info', 'i': 'system-requirements', 'u': '/refguide8/system-requirements', 'd': '/refguide8/', 'mo': 10, 'newDir': '/refguide8/general/', 'p': 'general'}
{'t': 'System Texts', 'i': 'system-texts', 'u': '/refguide8/system-texts', 'd': '/refguide8/', 'p': 'modeling', 'newDir': '/refguide8/modeling/menus/view-menu/project-explorer/project/'}
{'t': 'Table (Document Template)', 'i': 'table-document-template', 'u': '/refguide8/table-document-template', 'd': '/refguide8/', 'p': 'modeling', 'newDir': '/refguide8/modeling/resources/document-templates/table-document-template/', 'indexFlag': 'true'}
{'t': 'Tab Container', 'i': 'tab-container', 'u': '/refguide8/tab-container', 'd': '/refguide8/', 'p': 'modeling', 'mo': 40, 'newDir': '/refguide8/modeling/pages/container-widgets/'}
{'t': 'Table', 'i': 'table', 'u': '/refguide8/table', 'd': '/refguide8/', 'p': 'modeling', 'mo': 60, 'newDir': '/refguide8/modeling/pages/container-widgets/'}
{'t': 'Template Grid (Document Template)', 'i': 'template-grid-document-template', 'u': '/refguide8/template-grid-document-template', 'd': '/refguide8/', 'p': 'modeling', 'newDir': '/refguide8/modeling/resources/document-templates/'}
{'t': 'Template Grid', 'i': 'template-grid', 'u': '/refguide8/template-grid', 'd': '/refguide8/', 'p': 'modeling', 'mo': 20, 'newDir': '/refguide8/modeling/pages/data-widgets/grids/'}
{'t': 'Text Box', 'i': 'text-box', 'u': '/refguide8/text-box', 'd': '/refguide8/', 'p': 'modeling', 'mo': 10, 'newDir': '/refguide8/modeling/pages/input-widgets/'}
{'t': 'Text', 'i': 'text', 'u': '/refguide8/text', 'd': '/refguide8/', 'p': 'modeling', 'mo': 10, 'newDir': '/refguide8/modeling/pages/common-widgets/'}
{'t': 'Text Area', 'i': 'text-area', 'u': '/refguide8/text-area', 'd': '/refguide8/', 'p': 'modeling', 'mo': 20, 'newDir': '/refguide8/modeling/pages/input-widgets/'}
{'t': 'Third-Party Licenses', 'c': 'General Info', 'i': 'third-party-licenses', 'u': '/refguide8/third-party-licenses', 'd': '/refguide8/', 'mo': 70, 'newDir': '/refguide8/general/', 'p': 'general'}
{'t': 'To String', 'i': 'to-string', 'u': '/refguide8/to-string', 'd': '/refguide8/', 'p': 'modeling', 'mo': 130, 'newDir': '/refguide8/modeling/application-logic/expressions/'}
{'t': 'Title (Document Template)', 'i': 'title-document-template', 'u': '/refguide8/title-document-template', 'd': '/refguide8/', 'p': 'modeling', 'newDir': '/refguide8/modeling/resources/document-templates/'}
{'t': 'Non-Persistable Objects & Garbage Collecting', 'i': 'transient-objects-garbage-collecting', 'u': '/refguide8/transient-objects-garbage-collecting', 'd': '/refguide8/', 'p': 'runtime', 'mo': 1, 'newDir': '/refguide8/runtime/runtime-java/'}
{'t': 'Language Menu', 'i': 'translatable-texts', 'u': '/refguide8/translatable-texts', 'd': '/refguide8/', 'p': 'modeling', 'mo': 50, 'newDir': '/refguide8/modeling/menus/translatable-texts/', 'indexFlag': 'true'}
{'t': 'Advanced Custom Settings in Mendix Runtime', 'i': 'tricky-custom-runtime-settings', 'u': '/refguide8/tricky-custom-runtime-settings', 'd': '/refguide8/', 'p': 'runtime', 'newDir': '/refguide8/runtime/custom-settings/'}
{'t': 'Trim to Date', 'i': 'trim-to-date', 'u': '/refguide8/trim-to-date', 'd': '/refguide8/', 'p': 'modeling', 'mo': 120, 'newDir': '/refguide8/modeling/application-logic/expressions/'}
{'t': 'Troubleshooting', 'c': 'Java Programming', 'i': 'troubleshooting', 'u': '/refguide8/troubleshooting', 'd': '/refguide8/', 'newDir': '/refguide8/java-programming/', 'p': 'java-programming'}
{'t': 'UI Resources Package', 'i': 'ui-resources-package', 'u': '/refguide8/ui-resources-package', 'd': '/refguide8/', 'p': 'modeling', 'newDir': '/refguide8/modeling/menus/view-menu/project-explorer/modules/'}
{'t': 'Unary Expressions', 'i': 'unary-expressions', 'u': '/refguide8/unary-expressions', 'd': '/refguide8/', 'p': 'modeling', 'mo': 10, 'newDir': '/refguide8/modeling/application-logic/expressions/'}
{'t': 'Uniqueness Constraint Migration', 'i': 'uniqueness-constraint-migration', 'u': '/refguide8/uniqueness-constraint-migration', 'd': '/refguide8/', 'p': 'runtime', 'mo': 30, 'newDir': '/refguide8/runtime/data-storage/'}
{'t': 'Upload to Version Control Server', 'i': 'upload-to-version-control-dialog', 'u': '/refguide8/upload-to-version-control-dialog', 'd': '/refguide8/', 'p': 'modeling', 'mo': 70, 'newDir': '/refguide8/modeling/menus/version-control-menu/'}
{'t': 'User Roles', 'i': 'user-roles', 'u': '/refguide8/user-roles', 'd': '/refguide8/', 'p': 'modeling', 'mo': 10, 'newDir': '/refguide8/modeling/menus/view-menu/project-explorer/security/project-security/'}
{'t': 'Using a Proxy to Call a REST Service', 'i': 'using-a-proxy-to-call-a-rest-service', 'u': '/refguide8/using-a-proxy-to-call-a-rest-service', 'd': '/refguide8/', 'p': 'modeling', 'newDir': '/refguide8/modeling/integration/consumed-rest-services/'}
{'t': 'Using a Proxy to Call a Web Service', 'i': 'using-a-proxy-to-call-a-webservice', 'u': '/refguide8/using-a-proxy-to-call-a-webservice', 'd': '/refguide8/', 'p': 'modeling', 'newDir': '/refguide8/modeling/integration/consumed-web-services/'}
{'t': 'Using Eclipse', 'c': 'Java Programming', 'i': 'using-eclipse', 'u': '/refguide8/using-eclipse', 'd': '/refguide8/', 'newDir': '/refguide8/java-programming/', 'p': 'java-programming'}
{'t': 'Using Version Control in Studio Pro', 'c': 'Version Control', 'i': 'using-version-control-in-studio-pro', 'u': '/refguide8/using-version-control-in-studio-pro', 'd': '/refguide8/', 'mo': 10, 'newDir': '/refguide8/version-control/', 'p': 'version-control'}
{'t': 'Validation Feedback', 'i': 'validation-feedback', 'u': '/refguide8/validation-feedback', 'd': '/refguide8/', 'p': 'modeling', 'mo': 70, 'newDir': '/refguide8/modeling/application-logic/activities/client-activities/'}
{'t': 'Validation Message', 'i': 'validation-message', 'u': '/refguide8/validation-message', 'd': '/refguide8/', 'p': 'modeling', 'newDir': '/refguide8/modeling/pages/authentication-widgets/'}
{'t': 'Validation Rules', 'i': 'validation-rules', 'u': '/refguide8/validation-rules', 'd': '/refguide8/', 'p': 'modeling', 'mo': 40, 'newDir': '/refguide8/modeling/domain-model/entities/'}
{'t': 'Variable Activities', 'i': 'variable-activities', 'u': '/refguide8/variable-activities', 'd': '/refguide8/', 'p': 'modeling', 'mo': 40, 'newDir': '/refguide8/modeling/application-logic/activities/variable-activities/', 'indexFlag': 'true'}
{'t': 'Version Control Menu', 'i': 'version-control-menu', 'u': '/refguide8/version-control-menu', 'd': '/refguide8/', 'p': 'modeling', 'mo': 40, 'newDir': '/refguide8/modeling/menus/version-control-menu/', 'indexFlag': 'true'}
{'t': 'Version Control', 'i': 'version-control', 'u': '/refguide8/version-control', 'd': '/refguide8/', 'newDir': '/refguide8/version-control/', 'indexFlag': 'true'}
{'t': 'View Menu', 'i': 'view-menu', 'u': '/refguide8/view-menu', 'd': '/refguide8/', 'p': 'modeling', 'mo': 20, 'newDir': '/refguide8/modeling/menus/view-menu/', 'indexFlag': 'true'}
{'t': 'WebSockets', 'c': 'Mendix Runtime', 'i': 'websockets-in-runtime', 'u': '/refguide8/websockets-in-runtime', 'd': '/refguide8/', 'newDir': '/refguide8/runtime/', 'p': 'runtime'}
{'t': 'XML Inheritance & Choice', 'i': 'xml-inheritance-and-choice', 'u': '/refguide8/xml-inheritance-and-choice', 'd': '/refguide8/', 'p': 'modeling', 'newDir': '/refguide8/modeling/integration/mapping-documents/'}
{'t': 'XML Schema Support', 'i': 'xml-schema-support', 'u': '/refguide8/xml-schema-support', 'd': '/refguide8/', 'p': 'modeling', 'newDir': '/refguide8/modeling/integration/xml-schemas/'}
{'t': 'XML Schemas', 'i': 'xml-schemas', 'u': '/refguide8/xml-schemas', 'd': '/refguide8/', 'p': 'modeling', 'newDir': '/refguide8/modeling/integration/xml-schemas/', 'indexFlag': 'true'}
{'t': 'XPath Avg', 'i': 'xpath-avg', 'u': '/refguide8/xpath-avg', 'd': '/refguide8/', 'p': 'modeling', 'newDir': '/refguide8/modeling/xpath/xpath-query-functions/'}
{'t': 'XPath Constraint Functions', 'i': 'xpath-constraint-functions', 'u': '/refguide8/xpath-constraint-functions', 'd': '/refguide8/', 'p': 'modeling', 'newDir': '/refguide8/modeling/xpath/xpath-constraints/xpath-constraint-functions/', 'indexFlag': 'true'}
{'t': 'XPath Constraints', 'i': 'xpath-constraints', 'u': '/refguide8/xpath-constraints', 'd': '/refguide8/', 'p': 'modeling', 'newDir': '/refguide8/modeling/xpath/xpath-constraints/', 'indexFlag': 'true'}
{'t': 'XPath Count', 'i': 'xpath-count', 'u': '/refguide8/xpath-count', 'd': '/refguide8/', 'p': 'modeling', 'newDir': '/refguide8/modeling/xpath/xpath-query-functions/'}
{'t': 'XPath Day-from-DateTime', 'i': 'xpath-day-from-datetime', 'u': '/refguide8/xpath-day-from-datetime', 'd': '/refguide8/', 'p': 'modeling', 'newDir': '/refguide8/modeling/xpath/xpath-constraints/xpath-constraint-functions/'}
{'t': 'XPath Contains', 'i': 'xpath-contains', 'u': '/refguide8/xpath-contains', 'd': '/refguide8/', 'p': 'modeling', 'newDir': '/refguide8/modeling/xpath/xpath-constraints/xpath-constraint-functions/'}
{'t': 'XPath Ends-With', 'i': 'xpath-ends-with', 'u': '/refguide8/xpath-ends-with', 'd': '/refguide8/', 'p': 'modeling', 'newDir': '/refguide8/modeling/xpath/xpath-constraints/xpath-constraint-functions/'}
{'t': 'XPath Expressions', 'i': 'xpath-expressions', 'u': '/refguide8/xpath-expressions', 'd': '/refguide8/', 'p': 'modeling', 'newDir': '/refguide8/modeling/xpath/xpath-constraints/'}
{'t': 'XPath Day-of-Year-from-DateTime', 'i': 'xpath-day-of-year-from-datetime', 'u': '/refguide8/xpath-day-of-year-from-datetime', 'd': '/refguide8/', 'p': 'modeling', 'newDir': '/refguide8/modeling/xpath/xpath-constraints/xpath-constraint-functions/'}
{'t': 'XPath False', 'i': 'xpath-false', 'u': '/refguide8/xpath-false', 'd': '/refguide8/', 'p': 'modeling', 'newDir': '/refguide8/modeling/xpath/xpath-constraints/xpath-constraint-functions/'}
{'t': 'XPath Hours-from-DateTime', 'i': 'xpath-hours-from-datetime', 'u': '/refguide8/xpath-hours-from-datetime', 'd': '/refguide8/', 'p': 'modeling', 'newDir': '/refguide8/modeling/xpath/xpath-constraints/xpath-constraint-functions/'}
{'t': 'XPath Keywords & System Variables', 'i': 'xpath-keywords-and-system-variables', 'u': '/refguide8/xpath-keywords-and-system-variables', 'd': '/refguide8/', 'p': 'modeling', 'newDir': '/refguide8/modeling/xpath/xpath-constraints/'}
{'t': 'XPath Length', 'i': 'xpath-length', 'u': '/refguide8/xpath-length', 'd': '/refguide8/', 'p': 'modeling', 'newDir': '/refguide8/modeling/xpath/xpath-constraints/xpath-constraint-functions/'}
{'t': 'XPath Min', 'i': 'xpath-min', 'u': '/refguide8/xpath-min', 'd': '/refguide8/', 'p': 'modeling', 'newDir': '/refguide8/modeling/xpath/xpath-query-functions/'}
{'t': 'XPath Max', 'i': 'xpath-max', 'u': '/refguide8/xpath-max', 'd': '/refguide8/', 'p': 'modeling', 'newDir': '/refguide8/modeling/xpath/xpath-query-functions/'}
{'t': 'XPath Minutes-from-DateTime', 'i': 'xpath-minutes-from-datetime', 'u': '/refguide8/xpath-minutes-from-datetime', 'd': '/refguide8/', 'p': 'modeling', 'newDir': '/refguide8/modeling/xpath/xpath-constraints/xpath-constraint-functions/'}
{'t': 'XPath Month-From-DateTime', 'i': 'xpath-month-from-datetime', 'u': '/refguide8/xpath-month-from-datetime', 'd': '/refguide8/', 'p': 'modeling', 'newDir': '/refguide8/modeling/xpath/xpath-constraints/xpath-constraint-functions/'}
{'t': 'XPath Not', 'i': 'xpath-not', 'u': '/refguide8/xpath-not', 'd': '/refguide8/', 'p': 'modeling', 'newDir': '/refguide8/modeling/xpath/xpath-constraints/xpath-constraint-functions/'}
{'t': 'XPath Quarter-from-DateTime', 'i': 'xpath-quarter-from-datetime', 'u': '/refguide8/xpath-quarter-from-datetime', 'd': '/refguide8/', 'p': 'modeling', 'newDir': '/refguide8/modeling/xpath/xpath-constraints/xpath-constraint-functions/'}
{'t': 'XPath Query Functions', 'i': 'xpath-query-functions', 'u': '/refguide8/xpath-query-functions', 'd': '/refguide8/', 'p': 'modeling', 'newDir': '/refguide8/modeling/xpath/xpath-query-functions/', 'indexFlag': 'true'}
{'t': 'XPath Operators', 'i': 'xpath-operators', 'u': '/refguide8/xpath-operators', 'd': '/refguide8/', 'p': 'modeling', 'newDir': '/refguide8/modeling/xpath/xpath-constraints/'}
{'t': 'XPath Seconds-from-DateTime', 'i': 'xpath-seconds-from-datetime', 'u': '/refguide8/xpath-seconds-from-datetime', 'd': '/refguide8/', 'p': 'modeling', 'newDir': '/refguide8/modeling/xpath/xpath-constraints/xpath-constraint-functions/'}
{'t': 'XPath Starts-With', 'i': 'xpath-starts-with', 'u': '/refguide8/xpath-starts-with', 'd': '/refguide8/', 'p': 'modeling', 'newDir': '/refguide8/modeling/xpath/xpath-constraints/xpath-constraint-functions/'}
{'t': 'XPath Source', 'i': 'xpath-source', 'u': '/refguide8/xpath-source', 'd': '/refguide8/', 'p': 'modeling', 'mo': 20, 'newDir': '/refguide8/modeling/pages/data-widgets/data-sources/'}
{'t': 'XPath Sum', 'i': 'xpath-sum', 'u': '/refguide8/xpath-sum', 'd': '/refguide8/', 'p': 'modeling', 'newDir': '/refguide8/modeling/xpath/xpath-query-functions/'}
{'t': 'XPath String-Length', 'i': 'xpath-string-length', 'u': '/refguide8/xpath-string-length', 'd': '/refguide8/', 'p': 'modeling', 'newDir': '/refguide8/modeling/xpath/xpath-constraints/xpath-constraint-functions/'}
{'t': 'XPath Tokens', 'i': 'xpath-tokens', 'u': '/refguide8/xpath-tokens', 'd': '/refguide8/', 'p': 'modeling', 'newDir': '/refguide8/modeling/xpath/'}
{'t': 'XPath True', 'i': 'xpath-true', 'u': '/refguide8/xpath-true', 'd': '/refguide8/', 'p': 'modeling', 'newDir': '/refguide8/modeling/xpath/xpath-constraints/xpath-constraint-functions/'}
{'t': 'XPath Week-from-DateTime', 'i': 'xpath-week-from-datetime', 'u': '/refguide8/xpath-week-from-datetime', 'd': '/refguide8/', 'p': 'modeling', 'newDir': '/refguide8/modeling/xpath/xpath-constraints/xpath-constraint-functions/'}
{'t': 'XPath Weekday-from-DateTime', 'i': 'xpath-weekday-from-datetime', 'u': '/refguide8/xpath-weekday-from-datetime', 'd': '/refguide8/', 'p': 'modeling', 'newDir': '/refguide8/modeling/xpath/xpath-constraints/xpath-constraint-functions/'}
{'t': 'XPath Year-from-DateTime', 'i': 'xpath-year-from-datetime', 'u': '/refguide8/xpath-year-from-datetime', 'd': '/refguide8/', 'p': 'modeling', 'newDir': '/refguide8/modeling/xpath/xpath-constraints/xpath-constraint-functions/'}
{'t': 'XPath', 'c': 'App Modeling', 'i': 'xpath', 'u': '/refguide8/xpath', 'd': '/refguide8/', 'mo': 90, 'newDir': '/refguide8/modeling/xpath/', 'indexFlag': 'true', 'p': 'modeling'}
