{'t': 'Action Button', 'i': 'action-button', 'u': '/refguide7/action-button', 'd': '/refguide7/', 'p': 'desktop-modeler', 'newDir': '/refguide7/desktop-modeler/pages/button-widgets/'}
{'t': 'Access Rules', 'i': 'access-rules', 'u': '/refguide7/access-rules', 'd': '/refguide7/', 'p': 'desktop-modeler', 'mo': 70, 'newDir': '/refguide7/desktop-modeler/domain-model/entities/'}
{'t': 'Action Call Activities', 'i': 'action-call-activities', 'u': '/refguide7/action-call-activities', 'd': '/refguide7/', 'p': 'desktop-modeler', 'newDir': '/refguide7/desktop-modeler/application-logic/common-elements/activities/action-call-activities/', 'indexFlag': 'true'}
{'t': 'Actions', 'i': 'actions', 'u': '/refguide7/actions', 'd': '/refguide7/', 'p': 'desktop-modeler', 'newDir': '/refguide7/desktop-modeler/integration/published-app-services/'}
{'t': 'Activities', 'i': 'activities', 'u': '/refguide7/activities', 'd': '/refguide7/', 'p': 'desktop-modeler', 'newDir': '/refguide7/desktop-modeler/application-logic/common-elements/activities/', 'indexFlag': 'true'}
{'t': 'Add date function calls', 'i': 'add-date-function-calls', 'u': '/refguide7/add-date-function-calls', 'd': '/refguide7/', 'p': 'desktop-modeler', 'newDir': '/refguide7/desktop-modeler/application-logic/common-elements/expressions/'}
{'t': 'Add Button', 'i': 'add-button', 'u': '/refguide7/add-button', 'd': '/refguide7/', 'p': 'desktop-modeler', 'newDir': '/refguide7/desktop-modeler/pages/data-widgets/data-grid/control-bar/'}
{'t': 'Administrator', 'i': 'administrator', 'u': '/refguide7/administrator', 'd': '/refguide7/', 'p': 'desktop-modeler', 'newDir': '/refguide7/desktop-modeler/project/project-security/'}
{'t': 'Aggregate List', 'i': 'aggregate-list', 'u': '/refguide7/aggregate-list', 'd': '/refguide7/', 'p': 'desktop-modeler', 'newDir': '/refguide7/desktop-modeler/application-logic/common-elements/activities/list-activities/'}
{'t': 'Annotation Flow', 'i': 'annotation-flow', 'u': '/refguide7/annotation-flow', 'd': '/refguide7/', 'p': 'desktop-modeler', 'newDir': '/refguide7/desktop-modeler/application-logic/common-elements/'}
{'t': 'Annotations', 'i': 'annotations', 'u': '/refguide7/annotations', 'd': '/refguide7/', 'p': 'desktop-modeler', 'newDir': '/refguide7/desktop-modeler/domain-model/'}
{'t': 'Annotation', 'i': 'annotation', 'u': '/refguide7/annotation', 'd': '/refguide7/', 'p': 'desktop-modeler', 'newDir': '/refguide7/desktop-modeler/application-logic/common-elements/'}
{'t': 'Anonymous Users', 'i': 'anonymous-users', 'u': '/refguide7/anonymous-users', 'd': '/refguide7/', 'p': 'desktop-modeler', 'newDir': '/refguide7/desktop-modeler/project/project-security/'}
{'t': 'App Settings Dialog', 'i': 'app-settings-dialog', 'u': '/refguide7/app-settings-dialog', 'd': '/refguide7/', 'p': 'desktop-modeler', 'newDir': '/refguide7/desktop-modeler/dialogs/'}
{'t': 'Application Logic', 'c': 'Desktop Modeler', 'i': 'application-logic', 'u': '/refguide7/application-logic', 'd': '/refguide7/', 'newDir': '/refguide7/desktop-modeler/application-logic/', 'indexFlag': 'true', 'p': 'desktop-modeler'}
{'t': 'Associations & Their Properties', 'i': 'association-properties', 'u': '/refguide7/association-properties', 'd': '/refguide7/', 'p': 'desktop-modeler', 'newDir': '/refguide7/desktop-modeler/domain-model/'}
{'t': 'Association Source', 'i': 'association-source', 'u': '/refguide7/association-source', 'd': '/refguide7/', 'p': 'desktop-modeler', 'newDir': '/refguide7/desktop-modeler/pages/page-concepts/data-sources/'}
{'t': 'Arithmetic expressions', 'i': 'arithmetic-expressions', 'u': '/refguide7/arithmetic-expressions', 'd': '/refguide7/', 'p': 'desktop-modeler', 'newDir': '/refguide7/desktop-modeler/application-logic/common-elements/expressions/'}
{'t': 'Associations', 'i': 'associations', 'u': '/refguide7/associations', 'd': '/refguide7/', 'p': 'desktop-modeler', 'mo': 30, 'newDir': '/refguide7/desktop-modeler/domain-model/entities/'}
{'t': 'Attributes Type Migration', 'i': 'attributes-type-migration', 'u': '/refguide7/attributes-type-migration', 'd': '/refguide7/', 'p': 'runtime', 'mo': 10, 'newDir': '/refguide7/runtime/data-storage/'}
{'t': 'Authentication Widgets', 'i': 'authentication-widgets', 'u': '/refguide7/authentication-widgets', 'd': '/refguide7/', 'p': 'desktop-modeler', 'newDir': '/refguide7/desktop-modeler/pages/authentication-widgets/', 'indexFlag': 'true'}
{'t': 'Attributes', 'i': 'attributes', 'u': '/refguide7/attributes', 'd': '/refguide7/', 'p': 'desktop-modeler', 'mo': 20, 'newDir': '/refguide7/desktop-modeler/domain-model/entities/'}
{'t': 'Close Page Button', 'i': 'back-button', 'u': '/refguide7/back-button', 'd': '/refguide7/', 'p': 'desktop-modeler', 'newDir': '/refguide7/desktop-modeler/pages/button-widgets/'}
{'t': 'Boolean expressions', 'i': 'boolean-expressions', 'u': '/refguide7/boolean-expressions', 'd': '/refguide7/', 'p': 'desktop-modeler', 'newDir': '/refguide7/desktop-modeler/application-logic/common-elements/expressions/'}
{'t': 'Between Date Function Calls', 'i': 'between-date-function-calls', 'u': '/refguide7/between-date-function-calls', 'd': '/refguide7/', 'p': 'desktop-modeler', 'newDir': '/refguide7/desktop-modeler/application-logic/common-elements/expressions/'}
{'t': 'Break Event', 'i': 'break-event', 'u': '/refguide7/break-event', 'd': '/refguide7/', 'p': 'desktop-modeler', 'newDir': '/refguide7/desktop-modeler/application-logic/common-elements/events/'}
{'t': 'Branch Line Manager Dialog', 'i': 'branch-line-manager-dialog', 'u': '/refguide7/branch-line-manager-dialog', 'd': '/refguide7/', 'p': 'desktop-modeler', 'newDir': '/refguide7/desktop-modeler/dialogs/'}
{'t': 'Building Block', 'i': 'building-block', 'u': '/refguide7/building-block', 'd': '/refguide7/', 'p': 'desktop-modeler', 'newDir': '/refguide7/desktop-modeler/pages/'}
{'t': 'Button Widgets', 'i': 'button-widgets', 'u': '/refguide7/button-widgets', 'd': '/refguide7/', 'p': 'desktop-modeler', 'newDir': '/refguide7/desktop-modeler/pages/button-widgets/', 'indexFlag': 'true'}
{'t': 'Call REST Service Action', 'i': 'call-rest-action', 'u': '/refguide7/call-rest-action', 'd': '/refguide7/', 'p': 'desktop-modeler', 'newDir': '/refguide7/desktop-modeler/integration/microflow-activities/'}
{'t': 'Call Web Service', 'i': 'call-web-service', 'u': '/refguide7/call-web-service', 'd': '/refguide7/', 'p': 'desktop-modeler', 'newDir': '/refguide7/desktop-modeler/application-logic/common-elements/activities/integration-activities/'}
{'t': 'Cast Object', 'i': 'cast-object', 'u': '/refguide7/cast-object', 'd': '/refguide7/', 'p': 'desktop-modeler', 'newDir': '/refguide7/desktop-modeler/application-logic/common-elements/activities/object-activities/'}
{'t': 'Call Web Service Action', 'i': 'call-web-service-action', 'u': '/refguide7/call-web-service-action', 'd': '/refguide7/', 'p': 'desktop-modeler', 'newDir': '/refguide7/desktop-modeler/integration/microflow-activities/'}
{'t': 'Cell (Document Template)', 'i': 'cell-document-template', 'u': '/refguide7/cell-document-template', 'd': '/refguide7/', 'p': 'desktop-modeler', 'newDir': '/refguide7/desktop-modeler/document-templates/table-document-template/row-document-template/'}
{'t': 'Change List', 'i': 'change-list', 'u': '/refguide7/change-list', 'd': '/refguide7/', 'p': 'desktop-modeler', 'newDir': '/refguide7/desktop-modeler/application-logic/common-elements/activities/list-activities/'}
{'t': 'Change Object', 'i': 'change-object', 'u': '/refguide7/change-object', 'd': '/refguide7/', 'p': 'desktop-modeler', 'newDir': '/refguide7/desktop-modeler/application-logic/common-elements/activities/object-activities/'}
{'t': 'Chart Widgets', 'i': 'chart-widgets', 'u': '/refguide7/chart-widgets', 'd': '/refguide7/', 'p': 'desktop-modeler', 'newDir': '/refguide7/desktop-modeler/pages/chart-widgets/', 'indexFlag': 'true'}
{'t': 'Change Variable', 'i': 'change-variable', 'u': '/refguide7/change-variable', 'd': '/refguide7/', 'p': 'desktop-modeler', 'newDir': '/refguide7/desktop-modeler/application-logic/common-elements/activities/variable-activities/'}
{'t': 'Chart Advanced Cheat Sheet', 'i': 'charts-advanced-cheat-sheet', 'u': '/refguide7/charts-advanced-cheat-sheet', 'd': '/refguide7/', 'p': 'desktop-modeler', 'mo': 20, 'newDir': '/refguide7/desktop-modeler/pages/chart-widgets/'}
{'t': 'Any Chart Building Blocks', 'i': 'charts-any-building-bocks', 'u': '/refguide7/charts-any-building-bocks', 'd': '/refguide7/', 'p': 'desktop-modeler', 'mo': 40, 'newDir': '/refguide7/desktop-modeler/pages/chart-widgets/'}
{'t': 'Any Chart Cheat Sheet', 'i': 'charts-any-cheat-sheet', 'u': '/refguide7/charts-any-cheat-sheet', 'd': '/refguide7/', 'p': 'desktop-modeler', 'mo': 50, 'newDir': '/refguide7/desktop-modeler/pages/chart-widgets/'}
{'t': 'Chart Configuration', 'i': 'charts-configuration', 'u': '/refguide7/charts-configuration', 'd': '/refguide7/', 'p': 'desktop-modeler', 'mo': 10, 'newDir': '/refguide7/desktop-modeler/pages/chart-widgets/'}
{'t': 'Check Box', 'i': 'check-box', 'u': '/refguide7/check-box', 'd': '/refguide7/', 'p': 'desktop-modeler', 'newDir': '/refguide7/desktop-modeler/pages/input-widgets/'}
{'t': 'Any Chart Widgets', 'i': 'charts-any-configuration', 'u': '/refguide7/charts-any-configuration', 'd': '/refguide7/', 'p': 'desktop-modeler', 'mo': 30, 'newDir': '/refguide7/desktop-modeler/pages/chart-widgets/'}
{'t': 'Client Activities', 'i': 'client-activities', 'u': '/refguide7/client-activities', 'd': '/refguide7/', 'p': 'desktop-modeler', 'newDir': '/refguide7/desktop-modeler/application-logic/common-elements/activities/client-activities/', 'indexFlag': 'true'}
{'t': 'Close Page', 'i': 'close-page', 'u': '/refguide7/close-page', 'd': '/refguide7/', 'p': 'desktop-modeler', 'newDir': '/refguide7/desktop-modeler/application-logic/common-elements/activities/client-activities/'}
{'t': 'Clustered Mendix Runtime', 'c': 'Mendix Runtime', 'i': 'clustered-mendix-runtime', 'u': '/refguide7/clustered-mendix-runtime', 'd': '/refguide7/', 'newDir': '/refguide7/runtime/', 'p': 'runtime'}
{'t': 'Collaborative Development', 'c': 'Version Control', 'i': 'collaborative-development', 'u': '/refguide7/collaborative-development', 'd': '/refguide7/', 'newDir': '/refguide7/version-control/collaborative-development/', 'indexFlag': 'true', 'p': 'version-control'}
{'t': 'Troubleshooting Collaborative Development', 'i': 'collaborative-development-troubleshooting', 'u': '/refguide7/collaborative-development-troubleshooting', 'd': '/refguide7/', 'p': 'version-control', 'newDir': '/refguide7/version-control/collaborative-development/'}
{'t': 'Columns (Document Template)', 'i': 'columns-document-template', 'u': '/refguide7/columns-document-template', 'd': '/refguide7/', 'p': 'desktop-modeler', 'newDir': '/refguide7/desktop-modeler/document-templates/data-grid-document-template/'}
{'t': 'Columns', 'i': 'columns', 'u': '/refguide7/columns', 'd': '/refguide7/', 'p': 'desktop-modeler', 'newDir': '/refguide7/desktop-modeler/pages/data-widgets/data-grid/'}
{'t': 'Commit Dialog', 'i': 'commit-dialog', 'u': '/refguide7/commit-dialog', 'd': '/refguide7/', 'p': 'desktop-modeler', 'newDir': '/refguide7/desktop-modeler/dialogs/'}
{'t': 'Common Elements', 'i': 'common-elements', 'u': '/refguide7/common-elements', 'd': '/refguide7/', 'p': 'desktop-modeler', 'mo': 30, 'newDir': '/refguide7/desktop-modeler/application-logic/common-elements/', 'indexFlag': 'true'}
{'t': 'Commit Object(s)', 'i': 'committing-objects', 'u': '/refguide7/committing-objects', 'd': '/refguide7/', 'p': 'desktop-modeler', 'newDir': '/refguide7/desktop-modeler/application-logic/common-elements/activities/object-activities/'}
{'t': 'Common Widget Properties', 'i': 'common-widget-properties', 'u': '/refguide7/common-widget-properties', 'd': '/refguide7/', 'p': 'desktop-modeler', 'newDir': '/refguide7/desktop-modeler/pages/common-widgets/'}
{'t': 'Common Widgets', 'i': 'common-widgets', 'u': '/refguide7/common-widgets', 'd': '/refguide7/', 'p': 'desktop-modeler', 'newDir': '/refguide7/desktop-modeler/pages/common-widgets/', 'indexFlag': 'true'}
{'t': 'Comparison Search Field', 'i': 'comparison-search-field', 'u': '/refguide7/comparison-search-field', 'd': '/refguide7/', 'p': 'desktop-modeler', 'newDir': '/refguide7/desktop-modeler/pages/data-widgets/data-grid/search-bar/'}
{'t': 'Configuration', 'i': 'configuration', 'u': '/refguide7/configuration', 'd': '/refguide7/', 'p': 'desktop-modeler', 'newDir': '/refguide7/desktop-modeler/project/project-settings/'}
{'t': 'Conditions', 'i': 'conditions', 'u': '/refguide7/conditions', 'd': '/refguide7/', 'p': 'desktop-modeler', 'newDir': '/refguide7/desktop-modeler/pages/page-concepts/'}
{'t': 'Configuring Hybrid Mobile Apps To Run Offline', 'c': 'Mobile Development', 'i': 'configuring-hybrid-mobile-apps-to-run-offline', 'u': '/refguide7/configuring-hybrid-mobile-apps-to-run-offline', 'd': '/refguide7/', 'newDir': '/refguide7/mobile/', 'p': 'mobile'}
{'t': 'Navigation Consistency Errors', 'i': 'consistency-errors-navigation', 'u': '/refguide7/consistency-errors-navigation', 'd': '/refguide7/', 'p': 'desktop-modeler', 'newDir': '/refguide7/desktop-modeler/consistency-errors/'}
{'t': 'Page Editor Consistency Errors', 'i': 'consistency-errors-pages', 'u': '/refguide7/consistency-errors-pages', 'd': '/refguide7/', 'p': 'desktop-modeler', 'newDir': '/refguide7/desktop-modeler/consistency-errors/'}
{'t': 'Constants', 'c': 'Desktop Modeler', 'i': 'constants', 'u': '/refguide7/constants', 'd': '/refguide7/', 'newDir': '/refguide7/desktop-modeler/', 'p': 'desktop-modeler'}
{'t': 'Consistency Errors', 'c': 'Desktop Modeler', 'i': 'consistency-errors', 'u': '/refguide7/consistency-errors', 'd': '/refguide7/', 'newDir': '/refguide7/desktop-modeler/consistency-errors/', 'indexFlag': 'true', 'p': 'desktop-modeler'}
{'t': 'Consumed App Services', 'i': 'consumed-app-services', 'u': '/refguide7/consumed-app-services', 'd': '/refguide7/', 'p': 'desktop-modeler', 'newDir': '/refguide7/desktop-modeler/integration/consumed-app-services/', 'indexFlag': 'true'}
{'t': 'Consumed REST Services', 'i': 'consumed-rest-services', 'u': '/refguide7/consumed-rest-services', 'd': '/refguide7/', 'p': 'desktop-modeler', 'newDir': '/refguide7/desktop-modeler/integration/consumed-rest-services/', 'indexFlag': 'true'}
{'t': 'Consumed Web Service', 'i': 'consumed-web-service', 'u': '/refguide7/consumed-web-service', 'd': '/refguide7/', 'p': 'desktop-modeler', 'newDir': '/refguide7/desktop-modeler/integration/consumed-web-services/'}
{'t': 'Container Widgets', 'i': 'container-widgets', 'u': '/refguide7/container-widgets', 'd': '/refguide7/', 'p': 'desktop-modeler', 'newDir': '/refguide7/desktop-modeler/pages/container-widgets/', 'indexFlag': 'true'}
{'t': 'Consumed Web Services', 'i': 'consumed-web-services', 'u': '/refguide7/consumed-web-services', 'd': '/refguide7/', 'p': 'desktop-modeler', 'newDir': '/refguide7/desktop-modeler/integration/consumed-web-services/', 'indexFlag': 'true'}
{'t': 'Container', 'i': 'container', 'u': '/refguide7/container', 'd': '/refguide7/', 'p': 'desktop-modeler', 'newDir': '/refguide7/desktop-modeler/pages/container-widgets/'}
{'t': 'Continue Event', 'i': 'continue-event', 'u': '/refguide7/continue-event', 'd': '/refguide7/', 'p': 'desktop-modeler', 'newDir': '/refguide7/desktop-modeler/application-logic/common-elements/events/'}
{'t': 'Control Bar', 'i': 'control-bar', 'u': '/refguide7/control-bar', 'd': '/refguide7/', 'p': 'desktop-modeler', 'newDir': '/refguide7/desktop-modeler/pages/data-widgets/data-grid/control-bar/', 'indexFlag': 'true'}
{'t': 'Create Branch Line Dialog', 'i': 'create-branch-line-dialog', 'u': '/refguide7/create-branch-line-dialog', 'd': '/refguide7/', 'p': 'desktop-modeler', 'newDir': '/refguide7/desktop-modeler/dialogs/'}
{'t': 'Create Deployment Package Dialog', 'i': 'create-deployment-package-dialog', 'u': '/refguide7/create-deployment-package-dialog', 'd': '/refguide7/', 'p': 'desktop-modeler', 'newDir': '/refguide7/desktop-modeler/dialogs/'}
{'t': 'CORS Settings for Published REST Services', 'i': 'cors-settings', 'u': '/refguide7/cors-settings', 'd': '/refguide7/', 'p': 'desktop-modeler', 'mo': 60, 'newDir': '/refguide7/desktop-modeler/integration/published-rest-services/published-rest-service/'}
{'t': 'Create List', 'i': 'create-list', 'u': '/refguide7/create-list', 'd': '/refguide7/', 'p': 'desktop-modeler', 'newDir': '/refguide7/desktop-modeler/application-logic/common-elements/activities/list-activities/'}
{'t': 'Create Object', 'i': 'create-object', 'u': '/refguide7/create-object', 'd': '/refguide7/', 'p': 'desktop-modeler', 'newDir': '/refguide7/desktop-modeler/application-logic/common-elements/activities/object-activities/'}
{'t': 'Create Variable', 'i': 'create-variable', 'u': '/refguide7/create-variable', 'd': '/refguide7/', 'p': 'desktop-modeler', 'newDir': '/refguide7/desktop-modeler/application-logic/common-elements/activities/variable-activities/'}
{'t': 'Customizing Hybrid Mobile Apps', 'c': 'Mobile Development', 'i': 'customizing-hybrid-mobile-apps', 'u': '/refguide7/customizing-hybrid-mobile-apps', 'd': '/refguide7/', 'newDir': '/refguide7/mobile/', 'p': 'mobile'}
{'t': 'Runtime Customization', 'c': 'Mendix Runtime', 'i': 'custom-settings', 'u': '/refguide7/custom-settings', 'd': '/refguide7/', 'newDir': '/refguide7/runtime/custom-settings/', 'indexFlag': 'true', 'p': 'runtime'}
{'t': 'Customizing Local Build Packages', 'c': 'Mobile Development', 'i': 'customizing-phonegap-build-packages', 'u': '/refguide7/customizing-phonegap-build-packages', 'd': '/refguide7/', 'newDir': '/refguide7/mobile/', 'p': 'mobile'}
{'t': 'Data Grid (Document Template)', 'i': 'data-grid-document-template', 'u': '/refguide7/data-grid-document-template', 'd': '/refguide7/', 'p': 'desktop-modeler', 'newDir': '/refguide7/desktop-modeler/document-templates/data-grid-document-template/', 'indexFlag': 'true'}
{'t': 'Data grid', 'i': 'data-grid', 'u': '/refguide7/data-grid', 'd': '/refguide7/', 'p': 'desktop-modeler', 'newDir': '/refguide7/desktop-modeler/pages/data-widgets/data-grid/', 'indexFlag': 'true'}
{'t': 'Data Sources', 'i': 'data-sources', 'u': '/refguide7/data-sources', 'd': '/refguide7/', 'p': 'desktop-modeler', 'newDir': '/refguide7/desktop-modeler/pages/page-concepts/data-sources/', 'indexFlag': 'true'}
{'t': 'Datasets', 'c': 'Desktop Modeler', 'i': 'data-sets', 'u': '/refguide7/data-sets', 'd': '/refguide7/', 'newDir': '/refguide7/desktop-modeler/data-sets/', 'indexFlag': 'true', 'p': 'desktop-modeler'}
{'t': 'Data Storage', 'c': 'Mendix Runtime', 'i': 'data-storage', 'u': '/refguide7/data-storage', 'd': '/refguide7/', 'newDir': '/refguide7/runtime/data-storage/', 'indexFlag': 'true', 'p': 'runtime'}
{'t': 'Data Types', 'c': 'Desktop Modeler', 'i': 'data-types', 'u': '/refguide7/data-types', 'd': '/refguide7/', 'newDir': '/refguide7/desktop-modeler/', 'p': 'desktop-modeler'}
{'t': 'Data View (Document Template)', 'i': 'data-view-document-template', 'u': '/refguide7/data-view-document-template', 'd': '/refguide7/', 'p': 'desktop-modeler', 'newDir': '/refguide7/desktop-modeler/document-templates/'}
{'t': 'Data Widgets', 'i': 'data-widgets', 'u': '/refguide7/data-widgets', 'd': '/refguide7/', 'p': 'desktop-modeler', 'newDir': '/refguide7/desktop-modeler/pages/data-widgets/', 'indexFlag': 'true'}
{'t': 'Data view', 'i': 'data-view', 'u': '/refguide7/data-view', 'd': '/refguide7/', 'p': 'desktop-modeler', 'newDir': '/refguide7/desktop-modeler/pages/data-widgets/'}
{'t': 'Database Source', 'i': 'database-source', 'u': '/refguide7/database-source', 'd': '/refguide7/', 'p': 'desktop-modeler', 'newDir': '/refguide7/desktop-modeler/pages/page-concepts/data-sources/'}
{'t': 'Date & Time Handling', 'c': 'Mendix Runtime', 'i': 'date-and-time-handling', 'u': '/refguide7/date-and-time-handling', 'd': '/refguide7/', 'newDir': '/refguide7/runtime/date-and-time-handling/', 'indexFlag': 'true', 'p': 'runtime'}
{'t': 'Date Creation', 'i': 'date-creation', 'u': '/refguide7/date-creation', 'd': '/refguide7/', 'p': 'desktop-modeler', 'newDir': '/refguide7/desktop-modeler/application-logic/common-elements/expressions/'}
{'t': 'Date Picker', 'i': 'date-picker', 'u': '/refguide7/date-picker', 'd': '/refguide7/', 'p': 'desktop-modeler', 'newDir': '/refguide7/desktop-modeler/pages/input-widgets/'}
{'t': 'DateTime Handling FAQ', 'i': 'datetime-handling-faq', 'u': '/refguide7/datetime-handling-faq', 'd': '/refguide7/', 'p': 'runtime', 'newDir': '/refguide7/runtime/date-and-time-handling/'}
{'t': 'DB2', 'i': 'db2', 'u': '/refguide7/db2', 'd': '/refguide7/', 'p': 'runtime', 'mo': 40, 'newDir': '/refguide7/runtime/data-storage/'}
{'t': 'Date Range Field', 'i': 'date-range-field', 'u': '/refguide7/date-range-field', 'd': '/refguide7/', 'p': 'desktop-modeler', 'newDir': '/refguide7/desktop-modeler/pages/report-widgets/'}
{'t': 'Demo Users', 'i': 'demo-users', 'u': '/refguide7/demo-users', 'd': '/refguide7/', 'p': 'desktop-modeler', 'newDir': '/refguide7/desktop-modeler/project/project-security/'}
{'t': 'Delete button', 'i': 'delete-button', 'u': '/refguide7/delete-button', 'd': '/refguide7/', 'p': 'desktop-modeler', 'newDir': '/refguide7/desktop-modeler/pages/data-widgets/data-grid/control-bar/'}
{'t': 'Delete Object(s)', 'i': 'deleting-objects', 'u': '/refguide7/deleting-objects', 'd': '/refguide7/', 'p': 'desktop-modeler', 'newDir': '/refguide7/desktop-modeler/application-logic/common-elements/activities/object-activities/'}
{'t': 'Deploy To The Cloud Dialog', 'i': 'deploy-to-the-cloud-dialog', 'u': '/refguide7/deploy-to-the-cloud-dialog', 'd': '/refguide7/', 'p': 'desktop-modeler', 'newDir': '/refguide7/desktop-modeler/dialogs/'}
{'t': 'Deselect All Button', 'i': 'deselect-all-button', 'u': '/refguide7/deselect-all-button', 'd': '/refguide7/', 'p': 'desktop-modeler', 'newDir': '/refguide7/desktop-modeler/pages/data-widgets/data-grid/control-bar/'}
{'t': 'Desktop Modeler Overview', 'c': 'Desktop Modeler', 'i': 'desktop-modeler-overview', 'u': '/refguide7/desktop-modeler-overview', 'd': '/refguide7/', 'mo': 10, 'newDir': '/refguide7/desktop-modeler/', 'p': 'desktop-modeler'}
{'t': 'Desktop Profile', 'i': 'desktop-profile', 'u': '/refguide7/desktop-profile', 'd': '/refguide7/', 'p': 'desktop-modeler', 'newDir': '/refguide7/desktop-modeler/project/navigation-before-72/'}
{'t': 'Desktop Modeler', 'i': 'desktop-modeler', 'u': '/refguide7/desktop-modeler', 'd': '/refguide7/', 'newDir': '/refguide7/desktop-modeler/', 'indexFlag': 'true'}
{'t': 'Developer Tool Recommendations', 'c': 'General', 'i': 'developer-tools', 'u': '/refguide7/developer-tools', 'd': '/refguide7/', 'mo': 60, 'newDir': '/refguide7/general/', 'p': 'general'}
{'t': 'Dialog Boxes', 'c': 'Desktop Modeler', 'i': 'dialogs', 'u': '/refguide7/dialogs', 'd': '/refguide7/', 'newDir': '/refguide7/desktop-modeler/dialogs/', 'indexFlag': 'true', 'p': 'desktop-modeler'}
{'t': 'Document Generation Activities', 'i': 'document-generation-activities', 'u': '/refguide7/document-generation-activities', 'd': '/refguide7/', 'p': 'desktop-modeler', 'newDir': '/refguide7/desktop-modeler/application-logic/common-elements/activities/document-generation-activities/', 'indexFlag': 'true'}
{'t': 'Developing Hybrid Mobile Apps', 'c': 'Mobile Development', 'i': 'developing-hybrid-mobile-apps', 'u': '/refguide7/developing-hybrid-mobile-apps', 'd': '/refguide7/', 'newDir': '/refguide7/mobile/developing-hybrid-mobile-apps/', 'indexFlag': 'true', 'p': 'mobile'}
{'t': 'Document Template', 'i': 'document-template', 'u': '/refguide7/document-template', 'd': '/refguide7/', 'p': 'desktop-modeler', 'newDir': '/refguide7/desktop-modeler/document-templates/'}
{'t': 'Document Templates', 'c': 'Desktop Modeler', 'i': 'document-templates', 'u': '/refguide7/document-templates', 'd': '/refguide7/', 'newDir': '/refguide7/desktop-modeler/document-templates/', 'indexFlag': 'true', 'p': 'desktop-modeler'}
{'t': 'Domain Model', 'c': 'Desktop Modeler', 'i': 'domain-model', 'u': '/refguide7/domain-model', 'd': '/refguide7/', 'newDir': '/refguide7/desktop-modeler/domain-model/', 'indexFlag': 'true', 'p': 'desktop-modeler'}
{'t': 'Download From Version Control Server Dialog', 'i': 'download-from-version-control-dialog', 'u': '/refguide7/download-from-version-control-dialog', 'd': '/refguide7/', 'p': 'desktop-modeler', 'newDir': '/refguide7/desktop-modeler/dialogs/'}
{'t': 'Download File', 'i': 'download-file', 'u': '/refguide7/download-file', 'd': '/refguide7/', 'p': 'desktop-modeler', 'newDir': '/refguide7/desktop-modeler/application-logic/common-elements/activities/client-activities/'}
{'t': 'Drop-Down Button', 'i': 'drop-down-button', 'u': '/refguide7/drop-down-button', 'd': '/refguide7/', 'p': 'desktop-modeler', 'newDir': '/refguide7/desktop-modeler/pages/button-widgets/'}
{'t': 'Drop-Down Search Field', 'i': 'drop-down-search-field', 'u': '/refguide7/drop-down-search-field', 'd': '/refguide7/', 'p': 'desktop-modeler', 'newDir': '/refguide7/desktop-modeler/pages/data-widgets/data-grid/search-bar/'}
{'t': 'Drop-Down', 'i': 'drop_down', 'u': '/refguide7/drop_down', 'd': '/refguide7/', 'p': 'desktop-modeler', 'newDir': '/refguide7/desktop-modeler/pages/input-widgets/'}
{'t': 'Dynamic Label (Document Template)', 'i': 'dynamic-label-document-template', 'u': '/refguide7/dynamic-label-document-template', 'd': '/refguide7/', 'p': 'desktop-modeler', 'newDir': '/refguide7/desktop-modeler/document-templates/'}
{'t': 'Edit button', 'i': 'edit-button', 'u': '/refguide7/edit-button', 'd': '/refguide7/', 'p': 'desktop-modeler', 'newDir': '/refguide7/desktop-modeler/pages/data-widgets/data-grid/control-bar/'}
{'t': 'Dynamic Image (Document Template)', 'i': 'dynamic-image-document-template', 'u': '/refguide7/dynamic-image-document-template', 'd': '/refguide7/', 'p': 'desktop-modeler', 'newDir': '/refguide7/desktop-modeler/document-templates/'}
{'t': 'Edit Cloud Foundry Settings Dialog', 'i': 'edit-cloud-foundry-settings-dialog', 'u': '/refguide7/edit-cloud-foundry-settings-dialog', 'd': '/refguide7/', 'p': 'desktop-modeler', 'newDir': '/refguide7/desktop-modeler/dialogs/'}
{'t': 'Entities', 'i': 'entities', 'u': '/refguide7/entities', 'd': '/refguide7/', 'p': 'desktop-modeler', 'newDir': '/refguide7/desktop-modeler/domain-model/entities/', 'indexFlag': 'true'}
{'t': 'End Event', 'i': 'end-event', 'u': '/refguide7/end-event', 'd': '/refguide7/', 'p': 'desktop-modeler', 'newDir': '/refguide7/desktop-modeler/application-logic/common-elements/events/'}
{'t': 'Enumeration Values', 'i': 'enumeration-values', 'u': '/refguide7/enumeration-values', 'd': '/refguide7/', 'p': 'desktop-modeler', 'newDir': '/refguide7/desktop-modeler/enumerations/'}
{'t': 'Context Source', 'i': 'entity-path-source', 'u': '/refguide7/entity-path-source', 'd': '/refguide7/', 'p': 'desktop-modeler', 'newDir': '/refguide7/desktop-modeler/pages/page-concepts/data-sources/'}
{'t': 'Enumerations in Expressions', 'i': 'enumerations-in-expressions', 'u': '/refguide7/enumerations-in-expressions', 'd': '/refguide7/', 'p': 'desktop-modeler', 'newDir': '/refguide7/desktop-modeler/application-logic/common-elements/expressions/'}
{'t': 'Enumerations', 'c': 'Desktop Modeler', 'i': 'enumerations', 'u': '/refguide7/enumerations', 'd': '/refguide7/', 'newDir': '/refguide7/desktop-modeler/enumerations/', 'indexFlag': 'true', 'p': 'desktop-modeler'}
{'t': 'Error Event', 'i': 'error-event', 'u': '/refguide7/error-event', 'd': '/refguide7/', 'p': 'desktop-modeler', 'newDir': '/refguide7/desktop-modeler/application-logic/common-elements/events/'}
{'t': 'Event Handlers', 'i': 'event-handlers', 'u': '/refguide7/event-handlers', 'd': '/refguide7/', 'p': 'desktop-modeler', 'mo': 50, 'newDir': '/refguide7/desktop-modeler/domain-model/entities/'}
{'t': 'Events', 'i': 'events', 'u': '/refguide7/events', 'd': '/refguide7/', 'p': 'desktop-modeler', 'newDir': '/refguide7/desktop-modeler/application-logic/common-elements/events/', 'indexFlag': 'true'}
{'t': 'Export Mapping Action', 'i': 'export-mapping-action', 'u': '/refguide7/export-mapping-action', 'd': '/refguide7/', 'p': 'desktop-modeler', 'newDir': '/refguide7/desktop-modeler/integration/microflow-activities/'}
{'t': 'Exclusive Split', 'i': 'exclusive-split', 'u': '/refguide7/exclusive-split', 'd': '/refguide7/', 'p': 'desktop-modeler', 'newDir': '/refguide7/desktop-modeler/application-logic/common-elements/splits/'}
{'t': 'Export Mappings', 'i': 'export-mappings', 'u': '/refguide7/export-mappings', 'd': '/refguide7/', 'p': 'desktop-modeler', 'newDir': '/refguide7/desktop-modeler/integration/mapping-documents/'}
{'t': 'Export an App Package', 'i': 'export-project-package-dialog', 'u': '/refguide7/export-project-package-dialog', 'd': '/refguide7/', 'p': 'desktop-modeler', 'newDir': '/refguide7/desktop-modeler/dialogs/'}
{'t': 'Export to CSV button', 'i': 'export-to-csv-button', 'u': '/refguide7/export-to-csv-button', 'd': '/refguide7/', 'p': 'desktop-modeler', 'newDir': '/refguide7/desktop-modeler/pages/data-widgets/data-grid/control-bar/'}
{'t': 'Export to excel button', 'i': 'export-to-excel-button', 'u': '/refguide7/export-to-excel-button', 'd': '/refguide7/', 'p': 'desktop-modeler', 'newDir': '/refguide7/desktop-modeler/pages/data-widgets/data-grid/control-bar/'}
{'t': 'File manager', 'i': 'file-manager', 'u': '/refguide7/file-manager', 'd': '/refguide7/', 'p': 'desktop-modeler', 'newDir': '/refguide7/desktop-modeler/pages/file-widgets/'}
{'t': 'Expressions', 'i': 'expressions', 'u': '/refguide7/expressions', 'd': '/refguide7/', 'p': 'desktop-modeler', 'newDir': '/refguide7/desktop-modeler/application-logic/common-elements/expressions/', 'indexFlag': 'true'}
{'t': 'File Widgets', 'i': 'file-widgets', 'u': '/refguide7/file-widgets', 'd': '/refguide7/', 'p': 'desktop-modeler', 'newDir': '/refguide7/desktop-modeler/pages/file-widgets/', 'indexFlag': 'true'}
{'t': 'Export XML', 'i': 'export-xml', 'u': '/refguide7/export-xml', 'd': '/refguide7/', 'p': 'desktop-modeler', 'newDir': '/refguide7/desktop-modeler/application-logic/common-elements/activities/integration-activities/'}
{'t': 'Footer (Document Template)', 'i': 'footer-document-template', 'u': '/refguide7/footer-document-template', 'd': '/refguide7/', 'p': 'desktop-modeler', 'newDir': '/refguide7/desktop-modeler/document-templates/'}
{'t': 'General', 'i': 'general', 'u': '/refguide7/general', 'd': '/refguide7/', 'newDir': '/refguide7/general/', 'indexFlag': 'true'}
{'t': 'Generalization & One-to-One Associations', 'i': 'generalization-and-1-1-association', 'u': '/refguide7/generalization-and-1-1-association', 'd': '/refguide7/', 'p': 'desktop-modeler', 'mo': 5, 'newDir': '/refguide7/desktop-modeler/domain-model/entities/'}
{'t': 'Generate Document', 'i': 'generate-document', 'u': '/refguide7/generate-document', 'd': '/refguide7/', 'p': 'desktop-modeler', 'newDir': '/refguide7/desktop-modeler/application-logic/common-elements/activities/document-generation-activities/'}
{'t': 'Generate a Published REST Resource', 'i': 'generate-rest-resource', 'u': '/refguide7/generate-rest-resource', 'd': '/refguide7/', 'p': 'desktop-modeler', 'mo': 20, 'newDir': '/refguide7/desktop-modeler/integration/published-rest-services/'}
{'t': 'Getting the Mendix Mobile App', 'i': 'getting-the-mendix-app', 'u': '/refguide7/getting-the-mendix-app', 'd': '/refguide7/', 'p': 'mobile', 'newDir': '/refguide7/mobile/developing-hybrid-mobile-apps/'}
{'t': 'GitHub-Flavored Markdown', 'i': 'gfm-syntax', 'u': '/refguide7/gfm-syntax', 'd': '/refguide7/', 'p': 'desktop-modeler', 'mo': 70, 'newDir': '/refguide7/desktop-modeler/integration/published-rest-services/published-rest-service/'}
{'t': 'Grid Create Button', 'i': 'grid-new-button', 'u': '/refguide7/grid-new-button', 'd': '/refguide7/', 'p': 'desktop-modeler', 'newDir': '/refguide7/desktop-modeler/pages/data-widgets/data-grid/control-bar/'}
{'t': 'Group box', 'i': 'group-box', 'u': '/refguide7/group-box', 'd': '/refguide7/', 'p': 'desktop-modeler', 'newDir': '/refguide7/desktop-modeler/pages/container-widgets/'}
{'t': 'Grid Action button', 'i': 'grid-action-button', 'u': '/refguide7/grid-action-button', 'd': '/refguide7/', 'p': 'desktop-modeler', 'newDir': '/refguide7/desktop-modeler/pages/data-widgets/data-grid/control-bar/'}
{'t': 'Header (Document Template)', 'i': 'header-document-template', 'u': '/refguide7/header-document-template', 'd': '/refguide7/', 'p': 'desktop-modeler', 'newDir': '/refguide7/desktop-modeler/document-templates/'}
{'t': 'Header', 'i': 'header', 'u': '/refguide7/header', 'd': '/refguide7/', 'p': 'desktop-modeler', 'newDir': '/refguide7/desktop-modeler/pages/layout-widgets/'}
{'t': 'History Dialog', 'i': 'history-dialog', 'u': '/refguide7/history-dialog', 'd': '/refguide7/', 'p': 'desktop-modeler', 'newDir': '/refguide7/desktop-modeler/dialogs/'}
{'t': 'HttpRequest & HttpResponse System Entities', 'i': 'http-request-and-response-entities', 'u': '/refguide7/http-request-and-response-entities', 'd': '/refguide7/', 'p': 'desktop-modeler', 'newDir': '/refguide7/desktop-modeler/integration/'}
{'t': 'Creating Your Own Documents', 'i': 'how-to-create-your-own-documents', 'u': '/refguide7/how-to-create-your-own-documents', 'd': '/refguide7/', 'p': 'desktop-modeler', 'newDir': '/refguide7/desktop-modeler/document-templates/'}
{'t': 'Hybrid Phone Profile', 'i': 'hybrid-phone-profile', 'u': '/refguide7/hybrid-phone-profile', 'd': '/refguide7/', 'p': 'desktop-modeler', 'newDir': '/refguide7/desktop-modeler/project/navigation-before-72/'}
{'t': 'Hybrid Tablet Profile', 'i': 'hybrid-tablet-profile', 'u': '/refguide7/hybrid-tablet-profile', 'd': '/refguide7/', 'p': 'desktop-modeler', 'newDir': '/refguide7/desktop-modeler/project/navigation-before-72/'}
{'t': 'If expressions', 'i': 'if-expressions', 'u': '/refguide7/if-expressions', 'd': '/refguide7/', 'p': 'desktop-modeler', 'newDir': '/refguide7/desktop-modeler/application-logic/common-elements/expressions/'}
{'t': 'Image uploader', 'i': 'image-uploader', 'u': '/refguide7/image-uploader', 'd': '/refguide7/', 'p': 'desktop-modeler', 'newDir': '/refguide7/desktop-modeler/pages/file-widgets/'}
{'t': 'Image Property', 'i': 'image-property', 'u': '/refguide7/image-property', 'd': '/refguide7/', 'p': 'desktop-modeler', 'newDir': '/refguide7/desktop-modeler/pages/button-widgets/'}
{'t': 'Image viewer', 'i': 'image-viewer', 'u': '/refguide7/image-viewer', 'd': '/refguide7/', 'p': 'desktop-modeler', 'newDir': '/refguide7/desktop-modeler/pages/file-widgets/'}
{'t': 'Image', 'i': 'image', 'u': '/refguide7/image', 'd': '/refguide7/', 'p': 'desktop-modeler', 'newDir': '/refguide7/desktop-modeler/pages/common-widgets/'}
{'t': 'Images', 'c': 'Desktop Modeler', 'i': 'images', 'u': '/refguide7/images', 'd': '/refguide7/', 'newDir': '/refguide7/desktop-modeler/', 'p': 'desktop-modeler'}
{'t': 'Import Mappings', 'i': 'import-mappings', 'u': '/refguide7/import-mappings', 'd': '/refguide7/', 'p': 'desktop-modeler', 'newDir': '/refguide7/desktop-modeler/integration/mapping-documents/'}
{'t': 'Import Mapping Action', 'i': 'import-mapping-action', 'u': '/refguide7/import-mapping-action', 'd': '/refguide7/', 'p': 'desktop-modeler', 'newDir': '/refguide7/desktop-modeler/integration/microflow-activities/'}
{'t': 'Import Project Package', 'i': 'import-project-package-dialog', 'u': '/refguide7/import-project-package-dialog', 'd': '/refguide7/', 'p': 'desktop-modeler', 'newDir': '/refguide7/desktop-modeler/dialogs/'}
{'t': 'Import XML', 'i': 'import-xml', 'u': '/refguide7/import-xml', 'd': '/refguide7/', 'p': 'desktop-modeler', 'newDir': '/refguide7/desktop-modeler/application-logic/common-elements/activities/integration-activities/'}
{'t': 'Mendix 7 Reference Guide', 'i': 'index', 'u': '/refguide7/', 'd': '/refguide7/', 'm': True, 'newDir': '/refguide7/', 'indexFlag': 'true'}
{'t': 'Inheritance Split', 'i': 'inheritance-split', 'u': '/refguide7/inheritance-split', 'd': '/refguide7/', 'p': 'desktop-modeler', 'newDir': '/refguide7/desktop-modeler/application-logic/common-elements/splits/'}
{'t': 'Input Reference Set Selector', 'i': 'input-reference-set-selector', 'u': '/refguide7/input-reference-set-selector', 'd': '/refguide7/', 'p': 'desktop-modeler', 'newDir': '/refguide7/desktop-modeler/pages/input-widgets/'}
{'t': 'Indexes', 'i': 'indexes', 'u': '/refguide7/indexes', 'd': '/refguide7/', 'p': 'desktop-modeler', 'mo': 60, 'newDir': '/refguide7/desktop-modeler/domain-model/entities/'}
{'t': 'Input Widgets', 'i': 'input-widgets', 'u': '/refguide7/input-widgets', 'd': '/refguide7/', 'p': 'desktop-modeler', 'newDir': '/refguide7/desktop-modeler/pages/input-widgets/', 'indexFlag': 'true'}
{'t': 'Integration', 'c': 'Desktop Modeler', 'i': 'integration', 'u': '/refguide7/integration', 'd': '/refguide7/', 'newDir': '/refguide7/desktop-modeler/integration/', 'indexFlag': 'true', 'p': 'desktop-modeler'}
{'t': 'Integration Activities', 'i': 'integration-activities', 'u': '/refguide7/integration-activities', 'd': '/refguide7/', 'p': 'desktop-modeler', 'newDir': '/refguide7/desktop-modeler/application-logic/common-elements/activities/integration-activities/', 'indexFlag': 'true'}
{'t': 'Java Action Call', 'i': 'java-action-call', 'u': '/refguide7/java-action-call', 'd': '/refguide7/', 'p': 'desktop-modeler', 'newDir': '/refguide7/desktop-modeler/application-logic/common-elements/activities/action-call-activities/'}
{'t': 'Java Memory Usage', 'i': 'java-memory-usage', 'u': '/refguide7/java-memory-usage', 'd': '/refguide7/', 'p': 'runtime', 'mo': 2, 'newDir': '/refguide7/runtime/runtime-java/'}
{'t': 'Java Programming', 'i': 'java-programming', 'u': '/refguide7/java-programming', 'd': '/refguide7/', 'newDir': '/refguide7/java-programming/', 'indexFlag': 'true'}
{'t': 'Java Actions', 'c': 'Desktop Modeler', 'i': 'java-actions', 'u': '/refguide7/java-actions', 'd': '/refguide7/', 'newDir': '/refguide7/desktop-modeler/', 'p': 'desktop-modeler'}
{'t': 'JSON Structures', 'i': 'json-structures', 'u': '/refguide7/json-structures', 'd': '/refguide7/', 'p': 'desktop-modeler', 'newDir': '/refguide7/desktop-modeler/integration/'}
{'t': 'Label', 'i': 'label', 'u': '/refguide7/label', 'd': '/refguide7/', 'p': 'desktop-modeler', 'newDir': '/refguide7/desktop-modeler/pages/common-widgets/'}
{'t': 'Layout grid', 'i': 'layout-grid', 'u': '/refguide7/layout-grid', 'd': '/refguide7/', 'p': 'desktop-modeler', 'newDir': '/refguide7/desktop-modeler/pages/container-widgets/'}
{'t': 'Layouts', 'i': 'layout', 'u': '/refguide7/layout', 'd': '/refguide7/', 'p': 'desktop-modeler', 'newDir': '/refguide7/desktop-modeler/pages/'}
{'t': 'Line break (Document Template)', 'i': 'line-break-document-template', 'u': '/refguide7/line-break-document-template', 'd': '/refguide7/', 'p': 'desktop-modeler', 'newDir': '/refguide7/desktop-modeler/document-templates/'}
{'t': 'List Activities', 'i': 'list-activities', 'u': '/refguide7/list-activities', 'd': '/refguide7/', 'p': 'desktop-modeler', 'newDir': '/refguide7/desktop-modeler/application-logic/common-elements/activities/list-activities/', 'indexFlag': 'true'}
{'t': 'Layout Widgets', 'i': 'layout-widgets', 'u': '/refguide7/layout-widgets', 'd': '/refguide7/', 'p': 'desktop-modeler', 'newDir': '/refguide7/desktop-modeler/pages/layout-widgets/', 'indexFlag': 'true'}
{'t': 'List Operation', 'i': 'list-operation', 'u': '/refguide7/list-operation', 'd': '/refguide7/', 'p': 'desktop-modeler', 'newDir': '/refguide7/desktop-modeler/application-logic/common-elements/activities/list-activities/'}
{'t': 'List view', 'i': 'list-view', 'u': '/refguide7/list-view', 'd': '/refguide7/', 'p': 'desktop-modeler', 'newDir': '/refguide7/desktop-modeler/pages/data-widgets/'}
{'t': 'Listen To Widget Source', 'i': 'listen-to-grid-source', 'u': '/refguide7/listen-to-grid-source', 'd': '/refguide7/', 'p': 'desktop-modeler', 'newDir': '/refguide7/desktop-modeler/pages/page-concepts/data-sources/'}
{'t': 'Logging Activities', 'i': 'logging-activities', 'u': '/refguide7/logging-activities', 'd': '/refguide7/', 'p': 'desktop-modeler', 'newDir': '/refguide7/desktop-modeler/application-logic/common-elements/activities/logging-activities/', 'indexFlag': 'true'}
{'t': 'Log Message', 'i': 'log-message', 'u': '/refguide7/log-message', 'd': '/refguide7/', 'p': 'desktop-modeler', 'newDir': '/refguide7/desktop-modeler/application-logic/common-elements/activities/logging-activities/'}
{'t': 'Logging', 'c': 'Mendix Runtime', 'i': 'logging', 'u': '/refguide7/logging', 'd': '/refguide7/', 'newDir': '/refguide7/runtime/', 'p': 'runtime'}
{'t': 'Login Behavior', 'c': 'Mendix Runtime', 'i': 'login-behavior', 'u': '/refguide7/login-behavior', 'd': '/refguide7/', 'newDir': '/refguide7/runtime/', 'p': 'runtime'}
{'t': 'Login Id Text Box', 'i': 'login-id-text-box', 'u': '/refguide7/login-id-text-box', 'd': '/refguide7/', 'p': 'desktop-modeler', 'newDir': '/refguide7/desktop-modeler/pages/authentication-widgets/'}
{'t': 'Managing App Signing Keys', 'c': 'Mobile Development', 'i': 'managing-app-signing-keys', 'u': '/refguide7/managing-app-signing-keys', 'd': '/refguide7/', 'newDir': '/refguide7/mobile/', 'p': 'mobile'}
{'t': 'Loop', 'i': 'loop', 'u': '/refguide7/loop', 'd': '/refguide7/', 'p': 'desktop-modeler', 'newDir': '/refguide7/desktop-modeler/application-logic/common-elements/'}
{'t': 'Map Automatically', 'i': 'map-automatically', 'u': '/refguide7/map-automatically', 'd': '/refguide7/', 'p': 'desktop-modeler', 'newDir': '/refguide7/desktop-modeler/integration/mapping-documents/'}
{'t': 'Mapping Documents', 'i': 'mapping-documents', 'u': '/refguide7/mapping-documents', 'd': '/refguide7/', 'p': 'desktop-modeler', 'newDir': '/refguide7/desktop-modeler/integration/mapping-documents/', 'indexFlag': 'true'}
{'t': 'Mathematical function calls', 'i': 'mathematical-function-calls', 'u': '/refguide7/mathematical-function-calls', 'd': '/refguide7/', 'p': 'desktop-modeler', 'newDir': '/refguide7/desktop-modeler/application-logic/common-elements/expressions/'}
{'t': 'Menu Item', 'i': 'menu-item', 'u': '/refguide7/menu-item', 'd': '/refguide7/', 'p': 'desktop-modeler', 'newDir': '/refguide7/desktop-modeler/pages/menu/'}
{'t': 'Menu Bar', 'i': 'menu-bar', 'u': '/refguide7/menu-bar', 'd': '/refguide7/', 'p': 'desktop-modeler', 'newDir': '/refguide7/desktop-modeler/pages/menu-widgets/'}
{'t': 'Menu Widgets', 'i': 'menu-widgets', 'u': '/refguide7/menu-widgets', 'd': '/refguide7/', 'p': 'desktop-modeler', 'newDir': '/refguide7/desktop-modeler/pages/menu-widgets/', 'indexFlag': 'true'}
{'t': 'Menu', 'i': 'menu', 'u': '/refguide7/menu', 'd': '/refguide7/', 'p': 'desktop-modeler', 'newDir': '/refguide7/desktop-modeler/pages/menu/', 'indexFlag': 'true'}
{'t': 'Merge Dialog', 'i': 'merge-dialog', 'u': '/refguide7/merge-dialog', 'd': '/refguide7/', 'p': 'desktop-modeler', 'newDir': '/refguide7/desktop-modeler/dialogs/'}
{'t': 'Merge', 'i': 'merge', 'u': '/refguide7/merge', 'd': '/refguide7/', 'p': 'desktop-modeler', 'newDir': '/refguide7/desktop-modeler/application-logic/common-elements/splits/'}
{'t': 'Message Definition', 'i': 'message-definition', 'u': '/refguide7/message-definition', 'd': '/refguide7/', 'p': 'desktop-modeler', 'newDir': '/refguide7/desktop-modeler/integration/message-definitions/'}
{'t': 'Message Definitions', 'i': 'message-definitions', 'u': '/refguide7/message-definitions', 'd': '/refguide7/', 'p': 'desktop-modeler', 'newDir': '/refguide7/desktop-modeler/integration/message-definitions/', 'indexFlag': 'true'}
{'t': 'Microflow Activities', 'i': 'microflow-activities', 'u': '/refguide7/microflow-activities', 'd': '/refguide7/', 'p': 'desktop-modeler', 'newDir': '/refguide7/desktop-modeler/integration/microflow-activities/', 'indexFlag': 'true'}
{'t': 'Microflow Source', 'i': 'microflow-source', 'u': '/refguide7/microflow-source', 'd': '/refguide7/', 'p': 'desktop-modeler', 'newDir': '/refguide7/desktop-modeler/pages/page-concepts/data-sources/'}
{'t': 'Microflow Element Common Properties', 'i': 'microflow-element-common-properties', 'u': '/refguide7/microflow-element-common-properties', 'd': '/refguide7/', 'p': 'desktop-modeler', 'newDir': '/refguide7/desktop-modeler/application-logic/common-elements/'}
{'t': 'Microflow Call', 'i': 'microflow-call', 'u': '/refguide7/microflow-call', 'd': '/refguide7/', 'p': 'desktop-modeler', 'newDir': '/refguide7/desktop-modeler/application-logic/common-elements/activities/action-call-activities/'}
{'t': 'Microflow Properties', 'i': 'microflow', 'u': '/refguide7/microflow', 'd': '/refguide7/', 'p': 'desktop-modeler', 'newDir': '/refguide7/desktop-modeler/application-logic/microflows/'}
{'t': 'Microflows', 'i': 'microflows', 'u': '/refguide7/microflows', 'd': '/refguide7/', 'p': 'desktop-modeler', 'mo': 10, 'newDir': '/refguide7/desktop-modeler/application-logic/microflows/', 'indexFlag': 'true'}
{'t': 'Mobile Development', 'i': 'mobile', 'u': '/refguide7/mobile', 'd': '/refguide7/', 'newDir': '/refguide7/mobile/', 'indexFlag': 'true'}
{'t': 'Module Security', 'i': 'module-security', 'u': '/refguide7/module-security', 'd': '/refguide7/', 'p': 'desktop-modeler', 'newDir': '/refguide7/desktop-modeler/modules/module-security/', 'indexFlag': 'true'}
{'t': 'Module Role', 'i': 'module-role', 'u': '/refguide7/module-role', 'd': '/refguide7/', 'p': 'desktop-modeler', 'newDir': '/refguide7/desktop-modeler/modules/module-security/'}
{'t': 'Module Status', 'i': 'module-status', 'u': '/refguide7/module-status', 'd': '/refguide7/', 'p': 'desktop-modeler', 'newDir': '/refguide7/desktop-modeler/project/project-security/'}
{'t': 'Modules', 'c': 'Desktop Modeler', 'i': 'modules', 'u': '/refguide7/modules', 'd': '/refguide7/', 'newDir': '/refguide7/desktop-modeler/modules/', 'indexFlag': 'true', 'p': 'desktop-modeler'}
{'t': 'Monitoring client state', 'c': 'Mendix Runtime', 'i': 'monitoring-client-state', 'u': '/refguide7/monitoring-client-state', 'd': '/refguide7/', 'newDir': '/refguide7/runtime/', 'p': 'runtime'}
{'t': 'Moving from Modeler Version 6 to 7', 'c': 'General', 'i': 'moving-from-6-to-7', 'u': '/refguide7/moving-from-6-to-7', 'd': '/refguide7/', 'mo': 20, 'newDir': '/refguide7/general/', 'p': 'general'}
{'t': 'Monitoring Mendix Runtime', 'c': 'Mendix Runtime', 'i': 'monitoring-mendix-runtime', 'u': '/refguide7/monitoring-mendix-runtime', 'd': '/refguide7/', 'newDir': '/refguide7/runtime/', 'p': 'runtime'}
{'t': 'MxBuild', 'c': 'General', 'i': 'mxbuild', 'u': '/refguide7/mxbuild', 'd': '/refguide7/', 'mo': 50, 'newDir': '/refguide7/general/', 'p': 'general'}
{'t': 'MySQL/MariaDB', 'i': 'mysql', 'u': '/refguide7/mysql', 'd': '/refguide7/', 'p': 'runtime', 'mo': 50, 'newDir': '/refguide7/runtime/data-storage/'}
{'t': 'Nanoflow Properties', 'i': 'nanoflow', 'u': '/refguide7/nanoflow', 'd': '/refguide7/', 'p': 'desktop-modeler', 'newDir': '/refguide7/desktop-modeler/application-logic/nanoflows/'}
{'t': 'Navigation Before Mendix Version 7.2', 'i': 'navigation-before-72', 'u': '/refguide7/navigation-before-72', 'd': '/refguide7/', 'p': 'desktop-modeler', 'newDir': '/refguide7/desktop-modeler/project/navigation-before-72/', 'indexFlag': 'true'}
{'t': 'Nanoflows', 'i': 'nanoflows', 'u': '/refguide7/nanoflows', 'd': '/refguide7/', 'p': 'desktop-modeler', 'mo': 20, 'newDir': '/refguide7/desktop-modeler/application-logic/nanoflows/', 'indexFlag': 'true'}
{'t': 'Solving Issues with Navigation Profile Conversion to 7.4', 'i': 'navigation-conversion-to-74', 'u': '/refguide7/navigation-conversion-to-74', 'd': '/refguide7/', 'p': 'desktop-modeler', 'newDir': '/refguide7/desktop-modeler/project/'}
{'t': 'Navigation in Mendix Versions 7.2 & 7.3', 'i': 'navigation-in-72-and-73', 'u': '/refguide7/navigation-in-72-and-73', 'd': '/refguide7/', 'p': 'desktop-modeler', 'newDir': '/refguide7/desktop-modeler/project/navigation-in-72-and-73/', 'indexFlag': 'true'}
{'t': 'Navigation list', 'i': 'navigation-list', 'u': '/refguide7/navigation-list', 'd': '/refguide7/', 'p': 'desktop-modeler', 'newDir': '/refguide7/desktop-modeler/pages/container-widgets/'}
{'t': 'Navigation Profile', 'i': 'navigation-profile', 'u': '/refguide7/navigation-profile', 'd': '/refguide7/', 'p': 'desktop-modeler', 'newDir': '/refguide7/desktop-modeler/project/navigation/'}
{'t': 'Navigation Profile In Mendix Versions 7.2 and 7.3', 'i': 'navigation-profile-in-72-and-73', 'u': '/refguide7/navigation-profile-in-72-and-73', 'd': '/refguide7/', 'p': 'desktop-modeler', 'newDir': '/refguide7/desktop-modeler/project/navigation-in-72-and-73/'}
{'t': 'Navigation Tree', 'i': 'navigation-tree', 'u': '/refguide7/navigation-tree', 'd': '/refguide7/', 'p': 'desktop-modeler', 'newDir': '/refguide7/desktop-modeler/pages/menu-widgets/'}
{'t': 'Navigation in Mendix 7.4 & Above', 'i': 'navigation', 'u': '/refguide7/navigation', 'd': '/refguide7/', 'p': 'desktop-modeler', 'newDir': '/refguide7/desktop-modeler/project/navigation/', 'indexFlag': 'true'}
{'t': 'Create Button', 'i': 'new-button', 'u': '/refguide7/new-button', 'd': '/refguide7/', 'p': 'desktop-modeler', 'newDir': '/refguide7/desktop-modeler/pages/button-widgets/'}
{'t': 'Objects & Caching', 'c': 'Mendix Runtime', 'i': 'objects-and-caching', 'u': '/refguide7/objects-and-caching', 'd': '/refguide7/', 'newDir': '/refguide7/runtime/', 'p': 'runtime'}
{'t': 'Object Activities', 'i': 'object-activities', 'u': '/refguide7/object-activities', 'd': '/refguide7/', 'p': 'desktop-modeler', 'newDir': '/refguide7/desktop-modeler/application-logic/common-elements/activities/object-activities/', 'indexFlag': 'true'}
{'t': 'Numeric formatting', 'i': 'numeric-formatting', 'u': '/refguide7/numeric-formatting', 'd': '/refguide7/', 'p': 'desktop-modeler', 'newDir': '/refguide7/desktop-modeler/integration/consumed-web-services/'}
{'t': 'OData Query Options', 'i': 'odata-query-options', 'u': '/refguide7/odata-query-options', 'd': '/refguide7/', 'p': 'desktop-modeler', 'newDir': '/refguide7/desktop-modeler/integration/published-odata-services/'}
{'t': 'OData Representation', 'i': 'odata-representation', 'u': '/refguide7/odata-representation', 'd': '/refguide7/', 'p': 'desktop-modeler', 'newDir': '/refguide7/desktop-modeler/integration/published-odata-services/'}
{'t': 'Offline Device Profile', 'i': 'offline-device-profile', 'u': '/refguide7/offline-device-profile', 'd': '/refguide7/', 'p': 'desktop-modeler', 'newDir': '/refguide7/desktop-modeler/project/navigation-before-72/'}
{'t': 'Offline', 'c': 'General', 'i': 'offline', 'u': '/refguide7/offline', 'd': '/refguide7/', 'mo': 40, 'newDir': '/refguide7/general/', 'p': 'general'}
{'t': 'On Click Event', 'i': 'on-click-event', 'u': '/refguide7/on-click-event', 'd': '/refguide7/', 'p': 'desktop-modeler', 'newDir': '/refguide7/desktop-modeler/pages/page-concepts/'}
{'t': 'OpenAPI 2.0 Documentation', 'i': 'open-api', 'u': '/refguide7/open-api', 'd': '/refguide7/', 'p': 'desktop-modeler', 'mo': 30, 'newDir': '/refguide7/desktop-modeler/integration/published-rest-services/published-rest-technical-details/'}
{'t': 'Open App Dialog', 'i': 'open-app-dialog', 'u': '/refguide7/open-app-dialog', 'd': '/refguide7/', 'p': 'desktop-modeler', 'newDir': '/refguide7/desktop-modeler/dialogs/'}
{'t': 'Operations', 'i': 'operations', 'u': '/refguide7/operations', 'd': '/refguide7/', 'p': 'desktop-modeler', 'newDir': '/refguide7/desktop-modeler/integration/published-web-services/'}
{'t': 'OQL Aggregation', 'i': 'oql-aggregation', 'u': '/refguide7/oql-aggregation', 'd': '/refguide7/', 'p': 'desktop-modeler', 'newDir': '/refguide7/desktop-modeler/data-sets/oql/oql-expressions/'}
{'t': 'Opening Pages', 'i': 'opening-pages', 'u': '/refguide7/opening-pages', 'd': '/refguide7/', 'p': 'desktop-modeler', 'newDir': '/refguide7/desktop-modeler/pages/page-concepts/'}
{'t': 'OQL Case Expression', 'i': 'oql-case-expression', 'u': '/refguide7/oql-case-expression', 'd': '/refguide7/', 'p': 'desktop-modeler', 'newDir': '/refguide7/desktop-modeler/data-sets/oql/oql-expressions/oql-operators/'}
{'t': 'OQL CAST', 'i': 'oql-cast', 'u': '/refguide7/oql-cast', 'd': '/refguide7/', 'p': 'desktop-modeler', 'newDir': '/refguide7/desktop-modeler/data-sets/oql/oql-expressions/oql-functions/'}
{'t': 'OQL COALESCE', 'i': 'oql-coalesce', 'u': '/refguide7/oql-coalesce', 'd': '/refguide7/', 'p': 'desktop-modeler', 'newDir': '/refguide7/desktop-modeler/data-sets/oql/oql-expressions/oql-functions/'}
{'t': 'OQL DATEPART', 'i': 'oql-datepart', 'u': '/refguide7/oql-datepart', 'd': '/refguide7/', 'p': 'desktop-modeler', 'newDir': '/refguide7/desktop-modeler/data-sets/oql/oql-expressions/oql-functions/'}
{'t': 'OQL DATEDIFF', 'i': 'oql-datediff', 'u': '/refguide7/oql-datediff', 'd': '/refguide7/', 'p': 'desktop-modeler', 'newDir': '/refguide7/desktop-modeler/data-sets/oql/oql-expressions/oql-functions/'}
{'t': 'OQL Expressions', 'i': 'oql-expressions', 'u': '/refguide7/oql-expressions', 'd': '/refguide7/', 'p': 'desktop-modeler', 'newDir': '/refguide7/desktop-modeler/data-sets/oql/oql-expressions/', 'indexFlag': 'true'}
{'t': 'OQL From Clause', 'i': 'oql-from-clause', 'u': '/refguide7/oql-from-clause', 'd': '/refguide7/', 'p': 'desktop-modeler', 'newDir': '/refguide7/desktop-modeler/data-sets/oql/'}
{'t': 'OQL Functions', 'i': 'oql-functions', 'u': '/refguide7/oql-functions', 'd': '/refguide7/', 'p': 'desktop-modeler', 'newDir': '/refguide7/desktop-modeler/data-sets/oql/oql-expressions/oql-functions/', 'indexFlag': 'true'}
{'t': 'OQL LENGTH', 'i': 'oql-length', 'u': '/refguide7/oql-length', 'd': '/refguide7/', 'p': 'desktop-modeler', 'newDir': '/refguide7/desktop-modeler/data-sets/oql/oql-expressions/oql-functions/'}
{'t': 'OQL Group by Clause', 'i': 'oql-group-by-clause', 'u': '/refguide7/oql-group-by-clause', 'd': '/refguide7/', 'p': 'desktop-modeler', 'newDir': '/refguide7/desktop-modeler/data-sets/oql/'}
{'t': 'OQL Limit Clause', 'i': 'oql-limit-clause', 'u': '/refguide7/oql-limit-clause', 'd': '/refguide7/', 'p': 'desktop-modeler', 'newDir': '/refguide7/desktop-modeler/data-sets/oql/'}
{'t': 'OQL Operators', 'i': 'oql-operators', 'u': '/refguide7/oql-operators', 'd': '/refguide7/', 'p': 'desktop-modeler', 'newDir': '/refguide7/desktop-modeler/data-sets/oql/oql-expressions/oql-operators/', 'indexFlag': 'true'}
{'t': 'OQL Order by Clause', 'i': 'oql-order-by-clause', 'u': '/refguide7/oql-order-by-clause', 'd': '/refguide7/', 'p': 'desktop-modeler', 'newDir': '/refguide7/desktop-modeler/data-sets/oql/'}
{'t': 'OQL RANGEBEGIN', 'i': 'oql-rangebegin', 'u': '/refguide7/oql-rangebegin', 'd': '/refguide7/', 'p': 'desktop-modeler', 'newDir': '/refguide7/desktop-modeler/data-sets/oql/oql-expressions/oql-functions/'}
{'t': 'OQL RANGEEND', 'i': 'oql-rangeend', 'u': '/refguide7/oql-rangeend', 'd': '/refguide7/', 'p': 'desktop-modeler', 'newDir': '/refguide7/desktop-modeler/data-sets/oql/oql-expressions/oql-functions/'}
{'t': 'OQL Parameters', 'i': 'oql-parameters', 'u': '/refguide7/oql-parameters', 'd': '/refguide7/', 'p': 'desktop-modeler', 'newDir': '/refguide7/desktop-modeler/data-sets/oql/oql-expressions/'}
{'t': 'OQL ROUND', 'i': 'oql-round', 'u': '/refguide7/oql-round', 'd': '/refguide7/', 'p': 'desktop-modeler', 'newDir': '/refguide7/desktop-modeler/data-sets/oql/oql-expressions/oql-functions/'}
{'t': 'OQL Select Clause', 'i': 'oql-select-clause', 'u': '/refguide7/oql-select-clause', 'd': '/refguide7/', 'p': 'desktop-modeler', 'newDir': '/refguide7/desktop-modeler/data-sets/oql/'}
{'t': 'OQL Where Clause', 'i': 'oql-where-clause', 'u': '/refguide7/oql-where-clause', 'd': '/refguide7/', 'p': 'desktop-modeler', 'newDir': '/refguide7/desktop-modeler/data-sets/oql/'}
{'t': 'OQL', 'i': 'oql', 'u': '/refguide7/oql', 'd': '/refguide7/', 'p': 'desktop-modeler', 'newDir': '/refguide7/desktop-modeler/data-sets/oql/', 'indexFlag': 'true'}
{'t': 'Oracle', 'i': 'oracle', 'u': '/refguide7/oracle', 'd': '/refguide7/', 'p': 'runtime', 'mo': 60, 'newDir': '/refguide7/runtime/data-storage/'}
{'t': 'Packaging Hybrid Mobile Apps', 'c': 'Mobile Development', 'i': 'packaging-hybrid-mobile-apps', 'u': '/refguide7/packaging-hybrid-mobile-apps', 'd': '/refguide7/', 'newDir': '/refguide7/mobile/', 'p': 'mobile'}
{'t': 'Order By Behavior', 'i': 'ordering-behavior', 'u': '/refguide7/ordering-behavior', 'd': '/refguide7/', 'p': 'runtime', 'mo': 20, 'newDir': '/refguide7/runtime/data-storage/'}
{'t': 'Page Concepts', 'i': 'page-concepts', 'u': '/refguide7/page-concepts', 'd': '/refguide7/', 'p': 'desktop-modeler', 'mo': 5, 'newDir': '/refguide7/desktop-modeler/pages/page-concepts/', 'indexFlag': 'true'}
{'t': 'Page Templates', 'i': 'page-templates', 'u': '/refguide7/page-templates', 'd': '/refguide7/', 'p': 'desktop-modeler', 'newDir': '/refguide7/desktop-modeler/pages/'}
{'t': 'Page title', 'i': 'page-title', 'u': '/refguide7/page-title', 'd': '/refguide7/', 'p': 'desktop-modeler', 'newDir': '/refguide7/desktop-modeler/pages/common-widgets/'}
{'t': 'Page Break (Document Template)', 'i': 'page-break-document-template', 'u': '/refguide7/page-break-document-template', 'd': '/refguide7/', 'p': 'desktop-modeler', 'newDir': '/refguide7/desktop-modeler/document-templates/'}
{'t': 'Page', 'i': 'page', 'u': '/refguide7/page', 'd': '/refguide7/', 'p': 'desktop-modeler', 'newDir': '/refguide7/desktop-modeler/pages/'}
{'t': 'Pages', 'c': 'Desktop Modeler', 'i': 'pages', 'u': '/refguide7/pages', 'd': '/refguide7/', 'newDir': '/refguide7/desktop-modeler/pages/', 'indexFlag': 'true', 'p': 'desktop-modeler'}
{'t': 'Parameter', 'i': 'parameter', 'u': '/refguide7/parameter', 'd': '/refguide7/', 'p': 'desktop-modeler', 'newDir': '/refguide7/desktop-modeler/application-logic/common-elements/'}
{'t': 'Parse & Format Date Function Calls', 'i': 'parse-and-format-date-function-calls', 'u': '/refguide7/parse-and-format-date-function-calls', 'd': '/refguide7/', 'p': 'desktop-modeler', 'newDir': '/refguide7/desktop-modeler/application-logic/common-elements/expressions/'}
{'t': 'Parse & Format Float Function Calls', 'i': 'parse-and-format-float-function-calls', 'u': '/refguide7/parse-and-format-float-function-calls', 'd': '/refguide7/', 'p': 'desktop-modeler', 'newDir': '/refguide7/desktop-modeler/application-logic/common-elements/expressions/'}
{'t': 'Parse integer', 'i': 'parse-integer', 'u': '/refguide7/parse-integer', 'd': '/refguide7/', 'p': 'desktop-modeler', 'newDir': '/refguide7/desktop-modeler/application-logic/common-elements/expressions/'}
{'t': 'Password Text Box', 'i': 'password-text-box', 'u': '/refguide7/password-text-box', 'd': '/refguide7/', 'p': 'desktop-modeler', 'newDir': '/refguide7/desktop-modeler/pages/authentication-widgets/'}
{'t': 'Persistability', 'i': 'persistability', 'u': '/refguide7/persistability', 'd': '/refguide7/', 'p': 'desktop-modeler', 'mo': 10, 'newDir': '/refguide7/desktop-modeler/domain-model/entities/'}
{'t': 'Parsing and Formatting Decimal Function Calls', 'i': 'parse-and-format-decimal-function-calls', 'u': '/refguide7/parse-and-format-decimal-function-calls', 'd': '/refguide7/', 'p': 'desktop-modeler', 'newDir': '/refguide7/desktop-modeler/application-logic/common-elements/expressions/'}
{'t': 'Password Policy', 'i': 'password-policy', 'u': '/refguide7/password-policy', 'd': '/refguide7/', 'p': 'desktop-modeler', 'newDir': '/refguide7/desktop-modeler/project/project-security/'}
{'t': 'Phone Profile', 'i': 'phone-profile', 'u': '/refguide7/phone-profile', 'd': '/refguide7/', 'p': 'desktop-modeler', 'newDir': '/refguide7/desktop-modeler/project/navigation-before-72/'}
{'t': 'Placeholder', 'i': 'placeholder', 'u': '/refguide7/placeholder', 'd': '/refguide7/', 'p': 'desktop-modeler', 'newDir': '/refguide7/desktop-modeler/pages/layout-widgets/'}
{'t': 'Project Security', 'i': 'project-security', 'u': '/refguide7/project-security', 'd': '/refguide7/', 'p': 'desktop-modeler', 'newDir': '/refguide7/desktop-modeler/project/project-security/', 'indexFlag': 'true'}
{'t': 'Project Settings', 'i': 'project-settings', 'u': '/refguide7/project-settings', 'd': '/refguide7/', 'p': 'desktop-modeler', 'newDir': '/refguide7/desktop-modeler/project/project-settings/', 'indexFlag': 'true'}
{'t': 'Projects', 'c': 'Desktop Modeler', 'i': 'project', 'u': '/refguide7/project', 'd': '/refguide7/', 'newDir': '/refguide7/desktop-modeler/project/', 'indexFlag': 'true', 'p': 'desktop-modeler'}
{'t': 'Preferences Dialog', 'i': 'preferences-dialog', 'u': '/refguide7/preferences-dialog', 'd': '/refguide7/', 'p': 'desktop-modeler', 'newDir': '/refguide7/desktop-modeler/dialogs/'}
{'t': 'Publish a Microflow as a REST Operation', 'i': 'publish-microflow-as-rest-operation', 'u': '/refguide7/publish-microflow-as-rest-operation', 'd': '/refguide7/', 'p': 'desktop-modeler', 'mo': 30, 'newDir': '/refguide7/desktop-modeler/integration/published-rest-services/'}
{'t': 'Published App Service', 'i': 'published-app-service', 'u': '/refguide7/published-app-service', 'd': '/refguide7/', 'p': 'desktop-modeler', 'newDir': '/refguide7/desktop-modeler/integration/published-app-services/'}
{'t': 'Published App Services', 'i': 'published-app-services', 'u': '/refguide7/published-app-services', 'd': '/refguide7/', 'p': 'desktop-modeler', 'newDir': '/refguide7/desktop-modeler/integration/published-app-services/', 'indexFlag': 'true'}
{'t': 'Custom Authentication Microflow Parameters', 'i': 'published-rest-authentication-parameter', 'u': '/refguide7/published-rest-authentication-parameter', 'd': '/refguide7/', 'p': 'desktop-modeler', 'mo': 40, 'newDir': '/refguide7/desktop-modeler/integration/published-rest-services/published-rest-technical-details/'}
{'t': 'Operation Parameters for Published REST', 'i': 'published-rest-operation-parameter', 'u': '/refguide7/published-rest-operation-parameter', 'd': '/refguide7/', 'p': 'desktop-modeler', 'mo': 20, 'newDir': '/refguide7/desktop-modeler/integration/published-rest-services/published-rest-service/'}
{'t': 'Published OData Services', 'i': 'published-odata-services', 'u': '/refguide7/published-odata-services', 'd': '/refguide7/', 'p': 'desktop-modeler', 'newDir': '/refguide7/desktop-modeler/integration/published-odata-services/', 'indexFlag': 'true'}
{'t': 'Published REST Operation', 'i': 'published-rest-operation', 'u': '/refguide7/published-rest-operation', 'd': '/refguide7/', 'p': 'desktop-modeler', 'mo': 10, 'newDir': '/refguide7/desktop-modeler/integration/published-rest-services/published-rest-service/'}
{'t': 'Published REST Path Parameters', 'i': 'published-rest-path-parameters', 'u': '/refguide7/published-rest-path-parameters', 'd': '/refguide7/', 'p': 'desktop-modeler', 'mo': 30, 'newDir': '/refguide7/desktop-modeler/integration/published-rest-services/published-rest-service/'}
{'t': 'Published OData Resource', 'i': 'published-odata-resource', 'u': '/refguide7/published-odata-resource', 'd': '/refguide7/', 'p': 'desktop-modeler', 'newDir': '/refguide7/desktop-modeler/integration/published-odata-services/'}
{'t': 'Published REST Query Parameters', 'i': 'published-rest-query-parameters', 'u': '/refguide7/published-rest-query-parameters', 'd': '/refguide7/', 'p': 'desktop-modeler', 'mo': 40, 'newDir': '/refguide7/desktop-modeler/integration/published-rest-services/published-rest-service/'}
{'t': 'Published REST Resource', 'i': 'published-rest-resource', 'u': '/refguide7/published-rest-resource', 'd': '/refguide7/', 'p': 'desktop-modeler', 'mo': 50, 'newDir': '/refguide7/desktop-modeler/integration/published-rest-services/published-rest-service/'}
{'t': 'Published REST Request Routing', 'i': 'published-rest-routing', 'u': '/refguide7/published-rest-routing', 'd': '/refguide7/', 'p': 'desktop-modeler', 'mo': 10, 'newDir': '/refguide7/desktop-modeler/integration/published-rest-services/published-rest-technical-details/'}
{'t': 'Published REST Services', 'i': 'published-rest-services', 'u': '/refguide7/published-rest-services', 'd': '/refguide7/', 'p': 'desktop-modeler', 'newDir': '/refguide7/desktop-modeler/integration/published-rest-services/', 'indexFlag': 'true'}
{'t': 'Technical Details of Published REST', 'i': 'published-rest-technical-details', 'u': '/refguide7/published-rest-technical-details', 'd': '/refguide7/', 'p': 'desktop-modeler', 'mo': 40, 'newDir': '/refguide7/desktop-modeler/integration/published-rest-services/published-rest-technical-details/', 'indexFlag': 'true'}
{'t': 'Published REST Service', 'i': 'published-rest-service', 'u': '/refguide7/published-rest-service', 'd': '/refguide7/', 'p': 'desktop-modeler', 'mo': 10, 'newDir': '/refguide7/desktop-modeler/integration/published-rest-services/published-rest-service/', 'indexFlag': 'true'}
{'t': 'Published Web Service', 'i': 'published-web-service', 'u': '/refguide7/published-web-service', 'd': '/refguide7/', 'p': 'desktop-modeler', 'newDir': '/refguide7/desktop-modeler/integration/published-web-services/'}
{'t': 'JSON Schema for Published REST Operation', 'i': 'published-rest-service-json-schema', 'u': '/refguide7/published-rest-service-json-schema', 'd': '/refguide7/', 'p': 'desktop-modeler', 'mo': 20, 'newDir': '/refguide7/desktop-modeler/integration/published-rest-services/published-rest-technical-details/'}
{'t': 'Published Web Services', 'i': 'published-web-services', 'u': '/refguide7/published-web-services', 'd': '/refguide7/', 'p': 'desktop-modeler', 'newDir': '/refguide7/desktop-modeler/integration/published-web-services/', 'indexFlag': 'true'}
{'t': 'Radio Buttons', 'i': 'radio-buttons', 'u': '/refguide7/radio-buttons', 'd': '/refguide7/', 'p': 'desktop-modeler', 'newDir': '/refguide7/desktop-modeler/pages/input-widgets/'}
{'t': 'Range Search Field', 'i': 'range-search-field', 'u': '/refguide7/range-search-field', 'd': '/refguide7/', 'p': 'desktop-modeler', 'newDir': '/refguide7/desktop-modeler/pages/data-widgets/data-grid/search-bar/'}
{'t': 'Reference Set Selector', 'i': 'reference-set-selector', 'u': '/refguide7/reference-set-selector', 'd': '/refguide7/', 'p': 'desktop-modeler', 'newDir': '/refguide7/desktop-modeler/pages/input-widgets/'}
{'t': 'Reference Selector', 'i': 'reference-selector', 'u': '/refguide7/reference-selector', 'd': '/refguide7/', 'p': 'desktop-modeler', 'newDir': '/refguide7/desktop-modeler/pages/input-widgets/'}
{'t': 'Relational expressions', 'i': 'relational-expressions', 'u': '/refguide7/relational-expressions', 'd': '/refguide7/', 'p': 'desktop-modeler', 'newDir': '/refguide7/desktop-modeler/application-logic/common-elements/expressions/'}
{'t': 'Remove button', 'i': 'remove-button', 'u': '/refguide7/remove-button', 'd': '/refguide7/', 'p': 'desktop-modeler', 'newDir': '/refguide7/desktop-modeler/pages/data-widgets/data-grid/control-bar/'}
{'t': 'Regular Expressions', 'c': 'Desktop Modeler', 'i': 'regular-expressions', 'u': '/refguide7/regular-expressions', 'd': '/refguide7/', 'newDir': '/refguide7/desktop-modeler/', 'p': 'desktop-modeler'}
{'t': 'Report Button', 'i': 'report-button', 'u': '/refguide7/report-button', 'd': '/refguide7/', 'p': 'desktop-modeler', 'newDir': '/refguide7/desktop-modeler/pages/report-widgets/'}
{'t': 'Report Chart', 'i': 'report-chart', 'u': '/refguide7/report-chart', 'd': '/refguide7/', 'p': 'desktop-modeler', 'newDir': '/refguide7/desktop-modeler/pages/report-widgets/'}
{'t': 'Report Date Parameter', 'i': 'report-date-parameter', 'u': '/refguide7/report-date-parameter', 'd': '/refguide7/', 'p': 'desktop-modeler', 'newDir': '/refguide7/desktop-modeler/pages/report-widgets/'}
{'t': 'Report Parameter', 'i': 'report-parameter', 'u': '/refguide7/report-parameter', 'd': '/refguide7/', 'p': 'desktop-modeler', 'newDir': '/refguide7/desktop-modeler/pages/report-widgets/'}
{'t': 'Report Grid', 'i': 'report-grid', 'u': '/refguide7/report-grid', 'd': '/refguide7/', 'p': 'desktop-modeler', 'newDir': '/refguide7/desktop-modeler/pages/report-widgets/'}
{'t': 'Report Widgets', 'i': 'report-widgets', 'u': '/refguide7/report-widgets', 'd': '/refguide7/', 'p': 'desktop-modeler', 'newDir': '/refguide7/desktop-modeler/pages/report-widgets/', 'indexFlag': 'true'}
{'t': 'Retrieve', 'i': 'retrieve', 'u': '/refguide7/retrieve', 'd': '/refguide7/', 'p': 'desktop-modeler', 'newDir': '/refguide7/desktop-modeler/application-logic/common-elements/activities/object-activities/'}
{'t': 'Rollback Object', 'i': 'rollback-object', 'u': '/refguide7/rollback-object', 'd': '/refguide7/', 'p': 'desktop-modeler', 'newDir': '/refguide7/desktop-modeler/application-logic/common-elements/activities/object-activities/'}
{'t': 'Rules', 'i': 'rules', 'u': '/refguide7/rules', 'd': '/refguide7/', 'p': 'desktop-modeler', 'mo': 25, 'newDir': '/refguide7/desktop-modeler/application-logic/'}
{'t': 'Row (Document Template)', 'i': 'row-document-template', 'u': '/refguide7/row-document-template', 'd': '/refguide7/', 'p': 'desktop-modeler', 'newDir': '/refguide7/desktop-modeler/document-templates/table-document-template/row-document-template/', 'indexFlag': 'true'}
{'t': 'Common Runtime & Java Errors', 'i': 'runtime-java-errors', 'u': '/refguide7/runtime-java-errors', 'd': '/refguide7/', 'p': 'runtime', 'mo': 3, 'newDir': '/refguide7/runtime/runtime-java/'}
{'t': 'Mendix Runtime & Java', 'c': 'Mendix Runtime', 'i': 'runtime-java', 'u': '/refguide7/runtime-java', 'd': '/refguide7/', 'newDir': '/refguide7/runtime/runtime-java/', 'indexFlag': 'true', 'p': 'runtime'}
{'t': 'Mendix Runtime', 'i': 'runtime', 'u': '/refguide7/runtime', 'd': '/refguide7/', 'newDir': '/refguide7/runtime/', 'indexFlag': 'true'}
{'t': 'Scheduled Events', 'c': 'Desktop Modeler', 'i': 'scheduled-events', 'u': '/refguide7/scheduled-events', 'd': '/refguide7/', 'newDir': '/refguide7/desktop-modeler/', 'p': 'desktop-modeler'}
{'t': 'SAP HANA', 'i': 'saphana', 'u': '/refguide7/saphana', 'd': '/refguide7/', 'p': 'runtime', 'mo': 70, 'newDir': '/refguide7/runtime/data-storage/'}
{'t': 'Scroll Container Region', 'i': 'scroll-container-region', 'u': '/refguide7/scroll-container-region', 'd': '/refguide7/', 'p': 'desktop-modeler', 'newDir': '/refguide7/desktop-modeler/pages/container-widgets/scroll-container/'}
{'t': 'Scroll Container', 'i': 'scroll-container', 'u': '/refguide7/scroll-container', 'd': '/refguide7/', 'p': 'desktop-modeler', 'newDir': '/refguide7/desktop-modeler/pages/container-widgets/scroll-container/', 'indexFlag': 'true'}
{'t': 'Search Bar', 'i': 'search-bar', 'u': '/refguide7/search-bar', 'd': '/refguide7/', 'p': 'desktop-modeler', 'newDir': '/refguide7/desktop-modeler/pages/data-widgets/data-grid/search-bar/', 'indexFlag': 'true'}
{'t': 'Security', 'c': 'Desktop Modeler', 'i': 'security', 'u': '/refguide7/security', 'd': '/refguide7/', 'newDir': '/refguide7/desktop-modeler/', 'p': 'desktop-modeler'}
{'t': 'Select Elements', 'i': 'select--elements', 'u': '/refguide7/select--elements', 'd': '/refguide7/', 'p': 'desktop-modeler', 'newDir': '/refguide7/desktop-modeler/integration/mapping-documents/'}
{'t': 'Select All Button', 'i': 'select-all-button', 'u': '/refguide7/select-all-button', 'd': '/refguide7/', 'p': 'desktop-modeler', 'newDir': '/refguide7/desktop-modeler/pages/data-widgets/data-grid/control-bar/'}
{'t': 'Search button', 'i': 'search-button', 'u': '/refguide7/search-button', 'd': '/refguide7/', 'p': 'desktop-modeler', 'newDir': '/refguide7/desktop-modeler/pages/data-widgets/data-grid/control-bar/'}
{'t': 'Select app service', 'i': 'select-app-service', 'u': '/refguide7/select-app-service', 'd': '/refguide7/', 'p': 'desktop-modeler', 'newDir': '/refguide7/desktop-modeler/integration/consumed-app-services/'}
{'t': 'Select button', 'i': 'select-button', 'u': '/refguide7/select-button', 'd': '/refguide7/', 'p': 'desktop-modeler', 'newDir': '/refguide7/desktop-modeler/pages/data-widgets/data-grid/control-bar/'}
{'t': 'Sequence Flow', 'i': 'sequence-flow', 'u': '/refguide7/sequence-flow', 'd': '/refguide7/', 'p': 'desktop-modeler', 'newDir': '/refguide7/desktop-modeler/application-logic/common-elements/'}
{'t': 'Show Home Page', 'i': 'show-home-page', 'u': '/refguide7/show-home-page', 'd': '/refguide7/', 'p': 'desktop-modeler', 'newDir': '/refguide7/desktop-modeler/application-logic/common-elements/activities/client-activities/'}
{'t': 'Show Message', 'i': 'show-message', 'u': '/refguide7/show-message', 'd': '/refguide7/', 'p': 'desktop-modeler', 'newDir': '/refguide7/desktop-modeler/application-logic/common-elements/activities/client-activities/'}
{'t': 'Show Page', 'i': 'show-page', 'u': '/refguide7/show-page', 'd': '/refguide7/', 'p': 'desktop-modeler', 'newDir': '/refguide7/desktop-modeler/application-logic/common-elements/activities/client-activities/'}
{'t': 'Settings', 'i': 'settings', 'u': '/refguide7/settings', 'd': '/refguide7/', 'p': 'desktop-modeler', 'newDir': '/refguide7/desktop-modeler/integration/consumed-app-services/'}
{'t': 'Sidebar toggle button', 'i': 'sidebar-toggle-button', 'u': '/refguide7/sidebar-toggle-button', 'd': '/refguide7/', 'p': 'desktop-modeler', 'newDir': '/refguide7/desktop-modeler/pages/layout-widgets/'}
{'t': 'SIGMendix Performance Subjects', 'c': 'Mendix Runtime', 'i': 'sig-mendix-performance-subjects-explanation', 'u': '/refguide7/sig-mendix-performance-subjects-explanation', 'd': '/refguide7/', 'newDir': '/refguide7/runtime/', 'p': 'runtime'}
{'t': 'Sign In Button', 'i': 'sign-in-button', 'u': '/refguide7/sign-in-button', 'd': '/refguide7/', 'p': 'desktop-modeler', 'newDir': '/refguide7/desktop-modeler/pages/authentication-widgets/'}
{'t': 'Snippet Call', 'i': 'snippet-call', 'u': '/refguide7/snippet-call', 'd': '/refguide7/', 'p': 'desktop-modeler', 'newDir': '/refguide7/desktop-modeler/pages/common-widgets/'}
{'t': 'Simple Menu Bar', 'i': 'simple-menu-bar', 'u': '/refguide7/simple-menu-bar', 'd': '/refguide7/', 'p': 'desktop-modeler', 'newDir': '/refguide7/desktop-modeler/pages/menu-widgets/'}
{'t': 'Sign In Dialog', 'i': 'sign-in-dialog', 'u': '/refguide7/sign-in-dialog', 'd': '/refguide7/', 'p': 'desktop-modeler', 'newDir': '/refguide7/desktop-modeler/dialogs/'}
{'t': 'Snippet', 'i': 'snippet', 'u': '/refguide7/snippet', 'd': '/refguide7/', 'p': 'desktop-modeler', 'newDir': '/refguide7/desktop-modeler/pages/'}
{'t': 'Sort Bar', 'i': 'sort-bar', 'u': '/refguide7/sort-bar', 'd': '/refguide7/', 'p': 'desktop-modeler', 'newDir': '/refguide7/desktop-modeler/pages/data-widgets/data-grid/'}
{'t': 'Special checks', 'i': 'special-checks', 'u': '/refguide7/special-checks', 'd': '/refguide7/', 'p': 'desktop-modeler', 'newDir': '/refguide7/desktop-modeler/application-logic/common-elements/expressions/'}
{'t': 'Start Event', 'i': 'start-event', 'u': '/refguide7/start-event', 'd': '/refguide7/', 'p': 'desktop-modeler', 'newDir': '/refguide7/desktop-modeler/application-logic/common-elements/events/'}
{'t': 'Starting Microflows', 'i': 'starting-microflows', 'u': '/refguide7/starting-microflows', 'd': '/refguide7/', 'p': 'desktop-modeler', 'newDir': '/refguide7/desktop-modeler/pages/page-concepts/'}
{'t': 'Splits', 'i': 'splits', 'u': '/refguide7/splits', 'd': '/refguide7/', 'p': 'desktop-modeler', 'newDir': '/refguide7/desktop-modeler/application-logic/common-elements/splits/', 'indexFlag': 'true'}
{'t': 'Static Image (Document Template)', 'i': 'static-image-document-template', 'u': '/refguide7/static-image-document-template', 'd': '/refguide7/', 'p': 'desktop-modeler', 'newDir': '/refguide7/desktop-modeler/document-templates/'}
{'t': 'Static Label (Document Template)', 'i': 'static-label-document-template', 'u': '/refguide7/static-label-document-template', 'd': '/refguide7/', 'p': 'desktop-modeler', 'newDir': '/refguide7/desktop-modeler/document-templates/'}
{'t': 'String Function Calls', 'i': 'string-function-calls', 'u': '/refguide7/string-function-calls', 'd': '/refguide7/', 'p': 'desktop-modeler', 'newDir': '/refguide7/desktop-modeler/application-logic/common-elements/expressions/'}
{'t': 'System Requirements', 'c': 'General', 'i': 'system-requirements', 'u': '/refguide7/system-requirements', 'd': '/refguide7/', 'mo': 10, 'newDir': '/refguide7/general/', 'p': 'general'}
{'t': 'System Texts', 'i': 'system-texts', 'u': '/refguide7/system-texts', 'd': '/refguide7/', 'p': 'desktop-modeler', 'newDir': '/refguide7/desktop-modeler/project/'}
{'t': 'Style', 'i': 'style', 'u': '/refguide7/style', 'd': '/refguide7/', 'p': 'desktop-modeler', 'newDir': '/refguide7/desktop-modeler/document-templates/'}
{'t': 'Tab container', 'i': 'tab-container', 'u': '/refguide7/tab-container', 'd': '/refguide7/', 'p': 'desktop-modeler', 'newDir': '/refguide7/desktop-modeler/pages/container-widgets/tab-container/', 'indexFlag': 'true'}
{'t': 'Tab page', 'i': 'tab-page', 'u': '/refguide7/tab-page', 'd': '/refguide7/', 'p': 'desktop-modeler', 'newDir': '/refguide7/desktop-modeler/pages/container-widgets/tab-container/'}
{'t': 'Table cell', 'i': 'table-cell', 'u': '/refguide7/table-cell', 'd': '/refguide7/', 'p': 'desktop-modeler', 'newDir': '/refguide7/desktop-modeler/pages/container-widgets/table/'}
{'t': 'Table row', 'i': 'table-row', 'u': '/refguide7/table-row', 'd': '/refguide7/', 'p': 'desktop-modeler', 'newDir': '/refguide7/desktop-modeler/pages/container-widgets/table/'}
{'t': 'Table (Document Template)', 'i': 'table-document-template', 'u': '/refguide7/table-document-template', 'd': '/refguide7/', 'p': 'desktop-modeler', 'newDir': '/refguide7/desktop-modeler/document-templates/table-document-template/', 'indexFlag': 'true'}
{'t': 'Table', 'i': 'table', 'u': '/refguide7/table', 'd': '/refguide7/', 'p': 'desktop-modeler', 'newDir': '/refguide7/desktop-modeler/pages/container-widgets/table/', 'indexFlag': 'true'}
{'t': 'Tablet Profile', 'i': 'tablet-profile', 'u': '/refguide7/tablet-profile', 'd': '/refguide7/', 'p': 'desktop-modeler', 'newDir': '/refguide7/desktop-modeler/project/navigation-before-72/'}
{'t': 'Team Server FAQ', 'i': 'team-server-faq', 'u': '/refguide7/team-server-faq', 'd': '/refguide7/', 'p': 'version-control', 'newDir': '/refguide7/version-control/team-server/'}
{'t': 'Template Grid', 'i': 'template-grid', 'u': '/refguide7/template-grid', 'd': '/refguide7/', 'p': 'desktop-modeler', 'newDir': '/refguide7/desktop-modeler/pages/data-widgets/'}
{'t': 'Template Grid (Document Template)', 'i': 'template-grid-document-template', 'u': '/refguide7/template-grid-document-template', 'd': '/refguide7/', 'p': 'desktop-modeler', 'newDir': '/refguide7/desktop-modeler/document-templates/'}
{'t': 'Team Server', 'c': 'Version Control', 'i': 'team-server', 'u': '/refguide7/team-server', 'd': '/refguide7/', 'mo': 20, 'newDir': '/refguide7/version-control/team-server/', 'indexFlag': 'true', 'p': 'version-control'}
{'t': 'Text Area', 'i': 'text-area', 'u': '/refguide7/text-area', 'd': '/refguide7/', 'p': 'desktop-modeler', 'newDir': '/refguide7/desktop-modeler/pages/input-widgets/'}
{'t': 'Text Box', 'i': 'text-box', 'u': '/refguide7/text-box', 'd': '/refguide7/', 'p': 'desktop-modeler', 'newDir': '/refguide7/desktop-modeler/pages/input-widgets/'}
{'t': 'Text', 'i': 'text', 'u': '/refguide7/text', 'd': '/refguide7/', 'p': 'desktop-modeler', 'newDir': '/refguide7/desktop-modeler/pages/common-widgets/'}
{'t': 'Title (Document Template)', 'i': 'title-document-template', 'u': '/refguide7/title-document-template', 'd': '/refguide7/', 'p': 'desktop-modeler', 'newDir': '/refguide7/desktop-modeler/document-templates/'}
{'t': 'Third-Party Licenses', 'c': 'General', 'i': 'third-party-licenses', 'u': '/refguide7/third-party-licenses', 'd': '/refguide7/', 'mo': 70, 'newDir': '/refguide7/general/', 'p': 'general'}
{'t': 'To float', 'i': 'to-float', 'u': '/refguide7/to-float', 'd': '/refguide7/', 'p': 'desktop-modeler', 'newDir': '/refguide7/desktop-modeler/application-logic/common-elements/expressions/'}
{'t': 'To string', 'i': 'to-string', 'u': '/refguide7/to-string', 'd': '/refguide7/', 'p': 'desktop-modeler', 'newDir': '/refguide7/desktop-modeler/application-logic/common-elements/expressions/'}
{'t': 'Transient Objects & Garbage Collecting', 'i': 'transient-objects-garbage-collecting', 'u': '/refguide7/transient-objects-garbage-collecting', 'd': '/refguide7/', 'p': 'runtime', 'mo': 1, 'newDir': '/refguide7/runtime/runtime-java/'}
{'t': 'Translatable Texts', 'c': 'Desktop Modeler', 'i': 'translatable-texts', 'u': '/refguide7/translatable-texts', 'd': '/refguide7/', 'newDir': '/refguide7/desktop-modeler/', 'p': 'desktop-modeler'}
{'t': 'Advanced Custom Settings in Mendix Runtime', 'i': 'tricky-custom-runtime-settings', 'u': '/refguide7/tricky-custom-runtime-settings', 'd': '/refguide7/', 'p': 'runtime', 'newDir': '/refguide7/runtime/custom-settings/'}
{'t': 'Trim to Date', 'i': 'trim-to-date', 'u': '/refguide7/trim-to-date', 'd': '/refguide7/', 'p': 'desktop-modeler', 'newDir': '/refguide7/desktop-modeler/application-logic/common-elements/expressions/'}
{'t': 'Troubleshooting', 'c': 'Java Programming', 'i': 'troubleshooting', 'u': '/refguide7/troubleshooting', 'd': '/refguide7/', 'newDir': '/refguide7/java-programming/', 'p': 'java-programming'}
{'t': 'Unary expressions', 'i': 'unary-expressions', 'u': '/refguide7/unary-expressions', 'd': '/refguide7/', 'p': 'desktop-modeler', 'newDir': '/refguide7/desktop-modeler/application-logic/common-elements/expressions/'}
{'t': 'Uniqueness Constraint Migration', 'i': 'uniqueness-constraint-migration', 'u': '/refguide7/uniqueness-constraint-migration', 'd': '/refguide7/', 'p': 'runtime', 'mo': 30, 'newDir': '/refguide7/runtime/data-storage/'}
{'t': 'Upload To Version Control Server', 'i': 'upload-to-version-control-dialog', 'u': '/refguide7/upload-to-version-control-dialog', 'd': '/refguide7/', 'p': 'desktop-modeler', 'newDir': '/refguide7/desktop-modeler/dialogs/'}
{'t': 'UI Resources Package', 'c': 'Desktop Modeler', 'i': 'ui-resources-package', 'u': '/refguide7/ui-resources-package', 'd': '/refguide7/', 'newDir': '/refguide7/desktop-modeler/', 'p': 'desktop-modeler'}
{'t': 'User Roles', 'i': 'user-roles', 'u': '/refguide7/user-roles', 'd': '/refguide7/', 'p': 'desktop-modeler', 'newDir': '/refguide7/desktop-modeler/project/project-security/'}
{'t': 'Using a Proxy to Call a REST Service', 'i': 'using-a-proxy-to-call-a-rest-service', 'u': '/refguide7/using-a-proxy-to-call-a-rest-service', 'd': '/refguide7/', 'p': 'desktop-modeler', 'newDir': '/refguide7/desktop-modeler/integration/consumed-rest-services/'}
{'t': 'Using a proxy to call a webservice', 'i': 'using-a-proxy-to-call-a-webservice', 'u': '/refguide7/using-a-proxy-to-call-a-webservice', 'd': '/refguide7/', 'p': 'desktop-modeler', 'newDir': '/refguide7/desktop-modeler/integration/consumed-web-services/'}
{'t': 'Using Eclipse', 'c': 'Java Programming', 'i': 'using-eclipse', 'u': '/refguide7/using-eclipse', 'd': '/refguide7/', 'newDir': '/refguide7/java-programming/', 'p': 'java-programming'}
{'t': 'Using Version Control in the Desktop Modeler', 'c': 'Version Control', 'i': 'using-version-control-in-the-dm', 'u': '/refguide7/using-version-control-in-the-dm', 'd': '/refguide7/', 'mo': 10, 'newDir': '/refguide7/version-control/', 'p': 'version-control'}
{'t': 'Validation Feedback', 'i': 'validation-feedback', 'u': '/refguide7/validation-feedback', 'd': '/refguide7/', 'p': 'desktop-modeler', 'newDir': '/refguide7/desktop-modeler/application-logic/common-elements/activities/client-activities/'}
{'t': 'Validation Message', 'i': 'validation-message', 'u': '/refguide7/validation-message', 'd': '/refguide7/', 'p': 'desktop-modeler', 'newDir': '/refguide7/desktop-modeler/pages/authentication-widgets/'}
{'t': 'Variable Activities', 'i': 'variable-activities', 'u': '/refguide7/variable-activities', 'd': '/refguide7/', 'p': 'desktop-modeler', 'newDir': '/refguide7/desktop-modeler/application-logic/common-elements/activities/variable-activities/', 'indexFlag': 'true'}
{'t': 'Version Control', 'i': 'version-control', 'u': '/refguide7/version-control', 'd': '/refguide7/', 'newDir': '/refguide7/version-control/', 'indexFlag': 'true'}
{'t': 'Validation Rules', 'i': 'validation-rules', 'u': '/refguide7/validation-rules', 'd': '/refguide7/', 'p': 'desktop-modeler', 'mo': 40, 'newDir': '/refguide7/desktop-modeler/domain-model/entities/'}
{'t': 'XML Inheritance and Choice', 'i': 'xml-inheritance-and-choice', 'u': '/refguide7/xml-inheritance-and-choice', 'd': '/refguide7/', 'p': 'desktop-modeler', 'newDir': '/refguide7/desktop-modeler/integration/mapping-documents/'}
{'t': 'XML Schema Support', 'i': 'xml-schema-support', 'u': '/refguide7/xml-schema-support', 'd': '/refguide7/', 'p': 'desktop-modeler', 'newDir': '/refguide7/desktop-modeler/integration/xml-schemas/'}
{'t': 'XML Schemas', 'i': 'xml-schemas', 'u': '/refguide7/xml-schemas', 'd': '/refguide7/', 'p': 'desktop-modeler', 'newDir': '/refguide7/desktop-modeler/integration/xml-schemas/', 'indexFlag': 'true'}
{'t': 'XPath Constraint Functions', 'i': 'xpath-constraint-functions', 'u': '/refguide7/xpath-constraint-functions', 'd': '/refguide7/', 'p': 'desktop-modeler', 'newDir': '/refguide7/desktop-modeler/xpath/xpath-constraints/xpath-constraint-functions/', 'indexFlag': 'true'}
{'t': 'XPath avg', 'i': 'xpath-avg', 'u': '/refguide7/xpath-avg', 'd': '/refguide7/', 'p': 'desktop-modeler', 'newDir': '/refguide7/desktop-modeler/xpath/xpath-query-functions/'}
{'t': 'XPath Constraints', 'i': 'xpath-constraints', 'u': '/refguide7/xpath-constraints', 'd': '/refguide7/', 'p': 'desktop-modeler', 'newDir': '/refguide7/desktop-modeler/xpath/xpath-constraints/', 'indexFlag': 'true'}
{'t': 'XPath contains', 'i': 'xpath-contains', 'u': '/refguide7/xpath-contains', 'd': '/refguide7/', 'p': 'desktop-modeler', 'newDir': '/refguide7/desktop-modeler/xpath/xpath-constraints/xpath-constraint-functions/'}
{'t': 'XPath count', 'i': 'xpath-count', 'u': '/refguide7/xpath-count', 'd': '/refguide7/', 'p': 'desktop-modeler', 'newDir': '/refguide7/desktop-modeler/xpath/xpath-query-functions/'}
{'t': 'XPath day-of-year-from-dateTime', 'i': 'xpath-day-of-year-from-datetime', 'u': '/refguide7/xpath-day-of-year-from-datetime', 'd': '/refguide7/', 'p': 'desktop-modeler', 'newDir': '/refguide7/desktop-modeler/xpath/xpath-constraints/xpath-constraint-functions/'}
{'t': 'XPath day-from-dateTime', 'i': 'xpath-day-from-datetime', 'u': '/refguide7/xpath-day-from-datetime', 'd': '/refguide7/', 'p': 'desktop-modeler', 'newDir': '/refguide7/desktop-modeler/xpath/xpath-constraints/xpath-constraint-functions/'}
{'t': 'XPath ends-with', 'i': 'xpath-ends-with', 'u': '/refguide7/xpath-ends-with', 'd': '/refguide7/', 'p': 'desktop-modeler', 'newDir': '/refguide7/desktop-modeler/xpath/xpath-constraints/xpath-constraint-functions/'}
{'t': 'XPath Expressions', 'i': 'xpath-expressions', 'u': '/refguide7/xpath-expressions', 'd': '/refguide7/', 'p': 'desktop-modeler', 'newDir': '/refguide7/desktop-modeler/xpath/xpath-constraints/'}
{'t': 'XPath false', 'i': 'xpath-false', 'u': '/refguide7/xpath-false', 'd': '/refguide7/', 'p': 'desktop-modeler', 'newDir': '/refguide7/desktop-modeler/xpath/xpath-constraints/xpath-constraint-functions/'}
{'t': 'XPath id', 'i': 'xpath-id', 'u': '/refguide7/xpath-id', 'd': '/refguide7/', 'p': 'desktop-modeler', 'newDir': '/refguide7/desktop-modeler/xpath/xpath-query-functions/'}
{'t': 'XPath Keywords and System Variables', 'i': 'xpath-keywords-and-system-variables', 'u': '/refguide7/xpath-keywords-and-system-variables', 'd': '/refguide7/', 'p': 'desktop-modeler', 'newDir': '/refguide7/desktop-modeler/xpath/xpath-constraints/'}
{'t': 'XPath hours-from-dateTime', 'i': 'xpath-hours-from-datetime', 'u': '/refguide7/xpath-hours-from-datetime', 'd': '/refguide7/', 'p': 'desktop-modeler', 'newDir': '/refguide7/desktop-modeler/xpath/xpath-constraints/xpath-constraint-functions/'}
{'t': 'XPath length', 'i': 'xpath-length', 'u': '/refguide7/xpath-length', 'd': '/refguide7/', 'p': 'desktop-modeler', 'newDir': '/refguide7/desktop-modeler/xpath/xpath-constraints/xpath-constraint-functions/'}
{'t': 'XPath max', 'i': 'xpath-max', 'u': '/refguide7/xpath-max', 'd': '/refguide7/', 'p': 'desktop-modeler', 'newDir': '/refguide7/desktop-modeler/xpath/xpath-query-functions/'}
{'t': 'XPath min', 'i': 'xpath-min', 'u': '/refguide7/xpath-min', 'd': '/refguide7/', 'p': 'desktop-modeler', 'newDir': '/refguide7/desktop-modeler/xpath/xpath-query-functions/'}
{'t': 'XPath month-from-dateTime', 'i': 'xpath-month-from-datetime', 'u': '/refguide7/xpath-month-from-datetime', 'd': '/refguide7/', 'p': 'desktop-modeler', 'newDir': '/refguide7/desktop-modeler/xpath/xpath-constraints/xpath-constraint-functions/'}
{'t': 'XPath minutes-from-dateTime', 'i': 'xpath-minutes-from-datetime', 'u': '/refguide7/xpath-minutes-from-datetime', 'd': '/refguide7/', 'p': 'desktop-modeler', 'newDir': '/refguide7/desktop-modeler/xpath/xpath-constraints/xpath-constraint-functions/'}
{'t': 'XPath not', 'i': 'xpath-not', 'u': '/refguide7/xpath-not', 'd': '/refguide7/', 'p': 'desktop-modeler', 'newDir': '/refguide7/desktop-modeler/xpath/xpath-constraints/xpath-constraint-functions/'}
{'t': 'XPath Operators', 'i': 'xpath-operators', 'u': '/refguide7/xpath-operators', 'd': '/refguide7/', 'p': 'desktop-modeler', 'newDir': '/refguide7/desktop-modeler/xpath/xpath-constraints/'}
{'t': 'XPath quarter-from-dateTime', 'i': 'xpath-quarter-from-datetime', 'u': '/refguide7/xpath-quarter-from-datetime', 'd': '/refguide7/', 'p': 'desktop-modeler', 'newDir': '/refguide7/desktop-modeler/xpath/xpath-constraints/xpath-constraint-functions/'}
{'t': 'XPath seconds-from-dateTime', 'i': 'xpath-seconds-from-datetime', 'u': '/refguide7/xpath-seconds-from-datetime', 'd': '/refguide7/', 'p': 'desktop-modeler', 'newDir': '/refguide7/desktop-modeler/xpath/xpath-constraints/xpath-constraint-functions/'}
{'t': 'XPath Source', 'i': 'xpath-source', 'u': '/refguide7/xpath-source', 'd': '/refguide7/', 'p': 'desktop-modeler', 'newDir': '/refguide7/desktop-modeler/pages/page-concepts/data-sources/'}
{'t': 'XPath Query Functions', 'i': 'xpath-query-functions', 'u': '/refguide7/xpath-query-functions', 'd': '/refguide7/', 'p': 'desktop-modeler', 'newDir': '/refguide7/desktop-modeler/xpath/xpath-query-functions/', 'indexFlag': 'true'}
{'t': 'XPath starts-with', 'i': 'xpath-starts-with', 'u': '/refguide7/xpath-starts-with', 'd': '/refguide7/', 'p': 'desktop-modeler', 'newDir': '/refguide7/desktop-modeler/xpath/xpath-constraints/xpath-constraint-functions/'}
{'t': 'XPath string-length', 'i': 'xpath-string-length', 'u': '/refguide7/xpath-string-length', 'd': '/refguide7/', 'p': 'desktop-modeler', 'newDir': '/refguide7/desktop-modeler/xpath/xpath-constraints/xpath-constraint-functions/'}
{'t': 'XPath sum', 'i': 'xpath-sum', 'u': '/refguide7/xpath-sum', 'd': '/refguide7/', 'p': 'desktop-modeler', 'newDir': '/refguide7/desktop-modeler/xpath/xpath-query-functions/'}
{'t': 'XPath Tokens', 'i': 'xpath-tokens', 'u': '/refguide7/xpath-tokens', 'd': '/refguide7/', 'p': 'desktop-modeler', 'newDir': '/refguide7/desktop-modeler/xpath/'}
{'t': 'XPath true', 'i': 'xpath-true', 'u': '/refguide7/xpath-true', 'd': '/refguide7/', 'p': 'desktop-modeler', 'newDir': '/refguide7/desktop-modeler/xpath/xpath-constraints/xpath-constraint-functions/'}
{'t': 'XPath week-from-dateTime', 'i': 'xpath-week-from-datetime', 'u': '/refguide7/xpath-week-from-datetime', 'd': '/refguide7/', 'p': 'desktop-modeler', 'newDir': '/refguide7/desktop-modeler/xpath/xpath-constraints/xpath-constraint-functions/'}
{'t': 'XPath weekday-from-dateTime', 'i': 'xpath-weekday-from-datetime', 'u': '/refguide7/xpath-weekday-from-datetime', 'd': '/refguide7/', 'p': 'desktop-modeler', 'newDir': '/refguide7/desktop-modeler/xpath/xpath-constraints/xpath-constraint-functions/'}
{'t': 'XPath', 'c': 'Desktop Modeler', 'i': 'xpath', 'u': '/refguide7/xpath', 'd': '/refguide7/', 'newDir': '/refguide7/desktop-modeler/xpath/', 'indexFlag': 'true', 'p': 'desktop-modeler'}
{'t': 'XPath year-from-dateTime', 'i': 'xpath-year-from-datetime', 'u': '/refguide7/xpath-year-from-datetime', 'd': '/refguide7/', 'p': 'desktop-modeler', 'newDir': '/refguide7/desktop-modeler/xpath/xpath-constraints/xpath-constraint-functions/'}
