{'t': 'Release Notes', 'i': 'index', 'u': '/releasenotes/', 'd': '/releasenotes/', 'm': True, 'newDir': '/releasenotes/', 'indexFlag': 'true'}
{'t': 'Marketplace', 'i': 'index', 'u': '/releasenotes/app-store/', 'd': '/releasenotes/app-store/', 'newDir': '/releasenotes/app-store/', 'indexFlag': 'true'}
{'t': 'Beta Releases', 'i': 'index', 'u': '/releasenotes/beta-features/', 'd': '/releasenotes/beta-features/', 'newDir': '/releasenotes/beta-features/', 'indexFlag': 'true'}
{'t': 'Data Hub', 'i': 'index', 'u': '/releasenotes/data-hub/', 'd': '/releasenotes/data-hub/', 'newDir': '/releasenotes/data-hub/', 'indexFlag': 'true'}
{'t': 'Hybrid App Base & Template', 'c': 'Mobile', 'i': 'hybrid-app', 'u': '/releasenotes/mobile/hybrid-app', 'd': '/releasenotes/mobile/', 'mo': 30, 'newDir': '/releasenotes/mobile//', 'p': 'mobile/'}
{'t': 'Mobile', 'i': 'index', 'u': '/releasenotes/mobile/', 'd': '/releasenotes/mobile/', 'newDir': '/releasenotes/mobile/', 'indexFlag': 'true'}
{'t': 'Make It Native 9 App', 'i': 'make-it-native-9', 'u': '/releasenotes/mobile/make-it-native-9', 'd': '/releasenotes/mobile/', 'p': 'mobile/', 'mo': 9, 'newDir': '/releasenotes/mobile//make-it-native-parent/'}
{'t': 'Make It Native 8 App', 'i': 'make-it-native-app', 'u': '/releasenotes/mobile/make-it-native-app', 'd': '/releasenotes/mobile/', 'p': 'mobile/', 'mo': 10, 'newDir': '/releasenotes/mobile//make-it-native-parent/'}
{'t': 'Make It Native Apps', 'c': 'Mobile', 'i': 'make-it-native-parent', 'u': '/releasenotes/mobile/make-it-native-parent', 'd': '/releasenotes/mobile/', 'mo': 8, 'newDir': '/releasenotes/mobile//make-it-native-parent/', 'indexFlag': 'true', 'p': 'mobile/'}
{'t': 'Mendix Mobile App', 'c': 'Mobile', 'i': 'mendix-mobile-app', 'u': '/releasenotes/mobile/mendix-mobile-app', 'd': '/releasenotes/mobile/', 'mo': 20, 'newDir': '/releasenotes/mobile//', 'p': 'mobile/'}
{'t': 'Mendix Native Mobile Builder', 'c': 'Mobile', 'i': 'mendix-native-mobile-builder', 'u': '/releasenotes/mobile/mendix-native-mobile-builder', 'd': '/releasenotes/mobile/', 'mo': 11, 'newDir': '/releasenotes/mobile//', 'p': 'mobile/'}
{'t': 'Native Builder', 'c': 'Mobile', 'i': 'native-builder', 'u': '/releasenotes/mobile/native-builder', 'd': '/releasenotes/mobile/', 'mo': 11, 'newDir': '/releasenotes/mobile//', 'p': 'mobile/'}
{'t': 'Native Template', 'c': 'Mobile', 'i': 'native-template', 'u': '/releasenotes/mobile/native-template', 'd': '/releasenotes/mobile/', 'mo': 12, 'newDir': '/releasenotes/mobile//native-template/', 'indexFlag': 'true', 'p': 'mobile/'}
{'t': 'Native Template 5.1', 'i': 'nt-5.1-rn', 'u': '/releasenotes/mobile/nt-5.1-rn', 'd': '/releasenotes/mobile/', 'p': 'mobile/', 'mo': 20, 'newDir': '/releasenotes/mobile//native-template/nt-studio-pro-8-parent/'}
{'t': 'Native Template 5.0', 'i': 'nt-5.0-rn', 'u': '/releasenotes/mobile/nt-5.0-rn', 'd': '/releasenotes/mobile/', 'p': 'mobile/', 'mo': 30, 'newDir': '/releasenotes/mobile//native-template/nt-studio-pro-8-parent/'}
{'t': 'Native Template 6', 'i': 'nt-6-rn', 'u': '/releasenotes/mobile/nt-6-rn', 'd': '/releasenotes/mobile/', 'p': 'mobile/', 'mo': 10, 'newDir': '/releasenotes/mobile//native-template/nt-studio-pro-9-parent/'}
{'t': 'Native Template 5.2', 'i': 'nt-5.2-rn', 'u': '/releasenotes/mobile/nt-5.2-rn', 'd': '/releasenotes/mobile/', 'p': 'mobile/', 'mo': 10, 'newDir': '/releasenotes/mobile//native-template/nt-studio-pro-8-parent/'}
{'t': 'Studio Pro 8-Compatible', 'i': 'nt-studio-pro-8-parent', 'u': '/releasenotes/mobile/nt-studio-pro-8-parent', 'd': '/releasenotes/mobile/', 'p': 'mobile/', 'mo': 20, 'newDir': '/releasenotes/mobile//native-template/nt-studio-pro-8-parent/', 'indexFlag': 'true'}
{'t': 'Studio Pro 9-Compatible', 'i': 'nt-studio-pro-9-parent', 'u': '/releasenotes/mobile/nt-studio-pro-9-parent', 'd': '/releasenotes/mobile/', 'p': 'mobile/', 'mo': 10, 'newDir': '/releasenotes/mobile//native-template/nt-studio-pro-9-parent/', 'indexFlag': 'true'}
{'t': 'Security Advisories', 'i': 'index', 'u': '/releasenotes/security-advisories/', 'd': '/releasenotes/security-advisories/', 'newDir': '/releasenotes/security-advisories/', 'indexFlag': 'true'}
{'t': 'SDKs', 'i': 'index', 'u': '/releasenotes/sdk/', 'd': '/releasenotes/sdk/', 'newDir': '/releasenotes/sdk/', 'indexFlag': 'true'}
{'t': '8.1', 'i': 'metamodel-8.1', 'u': '/releasenotes/sdk/metamodel-8.1', 'd': '/releasenotes/sdk/', 'p': 'sdk/', 'newDir': '/releasenotes/sdk//metamodel/metamodel-8/'}
{'t': '8.11', 'i': 'metamodel-8.11', 'u': '/releasenotes/sdk/metamodel-8.11', 'd': '/releasenotes/sdk/', 'p': 'sdk/', 'newDir': '/releasenotes/sdk//metamodel/metamodel-8/'}
{'t': '8.10', 'i': 'metamodel-8.10', 'u': '/releasenotes/sdk/metamodel-8.10', 'd': '/releasenotes/sdk/', 'p': 'sdk/', 'newDir': '/releasenotes/sdk//metamodel/metamodel-8/'}
{'t': '8.12', 'i': 'metamodel-8.12', 'u': '/releasenotes/sdk/metamodel-8.12', 'd': '/releasenotes/sdk/', 'p': 'sdk/', 'newDir': '/releasenotes/sdk//metamodel/metamodel-8/'}
{'t': '8.14', 'i': 'metamodel-8.14', 'u': '/releasenotes/sdk/metamodel-8.14', 'd': '/releasenotes/sdk/', 'p': 'sdk/', 'newDir': '/releasenotes/sdk//metamodel/metamodel-8/'}
{'t': '8.13', 'i': 'metamodel-8.13', 'u': '/releasenotes/sdk/metamodel-8.13', 'd': '/releasenotes/sdk/', 'p': 'sdk/', 'newDir': '/releasenotes/sdk//metamodel/metamodel-8/'}
{'t': '8.15', 'i': 'metamodel-8.15', 'u': '/releasenotes/sdk/metamodel-8.15', 'd': '/releasenotes/sdk/', 'p': 'sdk/', 'newDir': '/releasenotes/sdk//metamodel/metamodel-8/'}
{'t': '8.16', 'i': 'metamodel-8.16', 'u': '/releasenotes/sdk/metamodel-8.16', 'd': '/releasenotes/sdk/', 'p': 'sdk/', 'newDir': '/releasenotes/sdk//metamodel/metamodel-8/'}
{'t': '8.18', 'i': 'metamodel-8.18', 'u': '/releasenotes/sdk/metamodel-8.18', 'd': '/releasenotes/sdk/', 'p': 'sdk/', 'newDir': '/releasenotes/sdk//metamodel/metamodel-8/'}
{'t': '8.2', 'i': 'metamodel-8.2', 'u': '/releasenotes/sdk/metamodel-8.2', 'd': '/releasenotes/sdk/', 'p': 'sdk/', 'newDir': '/releasenotes/sdk//metamodel/metamodel-8/'}
{'t': '8.3', 'i': 'metamodel-8.3', 'u': '/releasenotes/sdk/metamodel-8.3', 'd': '/releasenotes/sdk/', 'p': 'sdk/', 'newDir': '/releasenotes/sdk//metamodel/metamodel-8/'}
{'t': '8.5', 'i': 'metamodel-8.5', 'u': '/releasenotes/sdk/metamodel-8.5', 'd': '/releasenotes/sdk/', 'p': 'sdk/', 'newDir': '/releasenotes/sdk//metamodel/metamodel-8/'}
{'t': '8.4', 'i': 'metamodel-8.4', 'u': '/releasenotes/sdk/metamodel-8.4', 'd': '/releasenotes/sdk/', 'p': 'sdk/', 'newDir': '/releasenotes/sdk//metamodel/metamodel-8/'}
{'t': '8.6', 'i': 'metamodel-8.6', 'u': '/releasenotes/sdk/metamodel-8.6', 'd': '/releasenotes/sdk/', 'p': 'sdk/', 'newDir': '/releasenotes/sdk//metamodel/metamodel-8/'}
{'t': '8.7', 'i': 'metamodel-8.7', 'u': '/releasenotes/sdk/metamodel-8.7', 'd': '/releasenotes/sdk/', 'p': 'sdk/', 'newDir': '/releasenotes/sdk//metamodel/metamodel-8/'}
{'t': '8.8', 'i': 'metamodel-8.8', 'u': '/releasenotes/sdk/metamodel-8.8', 'd': '/releasenotes/sdk/', 'p': 'sdk/', 'newDir': '/releasenotes/sdk//metamodel/metamodel-8/'}
{'t': '8.9', 'i': 'metamodel-8.9', 'u': '/releasenotes/sdk/metamodel-8.9', 'd': '/releasenotes/sdk/', 'p': 'sdk/', 'newDir': '/releasenotes/sdk//metamodel/metamodel-8/'}
{'t': '9.1', 'i': 'metamodel-9.1', 'u': '/releasenotes/sdk/metamodel-9.1', 'd': '/releasenotes/sdk/', 'p': 'sdk/', 'newDir': '/releasenotes/sdk//metamodel/metamodel-9/'}
{'t': '8', 'i': 'metamodel-8', 'u': '/releasenotes/sdk/metamodel-8', 'd': '/releasenotes/sdk/', 'p': 'sdk/', 'mo': 2, 'newDir': '/releasenotes/sdk//metamodel/metamodel-8/', 'indexFlag': 'true'}
{'t': '9.0', 'i': 'metamodel-9.0', 'u': '/releasenotes/sdk/metamodel-9.0', 'd': '/releasenotes/sdk/', 'p': 'sdk/', 'newDir': '/releasenotes/sdk//metamodel/metamodel-9/'}
{'t': '9.10', 'i': 'metamodel-9.10', 'u': '/releasenotes/sdk/metamodel-9.10', 'd': '/releasenotes/sdk/', 'p': 'sdk/', 'newDir': '/releasenotes/sdk//metamodel/metamodel-9/'}
{'t': '9.11', 'i': 'metamodel-9.11', 'u': '/releasenotes/sdk/metamodel-9.11', 'd': '/releasenotes/sdk/', 'p': 'sdk/', 'newDir': '/releasenotes/sdk//metamodel/metamodel-9/'}
{'t': '9.2', 'i': 'metamodel-9.2', 'u': '/releasenotes/sdk/metamodel-9.2', 'd': '/releasenotes/sdk/', 'p': 'sdk/', 'newDir': '/releasenotes/sdk//metamodel/metamodel-9/'}
{'t': '9.3', 'i': 'metamodel-9.3', 'u': '/releasenotes/sdk/metamodel-9.3', 'd': '/releasenotes/sdk/', 'p': 'sdk/', 'newDir': '/releasenotes/sdk//metamodel/metamodel-9/'}
{'t': '9.4', 'i': 'metamodel-9.4', 'u': '/releasenotes/sdk/metamodel-9.4', 'd': '/releasenotes/sdk/', 'p': 'sdk/', 'newDir': '/releasenotes/sdk//metamodel/metamodel-9/'}
{'t': '9.5', 'i': 'metamodel-9.5', 'u': '/releasenotes/sdk/metamodel-9.5', 'd': '/releasenotes/sdk/', 'p': 'sdk/', 'newDir': '/releasenotes/sdk//metamodel/metamodel-9/'}
{'t': '9.6', 'i': 'metamodel-9.6', 'u': '/releasenotes/sdk/metamodel-9.6', 'd': '/releasenotes/sdk/', 'p': 'sdk/', 'newDir': '/releasenotes/sdk//metamodel/metamodel-9/'}
{'t': '9.7', 'i': 'metamodel-9.7', 'u': '/releasenotes/sdk/metamodel-9.7', 'd': '/releasenotes/sdk/', 'p': 'sdk/', 'newDir': '/releasenotes/sdk//metamodel/metamodel-9/'}
{'t': '9.8', 'i': 'metamodel-9.8', 'u': '/releasenotes/sdk/metamodel-9.8', 'd': '/releasenotes/sdk/', 'p': 'sdk/', 'newDir': '/releasenotes/sdk//metamodel/metamodel-9/'}
{'t': '9.9', 'i': 'metamodel-9.9', 'u': '/releasenotes/sdk/metamodel-9.9', 'd': '/releasenotes/sdk/', 'p': 'sdk/', 'newDir': '/releasenotes/sdk//metamodel/metamodel-9/'}
{'t': '9', 'i': 'metamodel-9', 'u': '/releasenotes/sdk/metamodel-9', 'd': '/releasenotes/sdk/', 'p': 'sdk/', 'mo': 1, 'newDir': '/releasenotes/sdk//metamodel/metamodel-9/', 'indexFlag': 'true'}
{'t': 'Metamodel', 'c': 'SDKs', 'i': 'metamodel', 'u': '/releasenotes/sdk/metamodel', 'd': '/releasenotes/sdk/', 'mo': 3, 'newDir': '/releasenotes/sdk//metamodel/', 'indexFlag': 'true', 'p': 'sdk/'}
{'t': '1', 'i': 'model-sdk-1', 'u': '/releasenotes/sdk/model-sdk-1', 'd': '/releasenotes/sdk/', 'p': 'sdk/', 'newDir': '/releasenotes/sdk//model-sdk/'}
{'t': '2', 'i': 'model-sdk-2', 'u': '/releasenotes/sdk/model-sdk-2', 'd': '/releasenotes/sdk/', 'p': 'sdk/', 'newDir': '/releasenotes/sdk//model-sdk/'}
{'t': 'Model SDK', 'c': 'SDKs', 'i': 'model-sdk', 'u': '/releasenotes/sdk/model-sdk', 'd': '/releasenotes/sdk/', 'mo': 1, 'newDir': '/releasenotes/sdk//model-sdk/', 'indexFlag': 'true', 'p': 'sdk/'}
{'t': 'Platform SDK', 'c': 'SDKs', 'i': 'platform-sdk', 'u': '/releasenotes/sdk/platform-sdk', 'd': '/releasenotes/sdk/', 'mo': 2, 'newDir': '/releasenotes/sdk//', 'p': 'sdk/'}
{'t': '3', 'i': 'model-sdk-3', 'u': '/releasenotes/sdk/model-sdk-3', 'd': '/releasenotes/sdk/', 'p': 'sdk/', 'newDir': '/releasenotes/sdk//model-sdk/'}
{'t': '4', 'i': 'model-sdk-4', 'u': '/releasenotes/sdk/model-sdk-4', 'd': '/releasenotes/sdk/', 'p': 'sdk/', 'newDir': '/releasenotes/sdk//model-sdk/'}
{'t': 'Developer Portal', 'i': 'index', 'u': '/releasenotes/developer-portal/', 'd': '/releasenotes/developer-portal/', 'newDir': '/releasenotes/developer-portal/', 'indexFlag': 'true'}
{'t': 'Mendix Cloud', 'c': 'Deployment', 'i': 'mendix-cloud', 'u': '/releasenotes/developer-portal/mendix-cloud', 'd': '/releasenotes/developer-portal/', 'mo': 10, 'newDir': '/releasenotes/deployment/', 'p': 'deployment'}
{'t': 'Deployment', 'i': 'deployment', 'u': '/releasenotes/developer-portal/deployment', 'd': '/releasenotes/developer-portal/', 'newDir': '/releasenotes/deployment/', 'indexFlag': 'true'}
{'t': 'Mendix for Private Cloud', 'c': 'Deployment', 'i': 'mendix-for-private-cloud', 'u': '/releasenotes/developer-portal/mendix-for-private-cloud', 'd': '/releasenotes/developer-portal/', 'mo': 20, 'newDir': '/releasenotes/deployment/', 'p': 'deployment'}
{'t': 'Other Deployment Options', 'c': 'Deployment', 'i': 'on-premises', 'u': '/releasenotes/developer-portal/on-premises', 'd': '/releasenotes/developer-portal/', 'mo': 40, 'newDir': '/releasenotes/deployment/', 'p': 'deployment'}
{'t': 'SAP BTP', 'c': 'Deployment', 'i': 'sap-cloud-platform', 'u': '/releasenotes/developer-portal/sap-cloud-platform', 'd': '/releasenotes/developer-portal/', 'mo': 30, 'newDir': '/releasenotes/deployment/', 'p': 'deployment'}
{'t': '3.0', 'i': 'apd-3.0', 'u': '/releasenotes/add-ons/apd-3.0', 'd': '/releasenotes/add-ons/', 'p': 'add-ons/', 'newDir': '/releasenotes/add-ons//apd/apd-3/'}
{'t': '3', 'i': 'apd-3', 'u': '/releasenotes/add-ons/apd-3', 'd': '/releasenotes/add-ons/', 'p': 'add-ons/', 'mo': 1, 'newDir': '/releasenotes/add-ons//apd/apd-3/', 'indexFlag': 'true'}
{'t': 'APD', 'c': 'Quality Add-ons', 'i': 'apd', 'u': '/releasenotes/add-ons/apd', 'd': '/releasenotes/add-ons/', 'mo': 20, 'newDir': '/releasenotes/add-ons//apd/', 'indexFlag': 'true', 'p': 'add-ons/'}
{'t': '1.10', 'i': 'apm-1.10', 'u': '/releasenotes/add-ons/apm-1.10', 'd': '/releasenotes/add-ons/', 'p': 'add-ons/', 'newDir': '/releasenotes/add-ons//apd/apm-1/'}
{'t': '1.7', 'i': 'apm-1.7', 'u': '/releasenotes/add-ons/apm-1.7', 'd': '/releasenotes/add-ons/', 'p': 'add-ons/', 'newDir': '/releasenotes/add-ons//apd/apm-1/'}
{'t': '1.12', 'i': 'apm-1.12', 'u': '/releasenotes/add-ons/apm-1.12', 'd': '/releasenotes/add-ons/', 'p': 'add-ons/', 'newDir': '/releasenotes/add-ons//apd/apm-1/'}
{'t': '1.11', 'i': 'apm-1.11', 'u': '/releasenotes/add-ons/apm-1.11', 'd': '/releasenotes/add-ons/', 'p': 'add-ons/', 'newDir': '/releasenotes/add-ons//apd/apm-1/'}
{'t': '1.6', 'i': 'apm-1.6', 'u': '/releasenotes/add-ons/apm-1.6', 'd': '/releasenotes/add-ons/', 'p': 'add-ons/', 'newDir': '/releasenotes/add-ons//apd/apm-1/'}
{'t': '1.8', 'i': 'apm-1.8', 'u': '/releasenotes/add-ons/apm-1.8', 'd': '/releasenotes/add-ons/', 'p': 'add-ons/', 'newDir': '/releasenotes/add-ons//apd/apm-1/'}
{'t': '1.9', 'i': 'apm-1.9', 'u': '/releasenotes/add-ons/apm-1.9', 'd': '/releasenotes/add-ons/', 'p': 'add-ons/', 'newDir': '/releasenotes/add-ons//apd/apm-1/'}
{'t': '1', 'i': 'apm-1', 'u': '/releasenotes/add-ons/apm-1', 'd': '/releasenotes/add-ons/', 'p': 'add-ons/', 'mo': 3, 'newDir': '/releasenotes/add-ons//apd/apm-1/', 'indexFlag': 'true'}
{'t': '2', 'i': 'apm-2', 'u': '/releasenotes/add-ons/apm-2', 'd': '/releasenotes/add-ons/', 'p': 'add-ons/', 'mo': 2, 'newDir': '/releasenotes/add-ons//apd/apm-2/', 'indexFlag': 'true'}
{'t': '2.0', 'i': 'apm-2.0', 'u': '/releasenotes/add-ons/apm-2.0', 'd': '/releasenotes/add-ons/', 'p': 'add-ons/', 'newDir': '/releasenotes/add-ons//apd/apm-2/'}
{'t': '2.0', 'i': 'aqm-2.0', 'u': '/releasenotes/add-ons/aqm-2.0', 'd': '/releasenotes/add-ons/', 'p': 'add-ons/', 'newDir': '/releasenotes/add-ons//aqm/'}
{'t': 'AQM', 'c': 'Quality Add-ons', 'i': 'aqm', 'u': '/releasenotes/add-ons/aqm', 'd': '/releasenotes/add-ons/', 'mo': 30, 'newDir': '/releasenotes/add-ons//aqm/', 'indexFlag': 'true', 'p': 'add-ons/'}
{'t': '1.5', 'i': 'ats-1.5', 'u': '/releasenotes/add-ons/ats-1.5', 'd': '/releasenotes/add-ons/', 'p': 'add-ons/', 'newDir': '/releasenotes/add-ons//ats/ats-1/'}
{'t': '1.6', 'i': 'ats-1.6', 'u': '/releasenotes/add-ons/ats-1.6', 'd': '/releasenotes/add-ons/', 'p': 'add-ons/', 'newDir': '/releasenotes/add-ons//ats/ats-1/'}
{'t': '1', 'i': 'ats-1', 'u': '/releasenotes/add-ons/ats-1', 'd': '/releasenotes/add-ons/', 'p': 'add-ons/', 'mo': 20, 'newDir': '/releasenotes/add-ons//ats/ats-1/', 'indexFlag': 'true'}
{'t': '1.8', 'i': 'ats-1.8', 'u': '/releasenotes/add-ons/ats-1.8', 'd': '/releasenotes/add-ons/', 'p': 'add-ons/', 'newDir': '/releasenotes/add-ons//ats/ats-1/'}
{'t': '2.0', 'i': 'ats-2.0', 'u': '/releasenotes/add-ons/ats-2.0', 'd': '/releasenotes/add-ons/', 'p': 'add-ons/', 'newDir': '/releasenotes/add-ons//ats/ats-2/'}
{'t': '2.10', 'i': 'ats-2.10', 'u': '/releasenotes/add-ons/ats-2.10', 'd': '/releasenotes/add-ons/', 'p': 'add-ons/', 'newDir': '/releasenotes/add-ons//ats/ats-2/'}
{'t': '2.1', 'i': 'ats-2.1', 'u': '/releasenotes/add-ons/ats-2.1', 'd': '/releasenotes/add-ons/', 'p': 'add-ons/', 'newDir': '/releasenotes/add-ons//ats/ats-2/'}
{'t': '2.12', 'i': 'ats-2.12', 'u': '/releasenotes/add-ons/ats-2.12', 'd': '/releasenotes/add-ons/', 'p': 'add-ons/', 'newDir': '/releasenotes/add-ons//ats/ats-2/'}
{'t': '2.11', 'i': 'ats-2.11', 'u': '/releasenotes/add-ons/ats-2.11', 'd': '/releasenotes/add-ons/', 'p': 'add-ons/', 'newDir': '/releasenotes/add-ons//ats/ats-2/'}
{'t': '2.13', 'i': 'ats-2.13', 'u': '/releasenotes/add-ons/ats-2.13', 'd': '/releasenotes/add-ons/', 'p': 'add-ons/', 'newDir': '/releasenotes/add-ons//ats/ats-2/'}
{'t': '2.14', 'i': 'ats-2.14', 'u': '/releasenotes/add-ons/ats-2.14', 'd': '/releasenotes/add-ons/', 'p': 'add-ons/', 'newDir': '/releasenotes/add-ons//ats/ats-2/'}
{'t': '2.15', 'i': 'ats-2.15', 'u': '/releasenotes/add-ons/ats-2.15', 'd': '/releasenotes/add-ons/', 'p': 'add-ons/', 'newDir': '/releasenotes/add-ons//ats/ats-2/'}
{'t': '2.16', 'i': 'ats-2.16', 'u': '/releasenotes/add-ons/ats-2.16', 'd': '/releasenotes/add-ons/', 'p': 'add-ons/', 'newDir': '/releasenotes/add-ons//ats/ats-2/'}
{'t': '2.17', 'i': 'ats-2.17', 'u': '/releasenotes/add-ons/ats-2.17', 'd': '/releasenotes/add-ons/', 'p': 'add-ons/', 'newDir': '/releasenotes/add-ons//ats/ats-2/'}
{'t': '2.18', 'i': 'ats-2.18', 'u': '/releasenotes/add-ons/ats-2.18', 'd': '/releasenotes/add-ons/', 'p': 'add-ons/', 'newDir': '/releasenotes/add-ons//ats/ats-2/'}
{'t': '2.19', 'i': 'ats-2.19', 'u': '/releasenotes/add-ons/ats-2.19', 'd': '/releasenotes/add-ons/', 'p': 'add-ons/', 'newDir': '/releasenotes/add-ons//ats/ats-2/'}
{'t': '2.20', 'i': 'ats-2.20', 'u': '/releasenotes/add-ons/ats-2.20', 'd': '/releasenotes/add-ons/', 'p': 'add-ons/', 'newDir': '/releasenotes/add-ons//ats/ats-2/'}
{'t': '2.2', 'i': 'ats-2.2', 'u': '/releasenotes/add-ons/ats-2.2', 'd': '/releasenotes/add-ons/', 'p': 'add-ons/', 'newDir': '/releasenotes/add-ons//ats/ats-2/'}
{'t': '2.21', 'i': 'ats-2.21', 'u': '/releasenotes/add-ons/ats-2.21', 'd': '/releasenotes/add-ons/', 'p': 'add-ons/', 'newDir': '/releasenotes/add-ons//ats/ats-2/'}
{'t': '2.22', 'i': 'ats-2.22', 'u': '/releasenotes/add-ons/ats-2.22', 'd': '/releasenotes/add-ons/', 'p': 'add-ons/', 'newDir': '/releasenotes/add-ons//ats/ats-2/'}
{'t': '2.23', 'i': 'ats-2.23', 'u': '/releasenotes/add-ons/ats-2.23', 'd': '/releasenotes/add-ons/', 'p': 'add-ons/', 'newDir': '/releasenotes/add-ons//ats/ats-2/'}
{'t': '2.25', 'i': 'ats-2.25', 'u': '/releasenotes/add-ons/ats-2.25', 'd': '/releasenotes/add-ons/', 'p': 'add-ons/', 'newDir': '/releasenotes/add-ons//ats/ats-2/'}
{'t': '2.24', 'i': 'ats-2.24', 'u': '/releasenotes/add-ons/ats-2.24', 'd': '/releasenotes/add-ons/', 'p': 'add-ons/', 'newDir': '/releasenotes/add-ons//ats/ats-2/'}
{'t': '2.3', 'i': 'ats-2.3', 'u': '/releasenotes/add-ons/ats-2.3', 'd': '/releasenotes/add-ons/', 'p': 'add-ons/', 'newDir': '/releasenotes/add-ons//ats/ats-2/'}
{'t': '2.4', 'i': 'ats-2.4', 'u': '/releasenotes/add-ons/ats-2.4', 'd': '/releasenotes/add-ons/', 'p': 'add-ons/', 'newDir': '/releasenotes/add-ons//ats/ats-2/'}
{'t': '2.5', 'i': 'ats-2.5', 'u': '/releasenotes/add-ons/ats-2.5', 'd': '/releasenotes/add-ons/', 'p': 'add-ons/', 'newDir': '/releasenotes/add-ons//ats/ats-2/'}
{'t': '2.7', 'i': 'ats-2.7', 'u': '/releasenotes/add-ons/ats-2.7', 'd': '/releasenotes/add-ons/', 'p': 'add-ons/', 'newDir': '/releasenotes/add-ons//ats/ats-2/'}
{'t': '2.6', 'i': 'ats-2.6', 'u': '/releasenotes/add-ons/ats-2.6', 'd': '/releasenotes/add-ons/', 'p': 'add-ons/', 'newDir': '/releasenotes/add-ons//ats/ats-2/'}
{'t': '2.8', 'i': 'ats-2.8', 'u': '/releasenotes/add-ons/ats-2.8', 'd': '/releasenotes/add-ons/', 'p': 'add-ons/', 'newDir': '/releasenotes/add-ons//ats/ats-2/'}
{'t': '2.9', 'i': 'ats-2.9', 'u': '/releasenotes/add-ons/ats-2.9', 'd': '/releasenotes/add-ons/', 'p': 'add-ons/', 'newDir': '/releasenotes/add-ons//ats/ats-2/'}
{'t': '2', 'i': 'ats-2', 'u': '/releasenotes/add-ons/ats-2', 'd': '/releasenotes/add-ons/', 'p': 'add-ons/', 'mo': 10, 'newDir': '/releasenotes/add-ons//ats/ats-2/', 'indexFlag': 'true'}
{'t': 'ATS', 'c': 'Quality Add-ons', 'i': 'ats', 'u': '/releasenotes/add-ons/ats', 'd': '/releasenotes/add-ons/', 'mo': 10, 'newDir': '/releasenotes/add-ons//ats/', 'indexFlag': 'true', 'p': 'add-ons/'}
{'t': 'Quality Add-ons', 'i': 'index', 'u': '/releasenotes/add-ons/', 'd': '/releasenotes/add-ons/', 'newDir': '/releasenotes/add-ons/', 'indexFlag': 'true'}
{'t': 'Feature Release Calendar', 'i': 'index', 'u': '/releasenotes/mx-world-2021/', 'd': '/releasenotes/mx-world-2021/', 'newDir': '/releasenotes/mx-world-2021/', 'indexFlag': 'true'}
{'t': '7.1', 'i': '7.1', 'u': '/releasenotes/studio-pro/7.1', 'd': '/releasenotes/studio-pro/', 'p': 'studio-pro/', 'newDir': '/releasenotes/studio-pro//7/'}
{'t': '7.10', 'i': '7.10', 'u': '/releasenotes/studio-pro/7.10', 'd': '/releasenotes/studio-pro/', 'p': 'studio-pro/', 'newDir': '/releasenotes/studio-pro//7/'}
{'t': '7.11', 'i': '7.11', 'u': '/releasenotes/studio-pro/7.11', 'd': '/releasenotes/studio-pro/', 'p': 'studio-pro/', 'newDir': '/releasenotes/studio-pro//7/'}
{'t': '7.0', 'i': '7.0', 'u': '/releasenotes/studio-pro/7.0', 'd': '/releasenotes/studio-pro/', 'p': 'studio-pro/', 'newDir': '/releasenotes/studio-pro//7/'}
{'t': '7.12', 'i': '7.12', 'u': '/releasenotes/studio-pro/7.12', 'd': '/releasenotes/studio-pro/', 'p': 'studio-pro/', 'newDir': '/releasenotes/studio-pro//7/'}
{'t': '7.13', 'i': '7.13', 'u': '/releasenotes/studio-pro/7.13', 'd': '/releasenotes/studio-pro/', 'p': 'studio-pro/', 'newDir': '/releasenotes/studio-pro//7/'}
{'t': '7.14', 'i': '7.14', 'u': '/releasenotes/studio-pro/7.14', 'd': '/releasenotes/studio-pro/', 'p': 'studio-pro/', 'newDir': '/releasenotes/studio-pro//7/'}
{'t': '7.15', 'i': '7.15', 'u': '/releasenotes/studio-pro/7.15', 'd': '/releasenotes/studio-pro/', 'p': 'studio-pro/', 'newDir': '/releasenotes/studio-pro//7/'}
{'t': '7.16', 'i': '7.16', 'u': '/releasenotes/studio-pro/7.16', 'd': '/releasenotes/studio-pro/', 'p': 'studio-pro/', 'newDir': '/releasenotes/studio-pro//7/'}
{'t': '7.19', 'i': '7.19', 'u': '/releasenotes/studio-pro/7.19', 'd': '/releasenotes/studio-pro/', 'p': 'studio-pro/', 'newDir': '/releasenotes/studio-pro//7/'}
{'t': '7.17', 'i': '7.17', 'u': '/releasenotes/studio-pro/7.17', 'd': '/releasenotes/studio-pro/', 'p': 'studio-pro/', 'newDir': '/releasenotes/studio-pro//7/'}
{'t': '7.18', 'i': '7.18', 'u': '/releasenotes/studio-pro/7.18', 'd': '/releasenotes/studio-pro/', 'p': 'studio-pro/', 'newDir': '/releasenotes/studio-pro//7/'}
{'t': '7.2', 'i': '7.2', 'u': '/releasenotes/studio-pro/7.2', 'd': '/releasenotes/studio-pro/', 'p': 'studio-pro/', 'newDir': '/releasenotes/studio-pro//7/'}
{'t': '7.20', 'i': '7.20', 'u': '/releasenotes/studio-pro/7.20', 'd': '/releasenotes/studio-pro/', 'p': 'studio-pro/', 'newDir': '/releasenotes/studio-pro//7/'}
{'t': '7.21', 'i': '7.21', 'u': '/releasenotes/studio-pro/7.21', 'd': '/releasenotes/studio-pro/', 'p': 'studio-pro/', 'newDir': '/releasenotes/studio-pro//7/'}
{'t': '7.23', 'i': '7.23', 'u': '/releasenotes/studio-pro/7.23', 'd': '/releasenotes/studio-pro/', 'p': 'studio-pro/', 'newDir': '/releasenotes/studio-pro//7/'}
{'t': '7.22', 'i': '7.22', 'u': '/releasenotes/studio-pro/7.22', 'd': '/releasenotes/studio-pro/', 'p': 'studio-pro/', 'newDir': '/releasenotes/studio-pro//7/'}
{'t': '7.3', 'i': '7.3', 'u': '/releasenotes/studio-pro/7.3', 'd': '/releasenotes/studio-pro/', 'p': 'studio-pro/', 'newDir': '/releasenotes/studio-pro//7/'}
{'t': '7.5', 'i': '7.5', 'u': '/releasenotes/studio-pro/7.5', 'd': '/releasenotes/studio-pro/', 'p': 'studio-pro/', 'newDir': '/releasenotes/studio-pro//7/'}
{'t': '7.4', 'i': '7.4', 'u': '/releasenotes/studio-pro/7.4', 'd': '/releasenotes/studio-pro/', 'p': 'studio-pro/', 'newDir': '/releasenotes/studio-pro//7/'}
{'t': '7.6', 'i': '7.6', 'u': '/releasenotes/studio-pro/7.6', 'd': '/releasenotes/studio-pro/', 'p': 'studio-pro/', 'newDir': '/releasenotes/studio-pro//7/'}
{'t': '7.7', 'i': '7.7', 'u': '/releasenotes/studio-pro/7.7', 'd': '/releasenotes/studio-pro/', 'p': 'studio-pro/', 'newDir': '/releasenotes/studio-pro//7/'}
{'t': '7.8', 'i': '7.8', 'u': '/releasenotes/studio-pro/7.8', 'd': '/releasenotes/studio-pro/', 'p': 'studio-pro/', 'newDir': '/releasenotes/studio-pro//7/'}
{'t': '8.0', 'i': '8.0', 'u': '/releasenotes/studio-pro/8.0', 'd': '/releasenotes/studio-pro/', 'p': 'studio-pro/', 'newDir': '/releasenotes/studio-pro//8/'}
{'t': '7.9', 'i': '7.9', 'u': '/releasenotes/studio-pro/7.9', 'd': '/releasenotes/studio-pro/', 'p': 'studio-pro/', 'newDir': '/releasenotes/studio-pro//7/'}
{'t': '7', 'c': 'Studio Pro', 'i': '7', 'u': '/releasenotes/studio-pro/7', 'd': '/releasenotes/studio-pro/', 'newDir': '/releasenotes/studio-pro//7/', 'indexFlag': 'true', 'p': 'studio-pro/'}
{'t': '8.1', 'i': '8.1', 'u': '/releasenotes/studio-pro/8.1', 'd': '/releasenotes/studio-pro/', 'p': 'studio-pro/', 'newDir': '/releasenotes/studio-pro//8/'}
{'t': '8.10', 'i': '8.10', 'u': '/releasenotes/studio-pro/8.10', 'd': '/releasenotes/studio-pro/', 'p': 'studio-pro/', 'newDir': '/releasenotes/studio-pro//8/'}
{'t': '8.11', 'i': '8.11', 'u': '/releasenotes/studio-pro/8.11', 'd': '/releasenotes/studio-pro/', 'p': 'studio-pro/', 'newDir': '/releasenotes/studio-pro//8/'}
{'t': '8.12', 'i': '8.12', 'u': '/releasenotes/studio-pro/8.12', 'd': '/releasenotes/studio-pro/', 'p': 'studio-pro/', 'newDir': '/releasenotes/studio-pro//8/'}
{'t': '8.13', 'i': '8.13', 'u': '/releasenotes/studio-pro/8.13', 'd': '/releasenotes/studio-pro/', 'p': 'studio-pro/', 'newDir': '/releasenotes/studio-pro//8/'}
{'t': '8.14', 'i': '8.14', 'u': '/releasenotes/studio-pro/8.14', 'd': '/releasenotes/studio-pro/', 'p': 'studio-pro/', 'newDir': '/releasenotes/studio-pro//8/'}
{'t': '8.15', 'i': '8.15', 'u': '/releasenotes/studio-pro/8.15', 'd': '/releasenotes/studio-pro/', 'p': 'studio-pro/', 'newDir': '/releasenotes/studio-pro//8/'}
{'t': '8.17', 'i': '8.17', 'u': '/releasenotes/studio-pro/8.17', 'd': '/releasenotes/studio-pro/', 'p': 'studio-pro/', 'newDir': '/releasenotes/studio-pro//8/'}
{'t': '8.16', 'i': '8.16', 'u': '/releasenotes/studio-pro/8.16', 'd': '/releasenotes/studio-pro/', 'p': 'studio-pro/', 'newDir': '/releasenotes/studio-pro//8/'}
{'t': '8.18', 'i': '8.18', 'u': '/releasenotes/studio-pro/8.18', 'd': '/releasenotes/studio-pro/', 'p': 'studio-pro/', 'newDir': '/releasenotes/studio-pro//8/'}
{'t': '8.3', 'i': '8.3', 'u': '/releasenotes/studio-pro/8.3', 'd': '/releasenotes/studio-pro/', 'p': 'studio-pro/', 'newDir': '/releasenotes/studio-pro//8/'}
{'t': '8.2', 'i': '8.2', 'u': '/releasenotes/studio-pro/8.2', 'd': '/releasenotes/studio-pro/', 'p': 'studio-pro/', 'newDir': '/releasenotes/studio-pro//8/'}
{'t': '8.5', 'i': '8.5', 'u': '/releasenotes/studio-pro/8.5', 'd': '/releasenotes/studio-pro/', 'p': 'studio-pro/', 'newDir': '/releasenotes/studio-pro//8/'}
{'t': '8.4', 'i': '8.4', 'u': '/releasenotes/studio-pro/8.4', 'd': '/releasenotes/studio-pro/', 'p': 'studio-pro/', 'newDir': '/releasenotes/studio-pro//8/'}
{'t': '8.8', 'i': '8.8', 'u': '/releasenotes/studio-pro/8.8', 'd': '/releasenotes/studio-pro/', 'p': 'studio-pro/', 'newDir': '/releasenotes/studio-pro//8/'}
{'t': '8.7', 'i': '8.7', 'u': '/releasenotes/studio-pro/8.7', 'd': '/releasenotes/studio-pro/', 'p': 'studio-pro/', 'newDir': '/releasenotes/studio-pro//8/'}
{'t': '8.9', 'i': '8.9', 'u': '/releasenotes/studio-pro/8.9', 'd': '/releasenotes/studio-pro/', 'p': 'studio-pro/', 'newDir': '/releasenotes/studio-pro//8/'}
{'t': '8', 'c': 'Studio Pro', 'i': '8', 'u': '/releasenotes/studio-pro/8', 'd': '/releasenotes/studio-pro/', 'newDir': '/releasenotes/studio-pro//8/', 'indexFlag': 'true', 'p': 'studio-pro/'}
{'t': '9.0', 'i': '9.0', 'u': '/releasenotes/studio-pro/9.0', 'd': '/releasenotes/studio-pro/', 'p': 'studio-pro/', 'newDir': '/releasenotes/studio-pro//9/'}
{'t': '8.6', 'i': '8.6', 'u': '/releasenotes/studio-pro/8.6', 'd': '/releasenotes/studio-pro/', 'p': 'studio-pro/', 'newDir': '/releasenotes/studio-pro//8/'}
{'t': '9.1', 'i': '9.1', 'u': '/releasenotes/studio-pro/9.1', 'd': '/releasenotes/studio-pro/', 'p': 'studio-pro/', 'newDir': '/releasenotes/studio-pro//9/'}
{'t': '9.10', 'i': '9.10', 'u': '/releasenotes/studio-pro/9.10', 'd': '/releasenotes/studio-pro/', 'p': 'studio-pro/', 'newDir': '/releasenotes/studio-pro//9/'}
{'t': '9.11', 'i': '9.11', 'u': '/releasenotes/studio-pro/9.11', 'd': '/releasenotes/studio-pro/', 'p': 'studio-pro/', 'newDir': '/releasenotes/studio-pro//9/'}
{'t': '9.2', 'i': '9.2', 'u': '/releasenotes/studio-pro/9.2', 'd': '/releasenotes/studio-pro/', 'p': 'studio-pro/', 'newDir': '/releasenotes/studio-pro//9/'}
{'t': '9.4', 'i': '9.4', 'u': '/releasenotes/studio-pro/9.4', 'd': '/releasenotes/studio-pro/', 'p': 'studio-pro/', 'newDir': '/releasenotes/studio-pro//9/'}
{'t': '9.3', 'i': '9.3', 'u': '/releasenotes/studio-pro/9.3', 'd': '/releasenotes/studio-pro/', 'p': 'studio-pro/', 'newDir': '/releasenotes/studio-pro//9/'}
{'t': '9.6', 'i': '9.6', 'u': '/releasenotes/studio-pro/9.6', 'd': '/releasenotes/studio-pro/', 'p': 'studio-pro/', 'newDir': '/releasenotes/studio-pro//9/'}
{'t': '9.7', 'i': '9.7', 'u': '/releasenotes/studio-pro/9.7', 'd': '/releasenotes/studio-pro/', 'p': 'studio-pro/', 'newDir': '/releasenotes/studio-pro//9/'}
{'t': '9.5', 'i': '9.5', 'u': '/releasenotes/studio-pro/9.5', 'd': '/releasenotes/studio-pro/', 'p': 'studio-pro/', 'newDir': '/releasenotes/studio-pro//9/'}
{'t': '9.8', 'i': '9.8', 'u': '/releasenotes/studio-pro/9.8', 'd': '/releasenotes/studio-pro/', 'p': 'studio-pro/', 'newDir': '/releasenotes/studio-pro//9/'}
{'t': '9.9', 'i': '9.9', 'u': '/releasenotes/studio-pro/9.9', 'd': '/releasenotes/studio-pro/', 'p': 'studio-pro/', 'newDir': '/releasenotes/studio-pro//9/'}
{'t': '9', 'c': 'Studio Pro', 'i': '9', 'u': '/releasenotes/studio-pro/9', 'd': '/releasenotes/studio-pro/', 'newDir': '/releasenotes/studio-pro//9/', 'indexFlag': 'true', 'p': 'studio-pro/'}
{'t': 'Studio Pro', 'i': 'index', 'u': '/releasenotes/studio-pro/', 'd': '/releasenotes/studio-pro/', 'newDir': '/releasenotes/studio-pro/', 'indexFlag': 'true'}
{'t': 'Windows Service', 'c': 'Studio Pro', 'i': 'windows-service', 'u': '/releasenotes/studio-pro/windows-service', 'd': '/releasenotes/studio-pro/', 'newDir': '/releasenotes/studio-pro//', 'p': 'studio-pro/'}
{'t': 'LTS, MTS & Monthly Releases', 'c': 'Studio Pro', 'i': 'lts-mts', 'u': '/releasenotes/studio-pro/lts-mts', 'd': '/releasenotes/studio-pro/', 'mo': 1, 'newDir': '/releasenotes/studio-pro//', 'p': 'studio-pro/'}
{'t': '7.11–7.23', 'c': 'Studio', 'i': '7.11-7.23', 'u': '/releasenotes/studio/7.11-7.23', 'd': '/releasenotes/studio/', 'newDir': '/releasenotes/studio//', 'p': 'studio/'}
{'t': '8.7–8.18', 'c': 'Studio', 'i': '8.7-8.18', 'u': '/releasenotes/studio/8.7-8.18', 'd': '/releasenotes/studio/', 'mo': 30, 'newDir': '/releasenotes/studio//', 'p': 'studio/'}
{'t': '8.0–8.6', 'c': 'Studio', 'i': '8.0-8.6', 'u': '/releasenotes/studio/8.0-8.6', 'd': '/releasenotes/studio/', 'mo': 40, 'newDir': '/releasenotes/studio//', 'p': 'studio/'}
{'t': '9.0-9.6', 'c': 'Studio', 'i': '9.0-9.6', 'u': '/releasenotes/studio/9.0-9.6', 'd': '/releasenotes/studio/', 'mo': 20, 'newDir': '/releasenotes/studio//', 'p': 'studio/'}
{'t': '9.7 & Above', 'c': 'Studio', 'i': '9.7-and-above', 'u': '/releasenotes/studio/9.7-and-above', 'd': '/releasenotes/studio/', 'mo': 20, 'newDir': '/releasenotes/studio//', 'p': 'studio/'}
{'t': 'Studio', 'i': 'index', 'u': '/releasenotes/studio/', 'd': '/releasenotes/studio/', 'newDir': '/releasenotes/studio/', 'indexFlag': 'true'}
