{'t': 'Checks', 'i': 'checks', 'u': '/studio7/checks', 'd': '/studio7/', 'newDir': '/studio7/checks/', 'indexFlag': 'true'}
{'t': 'Domain Model Consistency Errors', 'c': 'Consistency Errors', 'i': 'consistency-errors-domain-model', 'u': '/studio7/consistency-errors-domain-model', 'd': '/studio7/', 'newDir': '/studio7/consistency-errors/', 'p': 'consistency-errors'}
{'t': 'Microflow Consistency Errors', 'c': 'Consistency Errors', 'i': 'consistency-errors-microflows', 'u': '/studio7/consistency-errors-microflows', 'd': '/studio7/', 'newDir': '/studio7/consistency-errors/', 'p': 'consistency-errors'}
{'t': 'Page Consistency Errors', 'c': 'Consistency Errors', 'i': 'consistency-errors-pages', 'u': '/studio7/consistency-errors-pages', 'd': '/studio7/', 'mo': None, 'newDir': '/studio7/consistency-errors/', 'p': 'consistency-errors'}
{'t': 'Association Properties', 'c': 'Domain Model', 'i': 'domain-models-association-properties', 'u': '/studio7/domain-models-association-properties', 'd': '/studio7/', 'newDir': '/studio7/domain-models/', 'p': 'domain-models'}
{'t': 'Consistency Errors', 'i': 'consistency-errors', 'u': '/studio7/consistency-errors', 'd': '/studio7/', 'newDir': '/studio7/consistency-errors/', 'indexFlag': 'true'}
{'t': 'Navigation Consistency Errors', 'c': 'Consistency Errors', 'i': 'consistency-errors-navigation', 'u': '/studio7/consistency-errors-navigation', 'd': '/studio7/', 'newDir': '/studio7/consistency-errors/', 'p': 'consistency-errors'}
{'t': 'Attribute Types', 'c': 'Domain Model', 'i': 'domain-models-attributes', 'u': '/studio7/domain-models-attributes', 'd': '/studio7/', 'newDir': '/studio7/domain-models/', 'p': 'domain-models'}
{'t': 'Domain Model', 'i': 'domain-models', 'u': '/studio7/domain-models', 'd': '/studio7/', 'newDir': '/studio7/domain-models/', 'indexFlag': 'true'}
{'t': 'Enumeration', 'c': 'Domain Model', 'i': 'domain-models-enumeration', 'u': '/studio7/domain-models-enumeration', 'd': '/studio7/', 'newDir': '/studio7/domain-models/', 'p': 'domain-models'}
{'t': 'Data Filters', 'i': 'filters', 'u': '/studio7/filters', 'd': '/studio7/', 'newDir': '/studio7/filters/', 'indexFlag': 'true'}
{'t': 'Collaborative Development in Studio', 'c': 'General Info', 'i': 'general-collaborative-development', 'u': '/studio7/general-collaborative-development', 'd': '/studio7/', 'mo': 5, 'newDir': '/studio7/general/', 'p': 'general'}
{'t': 'Studio Ranges & Mendix Versions', 'c': 'General Info', 'i': 'general-versions', 'u': '/studio7/general-versions', 'd': '/studio7/', 'newDir': '/studio7/general/', 'p': 'general'}
{'t': 'General Info', 'i': 'general', 'u': '/studio7/general', 'd': '/studio7/', 'newDir': '/studio7/general/', 'indexFlag': 'true'}
{'t': 'Decision', 'c': 'Microflows', 'i': 'microflows-decision', 'u': '/studio7/microflows-decision', 'd': '/studio7/', 'mo': 20, 'newDir': '/studio7/microflows/', 'p': 'microflows'}
{'t': 'Microflow Expressions', 'c': 'Microflows', 'i': 'microflows-expressions', 'u': '/studio7/microflows-expressions', 'd': '/studio7/', 'mo': 40, 'newDir': '/studio7/microflows/', 'p': 'microflows'}
{'t': 'Mendix 7 Studio Guide', 'i': 'index', 'u': '/studio7/', 'd': '/studio7/', 'm': True, 'newDir': '/studio7/', 'indexFlag': 'true'}
{'t': 'Step 1: Build the Domain Model & Configure a Microflow', 'i': 'microflows-how-to-configure-decision-p1', 'u': '/studio7/microflows-how-to-configure-decision-p1', 'd': '/studio7/', 'p': 'microflows', 'mo': 10, 'newDir': '/studio7/microflows/microflows-how-to-configure-decision/'}
{'t': 'Step 2: Embed the Microflow in Your App', 'i': 'microflows-how-to-configure-decision-p2', 'u': '/studio7/microflows-how-to-configure-decision-p2', 'd': '/studio7/', 'p': 'microflows', 'mo': 20, 'newDir': '/studio7/microflows/microflows-how-to-configure-decision/'}
{'t': 'Configure a Decision', 'c': 'Microflows', 'i': 'microflows-how-to-configure-decision', 'u': '/studio7/microflows-how-to-configure-decision', 'd': '/studio7/', 'mo': 60, 'newDir': '/studio7/microflows/microflows-how-to-configure-decision/', 'indexFlag': 'true', 'p': 'microflows'}
{'t': 'Configure Merge & Change Object Activities', 'c': 'Microflows', 'i': 'microflows-how-to-merge-and-change-object', 'u': '/studio7/microflows-how-to-merge-and-change-object', 'd': '/studio7/', 'mo': 70, 'newDir': '/studio7/microflows/', 'p': 'microflows'}
{'t': 'Configure a Delete Object Action', 'c': 'Microflows', 'i': 'microflows-how-to-configure-delete-object', 'u': '/studio7/microflows-how-to-configure-delete-object', 'd': '/studio7/', 'mo': 80, 'newDir': '/studio7/microflows/', 'p': 'microflows'}
{'t': 'Loop', 'c': 'Microflows', 'i': 'microflows-loop', 'u': '/studio7/microflows-loop', 'd': '/studio7/', 'mo': 30, 'newDir': '/studio7/microflows/', 'p': 'microflows'}
{'t': 'Set & Change a Value for Different Activities in the Microflows', 'c': 'Microflows', 'i': 'microflows-setting-and-changing-value', 'u': '/studio7/microflows-setting-and-changing-value', 'd': '/studio7/', 'mo': 50, 'newDir': '/studio7/microflows/', 'p': 'microflows'}
{'t': 'Microflows', 'i': 'microflows', 'u': '/studio7/microflows', 'd': '/studio7/', 'newDir': '/studio7/microflows/', 'indexFlag': 'true'}
{'t': 'Mendix Assist', 'c': 'Microflows', 'i': 'mx-assist', 'u': '/studio7/mx-assist', 'd': '/studio7/', 'mo': 10, 'newDir': '/studio7/microflows/', 'p': 'microflows'}
{'t': 'Navigation Document', 'i': 'navigation', 'u': '/studio7/navigation', 'd': '/studio7/', 'newDir': '/studio7/navigation/', 'indexFlag': 'true'}
{'t': 'Data Grid Properties', 'i': 'page-editor-data-grid', 'u': '/studio7/page-editor-data-grid', 'd': '/studio7/', 'p': 'page-editor', 'mo': 15, 'newDir': '/studio7/page-editor/page-editor-widgets/'}
{'t': 'Data View & List View Properties', 'i': 'page-editor-data-view-list-view', 'u': '/studio7/page-editor-data-view-list-view', 'd': '/studio7/', 'p': 'page-editor', 'mo': 10, 'newDir': '/studio7/page-editor/page-editor-widgets/'}
{'t': 'Design Section in Widgets', 'i': 'page-editor-widgets-design-section', 'u': '/studio7/page-editor-widgets-design-section', 'd': '/studio7/', 'p': 'page-editor', 'newDir': '/studio7/page-editor/page-editor-widgets/'}
{'t': 'Events Section in Widgets', 'i': 'page-editor-widgets-events-section', 'u': '/studio7/page-editor-widgets-events-section', 'd': '/studio7/', 'p': 'page-editor', 'newDir': '/studio7/page-editor/page-editor-widgets/'}
{'t': 'Button Widgets', 'i': 'page-editor-widgets-buttons', 'u': '/studio7/page-editor-widgets-buttons', 'd': '/studio7/', 'p': 'page-editor', 'mo': 50, 'newDir': '/studio7/page-editor/page-editor-widgets/'}
{'t': 'Image Widgets', 'i': 'page-editor-widgets-images', 'u': '/studio7/page-editor-widgets-images', 'd': '/studio7/', 'p': 'page-editor', 'mo': 30, 'newDir': '/studio7/page-editor/page-editor-widgets/'}
{'t': 'Structure Widgets', 'i': 'page-editor-widgets-structure', 'u': '/studio7/page-editor-widgets-structure', 'd': '/studio7/', 'p': 'page-editor', 'mo': 60, 'newDir': '/studio7/page-editor/page-editor-widgets/'}
{'t': 'Input Element Widgets', 'i': 'page-editor-widgets-input-elements', 'u': '/studio7/page-editor-widgets-input-elements', 'd': '/studio7/', 'p': 'page-editor', 'mo': 20, 'newDir': '/studio7/page-editor/page-editor-widgets/'}
{'t': 'Widgets', 'c': 'Pages', 'i': 'page-editor-widgets', 'u': '/studio7/page-editor-widgets', 'd': '/studio7/', 'newDir': '/studio7/page-editor/page-editor-widgets/', 'indexFlag': 'true', 'p': 'page-editor'}
{'t': 'Text Widgets', 'i': 'page-editor-widgets-text', 'u': '/studio7/page-editor-widgets-text', 'd': '/studio7/', 'p': 'page-editor', 'mo': 40, 'newDir': '/studio7/page-editor/page-editor-widgets/'}
{'t': 'Pages', 'i': 'page-editor', 'u': '/studio7/page-editor', 'd': '/studio7/', 'newDir': '/studio7/page-editor/', 'indexFlag': 'true'}
{'t': 'Security, Roles & Permissions', 'c': 'Settings', 'i': 'settings-security', 'u': '/studio7/settings-security', 'd': '/studio7/', 'mo': 10, 'newDir': '/studio7/settings/', 'p': 'settings'}
{'t': 'Settings', 'i': 'settings', 'u': '/studio7/settings', 'd': '/studio7/', 'newDir': '/studio7/settings/', 'indexFlag': 'true'}
{'t': 'Previewing & Publishing Your App', 'i': 'publishing-app', 'u': '/studio7/publishing-app', 'd': '/studio7/', 'newDir': '/studio7/publishing-app/', 'indexFlag': 'true'}
{'t': 'Widget Overview', 'c': 'Settings', 'i': 'settings-widget-overview', 'u': '/studio7/settings-widget-overview', 'd': '/studio7/', 'mo': 20, 'newDir': '/studio7/settings/', 'p': 'settings'}
{'t': 'Starting With Your Own Data', 'i': 'start-with-data', 'u': '/studio7/start-with-data', 'd': '/studio7/', 'newDir': '/studio7/start-with-data/', 'indexFlag': 'true'}
{'t': 'Theme Customizer', 'i': 'theme-customizer', 'u': '/studio7/theme-customizer', 'd': '/studio7/', 'newDir': '/studio7/theme-customizer/', 'indexFlag': 'true'}
