{'t': 'Checks', 'i': 'checks', 'u': '/studio8/checks', 'd': '/studio8/', 'newDir': '/studio8/checks/', 'indexFlag': 'true'}
{'t': 'Collaboration', 'i': 'collaboration', 'u': '/studio8/collaboration', 'd': '/studio8/', 'newDir': '/studio8/collaboration/', 'indexFlag': 'true'}
{'t': 'Collaborative Development in Studio', 'c': 'Collaboration', 'i': 'collaborative-development', 'u': '/studio8/collaborative-development', 'd': '/studio8/', 'mo': 10, 'newDir': '/studio8/collaboration/', 'p': 'collaboration'}
{'t': 'Buzz', 'c': 'Collaboration', 'i': 'collaboration-buzz', 'u': '/studio8/collaboration-buzz', 'd': '/studio8/', 'mo': 20, 'newDir': '/studio8/collaboration/', 'p': 'collaboration'}
{'t': 'Domain Model Consistency Errors', 'i': 'consistency-errors-domain-model', 'u': '/studio8/consistency-errors-domain-model', 'd': '/studio8/', 'p': 'checks', 'mo': 40, 'newDir': '/studio8/checks/consistency-errors/'}
{'t': 'Navigation Consistency Errors', 'i': 'consistency-errors-navigation', 'u': '/studio8/consistency-errors-navigation', 'd': '/studio8/', 'p': 'checks', 'mo': 20, 'newDir': '/studio8/checks/consistency-errors/'}
{'t': 'Microflow Consistency Errors', 'i': 'consistency-errors-microflows', 'u': '/studio8/consistency-errors-microflows', 'd': '/studio8/', 'p': 'checks', 'mo': 30, 'newDir': '/studio8/checks/consistency-errors/'}
{'t': 'Page Consistency Errors', 'i': 'consistency-errors-pages', 'u': '/studio8/consistency-errors-pages', 'd': '/studio8/', 'p': 'checks', 'mo': 10, 'newDir': '/studio8/checks/consistency-errors/'}
{'t': 'Consistency Errors', 'c': 'Checks', 'i': 'consistency-errors', 'u': '/studio8/consistency-errors', 'd': '/studio8/', 'newDir': '/studio8/checks/consistency-errors/', 'indexFlag': 'true', 'p': 'checks'}
{'t': 'Data Filters', 'c': 'Working with Data', 'i': 'data-filters', 'u': '/studio8/data-filters', 'd': '/studio8/', 'mo': 40, 'newDir': '/studio8/work-with-data/', 'p': 'work-with-data'}
{'t': 'Data Hub in Studio', 'c': 'Working with Data', 'i': 'data-hub-in-studio', 'u': '/studio8/data-hub-in-studio', 'd': '/studio8/', 'mo': 30, 'newDir': '/studio8/work-with-data/', 'p': 'work-with-data'}
{'t': 'Associations', 'i': 'domain-models-association-properties', 'u': '/studio8/domain-models-association-properties', 'd': '/studio8/', 'p': 'work-with-data', 'newDir': '/studio8/work-with-data/domain-models/'}
{'t': 'Attributes', 'i': 'domain-models-attributes', 'u': '/studio8/domain-models-attributes', 'd': '/studio8/', 'p': 'work-with-data', 'newDir': '/studio8/work-with-data/domain-models/'}
{'t': 'Enumeration', 'i': 'domain-models-enumeration', 'u': '/studio8/domain-models-enumeration', 'd': '/studio8/', 'p': 'work-with-data', 'newDir': '/studio8/work-with-data/domain-models/'}
{'t': 'Domain Model', 'c': 'Working with Data', 'i': 'domain-models', 'u': '/studio8/domain-models', 'd': '/studio8/', 'mo': 10, 'newDir': '/studio8/work-with-data/domain-models/', 'indexFlag': 'true', 'p': 'work-with-data'}
{'t': 'Studio Ranges & Mendix Versions', 'c': 'General Info', 'i': 'general-versions', 'u': '/studio8/general-versions', 'd': '/studio8/', 'newDir': '/studio8/general/', 'p': 'general'}
{'t': 'Studio 8 Guide', 'i': 'index', 'u': '/studio8/', 'd': '/studio8/', 'm': True, 'newDir': '/studio8/', 'indexFlag': 'true'}
{'t': 'General Info', 'i': 'general', 'u': '/studio8/general', 'd': '/studio8/', 'newDir': '/studio8/general/', 'indexFlag': 'true'}
{'t': 'Decision', 'c': 'Microflows', 'i': 'microflows-decision', 'u': '/studio8/microflows-decision', 'd': '/studio8/', 'mo': 20, 'newDir': '/studio8/microflows/', 'p': 'microflows'}
{'t': 'Microflow Expressions', 'c': 'Microflows', 'i': 'microflows-expressions', 'u': '/studio8/microflows-expressions', 'd': '/studio8/', 'mo': 40, 'newDir': '/studio8/microflows/', 'p': 'microflows'}
{'t': 'Loop', 'c': 'Microflows', 'i': 'microflows-loop', 'u': '/studio8/microflows-loop', 'd': '/studio8/', 'mo': 30, 'newDir': '/studio8/microflows/', 'p': 'microflows'}
{'t': 'Set & Change a Value for Different Activities', 'c': 'Microflows', 'i': 'microflows-setting-and-changing-value', 'u': '/studio8/microflows-setting-and-changing-value', 'd': '/studio8/', 'mo': 50, 'newDir': '/studio8/microflows/', 'p': 'microflows'}
{'t': 'Microflows', 'i': 'microflows', 'u': '/studio8/microflows', 'd': '/studio8/', 'newDir': '/studio8/microflows/', 'indexFlag': 'true'}
{'t': 'Navigation Document', 'i': 'navigation', 'u': '/studio8/navigation', 'd': '/studio8/', 'newDir': '/studio8/navigation/', 'indexFlag': 'true'}
{'t': 'Mendix Assist', 'c': 'Microflows', 'i': 'mx-assist', 'u': '/studio8/mx-assist', 'd': '/studio8/', 'mo': 10, 'newDir': '/studio8/microflows/', 'p': 'microflows'}
{'t': 'Data Grid', 'i': 'page-editor-data-grid', 'u': '/studio8/page-editor-data-grid', 'd': '/studio8/', 'p': 'page-editor', 'mo': 15, 'newDir': '/studio8/page-editor/page-editor-widgets/'}
{'t': 'Data View & List View', 'i': 'page-editor-data-view-list-view', 'u': '/studio8/page-editor-data-view-list-view', 'd': '/studio8/', 'p': 'page-editor', 'mo': 10, 'newDir': '/studio8/page-editor/page-editor-widgets/'}
{'t': 'Buttons', 'i': 'page-editor-widgets-buttons', 'u': '/studio8/page-editor-widgets-buttons', 'd': '/studio8/', 'p': 'page-editor', 'mo': 50, 'newDir': '/studio8/page-editor/page-editor-widgets/'}
{'t': 'Events Section', 'i': 'page-editor-widgets-events-section', 'u': '/studio8/page-editor-widgets-events-section', 'd': '/studio8/', 'p': 'page-editor', 'mo': 70, 'newDir': '/studio8/page-editor/page-editor-widgets/'}
{'t': 'Images & Files', 'i': 'page-editor-widgets-images-and-files', 'u': '/studio8/page-editor-widgets-images-and-files', 'd': '/studio8/', 'p': 'page-editor', 'mo': 30, 'newDir': '/studio8/page-editor/page-editor-widgets/'}
{'t': 'Design Section', 'i': 'page-editor-widgets-design-section', 'u': '/studio8/page-editor-widgets-design-section', 'd': '/studio8/', 'p': 'page-editor', 'newDir': '/studio8/page-editor/page-editor-widgets/'}
{'t': 'Input Elements', 'i': 'page-editor-widgets-input-elements', 'u': '/studio8/page-editor-widgets-input-elements', 'd': '/studio8/', 'p': 'page-editor', 'mo': 20, 'newDir': '/studio8/page-editor/page-editor-widgets/'}
{'t': 'Structure', 'i': 'page-editor-widgets-structure', 'u': '/studio8/page-editor-widgets-structure', 'd': '/studio8/', 'p': 'page-editor', 'mo': 60, 'newDir': '/studio8/page-editor/page-editor-widgets/'}
{'t': 'Text', 'i': 'page-editor-widgets-text', 'u': '/studio8/page-editor-widgets-text', 'd': '/studio8/', 'p': 'page-editor', 'mo': 40, 'newDir': '/studio8/page-editor/page-editor-widgets/'}
{'t': 'Conditional Visibility Section', 'i': 'page-editor-widgets-visibility-section', 'u': '/studio8/page-editor-widgets-visibility-section', 'd': '/studio8/', 'p': 'page-editor', 'mo': 30, 'newDir': '/studio8/page-editor/page-editor-widgets/'}
{'t': 'Widgets', 'c': 'Pages', 'i': 'page-editor-widgets', 'u': '/studio8/page-editor-widgets', 'd': '/studio8/', 'newDir': '/studio8/page-editor/page-editor-widgets/', 'indexFlag': 'true', 'p': 'page-editor'}
{'t': 'Previewing & Publishing Your App', 'i': 'publishing-app', 'u': '/studio8/publishing-app', 'd': '/studio8/', 'newDir': '/studio8/publishing-app/', 'indexFlag': 'true'}
{'t': 'Pages', 'i': 'page-editor', 'u': '/studio8/page-editor', 'd': '/studio8/', 'newDir': '/studio8/page-editor/', 'indexFlag': 'true'}
{'t': 'Security, Roles & Permissions', 'c': 'Settings', 'i': 'settings-security', 'u': '/studio8/settings-security', 'd': '/studio8/', 'mo': 10, 'newDir': '/studio8/settings/', 'p': 'settings'}
{'t': 'Widget Overview', 'c': 'Settings', 'i': 'settings-widget-overview', 'u': '/studio8/settings-widget-overview', 'd': '/studio8/', 'mo': 20, 'newDir': '/studio8/settings/', 'p': 'settings'}
{'t': 'Settings', 'i': 'settings', 'u': '/studio8/settings', 'd': '/studio8/', 'newDir': '/studio8/settings/', 'indexFlag': 'true'}
{'t': 'Starting With Your Own Data', 'c': 'Working with Data', 'i': 'start-with-data', 'u': '/studio8/start-with-data', 'd': '/studio8/', 'mo': 20, 'newDir': '/studio8/work-with-data/', 'p': 'work-with-data'}
{'t': 'Working with Data', 'i': 'work-with-data', 'u': '/studio8/work-with-data', 'd': '/studio8/', 'newDir': '/studio8/work-with-data/', 'indexFlag': 'true'}
{'t': 'Theme Customizer', 'i': 'theme-customizer', 'u': '/studio8/theme-customizer', 'd': '/studio8/', 'newDir': '/studio8/theme-customizer/', 'indexFlag': 'true'}
